(0, 100, 0, 0)	0
(100, 200, 0, 0)	0
(200, 300, 0, 0)	0
(300, 400, 0, 0)	0
(400, 500, 0, 0)	0
(500, 600, 0, 0)	0
(600, 700, 0, 0)	0
(700, 800, 0, 0)	0
(800, 900, 0, 0)	0
(900, 1000, 0, 0)	0
(1000, 1100, 0, 0)	0
(1100, 1200, 0, 0)	0
(1200, 1300, 0, 0)	0
(1300, 1400, 0, 0)	0
(1400, 1500, 0, 0)	0
(1500, 1600, 0, 0)	0
(1600, 1700, 0, 0)	0
(1700, 1800, 0, 0)	0
(1800, 1900, 0, 0)	0
(1900, 2000, 0, 0)	0
(2000, 2100, 0, 0)	0
(2100, 2200, 0, 0)	0
(2200, 2300, 0, 0)	0
(2300, 2400, 0, 0)	0
(2400, 2500, 0, 0)	0
(2500, 2600, 0, 0)	0
(2600, 2700, 0, 0)	0
(2700, 2800, 0, 0)	0
(2800, 2900, 0, 0)	0
(2900, 3000, 0, 0)	0
(3000, 3100, 0, 0)	0
(3100, 3200, 0, 0)	0
(3200, 3300, 0, 0)	0
(3300, 3400, 0, 0)	0
(3400, 3500, 0, 0)	0
(3500, 3600, 0, 0)	0
(3600, 3700, 0, 0)	0
(3700, 3800, 0, 0)	0
(3800, 3900, 0, 0)	0
(3900, 4000, 0, 0)	0
(4000, 4100, 0, 0)	0
(4100, 4200, 0, 0)	0
(4200, 4300, 0, 0)	0
(4300, 4400, 0, 0)	0
(4400, 4500, 0, 0)	0
(4500, 4600, 0, 0)	0
(4600, 4700, 0, 0)	0
(4700, 4800, 0, 0)	0
(4800, 4900, 0, 0)	0
(4900, 5000, 0, 0)	0
(5000, 5100, 0, 0)	0
(5100, 5200, 0, 0)	0
(5200, 5300, 0, 0)	0
(5300, 5400, 0, 0)	0
(5400, 5500, 0, 0)	0
(5500, 5600, 0, 0)	0
(5600, 5700, 0, 0)	0
(5700, 5800, 0, 0)	0
(5800, 5900, 0, 0)	0
(5900, 6000, 0, 0)	0
(6000, 6100, 0, 0)	0
(6100, 6200, 0, 0)	0
(6200, 6300, 0, 0)	0
(6300, 6400, 0, 0)	0
(6400, 6500, 0, 0)	0
(6500, 6600, 0, 0)	0
(6600, 6700, 0, 0)	0
(6700, 6800, 0, 0)	0
(6800, 6900, 0, 0)	0
(6900, 7000, 0, 0)	0
(7000, 7100, 0, 0)	0
(7100, 7200, 0, 0)	0
(7200, 7300, 0, 0)	0
(7300, 7400, 0, 0)	0
(7400, 7500, 0, 0)	0
(7500, 7600, 0, 0)	0
(7600, 7700, 0, 0)	0
(7700, 7800, 0, 0)	0
(7800, 7900, 0, 0)	0
(7900, 8000, 0, 0)	0
(8000, 8100, 0, 0)	0
(8100, 8200, 0, 0)	0
(8200, 8300, 0, 0)	0
(8300, 8400, 0, 0)	0
(8400, 8500, 0, 0)	0
(8500, 8600, 0, 0)	0
(8600, 8700, 0, 0)	0
(8700, 8800, 0, 0)	0
___________
(8800, 8900, 8732, 8829)	93
___________
(8900, 9000, 8822, 8923)	98
(9000, 9100, 8924, 9024)	90
___________
(9100, 9200, 8992, 9081)	80
___________
(9200, 9300, 9020, 9113)	84
___________
(9300, 9400, 8999, 9099)	87
___________
(9400, 9500, 8954, 9054)	82
___________
(9500, 9600, 9000, 9097)	89
___________
(9600, 9700, 8991, 9092)	87
___________
(9700, 9800, 8985, 9080)	86
___________
(9800, 9900, 8996, 9091)	90
___________
(9900, 10000, 9006, 9106)	87
___________
(10000, 10100, 8968, 9066)	83
___________
(10100, 10200, 8992, 9085)	87
___________
(10200, 10300, 8988, 9093)	84
___________
(10300, 10400, 8975, 9079)	85
___________
(10400, 10500, 8993, 9094)	83
___________
(10500, 10600, 8998, 9093)	83
___________
(10600, 10700, 8991, 9093)	85
___________
(10700, 10800, 9009, 9113)	88
___________
(10800, 10900, 9027, 9125)	86
(10900, 11000, 9125, 9220)	95
(11000, 11100, 9220, 9317)	93
___________
(11100, 11200, 0, 0)	0
(11200, 11300, 0, 0)	0
(11300, 11400, 0, 0)	0
(11400, 11500, 0, 0)	0
(11500, 11600, 0, 0)	0
(11600, 11700, 0, 0)	0
(11700, 11800, 0, 0)	0
(11800, 11900, 0, 0)	0
(11900, 12000, 0, 0)	0
(12000, 12100, 0, 0)	0
(12100, 12200, 0, 0)	0
(12200, 12300, 0, 0)	0
(12300, 12400, 0, 0)	0
(12400, 12500, 0, 0)	0
(12500, 12600, 0, 0)	0
(12600, 12700, 0, 0)	0
(12700, 12800, 0, 0)	0
(12800, 12900, 0, 0)	0
(12900, 13000, 0, 0)	0
(13000, 13100, 0, 0)	0
(13100, 13200, 0, 0)	0
(13200, 13300, 0, 0)	0
(13300, 13400, 0, 0)	0
(13400, 13500, 0, 0)	0
(13500, 13600, 0, 0)	0
(13600, 13700, 0, 0)	0
(13700, 13800, 0, 0)	0
(13800, 13900, 0, 0)	0
(13900, 14000, 0, 0)	0
(14000, 14100, 0, 0)	0
(14100, 14200, 0, 0)	0
(14200, 14300, 0, 0)	0
(14300, 14400, 0, 0)	0
(14400, 14500, 0, 0)	0
(14500, 14600, 0, 0)	0
(14600, 14700, 0, 0)	0
(14700, 14800, 0, 0)	0
(14800, 14900, 0, 0)	0
(14900, 15000, 0, 0)	0
(15000, 15100, 0, 0)	0
(15100, 15200, 0, 0)	0
(15200, 15300, 0, 0)	0
(15300, 15400, 0, 0)	0
(15400, 15500, 0, 0)	0
(15500, 15600, 0, 0)	0
(15600, 15700, 0, 0)	0
(15700, 15800, 0, 0)	0
(15800, 15900, 0, 0)	0
(15900, 16000, 0, 0)	0
(16000, 16100, 0, 0)	0
(16100, 16200, 0, 0)	0
(16200, 16300, 0, 0)	0
(16300, 16400, 0, 0)	0
(16400, 16500, 0, 0)	0
(16500, 16600, 0, 0)	0
(16600, 16700, 0, 0)	0
(16700, 16800, 0, 0)	0
(16800, 16900, 0, 0)	0
(16900, 17000, 0, 0)	0
(17000, 17100, 0, 0)	0
(17100, 17200, 0, 0)	0
(17200, 17300, 0, 0)	0
(17300, 17400, 0, 0)	0
(17400, 17500, 0, 0)	0
(17500, 17600, 0, 0)	0
(17600, 17700, 0, 0)	0
(17700, 17800, 0, 0)	0
(17800, 17900, 0, 0)	0
(17900, 18000, 0, 0)	0
(18000, 18100, 0, 0)	0
(18100, 18200, 0, 0)	0
(18200, 18300, 0, 0)	0
(18300, 18400, 0, 0)	0
(18400, 18500, 0, 0)	0
(18500, 18600, 0, 0)	0
(18600, 18700, 0, 0)	0
(18700, 18800, 0, 0)	0
(18800, 18900, 0, 0)	0
(18900, 19000, 0, 0)	0
(19000, 19100, 0, 0)	0
(19100, 19200, 0, 0)	0
(19200, 19300, 0, 0)	0
(19300, 19400, 0, 0)	0
(19400, 19500, 0, 0)	0
(19500, 19600, 0, 0)	0
(19600, 19700, 0, 0)	0
(19700, 19800, 0, 0)	0
(19800, 19900, 0, 0)	0
(19900, 20000, 0, 0)	0
(20000, 20100, 0, 0)	0
(20100, 20200, 0, 0)	0
(20200, 20300, 0, 0)	0
(20300, 20400, 0, 0)	0
(20400, 20500, 0, 0)	0
(20500, 20600, 0, 0)	0
(20600, 20700, 0, 0)	0
(20700, 20800, 0, 0)	0
(20800, 20900, 0, 0)	0
(20900, 21000, 0, 0)	0
(21000, 21100, 0, 0)	0
(21100, 21200, 0, 0)	0
(21200, 21300, 0, 0)	0
(21300, 21400, 0, 0)	0
(21400, 21500, 0, 0)	0
(21500, 21600, 0, 0)	0
(21600, 21700, 0, 0)	0
 [ 217 ] 2005 - 6510 = -4505
