(0, 40, 0, 37)	37
(40, 80, 39, 79)	38
(80, 120, 79, 118)	39
(120, 160, 118, 147)	27
(160, 200, 148, 185)	36
(200, 240, 185, 226)	37
(240, 280, 226, 266)	40
(280, 320, 266, 304)	36
(320, 360, 303, 341)	38
(360, 400, 341, 379)	38
(400, 440, 379, 417)	38
(440, 480, 417, 455)	38
(480, 520, 455, 494)	39
(520, 560, 494, 527)	33
(560, 600, 527, 561)	34
(600, 640, 561, 601)	39
(640, 680, 601, 639)	37
(680, 720, 639, 681)	37
(720, 760, 682, 720)	38
(760, 800, 721, 757)	34
(800, 840, 757, 794)	37
(840, 880, 794, 831)	36
(880, 920, 834, 872)	34
(920, 960, 873, 912)	39
(960, 1000, 912, 946)	34
(1000, 1040, 946, 987)	39
(1040, 1080, 987, 1028)	37
(1080, 1120, 1028, 1067)	39
(1120, 1160, 1067, 1104)	37
(1160, 1200, 1104, 1144)	38
(1200, 1240, 1146, 1185)	38
(1240, 1280, 1185, 1225)	38
(1280, 1320, 1225, 1266)	38
(1320, 1360, 1266, 1304)	38
(1360, 1400, 1304, 1341)	37
(1400, 1440, 1343, 1383)	38
(1440, 1480, 1383, 1420)	37
(1480, 1520, 1420, 1458)	38
(1520, 1560, 1458, 1500)	38
(1560, 1600, 1500, 1540)	36
___________
(1600, 1640, 1488, 1526)	38
(1640, 1680, 1526, 1563)	37
___________
(1680, 1720, 1719, 1758)	39
___________
(1720, 1760, 1498, 1537)	38
___________
(1760, 1800, 1485, 1525)	38
___________
(1800, 1840, 1629, 1669)	40
(1840, 1880, 1669, 1709)	40
(1880, 1920, 1709, 1748)	39
___________
(1920, 1960, 1488, 1526)	36
___________
(1960, 2000, 1786, 1827)	37
___________
(2000, 2040, 1619, 1655)	34
___________
(2040, 2080, 1863, 1901)	37
___________
(2080, 2120, 1485, 1525)	38
___________
(2120, 2160, 1628, 1666)	38
___________
(2160, 2200, 1980, 2018)	38
___________
(2200, 2240, 1706, 1746)	40
___________
(2240, 2280, 2214, 2252)	34
___________
(2280, 2320, 1784, 1821)	37
___________
(2320, 2360, 2445, 2486)	39
(2360, 2400, 2486, 2522)	35
(2400, 2440, 2522, 2562)	40
(2440, 2480, 2562, 2598)	36
(2480, 2520, 2601, 2638)	37
(2520, 2560, 2638, 2677)	33
(2560, 2600, 2676, 2714)	37
(2600, 2640, 2714, 2753)	37
(2640, 2680, 2753, 2790)	37
(2680, 2720, 2790, 2829)	39
(2720, 2760, 2829, 2868)	38
(2760, 2800, 2869, 2907)	38
(2800, 2840, 2907, 2945)	37
(2840, 2880, 2945, 2986)	39
(2880, 2920, 2986, 3025)	39
(2920, 2960, 3023, 3063)	38
(2960, 3000, 3065, 3106)	39
(3000, 3040, 3106, 3145)	39
(3040, 3080, 3145, 3186)	38
(3080, 3120, 3186, 3225)	39
(3120, 3160, 3225, 3263)	38
(3160, 3200, 3263, 3300)	37
(3200, 3240, 3300, 3339)	39
(3240, 3280, 3339, 3376)	37
(3280, 3320, 3376, 3417)	37
(3320, 3360, 3417, 3455)	38
(3360, 3400, 3455, 3494)	39
(3400, 3440, 3494, 3533)	37
(3440, 3480, 3533, 3573)	36
(3480, 3520, 3573, 3613)	38
(3520, 3560, 3613, 3652)	39
(3560, 3600, 3653, 3694)	39
(3600, 3640, 3694, 3734)	37
(3640, 3680, 3733, 3773)	35
(3680, 3720, 3773, 3809)	36
(3720, 3760, 3808, 3840)	32
(3760, 3800, 3840, 3876)	36
(3800, 3840, 3875, 3914)	38
(3840, 3880, 3914, 3956)	38
(3880, 3920, 3956, 3994)	35
(3920, 3960, 3994, 4031)	37
(3960, 4000, 4031, 4070)	39
(4000, 4040, 4070, 4107)	36
(4040, 4080, 4104, 4143)	39
(4080, 4120, 4144, 4183)	39
(4120, 4160, 4183, 4222)	39
(4160, 4200, 4222, 4262)	37
(4200, 4240, 4260, 4297)	37
(4240, 4280, 4297, 4335)	36
(4280, 4320, 4337, 4374)	37
(4320, 4360, 4374, 4415)	36
(4360, 4400, 4415, 4454)	39
(4400, 4440, 4454, 4492)	38
(4440, 4480, 4492, 4530)	38
(4480, 4520, 4530, 4567)	35
(4520, 4560, 4567, 4607)	38
(4560, 4600, 4607, 4645)	38
(4600, 4640, 4643, 4682)	38
(4640, 4680, 4682, 4720)	38
(4680, 4720, 4720, 4759)	37
(4720, 4760, 4761, 4802)	39
(4760, 4800, 4802, 4840)	38
(4800, 4840, 4840, 4878)	38
(4840, 4880, 4878, 4917)	39
(4880, 4920, 4917, 4957)	40
(4920, 4960, 4957, 4993)	36
(4960, 5000, 4993, 5033)	36
(5000, 5040, 5033, 5070)	36
(5040, 5080, 5070, 5110)	38
(5080, 5120, 5110, 5149)	36
(5120, 5160, 5149, 5187)	38
(5160, 5200, 5187, 5225)	36
(5200, 5240, 5225, 5265)	37
(5240, 5280, 5264, 5305)	37
(5280, 5320, 5305, 5347)	38
(5320, 5360, 5348, 5387)	37
(5360, 5400, 5387, 5429)	36
(5400, 5440, 5429, 5465)	36
(5440, 5480, 5463, 5502)	38
(5480, 5520, 5503, 5542)	35
(5520, 5560, 5542, 5581)	37
(5560, 5600, 5581, 5618)	34
(5600, 5640, 5618, 5657)	37
(5640, 5680, 5660, 5698)	37
(5680, 5720, 5698, 5740)	38
(5720, 5760, 5740, 5772)	32
(5760, 5800, 5772, 5810)	36
(5800, 5840, 5810, 5847)	37
(5840, 5880, 5847, 5888)	37
(5880, 5920, 5888, 5924)	36
(5920, 5960, 5924, 5962)	38
(5960, 6000, 5961, 6000)	34
(6000, 6040, 6002, 6043)	37
(6040, 6080, 6043, 6079)	34
(6080, 6120, 6080, 6120)	40
(6120, 6160, 6120, 6158)	38
(6160, 6200, 6158, 6198)	38
(6200, 6240, 6198, 6237)	37
(6240, 6280, 6237, 6276)	37
(6280, 6320, 6276, 6314)	38
(6320, 6360, 6314, 6354)	38
(6360, 6400, 6354, 6394)	40
(6400, 6440, 6394, 6432)	35
(6440, 6480, 6432, 6474)	35
(6480, 6520, 6474, 6514)	38
(6520, 6560, 6514, 6555)	38
(6560, 6600, 6554, 6593)	38
(6600, 6640, 6592, 6629)	37
(6640, 6680, 6629, 6668)	36
(6680, 6720, 6668, 6707)	32
(6720, 6760, 6707, 6744)	37
(6760, 6800, 6744, 6785)	39
(6800, 6840, 6783, 6823)	37
(6840, 6880, 6823, 6861)	37
(6880, 6920, 6861, 6898)	37
(6920, 6960, 6897, 6933)	36
(6960, 7000, 6933, 6973)	38
(7000, 7040, 6971, 7009)	38
(7040, 7080, 7009, 7050)	37
(7080, 7120, 7050, 7088)	38
(7120, 7160, 7086, 7124)	36
(7160, 7200, 7124, 7166)	38
(7200, 7240, 7166, 7202)	35
(7240, 7280, 7202, 7238)	36
(7280, 7320, 7240, 7276)	34
(7320, 7360, 7276, 7313)	35
(7360, 7400, 7313, 7350)	37
(7400, 7440, 7350, 7389)	39
(7440, 7480, 7389, 7428)	37
(7480, 7520, 7428, 7470)	35
(7520, 7560, 7470, 7508)	38
(7560, 7600, 7508, 7550)	34
(7600, 7640, 7550, 7588)	38
(7640, 7680, 7588, 7627)	37
(7680, 7720, 7627, 7667)	40
(7720, 7760, 7667, 7707)	38
(7760, 7800, 7707, 7749)	38
(7800, 7840, 7748, 7787)	38
(7840, 7880, 7787, 7825)	36
(7880, 7920, 7824, 7862)	35
(7920, 7960, 7859, 7896)	34
(7960, 8000, 7896, 7934)	38
(8000, 8040, 7934, 7973)	37
(8040, 8080, 7973, 8013)	40
(8080, 8120, 8013, 8054)	39
(8120, 8160, 8054, 8093)	39
(8160, 8200, 8092, 8130)	38
(8200, 8240, 8128, 8167)	39
(8240, 8280, 8167, 8205)	37
(8280, 8320, 8205, 8243)	34
(8320, 8360, 8243, 8285)	34
(8360, 8400, 8285, 8324)	39
(8400, 8440, 8324, 8363)	38
(8440, 8480, 8363, 8406)	37
(8480, 8520, 8406, 8448)	38
(8520, 8560, 8448, 8491)	36
(8560, 8600, 8490, 8531)	33
(8600, 8640, 8531, 8571)	37
(8640, 8680, 8571, 8611)	40
(8680, 8720, 8611, 8652)	35
(8720, 8760, 8652, 8692)	39
(8760, 8800, 8692, 8732)	36
(8800, 8840, 8732, 8773)	37
(8840, 8880, 8773, 8811)	38
___________
(8880, 8920, 8733, 8772)	36
___________
(8920, 8960, 8842, 8882)	40
(8960, 9000, 8882, 8923)	38
(9000, 9040, 8924, 8962)	36
(9040, 9080, 8963, 9002)	37
(9080, 9120, 9002, 9042)	35
___________
(9120, 9160, 8796, 8836)	32
___________
(9160, 9200, 8735, 8772)	36
___________
(9200, 9240, 9020, 9061)	35
___________
(9240, 9280, 9029, 9068)	38
___________
(9280, 9320, 9031, 9073)	33
___________
(9320, 9360, 9031, 9071)	36
___________
(9360, 9400, 9026, 9067)	37
___________
(9400, 9440, 9046, 9090)	35
___________
(9440, 9480, 8993, 9035)	32
(9480, 9520, 9035, 9073)	37
___________
(9520, 9560, 9040, 9077)	33
___________
(9560, 9600, 9024, 9065)	39
___________
(9600, 9640, 9014, 9054)	34
___________
(9640, 9680, 9043, 9083)	37
___________
(9680, 9720, 9072, 9111)	35
___________
(9720, 9760, 9036, 9075)	37
___________
(9760, 9800, 9043, 9080)	36
___________
(9800, 9840, 9028, 9065)	37
___________
(9840, 9880, 9033, 9071)	36
___________
(9880, 9920, 9039, 9079)	38
___________
(9920, 9960, 9037, 9077)	39
___________
(9960, 10000, 8970, 9010)	32
___________
(10000, 10040, 8990, 9030)	35
___________
(10040, 10080, 9073, 9112)	34
___________
(10080, 10120, 9016, 9052)	36
___________
(10120, 10160, 8976, 9017)	35
(10160, 10200, 9016, 9053)	37
___________
(10200, 10240, 8802, 8841)	32
___________
(10240, 10280, 9012, 9049)	36
___________
(10280, 10320, 9006, 9048)	34
___________
(10320, 10360, 8997, 9039)	34
(10360, 10400, 9039, 9079)	36
___________
(10400, 10440, 9025, 9066)	37
___________
(10440, 10480, 9012, 9054)	33
___________
(10480, 10520, 9032, 9072)	36
___________
(10520, 10560, 8731, 8771)	35
___________
(10560, 10600, 8794, 8833)	32
___________
(10600, 10640, 9023, 9063)	36
___________
(10640, 10680, 8796, 8836)	35
___________
(10680, 10720, 8717, 8754)	36
___________
(10720, 10760, 9031, 9072)	36
___________
(10760, 10800, 9039, 9081)	36
___________
(10800, 10840, 9038, 9077)	33
___________
(10840, 10880, 9003, 9041)	36
___________
(10880, 10920, 9105, 9144)	39
(10920, 10960, 9144, 9182)	38
(10960, 11000, 9182, 9220)	38
(11000, 11040, 9220, 9257)	37
(11040, 11080, 9257, 9296)	39
(11080, 11120, 9297, 9337)	38
(11120, 11160, 9337, 9375)	36
(11160, 11200, 9375, 9413)	38
(11200, 11240, 9413, 9453)	38
(11240, 11280, 9452, 9491)	39
(11280, 11320, 9491, 9528)	37
(11320, 11360, 9527, 9564)	35
(11360, 11400, 9564, 9604)	37
(11400, 11440, 9604, 9642)	38
(11440, 11480, 9642, 9682)	40
(11480, 11520, 9681, 9716)	34
(11520, 11560, 9716, 9757)	33
(11560, 11600, 9757, 9796)	39
(11600, 11640, 9795, 9832)	37
(11640, 11680, 9831, 9870)	38
(11680, 11720, 9870, 9909)	37
(11720, 11760, 9909, 9945)	36
(11760, 11800, 9945, 9984)	37
(11800, 11840, 9985, 10022)	35
(11840, 11880, 10021, 10060)	39
(11880, 11920, 10060, 10099)	37
(11920, 11960, 10099, 10136)	35
(11960, 12000, 10136, 10173)	37
(12000, 12040, 10173, 10208)	35
(12040, 12080, 10208, 10247)	38
(12080, 12120, 10247, 10286)	37
(12120, 12160, 10286, 10326)	40
(12160, 12200, 10326, 10367)	37
(12200, 12240, 10367, 10407)	38
(12240, 12280, 10407, 10447)	39
(12280, 12320, 10447, 10486)	39
(12320, 12360, 10486, 10526)	36
(12360, 12400, 10526, 10563)	37
(12400, 12440, 10563, 10602)	37
(12440, 12480, 10602, 10641)	39
(12480, 12520, 10641, 10679)	38
(12520, 12560, 10679, 10718)	39
(12560, 12600, 10718, 10758)	38
(12600, 12640, 10759, 10799)	35
(12640, 12680, 10799, 10835)	36
(12680, 12720, 10833, 10872)	36
(12720, 12760, 10872, 10913)	37
(12760, 12800, 10912, 10952)	39
(12800, 12840, 10952, 10990)	36
(12840, 12880, 10991, 11031)	38
(12880, 12920, 11031, 11072)	39
(12920, 12960, 11072, 11110)	38
(12960, 13000, 11110, 11149)	39
(13000, 13040, 11148, 11189)	36
(13040, 13080, 11189, 11226)	37
(13080, 13120, 11226, 11265)	34
(13120, 13160, 11265, 11303)	38
(13160, 13200, 11302, 11342)	40
(13200, 13240, 11342, 11380)	36
(13240, 13280, 11381, 11421)	34
(13280, 13320, 11421, 11458)	37
(13320, 13360, 11458, 11494)	36
(13360, 13400, 11495, 11535)	39
(13400, 13440, 11535, 11573)	38
(13440, 13480, 11571, 11612)	37
(13480, 13520, 11612, 11653)	39
(13520, 13560, 11653, 11688)	34
(13560, 13600, 11688, 11728)	38
(13600, 13640, 11728, 11766)	36
(13640, 13680, 11766, 11802)	36
(13680, 13720, 11802, 11843)	36
(13720, 13760, 11843, 11882)	36
(13760, 13800, 11882, 11923)	39
(13800, 13840, 11923, 11961)	38
(13840, 13880, 11961, 12000)	39
(13880, 13920, 12000, 12038)	37
(13920, 13960, 12038, 12075)	37
(13960, 14000, 12075, 12112)	37
(14000, 14040, 12112, 12153)	36
(14040, 14080, 12153, 12192)	37
(14080, 14120, 12192, 12232)	36
(14120, 14160, 12232, 12275)	34
(14160, 14200, 12276, 12314)	36
(14200, 14240, 12315, 12354)	37
___________
(14240, 14280, 12349, 12389)	33
(14280, 14320, 12389, 12427)	38
(14320, 14360, 12427, 12462)	33
(14360, 14400, 12462, 12501)	39
(14400, 14440, 12500, 12539)	37
(14440, 14480, 12539, 12578)	37
(14480, 14520, 12578, 12617)	39
___________
(14520, 14560, 12612, 12654)	36
(14560, 14600, 12654, 12690)	36
(14600, 14640, 12690, 12730)	37
(14640, 14680, 12729, 12768)	36
___________
(14680, 14720, 12720, 12760)	34
(14720, 14760, 12760, 12799)	35
(14760, 14800, 12799, 12838)	39
(14800, 14840, 12837, 12878)	38
(14840, 14880, 12878, 12920)	37
(14880, 14920, 12920, 12961)	38
(14920, 14960, 12961, 12998)	37
(14960, 15000, 12999, 13037)	36
(15000, 15040, 13037, 13078)	37
(15040, 15080, 13078, 13114)	36
(15080, 15120, 13116, 13156)	36
(15120, 15160, 13156, 13195)	39
(15160, 15200, 13195, 13232)	37
(15200, 15240, 13232, 13272)	39
(15240, 15280, 13271, 13306)	35
(15280, 15320, 13306, 13344)	38
(15320, 15360, 13344, 13382)	35
(15360, 15400, 13382, 13423)	39
(15400, 15440, 13421, 13461)	38
(15440, 15480, 13461, 13502)	39
(15480, 15520, 13502, 13541)	39
(15520, 15560, 13541, 13580)	35
(15560, 15600, 13580, 13620)	38
(15600, 15640, 13620, 13657)	34
___________
(15640, 15680, 14848, 14878)	25
___________
(15680, 15720, 13665, 13706)	39
(15720, 15760, 13706, 13747)	39
(15760, 15800, 13747, 13785)	38
(15800, 15840, 13785, 13823)	35
(15840, 15880, 13824, 13859)	35
(15880, 15920, 13859, 13902)	33
(15920, 15960, 13902, 13943)	34
(15960, 16000, 13943, 13978)	35
(16000, 16040, 13978, 14015)	37
(16040, 16080, 14014, 14053)	39
(16080, 16120, 14053, 14090)	37
(16120, 16160, 14090, 14128)	37
(16160, 16200, 14128, 14163)	35
(16200, 16240, 14163, 14201)	36
(16240, 16280, 14200, 14238)	38
(16280, 16320, 14238, 14277)	37
(16320, 16360, 14278, 14316)	38
(16360, 16400, 14315, 14350)	34
(16400, 16440, 14350, 14381)	29
(16440, 16480, 14379, 14415)	36
(16480, 16520, 14415, 14456)	39
(16520, 16560, 14454, 14491)	34
(16560, 16600, 14491, 14524)	33
(16600, 16640, 14524, 14564)	34
(16640, 16680, 14564, 14601)	36
(16680, 16720, 14601, 14638)	35
(16720, 16760, 14638, 14680)	38
(16760, 16800, 14680, 14715)	33
(16800, 16840, 14715, 14756)	39
(16840, 16880, 14756, 14795)	37
(16880, 16920, 14795, 14831)	34
(16920, 16960, 14830, 14871)	39
(16960, 17000, 14870, 14908)	33
(17000, 17040, 14908, 14945)	37
(17040, 17080, 14945, 14986)	37
(17080, 17120, 14986, 15027)	39
(17120, 17160, 15028, 15066)	38
(17160, 17200, 15066, 15104)	38
(17200, 17240, 15104, 15142)	38
(17240, 17280, 15142, 15180)	38
(17280, 17320, 15180, 15220)	34
(17320, 17360, 15219, 15260)	39
(17360, 17400, 15260, 15297)	36
(17400, 17440, 15295, 15334)	37
(17440, 17480, 15334, 15374)	36
(17480, 17520, 15373, 15412)	37
(17520, 17560, 15412, 15450)	38
(17560, 17600, 15450, 15490)	38
(17600, 17640, 15490, 15528)	38
(17640, 17680, 15528, 15566)	38
(17680, 17720, 15566, 15603)	36
(17720, 17760, 15603, 15642)	39
(17760, 17800, 15640, 15683)	35
(17800, 17840, 15685, 15722)	36
(17840, 17880, 15722, 15759)	37
(17880, 17920, 15759, 15799)	37
(17920, 17960, 15799, 15839)	40
(17960, 18000, 15839, 15877)	38
(18000, 18040, 15877, 15915)	38
(18040, 18080, 15917, 15957)	40
(18080, 18120, 15957, 15996)	39
(18120, 18160, 15995, 16036)	36
(18160, 18200, 16035, 16071)	36
(18200, 18240, 16071, 16111)	37
(18240, 18280, 16111, 16150)	39
(18280, 18320, 16150, 16192)	38
(18320, 18360, 16192, 16231)	37
(18360, 18400, 16231, 16269)	36
(18400, 18440, 16269, 16309)	37
(18440, 18480, 16309, 16347)	36
(18480, 18520, 16347, 16386)	37
(18520, 18560, 16387, 16425)	36
(18560, 18600, 16425, 16464)	37
(18600, 18640, 16464, 16504)	38
(18640, 18680, 16504, 16546)	36
(18680, 18720, 16546, 16584)	36
(18720, 18760, 16582, 16621)	38
(18760, 18800, 16621, 16660)	36
(18800, 18840, 16660, 16699)	37
(18840, 18880, 16699, 16738)	37
(18880, 18920, 16736, 16776)	35
(18920, 18960, 16776, 16809)	33
(18960, 19000, 16809, 16849)	38
(19000, 19040, 16849, 16888)	37
(19040, 19080, 16888, 16928)	38
(19080, 19120, 16930, 16969)	39
(19120, 19160, 16969, 17007)	38
(19160, 19200, 17007, 17047)	40
(19200, 19240, 17047, 17087)	32
___________
(19240, 19280, 17083, 17120)	36
(19280, 19320, 17118, 17153)	35
(19320, 19360, 17153, 17190)	37
(19360, 19400, 17190, 17226)	36
(19400, 19440, 17226, 17264)	38
(19440, 19480, 17264, 17301)	37
(19480, 19520, 17300, 17340)	37
(19520, 19560, 17340, 17378)	38
(19560, 19600, 17378, 17416)	38
(19600, 19640, 17416, 17456)	34
(19640, 19680, 17456, 17496)	38
(19680, 19720, 17496, 17535)	39
(19720, 19760, 17536, 17576)	38
(19760, 19800, 17576, 17614)	37
(19800, 19840, 17614, 17653)	39
(19840, 19880, 17653, 17693)	40
(19880, 19920, 17693, 17733)	36
(19920, 19960, 17733, 17770)	37
(19960, 20000, 17771, 17811)	40
(20000, 20040, 17811, 17849)	36
(20040, 20080, 17849, 17891)	38
(20080, 20120, 17891, 17929)	38
(20120, 20160, 17929, 17970)	35
(20160, 20200, 17967, 18008)	39
(20200, 20240, 18007, 18047)	40
(20240, 20280, 18046, 18087)	39
(20280, 20320, 18087, 18123)	33
(20320, 20360, 18124, 18165)	39
(20360, 20400, 18165, 18204)	37
(20400, 20440, 18204, 18245)	39
(20440, 20480, 18243, 18281)	36
(20480, 20520, 18281, 18320)	35
(20520, 20560, 18320, 18359)	38
(20560, 20600, 18359, 18398)	39
(20600, 20640, 18398, 18436)	38
(20640, 20680, 18435, 18470)	31
(20680, 20720, 18470, 18510)	37
(20720, 20760, 18509, 18549)	36
(20760, 20800, 18549, 18587)	38
(20800, 20840, 18589, 18628)	39
(20840, 20880, 18628, 18668)	38
(20880, 20920, 18669, 18709)	40
(20920, 20960, 18709, 18749)	38
(20960, 21000, 18749, 18787)	36
(21000, 21040, 18787, 18826)	39
(21040, 21080, 18826, 18863)	37
(21080, 21120, 18863, 18902)	33
(21120, 21160, 18901, 18938)	37
(21160, 21200, 18937, 18978)	34
(21200, 21240, 18978, 19016)	38
(21240, 21280, 19016, 19056)	40
(21280, 21320, 19058, 19096)	36
(21320, 21360, 19096, 19134)	37
(21360, 21400, 19135, 19172)	35
(21400, 21440, 19174, 19211)	37
(21440, 21480, 19211, 19251)	38
(21480, 21520, 19251, 19292)	37
(21520, 21560, 19292, 19332)	38
(21560, 21600, 19332, 19371)	35
(21600, 21640, 19368, 19406)	28
 [ 541 ] 19944 - 16230 = 3714
