(0, 100, 0, 99)	95
(100, 200, 99, 185)	82
(200, 300, 185, 285)	94
(300, 400, 285, 379)	94
(400, 500, 379, 475)	96
(500, 600, 475, 561)	86
	475 561
	475 563
(600, 700, 561, 661)	94
(700, 800, 661, 757)	89
(800, 900, 757, 852)	90
(900, 1000, 851, 946)	91
(1000, 1100, 946, 1048)	96
(1100, 1200, 1048, 1144)	94
	1048 1144
	1048 1146
(1200, 1300, 1146, 1244)	95
	1146 1244
	1146 1245
	1146 1246
(1300, 1400, 1246, 1341)	94
	1246 1341
	1246 1342
	1246 1343
(1400, 1500, 1343, 1440)	95
(1500, 1600, 1438, 1540)	92
	1438 1540
	1439 1540
	1440 1540
___________
(1600, 1700, 1488, 1582)	94
___________
(1700, 1800, 1634, 1733)	95
___________
(1800, 1900, 1629, 1728)	99
(1900, 2000, 1728, 1827)	93
(2000, 2100, 1827, 1920)	90
___________
(2100, 2200, 2128, 2226)	94
___________
(2200, 2300, 2278, 2375)	93
___________
(2300, 2400, 2426, 2522)	92
	2426 2522
	2427 2522
(2400, 2500, 2522, 2619)	93
(2500, 2600, 2619, 2714)	89
(2600, 2700, 2714, 2810)	94
(2700, 2800, 2808, 2907)	95
	2808 2907
	2809 2907
	2810 2907
(2800, 2900, 2907, 3006)	96
(2900, 3000, 3005, 3106)	95
	3005 3106
	3006 3106
(3000, 3100, 3106, 3205)	96
(3100, 3200, 3205, 3300)	95
(3200, 3300, 3300, 3396)	94
(3300, 3400, 3396, 3494)	96
(3400, 3500, 3494, 3592)	92
	3494 3592
	3494 3593
	3494 3594
(3500, 3600, 3594, 3694)	96
(3600, 3700, 3694, 3792)	91
(3700, 3800, 3791, 3876)	84
	3791 3876
	3792 3876
(3800, 3900, 3875, 3976)	93
(3900, 4000, 3976, 4070)	94
(4000, 4100, 4070, 4163)	90
(4100, 4200, 4163, 4262)	96
(4200, 4300, 4260, 4356)	92
(4300, 4400, 4355, 4454)	94
(4400, 4500, 4454, 4548)	92
(4500, 4600, 4548, 4645)	95
(4600, 4700, 4643, 4741)	95
(4700, 4800, 4741, 4840)	95
(4800, 4900, 4840, 4937)	97
(4900, 5000, 4937, 5033)	92
(5000, 5100, 5033, 5130)	93
(5100, 5200, 5130, 5225)	91
	5130 5225
	5130 5226
(5200, 5300, 5225, 5325)	94
(5300, 5400, 5325, 5429)	90
(5400, 5500, 5429, 5521)	91
(5500, 5600, 5520, 5618)	88
	5520 5618
	5521 5618
(5600, 5700, 5618, 5718)	93
(5700, 5800, 5718, 5810)	86
(5800, 5900, 5810, 5906)	92
(5900, 6000, 5906, 6000)	90
	5906 6000
	5906 6001
	5906 6002
(6000, 6100, 6002, 6100)	91
(6100, 6200, 6100, 6198)	96
(6200, 6300, 6198, 6295)	93
(6300, 6400, 6295, 6394)	97
(6400, 6500, 6394, 6494)	88
(6500, 6600, 6494, 6593)	95
(6600, 6700, 6592, 6687)	88
	6592 6687
	6592 6688
(6700, 6800, 6688, 6785)	93
(6800, 6900, 6783, 6879)	92
	6783 6879
	6783 6880
(6900, 7000, 6879, 6973)	92
(7000, 7100, 6971, 7069)	94
(7100, 7200, 7069, 7166)	93
(7200, 7300, 7166, 7258)	87
(7300, 7400, 7258, 7350)	90
(7400, 7500, 7350, 7449)	92
(7500, 7600, 7449, 7550)	91
	7449 7550
	7450 7550
	7451 7550
(7600, 7700, 7550, 7647)	95
(7700, 7800, 7647, 7749)	96
(7800, 7900, 7748, 7842)	91
	7748 7842
	7749 7842
(7900, 8000, 7842, 7934)	88
	7842 7934
	7843 7934
	7844 7934
(8000, 8100, 7934, 8034)	96
(8100, 8200, 8034, 8130)	96
(8200, 8300, 8128, 8224)	93
(8300, 8400, 8222, 8324)	90
	8222 8324
	8224 8324
(8400, 8500, 8324, 8427)	94
(8500, 8600, 8427, 8531)	88
	8427 8531
	8427 8532
(8600, 8700, 8531, 8632)	94
(8700, 8800, 8632, 8732)	93
(8800, 8900, 8732, 8829)	93
	8732 8829
	8732 8830
___________
(8900, 9000, 8822, 8923)	98
(9000, 9100, 8924, 9024)	90
___________
(9100, 9200, 8992, 9081)	80
	8992 9081
	8992 9084
	9002 9102
	9002 9105
	9003 9102
	9003 9105
	9006 9102
	9006 9105
	9007 9102
	9007 9105
	9008 9102
	9008 9105
	9009 9102
	9009 9105
	9010 9102
	9010 9105
	9012 9102
	9012 9105
	9013 9102
	9013 9105
	9014 9102
	9014 9105
	9024 9113
___________
(9200, 9300, 9020, 9113)	84
	9020 9113
	9020 9114
	9020 9115
	9020 9116
	9020 9117
	9020 9120
	9020 9124
___________
(9300, 9400, 8999, 9099)	87
___________
(9400, 9500, 8954, 9054)	82
	8954 9054
	8957 9054
	8992 9086
	8993 9086
___________
(9500, 9600, 9000, 9097)	89
___________
(9600, 9700, 8991, 9092)	87
	8991 9092
	8992 9092
	8993 9092
___________
(9700, 9800, 8985, 9080)	86
	8985 9080
	8985 9081
	8985 9082
	8985 9083
___________
(9800, 9900, 8996, 9091)	90
	8996 9091
	8997 9091
___________
(9900, 10000, 9006, 9106)	87
	9006 9106
	9017 9112
	9017 9113
	9017 9114
	9017 9117
___________
(10000, 10100, 8968, 9066)	83
	8968 9066
	8968 9067
	8990 9085
	8990 9088
	8990 9089
	8999 9098
	8999 9099
	9000 9098
	9000 9099
	9001 9098
	9001 9099
	9002 9098
	9002 9099
	9003 9098
	9003 9099
	9013 9110
___________
(10100, 10200, 8992, 9085)	87
___________
(10200, 10300, 8988, 9093)	84
	8988 9093
	8990 9093
	8999 9093
___________
(10300, 10400, 8975, 9079)	85
	8975 9079
	8976 9079
	8978 9079
	8979 9079
	9008 9111
___________
(10400, 10500, 8993, 9094)	83
	8993 9094
	8994 9094
	8995 9094
	8996 9094
___________
(10500, 10600, 8998, 9093)	83
___________
(10600, 10700, 8991, 9093)	85
	8991 9093
	8992 9093
	9012 9114
	9012 9115
	9013 9114
	9013 9115
	9014 9114
	9014 9115
	9023 9125
	9023 9126
___________
(10700, 10800, 9009, 9113)	88
	9009 9113
	9010 9113
	9011 9113
___________
(10800, 10900, 9027, 9125)	86
(10900, 11000, 9125, 9220)	95
(11000, 11100, 9220, 9317)	93
(11100, 11200, 9317, 9413)	94
(11200, 11300, 9413, 9509)	94
(11300, 11400, 9509, 9604)	90
(11400, 11500, 9604, 9698)	94
(11500, 11600, 9697, 9796)	90
	9697 9796
	9698 9796
(11600, 11700, 9795, 9890)	95
(11700, 11800, 9890, 9984)	90
(11800, 11900, 9985, 10079)	92
(11900, 12000, 10079, 10173)	90
(12000, 12100, 10173, 10267)	91
(12100, 12200, 10267, 10367)	96
(12200, 12300, 10367, 10466)	96
(12300, 12400, 10466, 10563)	93
	10466 10563
	10466 10564
	10466 10565
(12400, 12500, 10563, 10660)	95
(12500, 12600, 10660, 10758)	96
(12600, 12700, 10759, 10853)	89
(12700, 12800, 10853, 10952)	94
(12800, 12900, 10952, 11052)	92
(12900, 13000, 11052, 11149)	97
(13000, 13100, 11148, 11247)	89
	11148 11247
	11149 11247
(13100, 13200, 11244, 11342)	95
	11244 11342
	11245 11342
	11247 11342
(13200, 13300, 11342, 11439)	87
(13300, 13400, 11439, 11535)	93
(13400, 13500, 11535, 11632)	95
(13500, 13600, 11632, 11728)	91
(13600, 13700, 11728, 11824)	90
(13700, 13800, 11824, 11923)	93
(13800, 13900, 11923, 12018)	94
(13900, 14000, 12018, 12112)	94
(14000, 14100, 12112, 12211)	91
	12112 12211
	12112 12214
(14100, 14200, 12214, 12314)	87
	12214 12314
	12214 12315
(14200, 14300, 12315, 12409)	90
(14300, 14400, 12409, 12501)	90
(14400, 14500, 12500, 12597)	93
	12500 12597
	12500 12599
(14500, 14600, 12597, 12690)	91
(14600, 14700, 12690, 12784)	89
	12690 12784
	12690 12787
___________
(14700, 14800, 12739, 12838)	91
	12739 12838
	12740 12838
(14800, 14900, 12837, 12941)	93
(14900, 15000, 12941, 13037)	92
(15000, 15100, 13037, 13136)	89
(15100, 15200, 13136, 13232)	96
	13136 13232
	13136 13233
(15200, 15300, 13232, 13325)	92
(15300, 15400, 13325, 13423)	93
(15400, 15500, 13421, 13522)	97
	13421 13522
	13422 13522
	13423 13522
(15500, 15600, 13522, 13620)	92
(15600, 15700, 13620, 13693)	63
	13620 13693
	13620 13694
___________
(15700, 15800, 13685, 13785)	96
(15800, 15900, 13785, 13878)	89
(15900, 16000, 13878, 13978)	83
	13878 13978
	13879 13978
	13880 13978
	13881 13978
(16000, 16100, 13978, 14071)	93
(16100, 16200, 14071, 14163)	91
(16200, 16300, 14163, 14257)	92
(16300, 16400, 14257, 14350)	89
(16400, 16500, 14350, 14436)	82
(16500, 16600, 14436, 14524)	87
(16600, 16700, 14524, 14619)	88
(16700, 16800, 14620, 14715)	89
(16800, 16900, 14715, 14812)	93
	14715 14812
	14715 14814
(16900, 17000, 14814, 14908)	88
(17000, 17100, 14908, 15007)	93
(17100, 17200, 15007, 15104)	95
(17200, 17300, 15104, 15197)	93
	15104 15197
	15104 15198
	15104 15199
___________
(17300, 17400, 15201, 15297)	93
(17400, 17500, 15295, 15392)	91
	15295 15392
	15296 15392
	15297 15392
(17500, 17600, 15392, 15490)	94
	15392 15490
	15392 15491
(17600, 17700, 15490, 15585)	94
(17700, 17800, 15583, 15683)	92
	15583 15683
	15585 15683
(17800, 17900, 15685, 15778)	92
(17900, 18000, 15778, 15877)	96
(18000, 18100, 15877, 15976)	97
(18100, 18200, 15976, 16071)	91
(18200, 18300, 16071, 16170)	96
(18300, 18400, 16170, 16269)	91
(18400, 18500, 16269, 16367)	93
(18500, 18600, 16366, 16464)	89
	16366 16464
	16367 16464
(18600, 18700, 16464, 16566)	94
(18700, 18800, 16566, 16660)	88
	16566 16660
	16566 16663
(18800, 18900, 16660, 16755)	89
(18900, 19000, 16755, 16849)	90
(19000, 19100, 16849, 16950)	95
(19100, 19200, 16950, 17047)	97
(19200, 19300, 17047, 17136)	81
	17047 17136
	17047 17137
(19300, 19400, 17135, 17226)	90
	17135 17226
	17136 17226
(19400, 19500, 17226, 17319)	93
___________
(19500, 19600, 0, 0)	0
(19600, 19700, 0, 0)	0
(19700, 19800, 0, 0)	0
(19800, 19900, 0, 0)	0
(19900, 20000, 0, 0)	0
(20000, 20100, 0, 0)	0
(20100, 20200, 0, 0)	0
(20200, 20300, 0, 0)	0
(20300, 20400, 0, 0)	0
(20400, 20500, 0, 0)	0
(20500, 20600, 0, 0)	0
(20600, 20700, 0, 0)	0
(20700, 20800, 0, 0)	0
(20800, 20900, 0, 0)	0
(20900, 21000, 0, 0)	0
(21000, 21100, 0, 0)	0
(21100, 21200, 0, 0)	0
(21200, 21300, 0, 0)	0
(21300, 21400, 0, 0)	0
(21400, 21500, 0, 0)	0
(21500, 21600, 0, 0)	0
(21600, 21700, 0, 0)	0
 [ 217 ] 17842 - 6510 = 11332
