(0, 10, 0, 0)	0
(10, 20, 0, 0)	0
(20, 30, 0, 0)	0
(30, 40, 0, 0)	0
(40, 50, 0, 0)	0
(50, 60, 0, 0)	0
(60, 70, 0, 0)	0
(70, 80, 0, 0)	0
(80, 90, 0, 0)	0
(90, 100, 0, 0)	0
(100, 110, 0, 0)	0
(110, 120, 0, 0)	0
(120, 130, 0, 0)	0
(130, 140, 0, 0)	0
(140, 150, 0, 0)	0
(150, 160, 0, 0)	0
(160, 170, 0, 0)	0
(170, 180, 0, 0)	0
(180, 190, 0, 0)	0
(190, 200, 0, 0)	0
(200, 210, 0, 0)	0
(210, 220, 0, 0)	0
(220, 230, 0, 0)	0
(230, 240, 0, 0)	0
(240, 250, 0, 0)	0
(250, 260, 0, 0)	0
(260, 270, 0, 0)	0
(270, 280, 0, 0)	0
(280, 290, 0, 0)	0
(290, 300, 0, 0)	0
(300, 310, 0, 0)	0
(310, 320, 0, 0)	0
(320, 330, 0, 0)	0
(330, 340, 0, 0)	0
(340, 350, 0, 0)	0
(350, 360, 0, 0)	0
(360, 370, 0, 0)	0
(370, 380, 0, 0)	0
(380, 390, 0, 0)	0
(390, 400, 0, 0)	0
(400, 410, 0, 0)	0
(410, 420, 0, 0)	0
(420, 430, 0, 0)	0
(430, 440, 0, 0)	0
(440, 450, 0, 0)	0
(450, 460, 0, 0)	0
(460, 470, 0, 0)	0
(470, 480, 0, 0)	0
(480, 490, 0, 0)	0
(490, 500, 0, 0)	0
(500, 510, 0, 0)	0
(510, 520, 0, 0)	0
(520, 530, 0, 0)	0
(530, 540, 0, 0)	0
(540, 550, 0, 0)	0
(550, 560, 0, 0)	0
(560, 570, 0, 0)	0
(570, 580, 0, 0)	0
(580, 590, 0, 0)	0
(590, 600, 0, 0)	0
(600, 610, 0, 0)	0
(610, 620, 0, 0)	0
(620, 630, 0, 0)	0
(630, 640, 0, 0)	0
(640, 650, 0, 0)	0
(650, 660, 0, 0)	0
(660, 670, 0, 0)	0
(670, 680, 0, 0)	0
(680, 690, 0, 0)	0
(690, 700, 0, 0)	0
(700, 710, 0, 0)	0
(710, 720, 0, 0)	0
(720, 730, 0, 0)	0
(730, 740, 0, 0)	0
(740, 750, 0, 0)	0
(750, 760, 0, 0)	0
(760, 770, 0, 0)	0
(770, 780, 0, 0)	0
(780, 790, 0, 0)	0
(790, 800, 0, 0)	0
(800, 810, 0, 0)	0
(810, 820, 0, 0)	0
(820, 830, 0, 0)	0
(830, 840, 0, 0)	0
(840, 850, 0, 0)	0
(850, 860, 0, 0)	0
(860, 870, 0, 0)	0
(870, 880, 0, 0)	0
(880, 890, 0, 0)	0
(890, 900, 0, 0)	0
(900, 910, 0, 0)	0
(910, 920, 0, 0)	0
(920, 930, 0, 0)	0
(930, 940, 0, 0)	0
(940, 950, 0, 0)	0
(950, 960, 0, 0)	0
(960, 970, 0, 0)	0
(970, 980, 0, 0)	0
(980, 990, 0, 0)	0
(990, 1000, 0, 0)	0
(1000, 1010, 0, 0)	0
(1010, 1020, 0, 0)	0
(1020, 1030, 0, 0)	0
(1030, 1040, 0, 0)	0
(1040, 1050, 0, 0)	0
(1050, 1060, 0, 0)	0
(1060, 1070, 0, 0)	0
(1070, 1080, 0, 0)	0
(1080, 1090, 0, 0)	0
(1090, 1100, 0, 0)	0
(1100, 1110, 0, 0)	0
(1110, 1120, 0, 0)	0
(1120, 1130, 0, 0)	0
(1130, 1140, 0, 0)	0
(1140, 1150, 0, 0)	0
(1150, 1160, 0, 0)	0
(1160, 1170, 0, 0)	0
(1170, 1180, 0, 0)	0
(1180, 1190, 0, 0)	0
(1190, 1200, 0, 0)	0
(1200, 1210, 0, 0)	0
(1210, 1220, 0, 0)	0
(1220, 1230, 0, 0)	0
(1230, 1240, 0, 0)	0
(1240, 1250, 0, 0)	0
(1250, 1260, 0, 0)	0
(1260, 1270, 0, 0)	0
(1270, 1280, 0, 0)	0
(1280, 1290, 0, 0)	0
(1290, 1300, 0, 0)	0
(1300, 1310, 0, 0)	0
(1310, 1320, 0, 0)	0
(1320, 1330, 0, 0)	0
(1330, 1340, 0, 0)	0
(1340, 1350, 0, 0)	0
(1350, 1360, 0, 0)	0
(1360, 1370, 0, 0)	0
(1370, 1380, 0, 0)	0
(1380, 1390, 0, 0)	0
(1390, 1400, 0, 0)	0
(1400, 1410, 0, 0)	0
(1410, 1420, 0, 0)	0
(1420, 1430, 0, 0)	0
(1430, 1440, 0, 0)	0
(1440, 1450, 0, 0)	0
(1450, 1460, 0, 0)	0
(1460, 1470, 0, 0)	0
(1470, 1480, 0, 0)	0
(1480, 1490, 0, 0)	0
(1490, 1500, 0, 0)	0
(1500, 1510, 0, 0)	0
(1510, 1520, 0, 0)	0
(1520, 1530, 0, 0)	0
(1530, 1540, 0, 0)	0
(1540, 1550, 0, 0)	0
(1550, 1560, 0, 0)	0
(1560, 1570, 0, 0)	0
(1570, 1580, 0, 0)	0
(1580, 1590, 0, 0)	0
(1590, 1600, 0, 0)	0
(1600, 1610, 0, 0)	0
(1610, 1620, 0, 0)	0
(1620, 1630, 0, 0)	0
(1630, 1640, 0, 0)	0
(1640, 1650, 0, 0)	0
(1650, 1660, 0, 0)	0
(1660, 1670, 0, 0)	0
(1670, 1680, 0, 0)	0
(1680, 1690, 0, 0)	0
(1690, 1700, 0, 0)	0
(1700, 1710, 0, 0)	0
(1710, 1720, 0, 0)	0
(1720, 1730, 0, 0)	0
(1730, 1740, 0, 0)	0
(1740, 1750, 0, 0)	0
(1750, 1760, 0, 0)	0
(1760, 1770, 0, 0)	0
(1770, 1780, 0, 0)	0
(1780, 1790, 0, 0)	0
(1790, 1800, 0, 0)	0
(1800, 1810, 0, 0)	0
(1810, 1820, 0, 0)	0
(1820, 1830, 0, 0)	0
(1830, 1840, 0, 0)	0
(1840, 1850, 0, 0)	0
(1850, 1860, 0, 0)	0
(1860, 1870, 0, 0)	0
(1870, 1880, 0, 0)	0
(1880, 1890, 0, 0)	0
(1890, 1900, 0, 0)	0
(1900, 1910, 0, 0)	0
(1910, 1920, 0, 0)	0
(1920, 1930, 0, 0)	0
(1930, 1940, 0, 0)	0
(1940, 1950, 0, 0)	0
(1950, 1960, 0, 0)	0
(1960, 1970, 0, 0)	0
(1970, 1980, 0, 0)	0
(1980, 1990, 0, 0)	0
(1990, 2000, 0, 0)	0
(2000, 2010, 0, 0)	0
(2010, 2020, 0, 0)	0
(2020, 2030, 0, 0)	0
(2030, 2040, 0, 0)	0
(2040, 2050, 0, 0)	0
(2050, 2060, 0, 0)	0
(2060, 2070, 0, 0)	0
(2070, 2080, 0, 0)	0
(2080, 2090, 0, 0)	0
(2090, 2100, 0, 0)	0
(2100, 2110, 0, 0)	0
(2110, 2120, 0, 0)	0
(2120, 2130, 0, 0)	0
(2130, 2140, 0, 0)	0
(2140, 2150, 0, 0)	0
(2150, 2160, 0, 0)	0
(2160, 2170, 0, 0)	0
(2170, 2180, 0, 0)	0
(2180, 2190, 0, 0)	0
(2190, 2200, 0, 0)	0
(2200, 2210, 0, 0)	0
(2210, 2220, 0, 0)	0
(2220, 2230, 0, 0)	0
(2230, 2240, 0, 0)	0
(2240, 2250, 0, 0)	0
(2250, 2260, 0, 0)	0
(2260, 2270, 0, 0)	0
(2270, 2280, 0, 0)	0
(2280, 2290, 0, 0)	0
(2290, 2300, 0, 0)	0
(2300, 2310, 0, 0)	0
(2310, 2320, 0, 0)	0
(2320, 2330, 0, 0)	0
(2330, 2340, 0, 0)	0
(2340, 2350, 0, 0)	0
(2350, 2360, 0, 0)	0
(2360, 2370, 0, 0)	0
(2370, 2380, 0, 0)	0
(2380, 2390, 0, 0)	0
(2390, 2400, 0, 0)	0
(2400, 2410, 0, 0)	0
(2410, 2420, 0, 0)	0
(2420, 2430, 0, 0)	0
(2430, 2440, 0, 0)	0
(2440, 2450, 0, 0)	0
(2450, 2460, 0, 0)	0
(2460, 2470, 0, 0)	0
(2470, 2480, 0, 0)	0
(2480, 2490, 0, 0)	0
(2490, 2500, 0, 0)	0
(2500, 2510, 0, 0)	0
(2510, 2520, 0, 0)	0
(2520, 2530, 0, 0)	0
(2530, 2540, 0, 0)	0
(2540, 2550, 0, 0)	0
(2550, 2560, 0, 0)	0
(2560, 2570, 0, 0)	0
(2570, 2580, 0, 0)	0
(2580, 2590, 0, 0)	0
(2590, 2600, 0, 0)	0
(2600, 2610, 0, 0)	0
(2610, 2620, 0, 0)	0
(2620, 2630, 0, 0)	0
(2630, 2640, 0, 0)	0
(2640, 2650, 0, 0)	0
(2650, 2660, 0, 0)	0
(2660, 2670, 0, 0)	0
(2670, 2680, 0, 0)	0
(2680, 2690, 0, 0)	0
(2690, 2700, 0, 0)	0
(2700, 2710, 0, 0)	0
(2710, 2720, 0, 0)	0
(2720, 2730, 0, 0)	0
(2730, 2740, 0, 0)	0
(2740, 2750, 0, 0)	0
(2750, 2760, 0, 0)	0
(2760, 2770, 0, 0)	0
(2770, 2780, 0, 0)	0
(2780, 2790, 0, 0)	0
(2790, 2800, 0, 0)	0
(2800, 2810, 0, 0)	0
(2810, 2820, 0, 0)	0
(2820, 2830, 0, 0)	0
(2830, 2840, 0, 0)	0
(2840, 2850, 0, 0)	0
(2850, 2860, 0, 0)	0
(2860, 2870, 0, 0)	0
(2870, 2880, 0, 0)	0
(2880, 2890, 0, 0)	0
(2890, 2900, 0, 0)	0
(2900, 2910, 0, 0)	0
(2910, 2920, 0, 0)	0
(2920, 2930, 0, 0)	0
(2930, 2940, 0, 0)	0
(2940, 2950, 0, 0)	0
(2950, 2960, 0, 0)	0
(2960, 2970, 0, 0)	0
(2970, 2980, 0, 0)	0
(2980, 2990, 0, 0)	0
(2990, 3000, 0, 0)	0
(3000, 3010, 0, 0)	0
(3010, 3020, 0, 0)	0
(3020, 3030, 0, 0)	0
(3030, 3040, 0, 0)	0
(3040, 3050, 0, 0)	0
(3050, 3060, 0, 0)	0
(3060, 3070, 0, 0)	0
(3070, 3080, 0, 0)	0
(3080, 3090, 0, 0)	0
(3090, 3100, 0, 0)	0
(3100, 3110, 0, 0)	0
(3110, 3120, 0, 0)	0
(3120, 3130, 0, 0)	0
(3130, 3140, 0, 0)	0
(3140, 3150, 0, 0)	0
(3150, 3160, 0, 0)	0
(3160, 3170, 0, 0)	0
(3170, 3180, 0, 0)	0
(3180, 3190, 0, 0)	0
(3190, 3200, 0, 0)	0
(3200, 3210, 0, 0)	0
(3210, 3220, 0, 0)	0
(3220, 3230, 0, 0)	0
(3230, 3240, 0, 0)	0
(3240, 3250, 0, 0)	0
(3250, 3260, 0, 0)	0
(3260, 3270, 0, 0)	0
(3270, 3280, 0, 0)	0
(3280, 3290, 0, 0)	0
(3290, 3300, 0, 0)	0
(3300, 3310, 0, 0)	0
(3310, 3320, 0, 0)	0
(3320, 3330, 0, 0)	0
(3330, 3340, 0, 0)	0
(3340, 3350, 0, 0)	0
(3350, 3360, 0, 0)	0
(3360, 3370, 0, 0)	0
(3370, 3380, 0, 0)	0
(3380, 3390, 0, 0)	0
(3390, 3400, 0, 0)	0
(3400, 3410, 0, 0)	0
(3410, 3420, 0, 0)	0
(3420, 3430, 0, 0)	0
(3430, 3440, 0, 0)	0
(3440, 3450, 0, 0)	0
(3450, 3460, 0, 0)	0
(3460, 3470, 0, 0)	0
(3470, 3480, 0, 0)	0
(3480, 3490, 0, 0)	0
(3490, 3500, 0, 0)	0
(3500, 3510, 0, 0)	0
(3510, 3520, 0, 0)	0
(3520, 3530, 0, 0)	0
(3530, 3540, 0, 0)	0
(3540, 3550, 0, 0)	0
(3550, 3560, 0, 0)	0
(3560, 3570, 0, 0)	0
(3570, 3580, 0, 0)	0
(3580, 3590, 0, 0)	0
(3590, 3600, 0, 0)	0
(3600, 3610, 0, 0)	0
(3610, 3620, 0, 0)	0
(3620, 3630, 0, 0)	0
(3630, 3640, 0, 0)	0
(3640, 3650, 0, 0)	0
(3650, 3660, 0, 0)	0
(3660, 3670, 0, 0)	0
(3670, 3680, 0, 0)	0
(3680, 3690, 0, 0)	0
(3690, 3700, 0, 0)	0
(3700, 3710, 0, 0)	0
(3710, 3720, 0, 0)	0
(3720, 3730, 0, 0)	0
(3730, 3740, 0, 0)	0
(3740, 3750, 0, 0)	0
(3750, 3760, 0, 0)	0
(3760, 3770, 0, 0)	0
(3770, 3780, 0, 0)	0
(3780, 3790, 0, 0)	0
(3790, 3800, 0, 0)	0
(3800, 3810, 0, 0)	0
(3810, 3820, 0, 0)	0
(3820, 3830, 0, 0)	0
(3830, 3840, 0, 0)	0
(3840, 3850, 0, 0)	0
(3850, 3860, 0, 0)	0
(3860, 3870, 0, 0)	0
(3870, 3880, 0, 0)	0
(3880, 3890, 0, 0)	0
(3890, 3900, 0, 0)	0
(3900, 3910, 0, 0)	0
(3910, 3920, 0, 0)	0
(3920, 3930, 0, 0)	0
(3930, 3940, 0, 0)	0
(3940, 3950, 0, 0)	0
(3950, 3960, 0, 0)	0
(3960, 3970, 0, 0)	0
(3970, 3980, 0, 0)	0
(3980, 3990, 0, 0)	0
(3990, 4000, 0, 0)	0
(4000, 4010, 0, 0)	0
(4010, 4020, 0, 0)	0
(4020, 4030, 0, 0)	0
(4030, 4040, 0, 0)	0
(4040, 4050, 0, 0)	0
(4050, 4060, 0, 0)	0
(4060, 4070, 0, 0)	0
(4070, 4080, 0, 0)	0
(4080, 4090, 0, 0)	0
(4090, 4100, 0, 0)	0
(4100, 4110, 0, 0)	0
(4110, 4120, 0, 0)	0
(4120, 4130, 0, 0)	0
(4130, 4140, 0, 0)	0
(4140, 4150, 0, 0)	0
(4150, 4160, 0, 0)	0
(4160, 4170, 0, 0)	0
(4170, 4180, 0, 0)	0
(4180, 4190, 0, 0)	0
(4190, 4200, 0, 0)	0
(4200, 4210, 0, 0)	0
(4210, 4220, 0, 0)	0
(4220, 4230, 0, 0)	0
(4230, 4240, 0, 0)	0
(4240, 4250, 0, 0)	0
(4250, 4260, 0, 0)	0
(4260, 4270, 0, 0)	0
(4270, 4280, 0, 0)	0
(4280, 4290, 0, 0)	0
(4290, 4300, 0, 0)	0
(4300, 4310, 0, 0)	0
(4310, 4320, 0, 0)	0
(4320, 4330, 0, 0)	0
(4330, 4340, 0, 0)	0
(4340, 4350, 0, 0)	0
(4350, 4360, 0, 0)	0
(4360, 4370, 0, 0)	0
(4370, 4380, 0, 0)	0
(4380, 4390, 0, 0)	0
(4390, 4400, 0, 0)	0
(4400, 4410, 0, 0)	0
(4410, 4420, 0, 0)	0
(4420, 4430, 0, 0)	0
(4430, 4440, 0, 0)	0
(4440, 4450, 0, 0)	0
(4450, 4460, 0, 0)	0
(4460, 4470, 0, 0)	0
(4470, 4480, 0, 0)	0
(4480, 4490, 0, 0)	0
(4490, 4500, 0, 0)	0
(4500, 4510, 0, 0)	0
(4510, 4520, 0, 0)	0
(4520, 4530, 0, 0)	0
(4530, 4540, 0, 0)	0
(4540, 4550, 0, 0)	0
(4550, 4560, 0, 0)	0
(4560, 4570, 0, 0)	0
(4570, 4580, 0, 0)	0
(4580, 4590, 0, 0)	0
(4590, 4600, 0, 0)	0
(4600, 4610, 0, 0)	0
(4610, 4620, 0, 0)	0
(4620, 4630, 0, 0)	0
(4630, 4640, 0, 0)	0
(4640, 4650, 0, 0)	0
(4650, 4660, 0, 0)	0
(4660, 4670, 0, 0)	0
(4670, 4680, 0, 0)	0
(4680, 4690, 0, 0)	0
(4690, 4700, 0, 0)	0
(4700, 4710, 0, 0)	0
(4710, 4720, 0, 0)	0
(4720, 4730, 0, 0)	0
(4730, 4740, 0, 0)	0
(4740, 4750, 0, 0)	0
(4750, 4760, 0, 0)	0
(4760, 4770, 0, 0)	0
(4770, 4780, 0, 0)	0
(4780, 4790, 0, 0)	0
(4790, 4800, 0, 0)	0
(4800, 4810, 0, 0)	0
(4810, 4820, 0, 0)	0
(4820, 4830, 0, 0)	0
(4830, 4840, 0, 0)	0
(4840, 4850, 0, 0)	0
(4850, 4860, 0, 0)	0
(4860, 4870, 0, 0)	0
(4870, 4880, 0, 0)	0
(4880, 4890, 0, 0)	0
(4890, 4900, 0, 0)	0
(4900, 4910, 0, 0)	0
(4910, 4920, 0, 0)	0
(4920, 4930, 0, 0)	0
(4930, 4940, 0, 0)	0
(4940, 4950, 0, 0)	0
(4950, 4960, 0, 0)	0
(4960, 4970, 0, 0)	0
(4970, 4980, 0, 0)	0
(4980, 4990, 0, 0)	0
(4990, 5000, 0, 0)	0
(5000, 5010, 0, 0)	0
(5010, 5020, 0, 0)	0
(5020, 5030, 0, 0)	0
(5030, 5040, 0, 0)	0
(5040, 5050, 0, 0)	0
(5050, 5060, 0, 0)	0
(5060, 5070, 0, 0)	0
(5070, 5080, 0, 0)	0
(5080, 5090, 0, 0)	0
(5090, 5100, 0, 0)	0
(5100, 5110, 0, 0)	0
(5110, 5120, 0, 0)	0
(5120, 5130, 0, 0)	0
(5130, 5140, 0, 0)	0
(5140, 5150, 0, 0)	0
(5150, 5160, 0, 0)	0
(5160, 5170, 0, 0)	0
(5170, 5180, 0, 0)	0
(5180, 5190, 0, 0)	0
(5190, 5200, 0, 0)	0
(5200, 5210, 0, 0)	0
(5210, 5220, 0, 0)	0
(5220, 5230, 0, 0)	0
(5230, 5240, 0, 0)	0
(5240, 5250, 0, 0)	0
(5250, 5260, 0, 0)	0
(5260, 5270, 0, 0)	0
(5270, 5280, 0, 0)	0
(5280, 5290, 0, 0)	0
(5290, 5300, 0, 0)	0
(5300, 5310, 0, 0)	0
(5310, 5320, 0, 0)	0
(5320, 5330, 0, 0)	0
(5330, 5340, 0, 0)	0
(5340, 5350, 0, 0)	0
(5350, 5360, 0, 0)	0
(5360, 5370, 0, 0)	0
(5370, 5380, 0, 0)	0
(5380, 5390, 0, 0)	0
(5390, 5400, 0, 0)	0
(5400, 5410, 0, 0)	0
(5410, 5420, 0, 0)	0
(5420, 5430, 0, 0)	0
(5430, 5440, 0, 0)	0
(5440, 5450, 0, 0)	0
(5450, 5460, 0, 0)	0
(5460, 5470, 0, 0)	0
(5470, 5480, 0, 0)	0
(5480, 5490, 0, 0)	0
(5490, 5500, 0, 0)	0
(5500, 5510, 0, 0)	0
(5510, 5520, 0, 0)	0
(5520, 5530, 0, 0)	0
(5530, 5540, 0, 0)	0
(5540, 5550, 0, 0)	0
(5550, 5560, 0, 0)	0
(5560, 5570, 0, 0)	0
(5570, 5580, 0, 0)	0
(5580, 5590, 0, 0)	0
(5590, 5600, 0, 0)	0
(5600, 5610, 0, 0)	0
(5610, 5620, 0, 0)	0
(5620, 5630, 0, 0)	0
(5630, 5640, 0, 0)	0
(5640, 5650, 0, 0)	0
(5650, 5660, 0, 0)	0
(5660, 5670, 0, 0)	0
(5670, 5680, 0, 0)	0
(5680, 5690, 0, 0)	0
(5690, 5700, 0, 0)	0
(5700, 5710, 0, 0)	0
(5710, 5720, 0, 0)	0
(5720, 5730, 0, 0)	0
(5730, 5740, 0, 0)	0
(5740, 5750, 0, 0)	0
(5750, 5760, 0, 0)	0
(5760, 5770, 0, 0)	0
(5770, 5780, 0, 0)	0
(5780, 5790, 0, 0)	0
(5790, 5800, 0, 0)	0
(5800, 5810, 0, 0)	0
(5810, 5820, 0, 0)	0
(5820, 5830, 0, 0)	0
(5830, 5840, 0, 0)	0
(5840, 5850, 0, 0)	0
(5850, 5860, 0, 0)	0
(5860, 5870, 0, 0)	0
(5870, 5880, 0, 0)	0
(5880, 5890, 0, 0)	0
(5890, 5900, 0, 0)	0
(5900, 5910, 0, 0)	0
(5910, 5920, 0, 0)	0
(5920, 5930, 0, 0)	0
(5930, 5940, 0, 0)	0
(5940, 5950, 0, 0)	0
(5950, 5960, 0, 0)	0
(5960, 5970, 0, 0)	0
(5970, 5980, 0, 0)	0
(5980, 5990, 0, 0)	0
(5990, 6000, 0, 0)	0
(6000, 6010, 0, 0)	0
(6010, 6020, 0, 0)	0
(6020, 6030, 0, 0)	0
(6030, 6040, 0, 0)	0
(6040, 6050, 0, 0)	0
(6050, 6060, 0, 0)	0
(6060, 6070, 0, 0)	0
(6070, 6080, 0, 0)	0
(6080, 6090, 0, 0)	0
(6090, 6100, 0, 0)	0
(6100, 6110, 0, 0)	0
(6110, 6120, 0, 0)	0
(6120, 6130, 0, 0)	0
(6130, 6140, 0, 0)	0
(6140, 6150, 0, 0)	0
(6150, 6160, 0, 0)	0
(6160, 6170, 0, 0)	0
(6170, 6180, 0, 0)	0
(6180, 6190, 0, 0)	0
(6190, 6200, 0, 0)	0
(6200, 6210, 0, 0)	0
(6210, 6220, 0, 0)	0
(6220, 6230, 0, 0)	0
(6230, 6240, 0, 0)	0
(6240, 6250, 0, 0)	0
(6250, 6260, 0, 0)	0
(6260, 6270, 0, 0)	0
(6270, 6280, 0, 0)	0
(6280, 6290, 0, 0)	0
(6290, 6300, 0, 0)	0
(6300, 6310, 0, 0)	0
(6310, 6320, 0, 0)	0
(6320, 6330, 0, 0)	0
(6330, 6340, 0, 0)	0
(6340, 6350, 0, 0)	0
(6350, 6360, 0, 0)	0
(6360, 6370, 0, 0)	0
(6370, 6380, 0, 0)	0
(6380, 6390, 0, 0)	0
(6390, 6400, 0, 0)	0
(6400, 6410, 0, 0)	0
(6410, 6420, 0, 0)	0
(6420, 6430, 0, 0)	0
(6430, 6440, 0, 0)	0
(6440, 6450, 0, 0)	0
(6450, 6460, 0, 0)	0
(6460, 6470, 0, 0)	0
(6470, 6480, 0, 0)	0
(6480, 6490, 0, 0)	0
(6490, 6500, 0, 0)	0
(6500, 6510, 0, 0)	0
(6510, 6520, 0, 0)	0
(6520, 6530, 0, 0)	0
(6530, 6540, 0, 0)	0
(6540, 6550, 0, 0)	0
(6550, 6560, 0, 0)	0
(6560, 6570, 0, 0)	0
(6570, 6580, 0, 0)	0
(6580, 6590, 0, 0)	0
(6590, 6600, 0, 0)	0
(6600, 6610, 0, 0)	0
(6610, 6620, 0, 0)	0
(6620, 6630, 0, 0)	0
(6630, 6640, 0, 0)	0
(6640, 6650, 0, 0)	0
(6650, 6660, 0, 0)	0
(6660, 6670, 0, 0)	0
(6670, 6680, 0, 0)	0
(6680, 6690, 0, 0)	0
(6690, 6700, 0, 0)	0
(6700, 6710, 0, 0)	0
(6710, 6720, 0, 0)	0
(6720, 6730, 0, 0)	0
(6730, 6740, 0, 0)	0
(6740, 6750, 0, 0)	0
(6750, 6760, 0, 0)	0
(6760, 6770, 0, 0)	0
(6770, 6780, 0, 0)	0
(6780, 6790, 0, 0)	0
(6790, 6800, 0, 0)	0
(6800, 6810, 0, 0)	0
(6810, 6820, 0, 0)	0
(6820, 6830, 0, 0)	0
(6830, 6840, 0, 0)	0
(6840, 6850, 0, 0)	0
(6850, 6860, 0, 0)	0
(6860, 6870, 0, 0)	0
(6870, 6880, 0, 0)	0
(6880, 6890, 0, 0)	0
(6890, 6900, 0, 0)	0
(6900, 6910, 0, 0)	0
(6910, 6920, 0, 0)	0
(6920, 6930, 0, 0)	0
(6930, 6940, 0, 0)	0
(6940, 6950, 0, 0)	0
(6950, 6960, 0, 0)	0
(6960, 6970, 0, 0)	0
(6970, 6980, 0, 0)	0
(6980, 6990, 0, 0)	0
(6990, 7000, 0, 0)	0
(7000, 7010, 0, 0)	0
(7010, 7020, 0, 0)	0
(7020, 7030, 0, 0)	0
(7030, 7040, 0, 0)	0
(7040, 7050, 0, 0)	0
(7050, 7060, 0, 0)	0
(7060, 7070, 0, 0)	0
(7070, 7080, 0, 0)	0
(7080, 7090, 0, 0)	0
(7090, 7100, 0, 0)	0
(7100, 7110, 0, 0)	0
(7110, 7120, 0, 0)	0
(7120, 7130, 0, 0)	0
(7130, 7140, 0, 0)	0
(7140, 7150, 0, 0)	0
(7150, 7160, 0, 0)	0
(7160, 7170, 0, 0)	0
(7170, 7180, 0, 0)	0
(7180, 7190, 0, 0)	0
(7190, 7200, 0, 0)	0
(7200, 7210, 0, 0)	0
(7210, 7220, 0, 0)	0
(7220, 7230, 0, 0)	0
(7230, 7240, 0, 0)	0
(7240, 7250, 0, 0)	0
(7250, 7260, 0, 0)	0
(7260, 7270, 0, 0)	0
(7270, 7280, 0, 0)	0
(7280, 7290, 0, 0)	0
(7290, 7300, 0, 0)	0
(7300, 7310, 0, 0)	0
(7310, 7320, 0, 0)	0
(7320, 7330, 0, 0)	0
(7330, 7340, 0, 0)	0
(7340, 7350, 0, 0)	0
(7350, 7360, 0, 0)	0
(7360, 7370, 0, 0)	0
(7370, 7380, 0, 0)	0
(7380, 7390, 0, 0)	0
(7390, 7400, 0, 0)	0
(7400, 7410, 0, 0)	0
(7410, 7420, 0, 0)	0
(7420, 7430, 0, 0)	0
(7430, 7440, 0, 0)	0
(7440, 7450, 0, 0)	0
(7450, 7460, 0, 0)	0
(7460, 7470, 0, 0)	0
(7470, 7480, 0, 0)	0
(7480, 7490, 0, 0)	0
(7490, 7500, 0, 0)	0
(7500, 7510, 0, 0)	0
(7510, 7520, 0, 0)	0
(7520, 7530, 0, 0)	0
(7530, 7540, 0, 0)	0
(7540, 7550, 0, 0)	0
(7550, 7560, 0, 0)	0
(7560, 7570, 0, 0)	0
(7570, 7580, 0, 0)	0
(7580, 7590, 0, 0)	0
(7590, 7600, 0, 0)	0
(7600, 7610, 0, 0)	0
(7610, 7620, 0, 0)	0
(7620, 7630, 0, 0)	0
(7630, 7640, 0, 0)	0
(7640, 7650, 0, 0)	0
(7650, 7660, 0, 0)	0
(7660, 7670, 0, 0)	0
(7670, 7680, 0, 0)	0
(7680, 7690, 0, 0)	0
(7690, 7700, 0, 0)	0
(7700, 7710, 0, 0)	0
(7710, 7720, 0, 0)	0
(7720, 7730, 0, 0)	0
(7730, 7740, 0, 0)	0
(7740, 7750, 0, 0)	0
(7750, 7760, 0, 0)	0
(7760, 7770, 0, 0)	0
(7770, 7780, 0, 0)	0
(7780, 7790, 0, 0)	0
(7790, 7800, 0, 0)	0
(7800, 7810, 0, 0)	0
(7810, 7820, 0, 0)	0
(7820, 7830, 0, 0)	0
(7830, 7840, 0, 0)	0
(7840, 7850, 0, 0)	0
(7850, 7860, 0, 0)	0
(7860, 7870, 0, 0)	0
(7870, 7880, 0, 0)	0
(7880, 7890, 0, 0)	0
(7890, 7900, 0, 0)	0
(7900, 7910, 0, 0)	0
(7910, 7920, 0, 0)	0
(7920, 7930, 0, 0)	0
(7930, 7940, 0, 0)	0
(7940, 7950, 0, 0)	0
(7950, 7960, 0, 0)	0
(7960, 7970, 0, 0)	0
(7970, 7980, 0, 0)	0
(7980, 7990, 0, 0)	0
(7990, 8000, 0, 0)	0
(8000, 8010, 0, 0)	0
(8010, 8020, 0, 0)	0
(8020, 8030, 0, 0)	0
(8030, 8040, 0, 0)	0
(8040, 8050, 0, 0)	0
(8050, 8060, 0, 0)	0
(8060, 8070, 0, 0)	0
(8070, 8080, 0, 0)	0
(8080, 8090, 0, 0)	0
(8090, 8100, 0, 0)	0
(8100, 8110, 0, 0)	0
(8110, 8120, 0, 0)	0
(8120, 8130, 0, 0)	0
(8130, 8140, 0, 0)	0
(8140, 8150, 0, 0)	0
(8150, 8160, 0, 0)	0
(8160, 8170, 0, 0)	0
(8170, 8180, 0, 0)	0
(8180, 8190, 0, 0)	0
(8190, 8200, 0, 0)	0
(8200, 8210, 0, 0)	0
(8210, 8220, 0, 0)	0
(8220, 8230, 0, 0)	0
(8230, 8240, 0, 0)	0
(8240, 8250, 0, 0)	0
(8250, 8260, 0, 0)	0
(8260, 8270, 0, 0)	0
(8270, 8280, 0, 0)	0
(8280, 8290, 0, 0)	0
(8290, 8300, 0, 0)	0
(8300, 8310, 0, 0)	0
(8310, 8320, 0, 0)	0
(8320, 8330, 0, 0)	0
(8330, 8340, 0, 0)	0
(8340, 8350, 0, 0)	0
(8350, 8360, 0, 0)	0
(8360, 8370, 0, 0)	0
(8370, 8380, 0, 0)	0
(8380, 8390, 0, 0)	0
(8390, 8400, 0, 0)	0
(8400, 8410, 0, 0)	0
(8410, 8420, 0, 0)	0
(8420, 8430, 0, 0)	0
(8430, 8440, 0, 0)	0
(8440, 8450, 0, 0)	0
(8450, 8460, 0, 0)	0
(8460, 8470, 0, 0)	0
(8470, 8480, 0, 0)	0
(8480, 8490, 0, 0)	0
(8490, 8500, 0, 0)	0
(8500, 8510, 0, 0)	0
(8510, 8520, 0, 0)	0
(8520, 8530, 0, 0)	0
(8530, 8540, 0, 0)	0
(8540, 8550, 0, 0)	0
(8550, 8560, 0, 0)	0
(8560, 8570, 0, 0)	0
(8570, 8580, 0, 0)	0
(8580, 8590, 0, 0)	0
(8590, 8600, 0, 0)	0
(8600, 8610, 0, 0)	0
(8610, 8620, 0, 0)	0
(8620, 8630, 0, 0)	0
(8630, 8640, 0, 0)	0
(8640, 8650, 0, 0)	0
(8650, 8660, 0, 0)	0
(8660, 8670, 0, 0)	0
(8670, 8680, 0, 0)	0
(8680, 8690, 0, 0)	0
(8690, 8700, 0, 0)	0
(8700, 8710, 0, 0)	0
(8710, 8720, 0, 0)	0
(8720, 8730, 0, 0)	0
(8730, 8740, 0, 0)	0
(8740, 8750, 0, 0)	0
(8750, 8760, 0, 0)	0
(8760, 8770, 0, 0)	0
(8770, 8780, 0, 0)	0
(8780, 8790, 0, 0)	0
(8790, 8800, 0, 0)	0
___________
(8800, 8810, 7148, 7158)	9
___________
(8810, 8820, 8913, 8923)	10
___________
(8820, 8830, 8716, 8726)	10
___________
(8830, 8840, 8755, 8765)	10
___________
(8840, 8850, 8773, 8783)	10
___________
(8850, 8860, 8721, 8730)	9
___________
(8860, 8870, 8791, 8801)	10
(8870, 8880, 8801, 8811)	10
___________
(8880, 8890, 8714, 8724)	10
___________
(8890, 8900, 8741, 8751)	9
___________
(8900, 8910, 8714, 8724)	10
___________
(8910, 8920, 8717, 8727)	10
___________
(8920, 8930, 8777, 8787)	10
___________
(8930, 8940, 8852, 8862)	10
___________
(8940, 8950, 8836, 8846)	10
___________
(8950, 8960, 8872, 8882)	10
___________
(8960, 8970, 8747, 8757)	9
(8970, 8980, 8756, 8766)	10
___________
(8980, 8990, 8714, 8724)	10
___________
(8990, 9000, 8750, 8760)	10
___________
(9000, 9010, 7093, 7102)	8
___________
(9010, 9020, 8934, 8943)	9
___________
(9020, 9030, 8931, 8941)	9
___________
(9030, 9040, 8952, 8962)	10
___________
(9040, 9050, 8715, 8725)	9
___________
(9050, 9060, 8740, 8750)	9
___________
(9060, 9070, 8982, 8992)	10
(9070, 9080, 8992, 9002)	10
___________
(9080, 9090, 8737, 8748)	9
___________
(9090, 9100, 8857, 8867)	9
___________
(9100, 9110, 8794, 8805)	9
___________
(9110, 9120, 7092, 7101)	8
___________
(9120, 9130, 8948, 8958)	10
___________
(9130, 9140, 7495, 7504)	8
___________
(9140, 9150, 8718, 8728)	10
___________
(9150, 9160, 8769, 8779)	9
___________
(9160, 9170, 8735, 8745)	10
___________
(9170, 9180, 8802, 8813)	9
___________
(9180, 9190, 8765, 8775)	10
___________
(9190, 9200, 8580, 8590)	9
___________
(9200, 9210, 8823, 8833)	10
___________
(9210, 9220, 8823, 8833)	10
___________
(9220, 9230, 7197, 7206)	9
___________
(9230, 9240, 9019, 9029)	10
___________
(9240, 9250, 8755, 8765)	10
___________
(9250, 9260, 8810, 8819)	9
___________
(9260, 9270, 8740, 8750)	10
___________
(9270, 9280, 8740, 8750)	10
___________
(9280, 9290, 7862, 7872)	8
___________
(9290, 9300, 8921, 8930)	9
___________
(9300, 9310, 9021, 9031)	10
___________
(9310, 9320, 8817, 8827)	10
___________
(9320, 9330, 8817, 8827)	10
___________
(9330, 9340, 8715, 8724)	9
___________
(9340, 9350, 8810, 8820)	10
___________
(9350, 9360, 8733, 8742)	9
___________
(9360, 9370, 8715, 8726)	9
___________
(9370, 9380, 8993, 9003)	10
___________
(9380, 9390, 8738, 8747)	9
___________
(9390, 9400, 8859, 8869)	10
___________
(9400, 9410, 8738, 8748)	10
___________
(9410, 9420, 8838, 8847)	9
___________
(9420, 9430, 8730, 8740)	9
(9430, 9440, 8740, 8750)	10
___________
(9440, 9450, 8739, 8749)	9
___________
(9450, 9460, 7862, 7872)	8
___________
(9460, 9470, 8731, 8739)	8
___________
(9470, 9480, 8859, 8869)	10
___________
(9480, 9490, 8724, 8734)	9
(9490, 9500, 8736, 8746)	10
___________
(9500, 9510, 8735, 8745)	10
___________
(9510, 9520, 8817, 8827)	10
___________
(9520, 9530, 8714, 8724)	10
___________
(9530, 9540, 7489, 7499)	8
___________
(9540, 9550, 8723, 8733)	9
___________
(9550, 9560, 8725, 8735)	10
___________
(9560, 9570, 8858, 8868)	10
___________
(9570, 9580, 8737, 8748)	9
___________
(9580, 9590, 8737, 8747)	10
___________
(9590, 9600, 9023, 9033)	10
___________
(9600, 9610, 7697, 7706)	8
___________
(9610, 9620, 8738, 8748)	10
___________
(9620, 9630, 8737, 8747)	10
___________
(9630, 9640, 8736, 8746)	9
___________
(9640, 9650, 8735, 8745)	10
___________
(9650, 9660, 8817, 8827)	10
___________
(9660, 9670, 8817, 8827)	10
___________
(9670, 9680, 9009, 9019)	10
___________
(9680, 9690, 8714, 8724)	10
___________
(9690, 9700, 9018, 9028)	9
___________
(9700, 9710, 8717, 8725)	8
(9710, 9720, 8723, 8733)	9
___________
(9720, 9730, 8714, 8723)	9
___________
(9730, 9740, 8737, 8747)	10
___________
(9740, 9750, 8721, 8730)	9
___________
(9750, 9760, 8736, 8746)	10
___________
(9760, 9770, 8735, 8745)	10
___________
(9770, 9780, 8817, 8827)	10
___________
(9780, 9790, 8724, 8734)	9
___________
(9790, 9800, 8982, 8991)	9
___________
(9800, 9810, 8717, 8727)	10
___________
(9810, 9820, 8809, 8819)	10
___________
(9820, 9830, 8722, 8731)	8
___________
(9830, 9840, 9023, 9033)	10
___________
(9840, 9850, 8736, 8745)	9
___________
(9850, 9860, 8817, 8827)	10
___________
(9860, 9870, 8823, 8833)	9
___________
(9870, 9880, 8714, 8724)	10
___________
(9880, 9890, 8810, 8820)	10
___________
(9890, 9900, 8920, 8930)	10
___________
(9900, 9910, 8809, 8819)	10
___________
(9910, 9920, 8740, 8750)	10
___________
(9920, 9930, 8715, 8725)	10
___________
(9930, 9940, 8739, 8749)	10
___________
(9940, 9950, 8859, 8869)	10
___________
(9950, 9960, 8738, 8748)	10
___________
(9960, 9970, 8737, 8747)	10
___________
(9970, 9980, 8462, 8471)	8
___________
(9980, 9990, 8291, 8301)	8
___________
(9990, 10000, 8725, 8736)	9
___________
(10000, 10010, 8881, 8890)	9
___________
(10010, 10020, 8748, 8757)	9
___________
(10020, 10030, 8735, 8745)	10
___________
(10030, 10040, 8802, 8812)	9
___________
(10040, 10050, 8823, 8833)	10
___________
(10050, 10060, 8714, 8724)	9
(10060, 10070, 8725, 8733)	8
___________
(10070, 10080, 8723, 8734)	9
___________
(10080, 10090, 9101, 9111)	10
___________
(10090, 10100, 8461, 8470)	9
___________
(10100, 10110, 8737, 8747)	10
___________
(10110, 10120, 8442, 8450)	8
___________
(10120, 10130, 8745, 8755)	9
___________
(10130, 10140, 8823, 8833)	9
___________
(10140, 10150, 8714, 8724)	10
___________
(10150, 10160, 8742, 8752)	10
___________
(10160, 10170, 8740, 8750)	10
___________
(10170, 10180, 8715, 8724)	9
___________
(10180, 10190, 8738, 8747)	9
___________
(10190, 10200, 8722, 8732)	9
___________
(10200, 10210, 8537, 8546)	9
___________
(10210, 10220, 8847, 8857)	9
___________
(10220, 10230, 8725, 8734)	9
___________
(10230, 10240, 9023, 9033)	10
___________
(10240, 10250, 8722, 8732)	9
___________
(10250, 10260, 8817, 8827)	10
___________
(10260, 10270, 8715, 8724)	9
___________
(10270, 10280, 8810, 8820)	10
___________
(10280, 10290, 8981, 8991)	10
___________
(10290, 10300, 8975, 8984)	9
___________
(10300, 10310, 8714, 8724)	10
___________
(10310, 10320, 8770, 8780)	9
___________
(10320, 10330, 8743, 8752)	8
___________
(10330, 10340, 8733, 8743)	9
___________
(10340, 10350, 9019, 9029)	10
___________
(10350, 10360, 8755, 8765)	10
___________
(10360, 10370, 8810, 8820)	10
___________
(10370, 10380, 8809, 8819)	10
___________
(10380, 10390, 8771, 8780)	9
___________
(10390, 10400, 8740, 8750)	10
___________
(10400, 10410, 8922, 8932)	10
___________
(10410, 10420, 8739, 8749)	10
___________
(10420, 10430, 8716, 8726)	9
___________
(10430, 10440, 8858, 8868)	10
___________
(10440, 10450, 8552, 8562)	8
___________
(10450, 10460, 9134, 9144)	9
___________
(10460, 10470, 8736, 8745)	9
___________
(10470, 10480, 8736, 8746)	10
___________
(10480, 10490, 8721, 8731)	9
(10490, 10500, 8734, 8744)	9
___________
(10500, 10510, 9020, 9030)	10
___________
(10510, 10520, 8823, 8833)	10
___________
(10520, 10530, 8731, 8741)	10
___________
(10530, 10540, 8750, 8759)	9
___________
(10540, 10550, 8740, 8750)	10
___________
(10550, 10560, 8730, 8740)	9
___________
(10560, 10570, 8858, 8868)	10
___________
(10570, 10580, 8551, 8561)	8
___________
(10580, 10590, 8729, 8739)	9
___________
(10590, 10600, 8822, 8833)	9
___________
(10600, 10610, 9023, 9033)	10
___________
(10610, 10620, 8736, 8745)	9
___________
(10620, 10630, 8969, 8979)	10
___________
(10630, 10640, 8581, 8592)	9
___________
(10640, 10650, 8736, 8745)	9
___________
(10650, 10660, 8736, 8745)	9
___________
(10660, 10670, 8736, 8745)	9
___________
(10670, 10680, 8819, 8829)	10
___________
(10680, 10690, 8735, 8744)	9
___________
(10690, 10700, 8724, 8734)	9
(10700, 10710, 8734, 8744)	10
(10710, 10720, 8744, 8754)	10
___________
(10720, 10730, 8817, 8827)	10
___________
(10730, 10740, 8823, 8833)	10
___________
(10740, 10750, 8714, 8723)	9
___________
(10750, 10760, 9144, 9154)	9
___________
(10760, 10770, 8733, 8743)	9
___________
(10770, 10780, 8836, 8846)	9
___________
(10780, 10790, 8714, 8724)	10
___________
(10790, 10800, 8810, 8820)	10
___________
(10800, 10810, 8809, 8819)	10
___________
(10810, 10820, 8722, 8730)	8
___________
(10820, 10830, 8993, 9003)	10
___________
(10830, 10840, 8883, 8892)	8
___________
(10840, 10850, 8738, 8747)	9
___________
(10850, 10860, 8723, 8733)	9
___________
(10860, 10870, 8855, 8865)	9
___________
(10870, 10880, 8817, 8827)	10
___________
(10880, 10890, 9105, 9115)	10
(10890, 10900, 9115, 9125)	10
___________
(10900, 10910, 8794, 8804)	10
___________
(10910, 10920, 9134, 9144)	9
(10920, 10930, 9144, 9154)	10
(10930, 10940, 9154, 9164)	10
(10940, 10950, 9162, 9173)	9
(10950, 10960, 9172, 9182)	9
(10960, 10970, 9182, 9192)	10
(10970, 10980, 9192, 9202)	10
___________
(10980, 10990, 9148, 9158)	9
___________
(10990, 11000, 9210, 9220)	10
(11000, 11010, 9220, 9229)	9
___________
(11010, 11020, 0, 0)	0
(11020, 11030, 0, 0)	0
(11030, 11040, 0, 0)	0
(11040, 11050, 0, 0)	0
(11050, 11060, 0, 0)	0
(11060, 11070, 0, 0)	0
(11070, 11080, 0, 0)	0
(11080, 11090, 0, 0)	0
(11090, 11100, 0, 0)	0
(11100, 11110, 0, 0)	0
(11110, 11120, 0, 0)	0
(11120, 11130, 0, 0)	0
(11130, 11140, 0, 0)	0
(11140, 11150, 0, 0)	0
(11150, 11160, 0, 0)	0
(11160, 11170, 0, 0)	0
(11170, 11180, 0, 0)	0
(11180, 11190, 0, 0)	0
(11190, 11200, 0, 0)	0
(11200, 11210, 0, 0)	0
(11210, 11220, 0, 0)	0
(11220, 11230, 0, 0)	0
(11230, 11240, 0, 0)	0
(11240, 11250, 0, 0)	0
(11250, 11260, 0, 0)	0
(11260, 11270, 0, 0)	0
(11270, 11280, 0, 0)	0
(11280, 11290, 0, 0)	0
(11290, 11300, 0, 0)	0
(11300, 11310, 0, 0)	0
(11310, 11320, 0, 0)	0
(11320, 11330, 0, 0)	0
(11330, 11340, 0, 0)	0
(11340, 11350, 0, 0)	0
(11350, 11360, 0, 0)	0
(11360, 11370, 0, 0)	0
(11370, 11380, 0, 0)	0
(11380, 11390, 0, 0)	0
(11390, 11400, 0, 0)	0
(11400, 11410, 0, 0)	0
(11410, 11420, 0, 0)	0
(11420, 11430, 0, 0)	0
(11430, 11440, 0, 0)	0
(11440, 11450, 0, 0)	0
(11450, 11460, 0, 0)	0
(11460, 11470, 0, 0)	0
(11470, 11480, 0, 0)	0
(11480, 11490, 0, 0)	0
(11490, 11500, 0, 0)	0
(11500, 11510, 0, 0)	0
(11510, 11520, 0, 0)	0
(11520, 11530, 0, 0)	0
(11530, 11540, 0, 0)	0
(11540, 11550, 0, 0)	0
(11550, 11560, 0, 0)	0
(11560, 11570, 0, 0)	0
(11570, 11580, 0, 0)	0
(11580, 11590, 0, 0)	0
(11590, 11600, 0, 0)	0
(11600, 11610, 0, 0)	0
(11610, 11620, 0, 0)	0
(11620, 11630, 0, 0)	0
(11630, 11640, 0, 0)	0
(11640, 11650, 0, 0)	0
(11650, 11660, 0, 0)	0
(11660, 11670, 0, 0)	0
(11670, 11680, 0, 0)	0
(11680, 11690, 0, 0)	0
(11690, 11700, 0, 0)	0
(11700, 11710, 0, 0)	0
(11710, 11720, 0, 0)	0
(11720, 11730, 0, 0)	0
(11730, 11740, 0, 0)	0
(11740, 11750, 0, 0)	0
(11750, 11760, 0, 0)	0
(11760, 11770, 0, 0)	0
(11770, 11780, 0, 0)	0
(11780, 11790, 0, 0)	0
(11790, 11800, 0, 0)	0
(11800, 11810, 0, 0)	0
(11810, 11820, 0, 0)	0
(11820, 11830, 0, 0)	0
(11830, 11840, 0, 0)	0
(11840, 11850, 0, 0)	0
(11850, 11860, 0, 0)	0
(11860, 11870, 0, 0)	0
(11870, 11880, 0, 0)	0
(11880, 11890, 0, 0)	0
(11890, 11900, 0, 0)	0
(11900, 11910, 0, 0)	0
(11910, 11920, 0, 0)	0
(11920, 11930, 0, 0)	0
(11930, 11940, 0, 0)	0
(11940, 11950, 0, 0)	0
(11950, 11960, 0, 0)	0
(11960, 11970, 0, 0)	0
(11970, 11980, 0, 0)	0
(11980, 11990, 0, 0)	0
(11990, 12000, 0, 0)	0
(12000, 12010, 0, 0)	0
(12010, 12020, 0, 0)	0
(12020, 12030, 0, 0)	0
(12030, 12040, 0, 0)	0
(12040, 12050, 0, 0)	0
(12050, 12060, 0, 0)	0
(12060, 12070, 0, 0)	0
(12070, 12080, 0, 0)	0
(12080, 12090, 0, 0)	0
(12090, 12100, 0, 0)	0
(12100, 12110, 0, 0)	0
(12110, 12120, 0, 0)	0
(12120, 12130, 0, 0)	0
(12130, 12140, 0, 0)	0
(12140, 12150, 0, 0)	0
(12150, 12160, 0, 0)	0
(12160, 12170, 0, 0)	0
(12170, 12180, 0, 0)	0
(12180, 12190, 0, 0)	0
(12190, 12200, 0, 0)	0
(12200, 12210, 0, 0)	0
(12210, 12220, 0, 0)	0
(12220, 12230, 0, 0)	0
(12230, 12240, 0, 0)	0
(12240, 12250, 0, 0)	0
(12250, 12260, 0, 0)	0
(12260, 12270, 0, 0)	0
(12270, 12280, 0, 0)	0
(12280, 12290, 0, 0)	0
(12290, 12300, 0, 0)	0
(12300, 12310, 0, 0)	0
(12310, 12320, 0, 0)	0
(12320, 12330, 0, 0)	0
(12330, 12340, 0, 0)	0
(12340, 12350, 0, 0)	0
(12350, 12360, 0, 0)	0
(12360, 12370, 0, 0)	0
(12370, 12380, 0, 0)	0
(12380, 12390, 0, 0)	0
(12390, 12400, 0, 0)	0
(12400, 12410, 0, 0)	0
(12410, 12420, 0, 0)	0
(12420, 12430, 0, 0)	0
(12430, 12440, 0, 0)	0
(12440, 12450, 0, 0)	0
(12450, 12460, 0, 0)	0
(12460, 12470, 0, 0)	0
(12470, 12480, 0, 0)	0
(12480, 12490, 0, 0)	0
(12490, 12500, 0, 0)	0
(12500, 12510, 0, 0)	0
(12510, 12520, 0, 0)	0
(12520, 12530, 0, 0)	0
(12530, 12540, 0, 0)	0
(12540, 12550, 0, 0)	0
(12550, 12560, 0, 0)	0
(12560, 12570, 0, 0)	0
(12570, 12580, 0, 0)	0
(12580, 12590, 0, 0)	0
(12590, 12600, 0, 0)	0
(12600, 12610, 0, 0)	0
(12610, 12620, 0, 0)	0
(12620, 12630, 0, 0)	0
(12630, 12640, 0, 0)	0
(12640, 12650, 0, 0)	0
(12650, 12660, 0, 0)	0
(12660, 12670, 0, 0)	0
(12670, 12680, 0, 0)	0
(12680, 12690, 0, 0)	0
(12690, 12700, 0, 0)	0
(12700, 12710, 0, 0)	0
(12710, 12720, 0, 0)	0
(12720, 12730, 0, 0)	0
(12730, 12740, 0, 0)	0
(12740, 12750, 0, 0)	0
(12750, 12760, 0, 0)	0
(12760, 12770, 0, 0)	0
(12770, 12780, 0, 0)	0
(12780, 12790, 0, 0)	0
(12790, 12800, 0, 0)	0
(12800, 12810, 0, 0)	0
(12810, 12820, 0, 0)	0
(12820, 12830, 0, 0)	0
(12830, 12840, 0, 0)	0
(12840, 12850, 0, 0)	0
(12850, 12860, 0, 0)	0
(12860, 12870, 0, 0)	0
(12870, 12880, 0, 0)	0
(12880, 12890, 0, 0)	0
(12890, 12900, 0, 0)	0
(12900, 12910, 0, 0)	0
(12910, 12920, 0, 0)	0
(12920, 12930, 0, 0)	0
(12930, 12940, 0, 0)	0
(12940, 12950, 0, 0)	0
(12950, 12960, 0, 0)	0
(12960, 12970, 0, 0)	0
(12970, 12980, 0, 0)	0
(12980, 12990, 0, 0)	0
(12990, 13000, 0, 0)	0
(13000, 13010, 0, 0)	0
(13010, 13020, 0, 0)	0
(13020, 13030, 0, 0)	0
(13030, 13040, 0, 0)	0
(13040, 13050, 0, 0)	0
(13050, 13060, 0, 0)	0
(13060, 13070, 0, 0)	0
(13070, 13080, 0, 0)	0
(13080, 13090, 0, 0)	0
(13090, 13100, 0, 0)	0
(13100, 13110, 0, 0)	0
(13110, 13120, 0, 0)	0
(13120, 13130, 0, 0)	0
(13130, 13140, 0, 0)	0
(13140, 13150, 0, 0)	0
(13150, 13160, 0, 0)	0
(13160, 13170, 0, 0)	0
(13170, 13180, 0, 0)	0
(13180, 13190, 0, 0)	0
(13190, 13200, 0, 0)	0
(13200, 13210, 0, 0)	0
(13210, 13220, 0, 0)	0
(13220, 13230, 0, 0)	0
(13230, 13240, 0, 0)	0
(13240, 13250, 0, 0)	0
(13250, 13260, 0, 0)	0
(13260, 13270, 0, 0)	0
(13270, 13280, 0, 0)	0
(13280, 13290, 0, 0)	0
(13290, 13300, 0, 0)	0
(13300, 13310, 0, 0)	0
(13310, 13320, 0, 0)	0
(13320, 13330, 0, 0)	0
(13330, 13340, 0, 0)	0
(13340, 13350, 0, 0)	0
(13350, 13360, 0, 0)	0
(13360, 13370, 0, 0)	0
(13370, 13380, 0, 0)	0
(13380, 13390, 0, 0)	0
(13390, 13400, 0, 0)	0
(13400, 13410, 0, 0)	0
(13410, 13420, 0, 0)	0
(13420, 13430, 0, 0)	0
(13430, 13440, 0, 0)	0
(13440, 13450, 0, 0)	0
(13450, 13460, 0, 0)	0
(13460, 13470, 0, 0)	0
(13470, 13480, 0, 0)	0
(13480, 13490, 0, 0)	0
(13490, 13500, 0, 0)	0
(13500, 13510, 0, 0)	0
(13510, 13520, 0, 0)	0
(13520, 13530, 0, 0)	0
(13530, 13540, 0, 0)	0
(13540, 13550, 0, 0)	0
(13550, 13560, 0, 0)	0
(13560, 13570, 0, 0)	0
(13570, 13580, 0, 0)	0
(13580, 13590, 0, 0)	0
(13590, 13600, 0, 0)	0
(13600, 13610, 0, 0)	0
(13610, 13620, 0, 0)	0
(13620, 13630, 0, 0)	0
(13630, 13640, 0, 0)	0
(13640, 13650, 0, 0)	0
(13650, 13660, 0, 0)	0
(13660, 13670, 0, 0)	0
(13670, 13680, 0, 0)	0
(13680, 13690, 0, 0)	0
(13690, 13700, 0, 0)	0
(13700, 13710, 0, 0)	0
(13710, 13720, 0, 0)	0
(13720, 13730, 0, 0)	0
(13730, 13740, 0, 0)	0
(13740, 13750, 0, 0)	0
(13750, 13760, 0, 0)	0
(13760, 13770, 0, 0)	0
(13770, 13780, 0, 0)	0
(13780, 13790, 0, 0)	0
(13790, 13800, 0, 0)	0
(13800, 13810, 0, 0)	0
(13810, 13820, 0, 0)	0
(13820, 13830, 0, 0)	0
(13830, 13840, 0, 0)	0
(13840, 13850, 0, 0)	0
(13850, 13860, 0, 0)	0
(13860, 13870, 0, 0)	0
(13870, 13880, 0, 0)	0
(13880, 13890, 0, 0)	0
(13890, 13900, 0, 0)	0
(13900, 13910, 0, 0)	0
(13910, 13920, 0, 0)	0
(13920, 13930, 0, 0)	0
(13930, 13940, 0, 0)	0
(13940, 13950, 0, 0)	0
(13950, 13960, 0, 0)	0
(13960, 13970, 0, 0)	0
(13970, 13980, 0, 0)	0
(13980, 13990, 0, 0)	0
(13990, 14000, 0, 0)	0
(14000, 14010, 0, 0)	0
(14010, 14020, 0, 0)	0
(14020, 14030, 0, 0)	0
(14030, 14040, 0, 0)	0
(14040, 14050, 0, 0)	0
(14050, 14060, 0, 0)	0
(14060, 14070, 0, 0)	0
(14070, 14080, 0, 0)	0
(14080, 14090, 0, 0)	0
(14090, 14100, 0, 0)	0
(14100, 14110, 0, 0)	0
(14110, 14120, 0, 0)	0
(14120, 14130, 0, 0)	0
(14130, 14140, 0, 0)	0
(14140, 14150, 0, 0)	0
(14150, 14160, 0, 0)	0
(14160, 14170, 0, 0)	0
(14170, 14180, 0, 0)	0
(14180, 14190, 0, 0)	0
(14190, 14200, 0, 0)	0
(14200, 14210, 0, 0)	0
(14210, 14220, 0, 0)	0
(14220, 14230, 0, 0)	0
(14230, 14240, 0, 0)	0
(14240, 14250, 0, 0)	0
(14250, 14260, 0, 0)	0
(14260, 14270, 0, 0)	0
(14270, 14280, 0, 0)	0
(14280, 14290, 0, 0)	0
(14290, 14300, 0, 0)	0
(14300, 14310, 0, 0)	0
(14310, 14320, 0, 0)	0
(14320, 14330, 0, 0)	0
(14330, 14340, 0, 0)	0
(14340, 14350, 0, 0)	0
(14350, 14360, 0, 0)	0
(14360, 14370, 0, 0)	0
(14370, 14380, 0, 0)	0
(14380, 14390, 0, 0)	0
(14390, 14400, 0, 0)	0
(14400, 14410, 0, 0)	0
(14410, 14420, 0, 0)	0
(14420, 14430, 0, 0)	0
(14430, 14440, 0, 0)	0
(14440, 14450, 0, 0)	0
(14450, 14460, 0, 0)	0
(14460, 14470, 0, 0)	0
(14470, 14480, 0, 0)	0
(14480, 14490, 0, 0)	0
(14490, 14500, 0, 0)	0
(14500, 14510, 0, 0)	0
(14510, 14520, 0, 0)	0
(14520, 14530, 0, 0)	0
(14530, 14540, 0, 0)	0
(14540, 14550, 0, 0)	0
(14550, 14560, 0, 0)	0
(14560, 14570, 0, 0)	0
(14570, 14580, 0, 0)	0
(14580, 14590, 0, 0)	0
(14590, 14600, 0, 0)	0
(14600, 14610, 0, 0)	0
(14610, 14620, 0, 0)	0
(14620, 14630, 0, 0)	0
(14630, 14640, 0, 0)	0
(14640, 14650, 0, 0)	0
(14650, 14660, 0, 0)	0
(14660, 14670, 0, 0)	0
(14670, 14680, 0, 0)	0
(14680, 14690, 0, 0)	0
(14690, 14700, 0, 0)	0
(14700, 14710, 0, 0)	0
(14710, 14720, 0, 0)	0
(14720, 14730, 0, 0)	0
(14730, 14740, 0, 0)	0
(14740, 14750, 0, 0)	0
(14750, 14760, 0, 0)	0
(14760, 14770, 0, 0)	0
(14770, 14780, 0, 0)	0
(14780, 14790, 0, 0)	0
(14790, 14800, 0, 0)	0
(14800, 14810, 0, 0)	0
(14810, 14820, 0, 0)	0
(14820, 14830, 0, 0)	0
(14830, 14840, 0, 0)	0
(14840, 14850, 0, 0)	0
(14850, 14860, 0, 0)	0
(14860, 14870, 0, 0)	0
(14870, 14880, 0, 0)	0
(14880, 14890, 0, 0)	0
(14890, 14900, 0, 0)	0
(14900, 14910, 0, 0)	0
(14910, 14920, 0, 0)	0
(14920, 14930, 0, 0)	0
(14930, 14940, 0, 0)	0
(14940, 14950, 0, 0)	0
(14950, 14960, 0, 0)	0
(14960, 14970, 0, 0)	0
(14970, 14980, 0, 0)	0
(14980, 14990, 0, 0)	0
(14990, 15000, 0, 0)	0
(15000, 15010, 0, 0)	0
(15010, 15020, 0, 0)	0
(15020, 15030, 0, 0)	0
(15030, 15040, 0, 0)	0
(15040, 15050, 0, 0)	0
(15050, 15060, 0, 0)	0
(15060, 15070, 0, 0)	0
(15070, 15080, 0, 0)	0
(15080, 15090, 0, 0)	0
(15090, 15100, 0, 0)	0
(15100, 15110, 0, 0)	0
(15110, 15120, 0, 0)	0
(15120, 15130, 0, 0)	0
(15130, 15140, 0, 0)	0
(15140, 15150, 0, 0)	0
(15150, 15160, 0, 0)	0
(15160, 15170, 0, 0)	0
(15170, 15180, 0, 0)	0
(15180, 15190, 0, 0)	0
(15190, 15200, 0, 0)	0
(15200, 15210, 0, 0)	0
(15210, 15220, 0, 0)	0
(15220, 15230, 0, 0)	0
(15230, 15240, 0, 0)	0
(15240, 15250, 0, 0)	0
(15250, 15260, 0, 0)	0
(15260, 15270, 0, 0)	0
(15270, 15280, 0, 0)	0
(15280, 15290, 0, 0)	0
(15290, 15300, 0, 0)	0
(15300, 15310, 0, 0)	0
(15310, 15320, 0, 0)	0
(15320, 15330, 0, 0)	0
(15330, 15340, 0, 0)	0
(15340, 15350, 0, 0)	0
(15350, 15360, 0, 0)	0
(15360, 15370, 0, 0)	0
(15370, 15380, 0, 0)	0
(15380, 15390, 0, 0)	0
(15390, 15400, 0, 0)	0
(15400, 15410, 0, 0)	0
(15410, 15420, 0, 0)	0
(15420, 15430, 0, 0)	0
(15430, 15440, 0, 0)	0
(15440, 15450, 0, 0)	0
(15450, 15460, 0, 0)	0
(15460, 15470, 0, 0)	0
(15470, 15480, 0, 0)	0
(15480, 15490, 0, 0)	0
(15490, 15500, 0, 0)	0
(15500, 15510, 0, 0)	0
(15510, 15520, 0, 0)	0
(15520, 15530, 0, 0)	0
(15530, 15540, 0, 0)	0
(15540, 15550, 0, 0)	0
(15550, 15560, 0, 0)	0
(15560, 15570, 0, 0)	0
(15570, 15580, 0, 0)	0
(15580, 15590, 0, 0)	0
(15590, 15600, 0, 0)	0
(15600, 15610, 0, 0)	0
(15610, 15620, 0, 0)	0
(15620, 15630, 0, 0)	0
(15630, 15640, 0, 0)	0
(15640, 15650, 0, 0)	0
(15650, 15660, 0, 0)	0
(15660, 15670, 0, 0)	0
(15670, 15680, 0, 0)	0
(15680, 15690, 0, 0)	0
(15690, 15700, 0, 0)	0
(15700, 15710, 0, 0)	0
(15710, 15720, 0, 0)	0
(15720, 15730, 0, 0)	0
(15730, 15740, 0, 0)	0
(15740, 15750, 0, 0)	0
(15750, 15760, 0, 0)	0
(15760, 15770, 0, 0)	0
(15770, 15780, 0, 0)	0
(15780, 15790, 0, 0)	0
(15790, 15800, 0, 0)	0
(15800, 15810, 0, 0)	0
(15810, 15820, 0, 0)	0
(15820, 15830, 0, 0)	0
(15830, 15840, 0, 0)	0
(15840, 15850, 0, 0)	0
(15850, 15860, 0, 0)	0
(15860, 15870, 0, 0)	0
(15870, 15880, 0, 0)	0
(15880, 15890, 0, 0)	0
(15890, 15900, 0, 0)	0
(15900, 15910, 0, 0)	0
(15910, 15920, 0, 0)	0
(15920, 15930, 0, 0)	0
(15930, 15940, 0, 0)	0
(15940, 15950, 0, 0)	0
(15950, 15960, 0, 0)	0
(15960, 15970, 0, 0)	0
(15970, 15980, 0, 0)	0
(15980, 15990, 0, 0)	0
(15990, 16000, 0, 0)	0
(16000, 16010, 0, 0)	0
(16010, 16020, 0, 0)	0
(16020, 16030, 0, 0)	0
(16030, 16040, 0, 0)	0
(16040, 16050, 0, 0)	0
(16050, 16060, 0, 0)	0
(16060, 16070, 0, 0)	0
(16070, 16080, 0, 0)	0
(16080, 16090, 0, 0)	0
(16090, 16100, 0, 0)	0
(16100, 16110, 0, 0)	0
(16110, 16120, 0, 0)	0
(16120, 16130, 0, 0)	0
(16130, 16140, 0, 0)	0
(16140, 16150, 0, 0)	0
(16150, 16160, 0, 0)	0
(16160, 16170, 0, 0)	0
(16170, 16180, 0, 0)	0
(16180, 16190, 0, 0)	0
(16190, 16200, 0, 0)	0
(16200, 16210, 0, 0)	0
(16210, 16220, 0, 0)	0
(16220, 16230, 0, 0)	0
(16230, 16240, 0, 0)	0
(16240, 16250, 0, 0)	0
(16250, 16260, 0, 0)	0
(16260, 16270, 0, 0)	0
(16270, 16280, 0, 0)	0
(16280, 16290, 0, 0)	0
(16290, 16300, 0, 0)	0
(16300, 16310, 0, 0)	0
(16310, 16320, 0, 0)	0
(16320, 16330, 0, 0)	0
(16330, 16340, 0, 0)	0
(16340, 16350, 0, 0)	0
(16350, 16360, 0, 0)	0
(16360, 16370, 0, 0)	0
(16370, 16380, 0, 0)	0
(16380, 16390, 0, 0)	0
(16390, 16400, 0, 0)	0
(16400, 16410, 0, 0)	0
(16410, 16420, 0, 0)	0
(16420, 16430, 0, 0)	0
(16430, 16440, 0, 0)	0
(16440, 16450, 0, 0)	0
(16450, 16460, 0, 0)	0
(16460, 16470, 0, 0)	0
(16470, 16480, 0, 0)	0
(16480, 16490, 0, 0)	0
(16490, 16500, 0, 0)	0
(16500, 16510, 0, 0)	0
(16510, 16520, 0, 0)	0
(16520, 16530, 0, 0)	0
(16530, 16540, 0, 0)	0
(16540, 16550, 0, 0)	0
(16550, 16560, 0, 0)	0
(16560, 16570, 0, 0)	0
(16570, 16580, 0, 0)	0
(16580, 16590, 0, 0)	0
(16590, 16600, 0, 0)	0
(16600, 16610, 0, 0)	0
(16610, 16620, 0, 0)	0
(16620, 16630, 0, 0)	0
(16630, 16640, 0, 0)	0
(16640, 16650, 0, 0)	0
(16650, 16660, 0, 0)	0
(16660, 16670, 0, 0)	0
(16670, 16680, 0, 0)	0
(16680, 16690, 0, 0)	0
(16690, 16700, 0, 0)	0
(16700, 16710, 0, 0)	0
(16710, 16720, 0, 0)	0
(16720, 16730, 0, 0)	0
(16730, 16740, 0, 0)	0
(16740, 16750, 0, 0)	0
(16750, 16760, 0, 0)	0
(16760, 16770, 0, 0)	0
(16770, 16780, 0, 0)	0
(16780, 16790, 0, 0)	0
(16790, 16800, 0, 0)	0
(16800, 16810, 0, 0)	0
(16810, 16820, 0, 0)	0
(16820, 16830, 0, 0)	0
(16830, 16840, 0, 0)	0
(16840, 16850, 0, 0)	0
(16850, 16860, 0, 0)	0
(16860, 16870, 0, 0)	0
(16870, 16880, 0, 0)	0
(16880, 16890, 0, 0)	0
(16890, 16900, 0, 0)	0
(16900, 16910, 0, 0)	0
(16910, 16920, 0, 0)	0
(16920, 16930, 0, 0)	0
(16930, 16940, 0, 0)	0
(16940, 16950, 0, 0)	0
(16950, 16960, 0, 0)	0
(16960, 16970, 0, 0)	0
(16970, 16980, 0, 0)	0
(16980, 16990, 0, 0)	0
(16990, 17000, 0, 0)	0
(17000, 17010, 0, 0)	0
(17010, 17020, 0, 0)	0
(17020, 17030, 0, 0)	0
(17030, 17040, 0, 0)	0
(17040, 17050, 0, 0)	0
(17050, 17060, 0, 0)	0
(17060, 17070, 0, 0)	0
(17070, 17080, 0, 0)	0
(17080, 17090, 0, 0)	0
(17090, 17100, 0, 0)	0
(17100, 17110, 0, 0)	0
(17110, 17120, 0, 0)	0
(17120, 17130, 0, 0)	0
(17130, 17140, 0, 0)	0
(17140, 17150, 0, 0)	0
(17150, 17160, 0, 0)	0
(17160, 17170, 0, 0)	0
(17170, 17180, 0, 0)	0
(17180, 17190, 0, 0)	0
(17190, 17200, 0, 0)	0
(17200, 17210, 0, 0)	0
(17210, 17220, 0, 0)	0
(17220, 17230, 0, 0)	0
(17230, 17240, 0, 0)	0
(17240, 17250, 0, 0)	0
(17250, 17260, 0, 0)	0
(17260, 17270, 0, 0)	0
(17270, 17280, 0, 0)	0
(17280, 17290, 0, 0)	0
(17290, 17300, 0, 0)	0
(17300, 17310, 0, 0)	0
(17310, 17320, 0, 0)	0
(17320, 17330, 0, 0)	0
(17330, 17340, 0, 0)	0
(17340, 17350, 0, 0)	0
(17350, 17360, 0, 0)	0
(17360, 17370, 0, 0)	0
(17370, 17380, 0, 0)	0
(17380, 17390, 0, 0)	0
(17390, 17400, 0, 0)	0
(17400, 17410, 0, 0)	0
(17410, 17420, 0, 0)	0
(17420, 17430, 0, 0)	0
(17430, 17440, 0, 0)	0
(17440, 17450, 0, 0)	0
(17450, 17460, 0, 0)	0
(17460, 17470, 0, 0)	0
(17470, 17480, 0, 0)	0
(17480, 17490, 0, 0)	0
(17490, 17500, 0, 0)	0
(17500, 17510, 0, 0)	0
(17510, 17520, 0, 0)	0
(17520, 17530, 0, 0)	0
(17530, 17540, 0, 0)	0
(17540, 17550, 0, 0)	0
(17550, 17560, 0, 0)	0
(17560, 17570, 0, 0)	0
(17570, 17580, 0, 0)	0
(17580, 17590, 0, 0)	0
(17590, 17600, 0, 0)	0
(17600, 17610, 0, 0)	0
(17610, 17620, 0, 0)	0
(17620, 17630, 0, 0)	0
(17630, 17640, 0, 0)	0
(17640, 17650, 0, 0)	0
(17650, 17660, 0, 0)	0
(17660, 17670, 0, 0)	0
(17670, 17680, 0, 0)	0
(17680, 17690, 0, 0)	0
(17690, 17700, 0, 0)	0
(17700, 17710, 0, 0)	0
(17710, 17720, 0, 0)	0
(17720, 17730, 0, 0)	0
(17730, 17740, 0, 0)	0
(17740, 17750, 0, 0)	0
(17750, 17760, 0, 0)	0
(17760, 17770, 0, 0)	0
(17770, 17780, 0, 0)	0
(17780, 17790, 0, 0)	0
(17790, 17800, 0, 0)	0
(17800, 17810, 0, 0)	0
(17810, 17820, 0, 0)	0
(17820, 17830, 0, 0)	0
(17830, 17840, 0, 0)	0
(17840, 17850, 0, 0)	0
(17850, 17860, 0, 0)	0
(17860, 17870, 0, 0)	0
(17870, 17880, 0, 0)	0
(17880, 17890, 0, 0)	0
(17890, 17900, 0, 0)	0
(17900, 17910, 0, 0)	0
(17910, 17920, 0, 0)	0
(17920, 17930, 0, 0)	0
(17930, 17940, 0, 0)	0
(17940, 17950, 0, 0)	0
(17950, 17960, 0, 0)	0
(17960, 17970, 0, 0)	0
(17970, 17980, 0, 0)	0
(17980, 17990, 0, 0)	0
(17990, 18000, 0, 0)	0
(18000, 18010, 0, 0)	0
(18010, 18020, 0, 0)	0
(18020, 18030, 0, 0)	0
(18030, 18040, 0, 0)	0
(18040, 18050, 0, 0)	0
(18050, 18060, 0, 0)	0
(18060, 18070, 0, 0)	0
(18070, 18080, 0, 0)	0
(18080, 18090, 0, 0)	0
(18090, 18100, 0, 0)	0
(18100, 18110, 0, 0)	0
(18110, 18120, 0, 0)	0
(18120, 18130, 0, 0)	0
(18130, 18140, 0, 0)	0
(18140, 18150, 0, 0)	0
(18150, 18160, 0, 0)	0
(18160, 18170, 0, 0)	0
(18170, 18180, 0, 0)	0
(18180, 18190, 0, 0)	0
(18190, 18200, 0, 0)	0
(18200, 18210, 0, 0)	0
(18210, 18220, 0, 0)	0
(18220, 18230, 0, 0)	0
(18230, 18240, 0, 0)	0
(18240, 18250, 0, 0)	0
(18250, 18260, 0, 0)	0
(18260, 18270, 0, 0)	0
(18270, 18280, 0, 0)	0
(18280, 18290, 0, 0)	0
(18290, 18300, 0, 0)	0
(18300, 18310, 0, 0)	0
(18310, 18320, 0, 0)	0
(18320, 18330, 0, 0)	0
(18330, 18340, 0, 0)	0
(18340, 18350, 0, 0)	0
(18350, 18360, 0, 0)	0
(18360, 18370, 0, 0)	0
(18370, 18380, 0, 0)	0
(18380, 18390, 0, 0)	0
(18390, 18400, 0, 0)	0
(18400, 18410, 0, 0)	0
(18410, 18420, 0, 0)	0
(18420, 18430, 0, 0)	0
(18430, 18440, 0, 0)	0
(18440, 18450, 0, 0)	0
(18450, 18460, 0, 0)	0
(18460, 18470, 0, 0)	0
(18470, 18480, 0, 0)	0
(18480, 18490, 0, 0)	0
(18490, 18500, 0, 0)	0
(18500, 18510, 0, 0)	0
(18510, 18520, 0, 0)	0
(18520, 18530, 0, 0)	0
(18530, 18540, 0, 0)	0
(18540, 18550, 0, 0)	0
(18550, 18560, 0, 0)	0
(18560, 18570, 0, 0)	0
(18570, 18580, 0, 0)	0
(18580, 18590, 0, 0)	0
(18590, 18600, 0, 0)	0
(18600, 18610, 0, 0)	0
(18610, 18620, 0, 0)	0
(18620, 18630, 0, 0)	0
(18630, 18640, 0, 0)	0
(18640, 18650, 0, 0)	0
(18650, 18660, 0, 0)	0
(18660, 18670, 0, 0)	0
(18670, 18680, 0, 0)	0
(18680, 18690, 0, 0)	0
(18690, 18700, 0, 0)	0
(18700, 18710, 0, 0)	0
(18710, 18720, 0, 0)	0
(18720, 18730, 0, 0)	0
(18730, 18740, 0, 0)	0
(18740, 18750, 0, 0)	0
(18750, 18760, 0, 0)	0
(18760, 18770, 0, 0)	0
(18770, 18780, 0, 0)	0
(18780, 18790, 0, 0)	0
(18790, 18800, 0, 0)	0
(18800, 18810, 0, 0)	0
(18810, 18820, 0, 0)	0
(18820, 18830, 0, 0)	0
(18830, 18840, 0, 0)	0
(18840, 18850, 0, 0)	0
(18850, 18860, 0, 0)	0
(18860, 18870, 0, 0)	0
(18870, 18880, 0, 0)	0
(18880, 18890, 0, 0)	0
(18890, 18900, 0, 0)	0
(18900, 18910, 0, 0)	0
(18910, 18920, 0, 0)	0
(18920, 18930, 0, 0)	0
(18930, 18940, 0, 0)	0
(18940, 18950, 0, 0)	0
(18950, 18960, 0, 0)	0
(18960, 18970, 0, 0)	0
(18970, 18980, 0, 0)	0
(18980, 18990, 0, 0)	0
(18990, 19000, 0, 0)	0
(19000, 19010, 0, 0)	0
(19010, 19020, 0, 0)	0
(19020, 19030, 0, 0)	0
(19030, 19040, 0, 0)	0
(19040, 19050, 0, 0)	0
(19050, 19060, 0, 0)	0
(19060, 19070, 0, 0)	0
(19070, 19080, 0, 0)	0
(19080, 19090, 0, 0)	0
(19090, 19100, 0, 0)	0
(19100, 19110, 0, 0)	0
(19110, 19120, 0, 0)	0
(19120, 19130, 0, 0)	0
(19130, 19140, 0, 0)	0
(19140, 19150, 0, 0)	0
(19150, 19160, 0, 0)	0
(19160, 19170, 0, 0)	0
(19170, 19180, 0, 0)	0
(19180, 19190, 0, 0)	0
(19190, 19200, 0, 0)	0
(19200, 19210, 0, 0)	0
(19210, 19220, 0, 0)	0
(19220, 19230, 0, 0)	0
(19230, 19240, 0, 0)	0
(19240, 19250, 0, 0)	0
(19250, 19260, 0, 0)	0
(19260, 19270, 0, 0)	0
(19270, 19280, 0, 0)	0
(19280, 19290, 0, 0)	0
(19290, 19300, 0, 0)	0
(19300, 19310, 0, 0)	0
(19310, 19320, 0, 0)	0
(19320, 19330, 0, 0)	0
(19330, 19340, 0, 0)	0
(19340, 19350, 0, 0)	0
(19350, 19360, 0, 0)	0
(19360, 19370, 0, 0)	0
(19370, 19380, 0, 0)	0
(19380, 19390, 0, 0)	0
(19390, 19400, 0, 0)	0
(19400, 19410, 0, 0)	0
(19410, 19420, 0, 0)	0
(19420, 19430, 0, 0)	0
(19430, 19440, 0, 0)	0
(19440, 19450, 0, 0)	0
(19450, 19460, 0, 0)	0
(19460, 19470, 0, 0)	0
(19470, 19480, 0, 0)	0
(19480, 19490, 0, 0)	0
(19490, 19500, 0, 0)	0
(19500, 19510, 0, 0)	0
(19510, 19520, 0, 0)	0
(19520, 19530, 0, 0)	0
(19530, 19540, 0, 0)	0
(19540, 19550, 0, 0)	0
(19550, 19560, 0, 0)	0
(19560, 19570, 0, 0)	0
(19570, 19580, 0, 0)	0
(19580, 19590, 0, 0)	0
(19590, 19600, 0, 0)	0
(19600, 19610, 0, 0)	0
(19610, 19620, 0, 0)	0
(19620, 19630, 0, 0)	0
(19630, 19640, 0, 0)	0
(19640, 19650, 0, 0)	0
(19650, 19660, 0, 0)	0
(19660, 19670, 0, 0)	0
(19670, 19680, 0, 0)	0
(19680, 19690, 0, 0)	0
(19690, 19700, 0, 0)	0
(19700, 19710, 0, 0)	0
(19710, 19720, 0, 0)	0
(19720, 19730, 0, 0)	0
(19730, 19740, 0, 0)	0
(19740, 19750, 0, 0)	0
(19750, 19760, 0, 0)	0
(19760, 19770, 0, 0)	0
(19770, 19780, 0, 0)	0
(19780, 19790, 0, 0)	0
(19790, 19800, 0, 0)	0
(19800, 19810, 0, 0)	0
(19810, 19820, 0, 0)	0
(19820, 19830, 0, 0)	0
(19830, 19840, 0, 0)	0
(19840, 19850, 0, 0)	0
(19850, 19860, 0, 0)	0
(19860, 19870, 0, 0)	0
(19870, 19880, 0, 0)	0
(19880, 19890, 0, 0)	0
(19890, 19900, 0, 0)	0
(19900, 19910, 0, 0)	0
(19910, 19920, 0, 0)	0
(19920, 19930, 0, 0)	0
(19930, 19940, 0, 0)	0
(19940, 19950, 0, 0)	0
(19950, 19960, 0, 0)	0
(19960, 19970, 0, 0)	0
(19970, 19980, 0, 0)	0
(19980, 19990, 0, 0)	0
(19990, 20000, 0, 0)	0
(20000, 20010, 0, 0)	0
(20010, 20020, 0, 0)	0
(20020, 20030, 0, 0)	0
(20030, 20040, 0, 0)	0
(20040, 20050, 0, 0)	0
(20050, 20060, 0, 0)	0
(20060, 20070, 0, 0)	0
(20070, 20080, 0, 0)	0
(20080, 20090, 0, 0)	0
(20090, 20100, 0, 0)	0
(20100, 20110, 0, 0)	0
(20110, 20120, 0, 0)	0
(20120, 20130, 0, 0)	0
(20130, 20140, 0, 0)	0
(20140, 20150, 0, 0)	0
(20150, 20160, 0, 0)	0
(20160, 20170, 0, 0)	0
(20170, 20180, 0, 0)	0
(20180, 20190, 0, 0)	0
(20190, 20200, 0, 0)	0
(20200, 20210, 0, 0)	0
(20210, 20220, 0, 0)	0
(20220, 20230, 0, 0)	0
(20230, 20240, 0, 0)	0
(20240, 20250, 0, 0)	0
(20250, 20260, 0, 0)	0
(20260, 20270, 0, 0)	0
(20270, 20280, 0, 0)	0
(20280, 20290, 0, 0)	0
(20290, 20300, 0, 0)	0
(20300, 20310, 0, 0)	0
(20310, 20320, 0, 0)	0
(20320, 20330, 0, 0)	0
(20330, 20340, 0, 0)	0
(20340, 20350, 0, 0)	0
(20350, 20360, 0, 0)	0
(20360, 20370, 0, 0)	0
(20370, 20380, 0, 0)	0
(20380, 20390, 0, 0)	0
(20390, 20400, 0, 0)	0
(20400, 20410, 0, 0)	0
(20410, 20420, 0, 0)	0
(20420, 20430, 0, 0)	0
(20430, 20440, 0, 0)	0
(20440, 20450, 0, 0)	0
(20450, 20460, 0, 0)	0
(20460, 20470, 0, 0)	0
(20470, 20480, 0, 0)	0
(20480, 20490, 0, 0)	0
(20490, 20500, 0, 0)	0
(20500, 20510, 0, 0)	0
(20510, 20520, 0, 0)	0
(20520, 20530, 0, 0)	0
(20530, 20540, 0, 0)	0
(20540, 20550, 0, 0)	0
(20550, 20560, 0, 0)	0
(20560, 20570, 0, 0)	0
(20570, 20580, 0, 0)	0
(20580, 20590, 0, 0)	0
(20590, 20600, 0, 0)	0
(20600, 20610, 0, 0)	0
(20610, 20620, 0, 0)	0
(20620, 20630, 0, 0)	0
(20630, 20640, 0, 0)	0
(20640, 20650, 0, 0)	0
(20650, 20660, 0, 0)	0
(20660, 20670, 0, 0)	0
(20670, 20680, 0, 0)	0
(20680, 20690, 0, 0)	0
(20690, 20700, 0, 0)	0
(20700, 20710, 0, 0)	0
(20710, 20720, 0, 0)	0
(20720, 20730, 0, 0)	0
(20730, 20740, 0, 0)	0
(20740, 20750, 0, 0)	0
(20750, 20760, 0, 0)	0
(20760, 20770, 0, 0)	0
(20770, 20780, 0, 0)	0
(20780, 20790, 0, 0)	0
(20790, 20800, 0, 0)	0
(20800, 20810, 0, 0)	0
(20810, 20820, 0, 0)	0
(20820, 20830, 0, 0)	0
(20830, 20840, 0, 0)	0
(20840, 20850, 0, 0)	0
(20850, 20860, 0, 0)	0
(20860, 20870, 0, 0)	0
(20870, 20880, 0, 0)	0
(20880, 20890, 0, 0)	0
(20890, 20900, 0, 0)	0
(20900, 20910, 0, 0)	0
(20910, 20920, 0, 0)	0
(20920, 20930, 0, 0)	0
(20930, 20940, 0, 0)	0
(20940, 20950, 0, 0)	0
(20950, 20960, 0, 0)	0
(20960, 20970, 0, 0)	0
(20970, 20980, 0, 0)	0
(20980, 20990, 0, 0)	0
(20990, 21000, 0, 0)	0
(21000, 21010, 0, 0)	0
(21010, 21020, 0, 0)	0
(21020, 21030, 0, 0)	0
(21030, 21040, 0, 0)	0
(21040, 21050, 0, 0)	0
(21050, 21060, 0, 0)	0
(21060, 21070, 0, 0)	0
(21070, 21080, 0, 0)	0
(21080, 21090, 0, 0)	0
(21090, 21100, 0, 0)	0
(21100, 21110, 0, 0)	0
(21110, 21120, 0, 0)	0
(21120, 21130, 0, 0)	0
(21130, 21140, 0, 0)	0
(21140, 21150, 0, 0)	0
(21150, 21160, 0, 0)	0
(21160, 21170, 0, 0)	0
(21170, 21180, 0, 0)	0
(21180, 21190, 0, 0)	0
(21190, 21200, 0, 0)	0
(21200, 21210, 0, 0)	0
(21210, 21220, 0, 0)	0
(21220, 21230, 0, 0)	0
(21230, 21240, 0, 0)	0
(21240, 21250, 0, 0)	0
(21250, 21260, 0, 0)	0
(21260, 21270, 0, 0)	0
(21270, 21280, 0, 0)	0
(21280, 21290, 0, 0)	0
(21290, 21300, 0, 0)	0
(21300, 21310, 0, 0)	0
(21310, 21320, 0, 0)	0
(21320, 21330, 0, 0)	0
(21330, 21340, 0, 0)	0
(21340, 21350, 0, 0)	0
(21350, 21360, 0, 0)	0
(21360, 21370, 0, 0)	0
(21370, 21380, 0, 0)	0
(21380, 21390, 0, 0)	0
(21390, 21400, 0, 0)	0
(21400, 21410, 0, 0)	0
(21410, 21420, 0, 0)	0
(21420, 21430, 0, 0)	0
(21430, 21440, 0, 0)	0
(21440, 21450, 0, 0)	0
(21450, 21460, 0, 0)	0
(21460, 21470, 0, 0)	0
(21470, 21480, 0, 0)	0
(21480, 21490, 0, 0)	0
(21490, 21500, 0, 0)	0
(21500, 21510, 0, 0)	0
(21510, 21520, 0, 0)	0
(21520, 21530, 0, 0)	0
(21530, 21540, 0, 0)	0
(21540, 21550, 0, 0)	0
(21550, 21560, 0, 0)	0
(21560, 21570, 0, 0)	0
(21570, 21580, 0, 0)	0
(21580, 21590, 0, 0)	0
(21590, 21600, 0, 0)	0
(21600, 21610, 0, 0)	0
(21610, 21620, 0, 0)	0
(21620, 21630, 0, 0)	0
(21630, 21640, 0, 0)	0
 [ 2164 ] 2087 - 64920 = -62833
