(0, 60, 0, 60)	56
	56 0 60
	55 0 61
	55 1 60
	54 0 62
	54 1 59
	54 1 61
	54 2 60
(60, 120, 60, 118)	58
	58 60 118
	57 60 119
	57 61 118
	56 60 120
	56 61 117
	56 61 119
	56 62 118
(120, 180, 118, 165)	44
	44 118 165
	44 119 165
	44 120 165
	43 118 166
	43 118 167
	43 119 167
	43 119 166
	43 119 164
	43 120 164
	43 120 166
	43 120 167
	43 121 165
	42 118 169
	42 118 168
	42 119 163
	42 119 168
	42 119 169
	42 120 163
	42 120 169
	42 120 168
	42 121 164
	42 121 166
	42 121 167
	42 122 165
(180, 240, 165, 226)	56
	56 165 226
	55 165 227
	55 166 226
	55 167 226
	54 165 228
	54 166 225
	54 166 227
	54 167 225
	54 167 227
	54 168 226
(240, 300, 226, 285)	57
	57 226 285
	56 226 286
	56 227 285
	55 226 287
	55 227 282
	55 227 283
	55 227 284
	55 227 286
	55 228 285
(300, 360, 285, 341)	56
	56 285 341
	55 285 342
	55 286 341
	54 285 343
	54 286 340
	54 286 342
	54 287 341
(360, 420, 341, 398)	57
	57 341 398
	56 341 399
	56 342 398
	55 341 400
	55 342 397
	55 342 399
	55 343 398
(420, 480, 398, 455)	57
	57 398 455
	56 398 456
	56 399 455
	55 398 457
	55 399 454
	55 399 456
	55 400 455
(480, 540, 455, 511)	56
	56 455 511
	56 455 512
	56 455 513
	55 455 514
	55 456 511
	55 456 512
	55 456 513
	54 455 515
	54 456 510
	54 456 514
	54 457 511
	54 457 512
	54 457 513
(540, 600, 509, 561)	51
	51 509 563
	51 509 561
	51 510 563
	51 510 561
	50 509 562
	50 509 564
	50 509 565
	50 510 564
	50 510 565
	50 510 562
	50 510 560
	50 511 561
	50 511 563
	49 509 566
	49 510 559
	49 510 566
	49 511 560
	49 511 562
	49 511 564
	49 511 565
	49 512 561
	49 512 563
(600, 660, 561, 621)	59
	59 561 621
	58 561 622
	58 562 621
	57 561 623
	57 562 620
	57 562 622
	57 563 621
	57 564 621
(660, 720, 620, 681)	54
	54 620 681
	54 621 681
	54 622 681
	53 620 682
	53 621 680
	53 621 682
	53 622 680
	53 622 682
	53 623 681
	52 620 683
	52 621 679
	52 621 683
	52 622 679
	52 622 683
	52 623 680
	52 623 682
	52 624 681
(720, 780, 682, 737)	51
	51 682 738
	51 682 739
	51 682 740
	51 682 741
	51 682 742
	51 682 737
	50 682 743
	50 683 739
	50 683 742
	50 683 741
	50 683 740
	50 683 738
	50 683 737
	49 682 744
	49 683 736
	49 683 743
	49 684 737
	49 684 738
	49 684 739
	49 684 740
	49 684 741
	49 684 742
(780, 840, 737, 794)	57
	57 737 794
	56 737 795
	56 738 794
	55 737 796
	55 738 793
	55 738 795
	55 739 794
(840, 900, 794, 852)	53
	53 794 852
	52 794 853
	52 795 852
	51 794 854
	51 795 851
	51 795 853
	51 796 852
(900, 960, 851, 912)	57
	57 851 912
	56 851 913
	56 852 912
	55 851 914
	55 852 911
	55 852 913
	55 853 912
(960, 1020, 912, 966)	54
	54 912 966
	53 912 967
	53 913 966
	52 912 968
	52 913 965
	52 913 967
	52 914 966
(1020, 1080, 966, 1028)	56
	56 966 1028
	55 966 1029
	55 967 1028
	54 966 1030
	54 967 1027
	54 967 1029
	54 968 1028
(1080, 1140, 1028, 1085)	57
	57 1028 1085
	56 1028 1086
	56 1029 1085
	55 1028 1087
	55 1029 1084
	55 1029 1086
	55 1030 1085
(1140, 1200, 1084, 1144)	57
	57 1084 1144
	57 1084 1146
	57 1085 1146
	57 1085 1144
	56 1084 1145
	56 1084 1147
	56 1085 1143
	56 1085 1145
	56 1085 1147
	56 1086 1144
	56 1086 1146
	55 1084 1148
	55 1085 1142
	55 1085 1148
	55 1086 1143
	55 1086 1145
	55 1086 1147
	55 1087 1144
	55 1087 1146
(1200, 1260, 1146, 1206)	57
	57 1146 1206
	56 1146 1207
	56 1147 1206
	55 1146 1208
	55 1147 1205
	55 1147 1207
	55 1148 1206
(1260, 1320, 1206, 1266)	57
	57 1206 1266
	56 1206 1267
	56 1207 1266
	55 1206 1268
	55 1207 1265
	55 1207 1267
	55 1208 1266
(1320, 1380, 1266, 1323)	57
	57 1266 1323
	56 1266 1324
	56 1267 1323
	55 1266 1325
	55 1267 1322
	55 1267 1324
	55 1268 1323
(1380, 1440, 1322, 1383)	56
	56 1322 1383
	56 1323 1383
	55 1322 1384
	55 1323 1382
	55 1323 1384
	55 1324 1383
	54 1322 1385
	54 1323 1381
	54 1323 1385
	54 1324 1382
	54 1324 1384
	54 1325 1383
(1440, 1500, 1383, 1440)	57
	57 1383 1440
	56 1383 1441
	56 1384 1440
	55 1383 1442
	55 1384 1439
	55 1384 1441
	55 1385 1440
(1500, 1560, 1438, 1500)	56
	56 1438 1500
	56 1439 1500
	56 1440 1500
	55 1438 1501
	55 1439 1499
	55 1439 1501
	55 1440 1499
	55 1440 1501
	55 1441 1500
	54 1438 1502
	54 1439 1498
	54 1439 1502
	54 1440 1498
	54 1440 1502
	54 1441 1499
	54 1441 1501
	54 1442 1500
(1560, 1620, 1500, 1558)	54
	54 1500 1558
	54 1552 1610
	53 1500 1559
	53 1501 1558
	53 1551 1610
	53 1552 1609
	53 1552 1611
	53 1553 1610
	52 1500 1560
	52 1501 1557
	52 1501 1559
	52 1502 1558
	52 1550 1610
	52 1551 1609
	52 1551 1611
	52 1552 1608
	52 1552 1612
	52 1553 1609
	52 1553 1611
	52 1554 1610
	52 1656 1714
	52 1708 1766
	52 1760 1818
___________
(1620, 1680, 1506, 1563)	57
	57 1506 1564
	57 1506 1565
	57 1506 1563
	56 1506 1566
	56 1507 1563
	56 1507 1564
	56 1507 1565
	55 1506 1567
	55 1507 1562
	55 1507 1566
	55 1508 1563
	55 1508 1565
	55 1508 1564
	55 1558 1613
	55 1558 1614
	55 1558 1615
	55 1558 1616
	55 1558 1617
	55 1714 1771
	55 1714 1772
	55 1714 1773
___________
(1680, 1740, 1511, 1569)	57
	57 1511 1569
	57 1615 1673
	57 1719 1777
	57 1823 1881
	56 1511 1570
	56 1512 1569
	56 1563 1621
	56 1614 1673
	56 1615 1674
	56 1615 1672
	56 1616 1673
	56 1667 1725
	56 1718 1777
	56 1719 1778
	56 1719 1776
	56 1719 1775
	56 1720 1777
	56 1822 1881
	56 1823 1880
	56 1823 1882
	56 1824 1881
	56 1875 1933
	55 1511 1571
	55 1512 1568
	55 1512 1570
	55 1513 1569
	55 1562 1621
	55 1563 1620
	55 1563 1622
	55 1564 1621
	55 1613 1673
	55 1614 1674
	55 1614 1672
	55 1615 1671
	55 1615 1675
	55 1616 1674
	55 1616 1672
	55 1617 1673
	55 1666 1725
	55 1667 1726
	55 1667 1724
	55 1668 1725
	55 1717 1777
	55 1718 1776
	55 1718 1775
	55 1718 1778
	55 1719 1774
	55 1719 1779
	55 1720 1778
	55 1720 1776
	55 1720 1775
	55 1721 1777
	55 1771 1829
	55 1821 1881
	55 1822 1882
	55 1822 1880
	55 1823 1879
	55 1823 1883
	55 1824 1880
	55 1824 1882
	55 1825 1881
	55 1874 1933
	55 1875 1932
	55 1875 1934
	55 1876 1933
___________
(1740, 1800, 1517, 1577)	57
	57 1517 1577
	57 1621 1681
	57 1725 1785
	56 1517 1578
	56 1517 1579
	56 1518 1577
	56 1620 1681
	56 1621 1683
	56 1621 1682
	56 1621 1680
	56 1622 1681
	56 1623 1681
	56 1673 1733
	56 1724 1785
	56 1725 1786
	56 1725 1787
	56 1725 1784
	56 1726 1785
	56 1829 1889
	56 1933 1993
	55 1517 1581
	55 1517 1580
	55 1518 1579
	55 1518 1578
	55 1518 1576
	55 1519 1577
	55 1619 1681
	55 1620 1680
	55 1620 1682
	55 1620 1683
	55 1621 1679
	55 1621 1685
	55 1621 1684
	55 1622 1683
	55 1622 1682
	55 1622 1680
	55 1623 1683
	55 1623 1682
	55 1623 1680
	55 1624 1681
	55 1672 1733
	55 1673 1734
	55 1673 1732
	55 1673 1735
	55 1674 1733
	55 1723 1785
	55 1724 1787
	55 1724 1786
	55 1724 1784
	55 1725 1788
	55 1725 1789
	55 1725 1783
	55 1726 1784
	55 1726 1786
	55 1726 1787
	55 1727 1785
	55 1777 1837
	55 1828 1889
	55 1829 1890
	55 1829 1891
	55 1829 1888
	55 1830 1889
	55 1831 1889
	55 1881 1941
	55 1932 1993
	55 1933 1992
	55 1933 1994
	55 1933 1995
	55 1934 1993
___________
(1800, 1860, 1629, 1689)	60
	60 1629 1689
	59 1629 1690
	59 1630 1689
	58 1629 1691
	58 1630 1688
	58 1630 1690
	58 1631 1689
	58 1733 1792
	58 1733 1793
	58 1733 1794
	58 1837 1896
	58 1837 1897
	58 1837 1898
	58 1941 2000
	58 1941 2001
	58 1941 2002
(1860, 1920, 1689, 1748)	59
	59 1689 1748
	59 2053 2112
	58 1689 1749
	58 1690 1748
	58 2052 2112
	58 2053 2111
	58 2053 2113
	58 2054 2112
	57 1689 1750
	57 1690 1749
	57 1690 1747
	57 1691 1748
	57 1741 1800
	57 1793 1852
	57 1845 1904
	57 1949 2008
	57 2001 2060
	57 2051 2112
	57 2052 2113
	57 2052 2111
	57 2053 2110
	57 2053 2114
	57 2054 2111
	57 2054 2113
	57 2055 2112
(1920, 1980, 1748, 1808)	54
	54 1748 1808
	54 2112 2170
	54 2112 2172
	53 1748 1809
	53 1749 1808
	53 1852 1912
	53 1852 1910
	53 1956 2016
	53 2060 2120
	53 2060 2118
	53 2111 2172
	53 2111 2170
	53 2112 2169
	53 2112 2171
	53 2112 2173
	53 2113 2170
	53 2113 2172
	52 1748 1810
	52 1749 1806
	52 1749 1807
	52 1749 1809
	52 1750 1808
	52 1851 1912
	52 1851 1910
	52 1852 1909
	52 1852 1911
	52 1852 1913
	52 1853 1912
	52 1853 1910
	52 1904 1964
	52 1904 1962
	52 1955 2016
	52 1956 2017
	52 1956 2015
	52 1956 2014
	52 1957 2016
	52 2059 2118
	52 2059 2120
	52 2060 2117
	52 2060 2121
	52 2060 2119
	52 2061 2120
	52 2061 2118
	52 2110 2172
	52 2110 2170
	52 2111 2171
	52 2111 2173
	52 2111 2169
	52 2112 2168
	52 2112 2174
	52 2113 2169
	52 2113 2171
	52 2113 2173
	52 2114 2170
	52 2114 2172
___________
(1980, 2040, 1600, 1655)	53
	53 1600 1655
	53 1808 1863
	53 2016 2071
	52 1600 1656
	52 1601 1655
	52 1704 1759
	52 1807 1863
	52 1808 1864
	52 1808 1862
	52 1809 1863
	52 1860 1915
	52 2015 2071
	52 2016 2072
	52 2016 2070
	52 2017 2071
	52 2068 2123
	52 2172 2227
	51 1600 1657
	51 1601 1656
	51 1601 1654
	51 1602 1655
	51 1703 1759
	51 1704 1760
	51 1704 1758
	51 1705 1759
	51 1756 1811
	51 1806 1863
	51 1807 1864
	51 1807 1862
	51 1808 1865
	51 1808 1861
	51 1809 1864
	51 1809 1862
	51 1810 1863
	51 1859 1915
	51 1860 1914
	51 1860 1916
	51 1861 1915
	51 1964 2019
	51 2014 2071
	51 2015 2070
	51 2015 2072
	51 2016 2073
	51 2016 2069
	51 2017 2070
	51 2017 2072
	51 2018 2071
	51 2067 2123
	51 2068 2122
	51 2068 2124
	51 2069 2123
	51 2120 2175
	51 2171 2227
	51 2172 2226
	51 2172 2228
	51 2173 2227
___________
(2040, 2100, 1863, 1920)	56
	56 1863 1920
	55 1863 1921
	55 1864 1920
	55 2019 2076
	55 2123 2180
	54 1863 1922
	54 1864 1921
	54 1864 1919
	54 1865 1920
	54 1967 2024
	54 2018 2076
	54 2019 2075
	54 2019 2077
	54 2020 2076
	54 2071 2128
	54 2122 2180
	54 2123 2179
	54 2123 2181
	54 2124 2180
	54 2175 2232
	54 2227 2284
___________
(2100, 2160, 2128, 2186)	56
	56 2128 2187
	56 2128 2188
	56 2128 2186
	55 2128 2189
	55 2129 2186
	55 2129 2187
	55 2129 2188
	54 2128 2190
	54 2129 2185
	54 2129 2189
	54 2130 2187
	54 2130 2188
	54 2130 2186
	54 2180 2238
	54 2180 2239
	54 2180 2240
	54 2232 2290
	54 2232 2291
	54 2232 2292
	54 2284 2342
	54 2284 2343
	54 2284 2344
___________
(2160, 2220, 1980, 2038)	58
	58 1980 2038
	58 2240 2298
	57 1980 2039
	57 1981 2038
	57 2239 2298
	57 2240 2299
	57 2240 2297
	57 2241 2298
	57 2292 2350
	57 2344 2402
	56 1980 2040
	56 1981 2037
	56 1981 2039
	56 1982 2038
	56 2032 2090
	56 2084 2142
	56 2136 2194
	56 2188 2246
	56 2238 2298
	56 2239 2299
	56 2239 2297
	56 2240 2296
	56 2240 2300
	56 2241 2297
	56 2241 2299
	56 2242 2298
	56 2291 2350
	56 2292 2349
	56 2292 2351
	56 2293 2350
	56 2343 2402
	56 2344 2401
	56 2344 2403
	56 2345 2402
___________
(2220, 2280, 2194, 2252)	54
	54 2194 2252
	54 2298 2356
	54 2350 2408
	53 2194 2253
	53 2195 2252
	53 2246 2304
	53 2297 2356
	53 2298 2357
	53 2298 2355
	53 2299 2356
	53 2349 2408
	53 2350 2407
	53 2350 2409
	53 2351 2408
	53 2402 2460
	52 2194 2254
	52 2195 2253
	52 2195 2251
	52 2196 2252
	52 2245 2304
	52 2246 2305
	52 2246 2303
	52 2247 2304
	52 2296 2356
	52 2297 2357
	52 2297 2355
	52 2298 2354
	52 2298 2358
	52 2299 2355
	52 2299 2357
	52 2300 2356
	52 2348 2408
	52 2349 2409
	52 2349 2407
	52 2350 2406
	52 2350 2410
	52 2351 2407
	52 2351 2409
	52 2352 2408
	52 2401 2460
	52 2402 2459
	52 2402 2461
	52 2403 2460
___________
(2280, 2340, 2408, 2466)	56
	56 2408 2466
	55 2408 2467
	55 2409 2466
	54 2408 2468
	54 2409 2465
	54 2409 2467
	54 2410 2466
(2340, 2400, 2466, 2522)	55
	55 2466 2522
	54 2466 2523
	54 2467 2522
	53 2466 2524
	53 2467 2521
	53 2467 2523
	53 2468 2522
(2400, 2460, 2522, 2580)	58
	58 2522 2580
	57 2522 2581
	57 2523 2580
	56 2522 2582
	56 2523 2579
	56 2523 2581
	56 2524 2580
(2460, 2520, 2580, 2638)	54
	54 2580 2638
	53 2580 2639
	53 2581 2638
	52 2580 2640
	52 2581 2637
	52 2581 2639
	52 2582 2638
(2520, 2580, 2638, 2694)	50
	50 2638 2694
	49 2638 2695
	49 2639 2694
	48 2638 2696
	48 2639 2693
	48 2639 2695
	48 2640 2694
(2580, 2640, 2694, 2753)	57
	57 2694 2753
	56 2694 2754
	56 2695 2753
	55 2694 2755
	55 2695 2752
	55 2695 2754
	55 2696 2753
(2640, 2700, 2753, 2810)	57
	57 2753 2810
	56 2753 2811
	56 2754 2810
	55 2753 2812
	55 2754 2809
	55 2754 2811
	55 2755 2810
(2700, 2760, 2808, 2868)	57
	57 2808 2869
	57 2808 2868
	57 2809 2868
	57 2809 2869
	57 2810 2869
	57 2810 2868
	56 2808 2870
	56 2809 2867
	56 2809 2870
	56 2810 2867
	56 2810 2870
	56 2811 2868
	56 2811 2869
	55 2808 2871
	55 2809 2871
	55 2809 2866
	55 2810 2866
	55 2810 2871
	55 2811 2867
	55 2811 2870
	55 2812 2868
	55 2812 2869
(2760, 2820, 2869, 2926)	56
	56 2869 2926
	55 2869 2927
	55 2870 2926
	54 2869 2928
	54 2870 2925
	54 2870 2927
	54 2871 2926
(2820, 2880, 2926, 2986)	58
	58 2926 2986
	57 2926 2987
	57 2927 2986
	56 2926 2988
	56 2927 2985
	56 2927 2987
	56 2928 2986
(2880, 2940, 2986, 3044)	58
	58 2986 3044
	57 2986 3045
	57 2987 3044
	56 2986 3046
	56 2987 3043
	56 2987 3045
	56 2988 3044
(2940, 3000, 3044, 3106)	57
	57 3044 3106
	56 3044 3107
	56 3045 3106
	55 3044 3108
	55 3045 3105
	55 3045 3107
	55 3046 3106
(3000, 3060, 3106, 3165)	58
	58 3106 3165
	57 3106 3166
	57 3107 3165
	56 3106 3167
	56 3107 3164
	56 3107 3166
	56 3108 3165
(3060, 3120, 3165, 3225)	58
	58 3165 3225
	57 3165 3226
	57 3166 3225
	57 3167 3225
	57 3168 3225
	56 3165 3227
	56 3166 3224
	56 3166 3226
	56 3167 3224
	56 3167 3226
	56 3168 3224
	56 3168 3226
	56 3169 3225
(3120, 3180, 3225, 3281)	56
	56 3225 3281
	55 3225 3282
	55 3226 3281
	54 3225 3283
	54 3226 3280
	54 3226 3282
	54 3227 3281
(3180, 3240, 3279, 3339)	58
	58 3279 3339
	58 3280 3339
	58 3281 3339
	57 3279 3340
	57 3280 3338
	57 3280 3340
	57 3281 3338
	57 3281 3340
	57 3282 3339
	56 3279 3341
	56 3280 3337
	56 3280 3341
	56 3281 3337
	56 3281 3341
	56 3282 3338
	56 3282 3340
	56 3283 3339
(3240, 3300, 3339, 3396)	55
	55 3339 3396
	54 3339 3397
	54 3340 3396
	53 3339 3398
	53 3340 3395
	53 3340 3397
	53 3341 3396
(3300, 3360, 3396, 3455)	57
	57 3396 3455
	56 3396 3456
	56 3397 3455
	55 3396 3457
	55 3397 3454
	55 3397 3456
	55 3398 3455
(3360, 3420, 3455, 3512)	57
	57 3455 3512
	56 3455 3513
	56 3456 3512
	55 3455 3514
	55 3456 3511
	55 3456 3513
	55 3457 3512
(3420, 3480, 3513, 3573)	56
	56 3513 3573
	55 3513 3574
	55 3514 3573
	54 3513 3575
	54 3514 3572
	54 3514 3574
	54 3515 3573
(3480, 3540, 3573, 3633)	58
	58 3573 3633
	57 3573 3634
	57 3574 3633
	56 3573 3635
	56 3574 3632
	56 3574 3634
	56 3575 3633
(3540, 3600, 3633, 3694)	57
	57 3633 3694
	56 3633 3695
	56 3634 3694
	55 3633 3696
	55 3634 3693
	55 3634 3695
	55 3635 3694
(3600, 3660, 3694, 3755)	54
	54 3694 3755
	53 3694 3756
	53 3695 3755
	53 3696 3755
	52 3694 3757
	52 3695 3754
	52 3695 3756
	52 3696 3754
	52 3696 3756
	52 3697 3755
(3660, 3720, 3755, 3809)	54
	54 3755 3809
	53 3755 3810
	53 3756 3809
	52 3755 3811
	52 3755 3813
	52 3756 3808
	52 3756 3810
	52 3757 3809
(3720, 3780, 3808, 3858)	50
	50 3808 3858
	50 3808 3859
	49 3808 3860
	49 3808 3861
	49 3809 3858
	49 3809 3859
	48 3808 3862
	48 3809 3857
	48 3809 3860
	48 3809 3861
	48 3810 3858
	48 3810 3859
(3780, 3840, 3858, 3914)	55
	55 3858 3914
	54 3858 3915
	54 3859 3914
	53 3858 3916
	53 3859 3913
	53 3859 3915
	53 3860 3914
(3840, 3900, 3914, 3976)	55
	55 3914 3976
	54 3914 3977
	54 3915 3976
	53 3914 3978
	53 3915 3975
	53 3915 3977
	53 3916 3976
(3900, 3960, 3976, 4031)	55
	55 3976 4031
	54 3976 4032
	54 3977 4031
	53 3976 4033
	53 3977 4030
	53 3977 4032
	53 3978 4031
(3960, 4020, 4031, 4088)	56
	56 4031 4088
	55 4031 4089
	55 4032 4088
	54 4031 4090
	54 4032 4087
	54 4032 4089
	54 4033 4088
(4020, 4080, 4087, 4143)	55
	55 4087 4143
	55 4088 4143
	54 4087 4144
	54 4088 4142
	54 4088 4144
	54 4089 4143
	53 4087 4145
	53 4088 4141
	53 4088 4145
	53 4089 4142
	53 4089 4144
	53 4090 4143
(4080, 4140, 4144, 4202)	58
	58 4144 4202
	57 4144 4203
	57 4145 4202
	56 4144 4204
	56 4145 4201
	56 4145 4203
	56 4146 4202
(4140, 4200, 4202, 4262)	57
	57 4202 4262
	56 4202 4263
	56 4203 4262
	55 4202 4264
	55 4203 4260
	55 4203 4261
	55 4203 4263
	55 4204 4262
(4200, 4260, 4260, 4317)	55
	55 4260 4317
	54 4260 4318
	54 4261 4317
	53 4260 4319
	53 4261 4316
	53 4261 4318
	53 4262 4317
(4260, 4320, 4317, 4374)	55
	55 4317 4374
	54 4317 4375
	54 4318 4374
	53 4317 4376
	53 4318 4373
	53 4318 4375
	53 4319 4374
(4320, 4380, 4374, 4434)	55
	55 4374 4434
	54 4374 4435
	54 4374 4436
	54 4374 4437
	54 4375 4434
	53 4374 4438
	53 4375 4433
	53 4375 4435
	53 4375 4436
	53 4375 4437
	53 4376 4434
(4380, 4440, 4434, 4492)	58
	58 4434 4492
	57 4434 4493
	57 4435 4492
	56 4434 4494
	56 4435 4491
	56 4435 4493
	56 4436 4492
(4440, 4500, 4492, 4548)	54
	54 4492 4548
	53 4492 4549
	53 4493 4548
	52 4492 4550
	52 4493 4547
	52 4493 4549
	52 4494 4548
(4500, 4560, 4548, 4607)	57
	57 4548 4607
	56 4548 4608
	56 4549 4607
	55 4548 4609
	55 4549 4606
	55 4549 4608
	55 4550 4607
(4560, 4620, 4607, 4662)	54
	54 4607 4662
	53 4607 4663
	53 4608 4662
	52 4607 4664
	52 4608 4661
	52 4608 4663
	52 4609 4662
(4620, 4680, 4662, 4720)	58
	58 4662 4720
	57 4662 4721
	57 4663 4720
	56 4662 4722
	56 4663 4719
	56 4663 4721
	56 4664 4720
(4680, 4740, 4720, 4781)	57
	57 4720 4781
	56 4720 4782
	56 4721 4781
	55 4720 4783
	55 4721 4780
	55 4721 4782
	55 4722 4781
(4740, 4800, 4781, 4840)	57
	57 4781 4840
	56 4781 4841
	56 4782 4840
	55 4781 4842
	55 4782 4839
	55 4782 4841
	55 4783 4840
	55 4784 4840
(4800, 4860, 4840, 4897)	57
	57 4840 4897
	56 4840 4898
	56 4841 4897
	55 4840 4899
	55 4841 4896
	55 4841 4898
	55 4842 4897
(4860, 4920, 4897, 4957)	60
	60 4897 4957
	59 4897 4958
	59 4898 4957
	58 4897 4959
	58 4898 4956
	58 4898 4958
	58 4899 4957
(4920, 4980, 4957, 5013)	53
	53 4957 5013
	53 4957 5014
	52 4957 5015
	52 4958 5013
	52 4958 5014
	51 4957 5016
	51 4958 5011
	51 4958 5012
	51 4958 5015
	51 4959 5013
	51 4959 5014
(4980, 5040, 5014, 5070)	55
	55 5014 5070
	54 5014 5071
	54 5015 5070
	53 5014 5072
	53 5015 5069
	53 5015 5071
	53 5016 5070
(5040, 5100, 5070, 5130)	57
	57 5070 5130
	56 5070 5131
	56 5071 5130
	55 5070 5132
	55 5071 5129
	55 5071 5131
	55 5072 5130
(5100, 5160, 5130, 5187)	55
	55 5130 5187
	54 5130 5188
	54 5131 5187
	54 5132 5187
	54 5133 5187
	53 5130 5189
	53 5131 5186
	53 5131 5188
	53 5132 5186
	53 5132 5188
	53 5133 5186
	53 5133 5188
	53 5134 5187
(5160, 5220, 5187, 5245)	54
	54 5187 5245
	53 5187 5246
	53 5188 5245
	52 5187 5247
	52 5188 5244
	52 5188 5246
	52 5189 5245
(5220, 5280, 5245, 5305)	56
	56 5245 5305
	55 5245 5306
	55 5246 5305
	54 5245 5307
	54 5246 5304
	54 5246 5306
	54 5247 5305
(5280, 5340, 5305, 5368)	55
	55 5305 5368
	54 5305 5369
	54 5306 5368
	53 5305 5370
	53 5306 5367
	53 5306 5369
	53 5307 5368
(5340, 5400, 5368, 5429)	55
	55 5368 5429
	54 5368 5430
	54 5369 5429
	53 5368 5431
	53 5369 5428
	53 5369 5430
	53 5370 5429
(5400, 5460, 5429, 5483)	54
	54 5429 5483
	53 5429 5484
	53 5430 5483
	52 5429 5485
	52 5430 5482
	52 5430 5484
	52 5431 5483
(5460, 5520, 5483, 5542)	54
	54 5483 5542
	53 5483 5543
	53 5484 5542
	52 5483 5544
	52 5484 5541
	52 5484 5543
	52 5485 5542
(5520, 5580, 5542, 5600)	55
	55 5542 5600
	54 5542 5601
	54 5543 5600
	53 5542 5602
	53 5542 5603
	53 5542 5604
	53 5543 5599
	53 5543 5601
	53 5544 5600
(5580, 5640, 5598, 5657)	55
	55 5598 5657
	55 5598 5658
	54 5598 5659
	54 5599 5657
	54 5599 5658
	53 5598 5660
	53 5599 5656
	53 5599 5659
	53 5600 5657
	53 5600 5658
(5640, 5700, 5660, 5718)	57
	57 5660 5718
	57 5661 5718
	56 5660 5719
	56 5661 5717
	56 5661 5719
	56 5662 5718
	55 5660 5720
	55 5661 5716
	55 5661 5720
	55 5662 5717
	55 5662 5719
	55 5663 5718
(5700, 5760, 5718, 5772)	50
	50 5718 5772
	49 5718 5773
	49 5718 5774
	49 5719 5772
	48 5718 5775
	48 5719 5771
	48 5719 5773
	48 5719 5774
	48 5720 5772
(5760, 5820, 5772, 5830)	56
	56 5772 5830
	55 5772 5831
	55 5773 5830
	54 5772 5832
	54 5773 5829
	54 5773 5831
	54 5774 5830
(5820, 5880, 5830, 5888)	54
	54 5830 5888
	53 5830 5889
	53 5831 5888
	52 5830 5890
	52 5831 5887
	52 5831 5889
	52 5832 5888
(5880, 5940, 5888, 5943)	55
	55 5888 5943
	54 5888 5944
	54 5889 5943
	53 5888 5945
	53 5889 5942
	53 5889 5944
	53 5890 5943
(5940, 6000, 5943, 6000)	53
	53 5943 6000
	53 5943 6001
	53 5943 6002
	52 5943 6003
	52 5944 6000
	52 5944 6001
	52 5944 6002
	51 5943 6004
	51 5944 5999
	51 5944 6003
	51 5945 6000
	51 5945 6001
	51 5945 6002
(6000, 6060, 6002, 6063)	55
	55 6002 6063
	54 6002 6064
	54 6003 6063
	53 6002 6065
	53 6003 6062
	53 6003 6064
	53 6004 6063
(6060, 6120, 6063, 6120)	56
	56 6063 6120
	55 6063 6121
	55 6064 6120
	54 6063 6122
	54 6064 6119
	54 6064 6121
	54 6065 6120
(6120, 6180, 6120, 6179)	57
	57 6120 6179
	56 6120 6180
	56 6121 6179
	55 6120 6181
	55 6121 6178
	55 6121 6180
	55 6122 6179
(6180, 6240, 6179, 6237)	56
	56 6179 6237
	55 6179 6238
	55 6180 6237
	54 6179 6239
	54 6180 6236
	54 6180 6238
	54 6181 6237
(6240, 6300, 6237, 6295)	56
	56 6237 6295
	55 6237 6296
	55 6238 6295
	54 6237 6297
	54 6238 6294
	54 6238 6296
	54 6239 6295
(6300, 6360, 6295, 6354)	57
	57 6295 6354
	57 6295 6355
	56 6295 6356
	56 6296 6354
	56 6296 6355
	55 6295 6357
	55 6296 6353
	55 6296 6356
	55 6297 6354
	55 6297 6355
(6360, 6420, 6354, 6414)	58
	58 6354 6414
	57 6354 6415
	57 6355 6414
	56 6354 6416
	56 6355 6411
	56 6355 6412
	56 6355 6413
	56 6355 6415
	56 6356 6414
(6420, 6480, 6414, 6474)	52
	52 6414 6474
	51 6414 6475
	51 6415 6474
	50 6414 6476
	50 6415 6473
	50 6415 6475
	50 6416 6474
(6480, 6540, 6474, 6533)	56
	56 6474 6533
	56 6474 6534
	56 6474 6535
	55 6474 6536
	55 6475 6533
	55 6475 6534
	55 6475 6535
	54 6474 6537
	54 6475 6531
	54 6475 6532
	54 6475 6536
	54 6476 6533
	54 6476 6534
	54 6476 6535
(6540, 6600, 6535, 6593)	57
	57 6535 6593
	56 6535 6594
	56 6536 6593
	55 6535 6595
	55 6536 6592
	55 6536 6594
	55 6537 6593
(6600, 6660, 6592, 6649)	55
	55 6592 6649
	54 6592 6650
	54 6593 6649
	53 6592 6651
	53 6593 6646
	53 6593 6648
	53 6593 6650
	53 6594 6649
(6660, 6720, 6649, 6707)	50
	50 6649 6707
	49 6649 6708
	49 6650 6707
	48 6649 6709
	48 6650 6704
	48 6650 6705
	48 6650 6706
	48 6650 6708
	48 6651 6707
(6720, 6780, 6707, 6765)	56
	56 6707 6765
	55 6707 6766
	55 6708 6765
	54 6707 6767
	54 6708 6764
	54 6708 6766
	54 6709 6765
(6780, 6840, 6765, 6823)	56
	56 6765 6823
	55 6765 6824
	55 6766 6823
	54 6765 6825
	54 6766 6822
	54 6766 6824
	54 6767 6823
(6840, 6900, 6823, 6879)	55
	55 6823 6879
	55 6823 6880
	54 6823 6881
	54 6824 6879
	54 6824 6880
	53 6823 6882
	53 6823 6883
	53 6824 6878
	53 6824 6881
	53 6825 6879
	53 6825 6880
(6900, 6960, 6879, 6933)	54
	54 6879 6933
	53 6879 6934
	53 6880 6933
	52 6879 6935
	52 6880 6932
	52 6880 6934
	52 6881 6933
(6960, 7020, 6933, 6990)	55
	55 6933 6990
	54 6933 6991
	54 6934 6990
	53 6933 6992
	53 6934 6989
	53 6934 6991
	53 6935 6990
(7020, 7080, 6990, 7050)	56
	56 6990 7050
	55 6990 7051
	55 6991 7050
	54 6990 7052
	54 6991 7049
	54 6991 7051
	54 6992 7050
(7080, 7140, 7050, 7104)	54
	54 7050 7104
	53 7050 7105
	53 7051 7104
	52 7050 7106
	52 7051 7103
	52 7051 7105
	52 7052 7104
(7140, 7200, 7104, 7166)	58
	58 7104 7166
	57 7104 7167
	57 7105 7166
	56 7104 7168
	56 7105 7165
	56 7105 7167
	56 7106 7166
(7200, 7260, 7166, 7222)	55
	55 7166 7222
	54 7166 7223
	54 7167 7222
	53 7166 7224
	53 7167 7221
	53 7167 7223
	53 7168 7222
(7260, 7320, 7222, 7276)	50
	50 7222 7276
	49 7222 7277
	49 7223 7276
	48 7222 7278
	48 7223 7275
	48 7223 7277
	48 7224 7276
(7320, 7380, 7276, 7332)	54
	54 7276 7332
	54 7276 7333
	53 7276 7334
	53 7277 7332
	53 7277 7333
	52 7276 7335
	52 7277 7331
	52 7277 7334
	52 7278 7332
	52 7278 7333
(7380, 7440, 7332, 7389)	57
	57 7332 7389
	56 7332 7390
	56 7333 7389
	55 7332 7391
	55 7333 7388
	55 7333 7390
	55 7334 7389
(7440, 7500, 7389, 7449)	53
	53 7389 7449
	52 7389 7450
	52 7390 7449
	51 7389 7451
	51 7390 7448
	51 7390 7450
	51 7391 7449
(7500, 7560, 7449, 7508)	57
	57 7449 7508
	57 7450 7508
	57 7451 7508
	56 7449 7509
	56 7450 7507
	56 7450 7509
	56 7451 7507
	56 7451 7509
	56 7452 7508
	55 7449 7510
	55 7450 7506
	55 7450 7510
	55 7451 7506
	55 7451 7510
	55 7452 7507
	55 7452 7509
	55 7453 7508
(7560, 7620, 7508, 7569)	53
	53 7508 7569
	52 7508 7570
	52 7508 7571
	52 7509 7569
	51 7508 7572
	51 7509 7568
	51 7509 7570
	51 7509 7571
	51 7510 7569
(7620, 7680, 7568, 7627)	57
	57 7568 7627
	56 7568 7628
	56 7569 7627
	55 7568 7629
	55 7569 7626
	55 7569 7628
	55 7570 7627
(7680, 7740, 7627, 7687)	58
	58 7627 7687
	57 7627 7688
	57 7628 7687
	56 7627 7689
	56 7628 7686
	56 7628 7688
	56 7629 7687
(7740, 7800, 7687, 7749)	58
	58 7687 7749
	57 7687 7750
	57 7688 7749
	56 7687 7751
	56 7688 7748
	56 7688 7750
	56 7689 7749
(7800, 7860, 7748, 7806)	57
	57 7748 7806
	57 7749 7806
	56 7748 7807
	56 7749 7805
	56 7749 7807
	56 7750 7806
	55 7748 7808
	55 7749 7804
	55 7749 7808
	55 7750 7805
	55 7750 7807
	55 7751 7806
(7860, 7920, 7806, 7862)	51
	51 7806 7862
	50 7806 7863
	50 7807 7862
	49 7806 7864
	49 7807 7861
	49 7807 7863
	49 7808 7862
	49 7809 7862
(7920, 7980, 7859, 7915)	53
	53 7859 7915
	53 7860 7915
	53 7861 7915
	52 7859 7916
	52 7860 7914
	52 7860 7916
	52 7861 7914
	52 7861 7916
	52 7862 7915
	51 7859 7917
	51 7860 7913
	51 7860 7917
	51 7861 7913
	51 7861 7917
	51 7862 7914
	51 7862 7916
	51 7863 7915
(7980, 8040, 7915, 7973)	56
	56 7915 7973
	55 7915 7974
	55 7916 7973
	54 7915 7975
	54 7916 7972
	54 7916 7974
	54 7917 7973
(8040, 8100, 7973, 8034)	59
	59 7973 8034
	58 7973 8035
	58 7974 8034
	57 7973 8036
	57 7974 8033
	57 7974 8035
	57 7975 8034
(8100, 8160, 8034, 8093)	59
	59 8034 8093
	58 8034 8094
	58 8035 8093
	57 8034 8095
	57 8035 8092
	57 8035 8094
	57 8036 8093
(8160, 8220, 8092, 8148)	56
	56 8092 8148
	55 8092 8149
	55 8093 8148
	54 8092 8150
	54 8093 8147
	54 8093 8149
	54 8094 8148
(8220, 8280, 8148, 8205)	56
	56 8148 8205
	55 8148 8206
	55 8149 8205
	54 8148 8207
	54 8149 8204
	54 8149 8206
	54 8150 8205
(8280, 8340, 8205, 8266)	50
	50 8205 8266
	49 8205 8267
	49 8206 8266
	48 8205 8268
	48 8206 8264
	48 8206 8265
	48 8206 8267
	48 8207 8266
	48 8208 8266
	48 8209 8266
(8340, 8400, 8266, 8324)	57
	57 8266 8324
	56 8266 8325
	56 8267 8324
	55 8266 8326
	55 8267 8323
	55 8267 8325
	55 8268 8324
(8400, 8460, 8324, 8383)	55
	55 8324 8383
	55 8324 8386
	54 8324 8384
	54 8324 8385
	54 8324 8387
	54 8325 8383
	54 8325 8386
	53 8324 8388
	53 8325 8381
	53 8325 8382
	53 8325 8384
	53 8325 8385
	53 8325 8387
	53 8326 8383
	53 8326 8386
(8460, 8520, 8386, 8448)	58
	58 8386 8448
	57 8386 8449
	57 8387 8448
	56 8386 8450
	56 8387 8447
	56 8387 8449
	56 8388 8448
(8520, 8580, 8448, 8510)	55
	55 8448 8510
	55 8449 8510
	55 8450 8510
	54 8448 8511
	54 8449 8509
	54 8449 8511
	54 8450 8509
	54 8450 8511
	54 8451 8510
	53 8448 8512
	53 8449 8508
	53 8449 8512
	53 8450 8508
	53 8450 8512
	53 8451 8509
	53 8451 8511
	53 8452 8510
(8580, 8640, 8512, 8571)	52
	52 8512 8571
	51 8512 8572
	51 8512 8573
	51 8513 8571
	51 8514 8571
	50 8512 8574
	50 8513 8570
	50 8513 8572
	50 8513 8573
	50 8514 8570
	50 8514 8572
	50 8514 8573
	50 8515 8571
	50 8516 8571
	50 8517 8571
	50 8518 8571
(8640, 8700, 8571, 8632)	57
	57 8571 8632
	56 8571 8633
	56 8572 8632
	55 8571 8634
	55 8572 8631
	55 8572 8633
	55 8573 8632
(8700, 8760, 8632, 8692)	57
	57 8632 8692
	56 8632 8693
	56 8633 8692
	55 8632 8694
	55 8633 8691
	55 8633 8693
	55 8634 8692
(8760, 8820, 8692, 8753)	53
	53 8692 8753
	53 8693 8753
	53 8694 8753
	52 8692 8754
	52 8693 8748
	52 8693 8754
	52 8693 8752
	52 8694 8748
	52 8694 8754
	52 8694 8752
	52 8695 8753
	51 8692 8755
	51 8693 8751
	51 8693 8755
	51 8693 8750
	51 8693 8749
	51 8693 8747
	51 8694 8747
	51 8694 8749
	51 8694 8750
	51 8694 8751
	51 8694 8755
	51 8695 8748
	51 8695 8752
	51 8695 8754
	51 8696 8753
(8820, 8880, 8753, 8811)	58
	58 8753 8811
	57 8753 8812
	57 8754 8811
	56 8753 8813
	56 8754 8810
	56 8754 8812
	56 8755 8811
___________
(8880, 8940, 8803, 8862)	55
	55 8803 8862
	54 8803 8863
	54 8804 8862
	53 8803 8864
	53 8804 8861
	53 8804 8863
	53 8805 8862
	53 8806 8862
	53 8807 8862
(8940, 9000, 8862, 8923)	58
	58 8862 8923
	57 8862 8924
	57 8863 8923
	56 8862 8925
	56 8863 8922
	56 8863 8924
	56 8864 8923
(9000, 9060, 8924, 8982)	52
	52 8924 8982
	51 8924 8983
	51 8925 8982
	51 8927 8982
	50 8924 8984
	50 8925 8981
	50 8925 8983
	50 8926 8982
	50 8927 8981
	50 8927 8983
	50 8928 8982
(9060, 9120, 8982, 9042)	55
	55 8982 9042
	55 8982 9044
	54 8982 9043
	54 8982 9045
	54 8983 9042
	54 8983 9044
	53 8982 9046
	53 8983 9041
	53 8983 9043
	53 8983 9045
	53 8984 9042
	53 8984 9044
___________
(9120, 9180, 9026, 9085)	51
	51 9026 9085
	50 9026 9086
	50 9027 9085
	50 9028 9085
	50 9029 9085
	49 9026 9087
	49 9027 9084
	49 9027 9083
	49 9027 9086
	49 9028 9083
	49 9028 9084
	49 9028 9086
	49 9029 9083
	49 9029 9084
	49 9029 9086
	49 9030 9085
	49 9058 9113
	49 9058 9114
___________
(9180, 9240, 9031, 9093)	52
	52 9031 9093
	52 9035 9093
	51 9031 9094
	51 9032 9093
	51 9034 9093
	51 9035 9094
	51 9035 9092
	51 9036 9093
	50 9031 9095
	50 9032 9092
	50 9032 9094
	50 9033 9093
	50 9034 9094
	50 9034 9092
	50 9035 9091
	50 9035 9095
	50 9036 9092
	50 9036 9094
	50 9037 9093
___________
(9240, 9300, 9029, 9084)	50
	50 9029 9084
	49 9029 9085
	49 9029 9088
	49 9030 9084
	49 9061 9120
	49 9061 9124
	49 9061 9117
	49 9061 9116
	49 9061 9115
	49 9061 9114
	49 9061 9113
	48 9029 9086
	48 9029 9089
	48 9029 9091
	48 9029 9087
	48 9030 9083
	48 9030 9085
	48 9030 9088
	48 9031 9084
	48 9060 9115
	48 9060 9124
	48 9060 9120
	48 9060 9117
	48 9060 9116
	48 9060 9114
	48 9060 9113
	48 9061 9112
	48 9061 9125
	48 9061 9123
	48 9061 9121
	48 9061 9119
	48 9061 9118
	48 9062 9113
	48 9062 9114
	48 9062 9115
	48 9062 9116
	48 9062 9117
	48 9062 9120
	48 9062 9124
___________
(9300, 9360, 9021, 9082)	54
	54 9021 9082
	53 9021 9083
	53 9022 9082
	53 9053 9114
	53 9053 9111
	52 9021 9084
	52 9022 9078
	52 9022 9081
	52 9022 9083
	52 9023 9082
	52 9042 9103
	52 9052 9114
	52 9052 9111
	52 9053 9110
	52 9053 9109
	52 9053 9112
	52 9053 9113
	52 9053 9115
	52 9054 9111
	52 9054 9114
___________
(9360, 9420, 9026, 9086)	54
	54 9026 9086
	54 9027 9086
	54 9028 9086
	53 9026 9087
	53 9026 9089
	53 9026 9090
	53 9027 9085
	53 9027 9090
	53 9027 9089
	53 9027 9087
	53 9027 9084
	53 9027 9083
	53 9028 9087
	53 9028 9089
	53 9028 9090
	53 9028 9085
	53 9028 9083
	53 9028 9084
	53 9029 9086
	53 9058 9119
	53 9058 9118
	53 9059 9118
	53 9059 9119
	53 9060 9118
	53 9060 9119
	52 9026 9091
	52 9026 9088
	52 9027 9091
	52 9027 9082
	52 9027 9088
	52 9028 9091
	52 9028 9082
	52 9028 9088
	52 9029 9085
	52 9029 9084
	52 9029 9087
	52 9029 9089
	52 9029 9090
	52 9029 9083
	52 9030 9086
	52 9057 9118
	52 9057 9119
	52 9058 9117
	52 9058 9120
	52 9058 9116
	52 9058 9115
	52 9058 9114
	52 9059 9114
	52 9059 9115
	52 9059 9116
	52 9059 9117
	52 9059 9120
	52 9060 9114
	52 9060 9115
	52 9060 9116
	52 9060 9117
	52 9060 9120
	52 9061 9118
	52 9061 9119
___________
(9420, 9480, 9039, 9099)	49
	49 9039 9099
	49 9040 9099
	48 9039 9100
	48 9040 9098
	48 9040 9100
	48 9041 9099
	47 9039 9101
	47 9040 9097
	47 9040 9101
	47 9041 9098
	47 9041 9100
	47 9042 9099
	47 9071 9125
	47 9071 9129
	47 9072 9125
	47 9072 9129
___________
(9480, 9540, 9035, 9090)	54
	54 9035 9090
	54 9035 9091
	53 9035 9092
	53 9036 9090
	53 9036 9091
	52 9035 9093
	52 9036 9089
	52 9036 9092
	52 9037 9090
	52 9037 9091
	52 9046 9100
	52 9046 9101
___________
(9540, 9600, 9034, 9097)	56
	56 9034 9097
	55 9034 9098
	55 9035 9097
	55 9037 9097
	55 9038 9097
	54 9034 9099
	54 9035 9096
	54 9035 9098
	54 9036 9097
	54 9037 9096
	54 9037 9098
	54 9038 9096
	54 9038 9098
	54 9039 9097
___________
(9600, 9660, 8991, 9052)	52
	52 8991 9052
	52 8992 9052
	52 8993 9052
	52 9014 9073
	52 9015 9073
	52 9024 9084
	52 9025 9084
	51 8991 9053
	51 8992 9053
	51 8992 9051
	51 8993 9051
	51 8993 9053
	51 8994 9052
	51 8995 9052
	51 9012 9073
	51 9013 9073
	51 9014 9074
	51 9014 9072
	51 9015 9074
	51 9015 9072
	51 9016 9073
	51 9017 9073
	51 9023 9084
	51 9024 9085
	51 9024 9083
	51 9025 9083
	51 9025 9085
	51 9026 9084
	51 9027 9084
	51 9029 9084
	51 9030 9084
	51 9034 9094
	51 9035 9094
	51 9036 9094
	51 9037 9094
	51 9038 9094
	51 9044 9105
	51 9045 9105
	51 9046 9105
	51 9047 9105
	51 9048 9105
	51 9049 9105
	50 8991 9054
	50 8992 9054
	50 8992 9050
	50 8993 9050
	50 8993 9054
	50 8994 9051
	50 8994 9053
	50 8995 9051
	50 8995 9053
	50 8996 9052
	50 8997 9052
	50 9002 9062
	50 9003 9062
	50 9004 9062
	50 9005 9062
	50 9006 9062
	50 9011 9073
	50 9012 9074
	50 9012 9072
	50 9013 9074
	50 9013 9072
	50 9014 9071
	50 9014 9075
	50 9015 9075
	50 9015 9071
	50 9016 9072
	50 9016 9074
	50 9017 9072
	50 9017 9074
	50 9018 9073
	50 9022 9084
	50 9023 9085
	50 9023 9083
	50 9024 9086
	50 9024 9082
	50 9025 9086
	50 9025 9082
	50 9026 9083
	50 9026 9085
	50 9027 9083
	50 9027 9085
	50 9028 9084
	50 9029 9083
	50 9029 9085
	50 9030 9083
	50 9030 9085
	50 9031 9084
	50 9033 9094
	50 9034 9093
	50 9034 9095
	50 9035 9095
	50 9035 9093
	50 9036 9093
	50 9036 9095
	50 9037 9095
	50 9037 9093
	50 9038 9095
	50 9038 9093
	50 9039 9094
	50 9040 9094
	50 9043 9105
	50 9044 9106
	50 9044 9104
	50 9045 9106
	50 9045 9104
	50 9046 9104
	50 9046 9106
	50 9047 9104
	50 9047 9106
	50 9048 9104
	50 9048 9106
	50 9049 9104
	50 9049 9106
	50 9050 9105
(9660, 9720, 9053, 9111)	52
	52 9053 9111
	51 9053 9112
	51 9054 9111
	50 9053 9113
	50 9053 9114
	50 9054 9110
	50 9054 9112
	50 9055 9111
___________
(9720, 9780, 9036, 9094)	56
	56 9036 9094
	55 9036 9095
	55 9037 9094
	54 9036 9096
	54 9036 9097
	54 9036 9098
	54 9037 9093
	54 9037 9095
	54 9038 9094
___________
(9780, 9840, 9042, 9097)	55
	55 9042 9097
	54 9042 9098
	54 9043 9097
	53 9042 9099
	53 9043 9096
	53 9043 9098
	53 9044 9097
___________
(9840, 9900, 9033, 9091)	55
	55 9033 9091
	54 9033 9092
	54 9033 9093
	54 9034 9091
	53 9033 9094
	53 9034 9089
	53 9034 9090
	53 9034 9092
	53 9034 9093
	53 9035 9091
	53 9044 9101
	53 9044 9102
	53 9055 9113
___________
(9900, 9960, 9017, 9077)	56
	56 9017 9077
	56 9038 9098
	56 9049 9109
	55 9017 9078
	55 9018 9077
	55 9037 9098
	55 9038 9099
	55 9038 9097
	55 9039 9098
	55 9048 9109
	55 9049 9110
	55 9049 9108
	55 9050 9109
	54 9017 9079
	54 9018 9078
	54 9018 9076
	54 9019 9077
	54 9036 9098
	54 9037 9097
	54 9037 9099
	54 9038 9101
	54 9038 9102
	54 9038 9100
	54 9038 9096
	54 9038 9095
	54 9038 9094
	54 9039 9097
	54 9039 9099
	54 9040 9098
	54 9047 9109
	54 9048 9108
	54 9048 9110
	54 9049 9107
	54 9049 9111
	54 9050 9108
	54 9050 9110
	54 9051 9109
___________
(9960, 10020, 8970, 9031)	48
	48 8970 9031
	48 9002 9063
	48 9034 9095
	48 9045 9105
	48 9045 9106
	48 9045 9107
	47 8970 9032
	47 8971 9031
	47 8992 9054
	47 8992 9053
	47 8992 9052
	47 9001 9063
	47 9002 9064
	47 9002 9062
	47 9003 9063
	47 9013 9075
	47 9013 9074
	47 9013 9073
	47 9014 9074
	47 9014 9073
	47 9014 9075
	47 9033 9095
	47 9034 9094
	47 9034 9096
	47 9035 9095
	47 9044 9106
	47 9044 9107
	47 9044 9105
	47 9045 9099
	47 9045 9103
	47 9045 9104
	47 9045 9108
	47 9046 9107
	47 9046 9106
	47 9046 9105
	46 8970 9035
	46 8970 9033
	46 8971 9025
	46 8971 9032
	46 8971 9030
	46 8972 9031
	46 8990 9054
	46 8990 9053
	46 8990 9052
	46 8991 9052
	46 8991 9053
	46 8991 9054
	46 8992 9051
	46 8992 9055
	46 8993 9054
	46 8993 9052
	46 8993 9053
	46 9000 9063
	46 9001 9064
	46 9001 9062
	46 9002 9057
	46 9002 9060
	46 9002 9061
	46 9002 9067
	46 9002 9065
	46 9003 9062
	46 9003 9064
	46 9004 9063
	46 9012 9073
	46 9012 9074
	46 9012 9075
	46 9013 9076
	46 9013 9072
	46 9013 9071
	46 9013 9067
	46 9014 9076
	46 9014 9072
	46 9014 9071
	46 9014 9067
	46 9015 9074
	46 9015 9075
	46 9015 9073
	46 9032 9095
	46 9033 9094
	46 9033 9096
	46 9034 9099
	46 9034 9089
	46 9034 9092
	46 9034 9093
	46 9034 9097
	46 9035 9094
	46 9035 9096
	46 9036 9095
	46 9043 9107
	46 9043 9106
	46 9043 9105
	46 9044 9108
	46 9044 9104
	46 9044 9103
	46 9044 9099
	46 9045 9109
	46 9045 9102
	46 9045 9100
	46 9045 9098
	46 9045 9097
	46 9045 9096
	46 9045 9095
	46 9046 9099
	46 9046 9103
	46 9046 9104
	46 9046 9108
	46 9047 9105
	46 9047 9106
	46 9047 9107
	46 9066 9125
	46 9077 9137
(10020, 10080, 9032, 9087)	51
	51 9032 9089
	51 9032 9090
	51 9032 9091
	51 9032 9087
	51 9043 9101
	51 9043 9104
	51 9043 9100
	51 9043 9099
	51 9054 9112
	50 9032 9088
	50 9032 9093
	50 9032 9092
	50 9033 9089
	50 9033 9090
	50 9033 9091
	50 9033 9087
	50 9042 9100
	50 9042 9099
	50 9042 9101
	50 9042 9104
	50 9043 9102
	50 9043 9103
	50 9043 9105
	50 9043 9098
	50 9043 9097
	50 9044 9099
	50 9044 9100
	50 9044 9101
	50 9044 9104
	50 9053 9112
	50 9054 9113
	50 9054 9108
	50 9054 9110
	50 9054 9111
	50 9055 9112
	50 9064 9123
	50 9064 9125
	50 9064 9126
	49 9032 9094
	49 9033 9086
	49 9033 9088
	49 9033 9092
	49 9033 9093
	49 9034 9089
	49 9034 9087
	49 9034 9090
	49 9034 9091
	49 9041 9099
	49 9041 9100
	49 9041 9101
	49 9041 9104
	49 9042 9103
	49 9042 9097
	49 9042 9098
	49 9042 9105
	49 9042 9102
	49 9043 9108
	49 9043 9106
	49 9043 9096
	49 9043 9095
	49 9044 9098
	49 9044 9097
	49 9044 9102
	49 9044 9103
	49 9044 9105
	49 9045 9099
	49 9045 9104
	49 9045 9101
	49 9045 9100
	49 9050 9112
	49 9051 9112
	49 9052 9112
	49 9053 9108
	49 9053 9110
	49 9053 9111
	49 9053 9113
	49 9054 9114
	49 9054 9109
	49 9054 9107
	49 9055 9113
	49 9055 9111
	49 9055 9110
	49 9055 9108
	49 9056 9112
	49 9063 9123
	49 9063 9125
	49 9063 9126
	49 9064 9128
	49 9064 9127
	49 9064 9119
	49 9064 9124
	49 9064 9122
	49 9065 9123
	49 9065 9125
	49 9065 9126
___________
(10080, 10140, 9016, 9072)	52
	52 9016 9072
	52 9048 9104
	51 9016 9073
	51 9017 9072
	51 9047 9104
	51 9048 9105
	51 9048 9103
	51 9049 9104
	50 9016 9076
	50 9016 9074
	50 9017 9073
	50 9017 9071
	50 9018 9072
	50 9046 9104
	50 9047 9103
	50 9047 9105
	50 9048 9108
	50 9048 9106
	50 9048 9099
	50 9048 9102
	50 9048 9101
	50 9048 9100
	50 9049 9103
	50 9049 9105
	50 9050 9104
___________
(10140, 10200, 8997, 9053)	56
	56 8997 9053
	55 8997 9054
	55 8998 9053
	55 9028 9085
	55 9029 9085
	54 8997 9055
	54 8998 9052
	54 8998 9054
	54 8999 9053
	54 9027 9085
	54 9028 9084
	54 9028 9086
	54 9029 9084
	54 9029 9086
	54 9030 9085
	54 9031 9085
___________
(10200, 10260, 9021, 9084)	51
	51 9021 9084
	50 9021 9085
	50 9022 9084
	50 9027 9084
	50 9031 9084
	49 9021 9086
	49 9022 9083
	49 9022 9085
	49 9023 9084
	49 9026 9084
	49 9027 9083
	49 9027 9085
	49 9028 9084
	49 9030 9084
	49 9031 9083
	49 9031 9085
	49 9031 9094
	49 9032 9084
	49 9035 9084
___________
(10260, 10320, 9029, 9091)	53
	53 9029 9091
	52 9029 9092
	52 9029 9093
	52 9029 9094
	52 9030 9091
	52 9031 9091
	51 9029 9095
	51 9030 9093
	51 9030 9094
	51 9030 9092
	51 9030 9090
	51 9031 9090
	51 9031 9092
	51 9031 9093
	51 9031 9094
	51 9032 9091
	51 9041 9101
___________
(10320, 10380, 8997, 9059)	54
	54 8997 9059
	54 9028 9091
	54 9029 9091
	54 9031 9091
	54 9032 9091
	53 8997 9060
	53 8998 9059
	53 8999 9059
	53 9000 9059
	53 9027 9091
	53 9028 9092
	53 9028 9090
	53 9029 9090
	53 9029 9092
	53 9030 9091
	53 9031 9092
	53 9031 9090
	53 9032 9092
	53 9032 9090
	53 9033 9091
	53 9036 9091
	52 8997 9061
	52 8998 9060
	52 8998 9058
	52 8999 9060
	52 8999 9058
	52 9000 9060
	52 9000 9058
	52 9001 9059
	52 9004 9059
	52 9025 9091
	52 9026 9091
	52 9027 9092
	52 9027 9090
	52 9028 9093
	52 9028 9089
	52 9029 9089
	52 9029 9093
	52 9030 9092
	52 9030 9090
	52 9031 9089
	52 9031 9093
	52 9032 9093
	52 9032 9089
	52 9033 9090
	52 9033 9092
	52 9034 9091
	52 9035 9091
	52 9036 9090
	52 9036 9092
	52 9037 9091
___________
(10380, 10440, 9039, 9098)	55
	55 9039 9098
	55 9040 9098
	54 9039 9099
	54 9040 9097
	54 9040 9099
	54 9041 9098
	53 9039 9100
	53 9040 9096
	53 9040 9100
	53 9041 9097
	53 9041 9099
	53 9042 9098
___________
(10440, 10500, 9012, 9073)	48
	48 9012 9073
	48 9013 9073
	48 9014 9073
	48 9027 9084
	48 9045 9105
	47 9012 9074
	47 9012 9077
	47 9013 9074
	47 9013 9077
	47 9013 9072
	47 9014 9077
	47 9014 9072
	47 9014 9074
	47 9015 9073
	47 9024 9084
	47 9025 9084
	47 9026 9084
	47 9027 9085
	47 9027 9083
	47 9028 9084
	47 9029 9084
	47 9030 9084
	47 9034 9094
	47 9035 9094
	47 9038 9094
	47 9042 9105
	47 9044 9105
	47 9045 9104
	47 9045 9106
	47 9045 9109
	47 9046 9105
	47 9059 9113
	46 9012 9075
	46 9012 9076
	46 9012 9078
	46 9013 9075
	46 9013 9076
	46 9013 9071
	46 9013 9070
	46 9013 9078
	46 9013 9069
	46 9014 9076
	46 9014 9075
	46 9014 9071
	46 9014 9078
	46 9014 9069
	46 9014 9070
	46 9015 9074
	46 9015 9072
	46 9015 9077
	46 9016 9073
	46 9017 9073
	46 9021 9084
	46 9023 9084
	46 9024 9085
	46 9024 9083
	46 9025 9083
	46 9025 9085
	46 9026 9083
	46 9026 9085
	46 9027 9082
	46 9027 9081
	46 9027 9086
	46 9028 9085
	46 9028 9083
	46 9029 9085
	46 9029 9083
	46 9030 9094
	46 9030 9085
	46 9030 9083
	46 9031 9084
	46 9031 9094
	46 9033 9094
	46 9034 9095
	46 9034 9093
	46 9035 9095
	46 9035 9093
	46 9036 9094
	46 9037 9094
	46 9038 9093
	46 9038 9095
	46 9039 9094
	46 9040 9094
	46 9041 9105
	46 9041 9094
	46 9042 9094
	46 9042 9109
	46 9042 9106
	46 9042 9104
	46 9043 9105
	46 9044 9109
	46 9044 9106
	46 9044 9104
	46 9045 9110
	46 9045 9108
	46 9045 9103
	46 9045 9102
	46 9045 9107
	46 9045 9101
	46 9046 9104
	46 9046 9106
	46 9046 9109
	46 9047 9105
	46 9048 9105
	46 9049 9105
	46 9056 9113
	46 9057 9113
	46 9058 9113
	46 9059 9112
	46 9059 9114
	46 9060 9113
	46 9061 9113
	46 9062 9113
___________
(10500, 10560, 8998, 9055)	51
	51 8998 9056
	51 8998 9055
	51 9009 9065
	51 9020 9076
	51 9020 9077
	51 9029 9087
	51 9029 9088
	51 9030 9088
	51 9030 9087
	51 9031 9088
	51 9031 9087
	51 9041 9097
	51 9052 9109
	51 9052 9108
	50 8998 9057
	50 8998 9059
	50 8999 9056
	50 8999 9055
	50 9008 9065
	50 9009 9064
	50 9009 9066
	50 9009 9069
	50 9010 9065
	50 9011 9065
	50 9012 9065
	50 9019 9076
	50 9019 9077
	50 9020 9078
	50 9020 9080
	50 9020 9075
	50 9021 9076
	50 9021 9077
	50 9028 9087
	50 9028 9088
	50 9029 9089
	50 9029 9086
	50 9029 9091
	50 9030 9089
	50 9030 9086
	50 9030 9091
	50 9031 9086
	50 9031 9089
	50 9031 9091
	50 9032 9087
	50 9032 9088
	50 9033 9087
	50 9033 9088
	50 9040 9097
	50 9041 9096
	50 9041 9098
	50 9041 9101
	50 9042 9097
	50 9051 9109
	50 9051 9108
	50 9052 9107
	50 9052 9110
	50 9053 9109
	50 9053 9108
	49 8998 9058
	49 8998 9060
	49 8999 9057
	49 8999 9059
	49 8999 9054
	49 9000 9055
	49 9000 9056
	49 9001 9055
	49 9001 9056
	49 9007 9065
	49 9008 9064
	49 9008 9069
	49 9008 9066
	49 9009 9063
	49 9009 9067
	49 9009 9068
	49 9009 9070
	49 9010 9069
	49 9010 9066
	49 9010 9064
	49 9011 9069
	49 9011 9066
	49 9011 9064
	49 9012 9066
	49 9012 9069
	49 9012 9064
	49 9013 9065
	49 9018 9076
	49 9018 9077
	49 9019 9080
	49 9019 9078
	49 9019 9075
	49 9020 9074
	49 9020 9081
	49 9020 9079
	49 9021 9080
	49 9021 9078
	49 9021 9075
	49 9022 9077
	49 9022 9076
	49 9026 9088
	49 9026 9087
	49 9027 9088
	49 9027 9087
	49 9028 9089
	49 9028 9086
	49 9028 9091
	49 9029 9092
	49 9029 9085
	49 9029 9090
	49 9030 9085
	49 9030 9090
	49 9030 9092
	49 9031 9085
	49 9031 9090
	49 9031 9092
	49 9032 9091
	49 9032 9086
	49 9032 9089
	49 9033 9091
	49 9033 9089
	49 9033 9086
	49 9034 9088
	49 9034 9087
	49 9035 9087
	49 9035 9088
	49 9039 9097
	49 9040 9096
	49 9040 9098
	49 9040 9101
	49 9041 9102
	49 9041 9095
	49 9041 9100
	49 9041 9099
	49 9042 9096
	49 9042 9101
	49 9042 9098
	49 9043 9097
	49 9044 9097
	49 9050 9109
	49 9050 9108
	49 9051 9107
	49 9051 9110
	49 9052 9112
	49 9052 9113
	49 9052 9106
	49 9052 9111
	49 9053 9107
	49 9053 9110
	49 9054 9108
	49 9054 9109
	49 9061 9119
	49 9061 9123
	49 9061 9120
	49 9062 9119
	49 9062 9120
	49 9062 9123
	49 9063 9119
	49 9063 9120
	49 9063 9123
___________
(10560, 10620, 9024, 9074)	49
	49 9024 9074
	49 9024 9076
	49 9056 9108
	49 9056 9106
	48 9024 9075
	48 9024 9087
	48 9024 9085
	48 9024 9080
	48 9024 9079
	48 9024 9078
	48 9024 9077
	48 9025 9074
	48 9025 9076
	48 9053 9108
	48 9053 9106
	48 9055 9108
	48 9055 9106
	48 9056 9107
	48 9056 9109
	48 9056 9110
	48 9056 9112
	48 9056 9105
	48 9057 9106
	48 9057 9108
	47 9024 9081
	47 9024 9083
	47 9024 9084
	47 9024 9086
	47 9024 9088
	47 9025 9087
	47 9025 9073
	47 9025 9075
	47 9025 9077
	47 9025 9078
	47 9025 9079
	47 9025 9080
	47 9025 9085
	47 9026 9076
	47 9026 9074
	47 9045 9108
	47 9045 9106
	47 9046 9108
	47 9046 9106
	47 9049 9108
	47 9049 9106
	47 9050 9108
	47 9050 9106
	47 9051 9108
	47 9051 9106
	47 9052 9108
	47 9052 9106
	47 9053 9109
	47 9053 9105
	47 9053 9107
	47 9054 9108
	47 9054 9106
	47 9055 9112
	47 9055 9109
	47 9055 9107
	47 9055 9105
	47 9055 9110
	47 9056 9114
	47 9056 9115
	47 9056 9113
	47 9056 9111
	47 9056 9104
	47 9057 9105
	47 9057 9107
	47 9057 9109
	47 9057 9110
	47 9057 9112
	47 9058 9106
	47 9058 9108
	47 9088 9140
	47 9088 9141
___________
(10620, 10680, 9033, 9096)	52
	52 9033 9096
	52 9044 9107
	51 9033 9097
	51 9034 9096
	51 9043 9107
	51 9044 9108
	51 9044 9106
	51 9044 9105
	51 9045 9107
	50 9033 9098
	50 9033 9100
	50 9034 9095
	50 9034 9097
	50 9035 9096
	50 9042 9107
	50 9043 9108
	50 9043 9106
	50 9043 9105
	50 9044 9104
	50 9044 9103
	50 9044 9109
	50 9045 9105
	50 9045 9106
	50 9045 9108
	50 9046 9107
___________
(10680, 10740, 9022, 9083)	54
	54 9022 9083
	53 9022 9084
	53 9023 9083
	52 9022 9085
	52 9023 9082
	52 9023 9084
	52 9024 9083
	52 9028 9083
	52 9054 9114
	52 9054 9115
___________
(10740, 10800, 9019, 9081)	52
	52 9019 9081
	51 9019 9082
	51 9020 9081
	51 9022 9081
	51 9051 9113
	50 9019 9083
	50 9020 9080
	50 9020 9082
	50 9021 9081
	50 9022 9080
	50 9022 9082
	50 9023 9081
	50 9050 9113
	50 9051 9112
	50 9051 9114
	50 9052 9113
	50 9054 9113
___________
(10800, 10860, 8995, 9054)	49
	49 8995 9054
	49 9038 9099
	48 8995 9055
	48 8996 9054
	48 9006 9067
	48 9027 9086
	48 9037 9099
	48 9038 9095
	48 9038 9096
	48 9038 9098
	48 9038 9100
	48 9039 9099
	47 8995 9056
	47 8996 9055
	47 8996 9053
	47 8997 9054
	47 8999 9054
	47 9005 9067
	47 9006 9064
	47 9006 9068
	47 9006 9063
	47 9006 9066
	47 9007 9067
	47 9017 9075
	47 9025 9086
	47 9026 9086
	47 9027 9087
	47 9027 9085
	47 9028 9086
	47 9036 9099
	47 9037 9100
	47 9037 9098
	47 9037 9096
	47 9037 9095
	47 9038 9094
	47 9038 9097
	47 9038 9101
	47 9039 9095
	47 9039 9096
	47 9039 9098
	47 9039 9100
	47 9040 9099
	47 9049 9107
___________
(10860, 10920, 9086, 9144)	57
	57 9086 9144
	57 9087 9144
	56 9086 9145
	56 9087 9143
	56 9087 9145
	56 9088 9144
	55 9086 9146
	55 9087 9142
	55 9087 9146
	55 9088 9143
	55 9088 9145
	55 9089 9144
(10920, 10980, 9144, 9202)	58
	58 9144 9202
	57 9144 9203
	57 9145 9202
	56 9144 9204
	56 9145 9201
	56 9145 9203
	56 9146 9202
(10980, 11040, 9202, 9257)	55
	55 9202 9257
	54 9202 9258
	54 9203 9257
	53 9202 9259
	53 9203 9256
	53 9203 9258
	53 9204 9257
(11040, 11100, 9257, 9317)	56
	56 9257 9317
	55 9257 9318
	55 9258 9317
	54 9257 9319
	54 9258 9316
	54 9258 9318
	54 9259 9317
(11100, 11160, 9317, 9375)	56
	56 9317 9375
	55 9317 9376
	55 9318 9375
	54 9317 9377
	54 9318 9374
	54 9318 9376
	54 9319 9375
(11160, 11220, 9375, 9434)	57
	57 9375 9434
	56 9375 9435
	56 9376 9434
	55 9375 9436
	55 9376 9433
	55 9376 9435
	55 9377 9434
(11220, 11280, 9434, 9491)	57
	57 9434 9491
	56 9434 9492
	56 9435 9491
	55 9434 9493
	55 9435 9490
	55 9435 9492
	55 9436 9491
(11280, 11340, 9491, 9544)	53
	53 9491 9544
	53 9491 9545
	52 9491 9546
	52 9492 9544
	52 9492 9545
	51 9491 9547
	51 9492 9543
	51 9492 9546
	51 9493 9544
	51 9493 9545
(11340, 11400, 9544, 9604)	55
	55 9544 9604
	54 9544 9605
	54 9545 9604
	53 9544 9606
	53 9545 9603
	53 9545 9605
	53 9546 9604
(11400, 11460, 9604, 9662)	58
	58 9604 9662
	57 9604 9663
	57 9605 9662
	56 9604 9664
	56 9605 9661
	56 9605 9663
	56 9606 9662
(11460, 11520, 9662, 9716)	54
	54 9662 9716
	53 9662 9717
	53 9663 9716
	52 9662 9718
	52 9663 9715
	52 9663 9717
	52 9664 9716
(11520, 11580, 9716, 9776)	52
	52 9716 9776
	51 9716 9777
	51 9717 9776
	50 9716 9778
	50 9717 9775
	50 9717 9777
	50 9718 9776
	50 9719 9776
(11580, 11640, 9776, 9832)	56
	56 9776 9832
	55 9776 9833
	55 9777 9832
	54 9776 9834
	54 9776 9836
	54 9777 9831
	54 9777 9833
	54 9778 9832
(11640, 11700, 9831, 9890)	58
	58 9831 9890
	58 9832 9890
	57 9831 9891
	57 9832 9889
	57 9832 9891
	57 9833 9890
	56 9831 9892
	56 9832 9888
	56 9832 9892
	56 9833 9889
	56 9833 9891
	56 9834 9890
(11700, 11760, 9890, 9945)	53
	53 9890 9945
	52 9890 9946
	52 9891 9945
	51 9890 9947
	51 9891 9944
	51 9891 9946
	51 9892 9945
(11760, 11820, 9945, 10004)	53
	53 9945 10004
	52 9945 10005
	52 9946 10004
	51 9945 10006
	51 9946 10003
	51 9946 10005
	51 9947 10004
	51 9948 10004
	51 9949 10004
(11820, 11880, 10004, 10060)	56
	56 10004 10060
	55 10004 10061
	55 10005 10060
	54 10004 10062
	54 10005 10059
	54 10005 10061
	54 10006 10060
(11880, 11940, 10060, 10117)	55
	55 10060 10117
	54 10060 10118
	54 10061 10117
	53 10060 10119
	53 10061 10116
	53 10061 10118
	53 10062 10117
(11940, 12000, 10117, 10173)	54
	54 10117 10173
	53 10117 10174
	53 10118 10173
	52 10117 10175
	52 10117 10176
	52 10117 10177
	52 10118 10172
	52 10118 10174
	52 10119 10173
(12000, 12060, 10173, 10227)	54
	54 10173 10227
	53 10173 10228
	53 10174 10227
	52 10173 10229
	52 10174 10226
	52 10174 10228
	52 10175 10227
(12060, 12120, 10227, 10286)	56
	56 10227 10286
	56 10227 10287
	55 10227 10288
	55 10228 10286
	55 10228 10287
	54 10227 10289
	54 10227 10290
	54 10228 10285
	54 10228 10288
	54 10229 10286
	54 10229 10287
(12120, 12180, 10286, 10347)	59
	59 10286 10347
	58 10286 10348
	58 10287 10347
	57 10286 10349
	57 10287 10346
	57 10287 10348
	57 10288 10347
(12180, 12240, 10346, 10407)	57
	57 10346 10407
	56 10346 10408
	56 10347 10407
	55 10346 10409
	55 10347 10406
	55 10347 10408
	55 10348 10407
(12240, 12300, 10407, 10466)	58
	58 10407 10466
	57 10407 10467
	57 10408 10466
	56 10407 10468
	56 10408 10465
	56 10408 10467
	56 10409 10466
(12300, 12360, 10466, 10526)	56
	56 10466 10526
	55 10466 10527
	55 10467 10526
	54 10466 10528
	54 10467 10525
	54 10467 10527
	54 10468 10526
(12360, 12420, 10526, 10581)	55
	55 10526 10581
	55 10526 10582
	55 10526 10583
	54 10526 10584
	54 10527 10581
	54 10527 10582
	54 10527 10583
	53 10526 10585
	53 10527 10580
	53 10527 10584
	53 10528 10581
	53 10528 10582
	53 10528 10583
(12420, 12480, 10582, 10641)	58
	58 10582 10641
	58 10583 10641
	57 10582 10642
	57 10583 10640
	57 10583 10642
	57 10584 10641
	56 10582 10643
	56 10583 10639
	56 10583 10643
	56 10584 10640
	56 10584 10642
	56 10585 10641
(12480, 12540, 10641, 10698)	57
	57 10641 10698
	56 10641 10699
	56 10642 10698
	55 10641 10700
	55 10642 10697
	55 10642 10699
	55 10643 10698
(12540, 12600, 10698, 10758)	58
	58 10698 10758
	57 10698 10759
	57 10699 10758
	56 10698 10760
	56 10699 10757
	56 10699 10759
	56 10700 10758
(12600, 12660, 10759, 10818)	54
	54 10759 10818
	53 10759 10819
	53 10760 10818
	52 10759 10820
	52 10760 10817
	52 10760 10819
	52 10761 10818
(12660, 12720, 10818, 10872)	53
	53 10818 10872
	52 10818 10873
	52 10819 10872
	51 10818 10874
	51 10819 10871
	51 10819 10873
	51 10820 10872
(12720, 12780, 10872, 10932)	56
	56 10872 10932
	55 10872 10933
	55 10873 10932
	54 10872 10934
	54 10873 10931
	54 10873 10933
	54 10874 10932
(12780, 12840, 10932, 10990)	56
	56 10932 10990
	55 10932 10991
	55 10933 10990
	54 10932 10992
	54 10933 10989
	54 10933 10991
	54 10934 10990
(12840, 12900, 10991, 11052)	57
	57 10991 11052
	56 10991 11053
	56 10992 11052
	55 10991 11054
	55 10992 11051
	55 10992 11053
	55 10993 11052
(12900, 12960, 11052, 11110)	58
	58 11052 11110
	57 11052 11111
	57 11053 11110
	56 11052 11112
	56 11053 11109
	56 11053 11111
	56 11054 11110
(12960, 13020, 11110, 11169)	57
	57 11110 11169
	56 11110 11170
	56 11111 11169
	55 11110 11171
	55 11111 11168
	55 11111 11170
	55 11112 11169
(13020, 13080, 11170, 11226)	56
	56 11170 11226
	55 11170 11227
	55 11171 11226
	54 11170 11228
	54 11171 11225
	54 11171 11227
	54 11172 11226
(13080, 13140, 11226, 11284)	53
	53 11226 11284
	52 11226 11285
	52 11227 11284
	52 11228 11284
	51 11226 11286
	51 11227 11283
	51 11227 11285
	51 11228 11283
	51 11228 11285
	51 11229 11284
	51 11230 11284
	51 11231 11284
(13140, 13200, 11284, 11342)	58
	58 11284 11342
	57 11284 11343
	57 11285 11342
	56 11284 11344
	56 11285 11341
	56 11285 11343
	56 11286 11342
(13200, 13260, 11342, 11402)	51
	51 11342 11402
	51 11342 11403
	50 11342 11404
	50 11343 11402
	50 11343 11403
	49 11342 11405
	49 11343 11399
	49 11343 11400
	49 11343 11401
	49 11343 11404
	49 11344 11402
	49 11344 11403
(13260, 13320, 11403, 11458)	55
	55 11403 11458
	54 11403 11459
	54 11404 11458
	53 11403 11460
	53 11404 11457
	53 11404 11459
	53 11405 11458
(13320, 13380, 11458, 11515)	55
	55 11458 11515
	54 11458 11516
	54 11459 11515
	53 11458 11517
	53 11459 11514
	53 11459 11516
	53 11460 11515
(13380, 13440, 11515, 11573)	57
	57 11515 11573
	56 11515 11574
	56 11516 11573
	55 11515 11575
	55 11515 11576
	55 11516 11572
	55 11516 11574
	55 11517 11573
(13440, 13500, 11571, 11632)	57
	57 11571 11632
	57 11572 11632
	57 11573 11632
	56 11571 11633
	56 11572 11631
	56 11572 11633
	56 11573 11631
	56 11573 11633
	56 11574 11632
	55 11571 11634
	55 11572 11630
	55 11572 11634
	55 11573 11630
	55 11573 11634
	55 11574 11631
	55 11574 11633
	55 11575 11632
(13500, 13560, 11632, 11688)	53
	53 11632 11688
	52 11632 11689
	52 11633 11688
	51 11632 11690
	51 11633 11687
	51 11633 11689
	51 11634 11688
	51 11635 11688
(13560, 13620, 11688, 11748)	56
	56 11688 11748
	55 11688 11749
	55 11689 11748
	54 11688 11750
	54 11689 11747
	54 11689 11749
	54 11690 11748
(13620, 13680, 11748, 11802)	54
	54 11748 11802
	53 11748 11803
	53 11749 11802
	52 11748 11804
	52 11749 11801
	52 11749 11803
	52 11750 11802
(13680, 13740, 11802, 11862)	52
	52 11802 11862
	51 11802 11863
	51 11803 11862
	50 11802 11864
	50 11803 11861
	50 11803 11863
	50 11804 11862
	50 11805 11862
(13740, 13800, 11862, 11923)	59
	59 11862 11923
	58 11862 11924
	58 11863 11923
	57 11862 11925
	57 11863 11922
	57 11863 11924
	57 11864 11923
(13800, 13860, 11923, 11981)	58
	58 11923 11981
	57 11923 11982
	57 11924 11981
	56 11923 11983
	56 11924 11980
	56 11924 11982
	56 11925 11981
(13860, 13920, 11981, 12038)	56
	56 11981 12038
	55 11981 12039
	55 11982 12038
	54 11981 12040
	54 11982 12037
	54 11982 12039
	54 11983 12038
(13920, 13980, 12038, 12094)	56
	56 12038 12094
	55 12038 12095
	55 12039 12094
	54 12038 12096
	54 12039 12093
	54 12039 12095
	54 12040 12094
(13980, 14040, 12094, 12153)	54
	54 12094 12153
	53 12094 12154
	53 12095 12153
	52 12094 12155
	52 12095 12152
	52 12095 12154
	52 12096 12153
(14040, 14100, 12153, 12211)	55
	55 12153 12211
	55 12153 12214
	54 12153 12212
	54 12153 12213
	54 12153 12215
	54 12154 12211
	54 12154 12214
	53 12153 12216
	53 12154 12210
	53 12154 12212
	53 12154 12213
	53 12154 12215
	53 12155 12211
	53 12155 12214
(14100, 14160, 12214, 12275)	52
	52 12214 12275
	51 12214 12276
	51 12215 12275
	50 12214 12277
	50 12215 12274
	50 12215 12276
	50 12216 12275
(14160, 14220, 12276, 12335)	54
	54 12276 12335
	53 12276 12336
	53 12277 12335
	52 12276 12337
	52 12277 12334
	52 12277 12336
	52 12278 12335
(14220, 14280, 12334, 12389)	53
	53 12334 12389
	52 12334 12390
	52 12335 12389
	51 12334 12391
	51 12335 12388
	51 12335 12390
	51 12336 12389
(14280, 14340, 12389, 12446)	56
	56 12389 12446
	55 12389 12447
	55 12390 12446
	54 12389 12448
	54 12390 12445
	54 12390 12447
	54 12391 12446
___________
(14340, 14400, 12441, 12501)	54
	54 12441 12501
	54 12445 12501
	54 12446 12501
	54 12447 12501
	53 12441 12502
	53 12442 12501
	53 12443 12501
	53 12444 12501
	53 12445 12502
	53 12445 12500
	53 12446 12500
	53 12446 12502
	53 12447 12502
	53 12447 12500
	53 12448 12501
	52 12441 12503
	52 12442 12502
	52 12442 12500
	52 12443 12502
	52 12443 12500
	52 12444 12502
	52 12444 12500
	52 12445 12503
	52 12445 12499
	52 12446 12503
	52 12446 12499
	52 12447 12499
	52 12447 12503
	52 12448 12500
	52 12448 12502
	52 12449 12501
(14400, 14460, 12500, 12560)	56
	56 12500 12560
	55 12500 12561
	55 12501 12560
	54 12500 12562
	54 12501 12559
	54 12501 12561
	54 12502 12560
(14460, 14520, 12559, 12617)	57
	57 12559 12617
	57 12560 12617
	56 12559 12618
	56 12560 12616
	56 12560 12618
	56 12561 12617
	55 12559 12619
	55 12560 12615
	55 12560 12619
	55 12561 12616
	55 12561 12618
	55 12562 12617
___________
(14520, 14580, 12612, 12673)	55
	55 12612 12674
	55 12612 12673
	55 12613 12673
	55 12613 12674
	55 12614 12674
	55 12614 12673
	55 12615 12674
	55 12615 12673
	55 12616 12674
	55 12616 12673
	54 12612 12676
	54 12612 12675
	54 12613 12676
	54 12613 12675
	54 12613 12672
	54 12614 12672
	54 12614 12675
	54 12614 12676
	54 12615 12672
	54 12615 12675
	54 12615 12676
	54 12616 12676
	54 12616 12675
	54 12616 12672
	54 12617 12674
	54 12617 12673
	53 12612 12677
	53 12613 12677
	53 12613 12671
	53 12614 12677
	53 12614 12671
	53 12615 12677
	53 12615 12671
	53 12616 12671
	53 12616 12677
	53 12617 12672
	53 12617 12675
	53 12617 12676
	53 12618 12673
	53 12618 12674
(14580, 14640, 12673, 12730)	54
	54 12673 12730
	54 12673 12731
	53 12673 12732
	53 12674 12730
	53 12674 12731
	52 12673 12733
	52 12674 12729
	52 12674 12732
	52 12675 12730
	52 12675 12731
(14640, 14700, 12729, 12784)	52
	52 12729 12784
	52 12729 12787
	52 12730 12787
	52 12730 12784
	51 12729 12785
	51 12729 12788
	51 12729 12786
	51 12730 12783
	51 12730 12785
	51 12730 12786
	51 12730 12788
	51 12731 12787
	51 12731 12784
	50 12729 12789
	50 12730 12782
	50 12730 12789
	50 12731 12783
	50 12731 12785
	50 12731 12786
	50 12731 12788
	50 12732 12784
	50 12732 12787
___________
(14700, 14760, 12739, 12799)	52
	52 12739 12799
	52 12740 12799
	51 12739 12800
	51 12740 12798
	51 12740 12800
	51 12741 12799
	50 12739 12801
	50 12740 12797
	50 12740 12801
	50 12741 12798
	50 12741 12800
	50 12742 12799
(14760, 14820, 12799, 12857)	56
	56 12799 12857
	56 12799 12858
	55 12799 12859
	55 12800 12857
	55 12800 12858
	54 12799 12860
	54 12800 12856
	54 12800 12859
	54 12801 12857
	54 12801 12858
(14820, 14880, 12858, 12920)	57
	57 12858 12920
	56 12858 12921
	56 12859 12920
	55 12858 12922
	55 12859 12919
	55 12859 12921
	55 12860 12920
(14880, 14940, 12920, 12978)	55
	55 12920 12978
	54 12920 12979
	54 12920 12980
	54 12921 12978
	53 12920 12981
	53 12921 12977
	53 12921 12979
	53 12921 12980
	53 12922 12978
(14940, 15000, 12978, 13037)	55
	55 12978 13037
	54 12978 13038
	54 12979 13037
	53 12978 13039
	53 12979 13036
	53 12979 13038
	53 12980 13037
(15000, 15060, 13037, 13098)	57
	57 13037 13098
	56 13037 13099
	56 13038 13098
	55 13037 13100
	55 13038 13097
	55 13038 13099
	55 13039 13098
___________
(15060, 15120, 0, 0)	0
(15120, 15180, 0, 0)	0
(15180, 15240, 0, 0)	0
(15240, 15300, 0, 0)	0
(15300, 15360, 0, 0)	0
(15360, 15420, 0, 0)	0
(15420, 15480, 0, 0)	0
(15480, 15540, 0, 0)	0
(15540, 15600, 0, 0)	0
(15600, 15660, 0, 0)	0
(15660, 15720, 0, 0)	0
(15720, 15780, 0, 0)	0
(15780, 15840, 0, 0)	0
(15840, 15900, 0, 0)	0
(15900, 15960, 0, 0)	0
(15960, 16020, 0, 0)	0
(16020, 16080, 0, 0)	0
(16080, 16140, 0, 0)	0
(16140, 16200, 0, 0)	0
(16200, 16260, 0, 0)	0
(16260, 16320, 0, 0)	0
(16320, 16380, 0, 0)	0
(16380, 16440, 0, 0)	0
(16440, 16500, 0, 0)	0
(16500, 16560, 0, 0)	0
(16560, 16620, 0, 0)	0
(16620, 16680, 0, 0)	0
(16680, 16740, 0, 0)	0
(16740, 16800, 0, 0)	0
(16800, 16860, 0, 0)	0
(16860, 16920, 0, 0)	0
(16920, 16980, 0, 0)	0
(16980, 17040, 0, 0)	0
(17040, 17100, 0, 0)	0
(17100, 17160, 0, 0)	0
(17160, 17220, 0, 0)	0
(17220, 17280, 0, 0)	0
(17280, 17340, 0, 0)	0
(17340, 17400, 0, 0)	0
(17400, 17460, 0, 0)	0
(17460, 17520, 0, 0)	0
(17520, 17580, 0, 0)	0
(17580, 17640, 0, 0)	0
(17640, 17700, 0, 0)	0
(17700, 17760, 0, 0)	0
(17760, 17820, 0, 0)	0
(17820, 17880, 0, 0)	0
(17880, 17940, 0, 0)	0
(17940, 18000, 0, 0)	0
(18000, 18060, 0, 0)	0
(18060, 18120, 0, 0)	0
(18120, 18180, 0, 0)	0
(18180, 18240, 0, 0)	0
(18240, 18300, 0, 0)	0
(18300, 18360, 0, 0)	0
(18360, 18420, 0, 0)	0
(18420, 18480, 0, 0)	0
(18480, 18540, 0, 0)	0
(18540, 18600, 0, 0)	0
(18600, 18660, 0, 0)	0
(18660, 18720, 0, 0)	0
(18720, 18780, 0, 0)	0
(18780, 18840, 0, 0)	0
(18840, 18900, 0, 0)	0
(18900, 18960, 0, 0)	0
(18960, 19020, 0, 0)	0
(19020, 19080, 0, 0)	0
(19080, 19140, 0, 0)	0
(19140, 19200, 0, 0)	0
(19200, 19260, 0, 0)	0
(19260, 19320, 0, 0)	0
(19320, 19380, 0, 0)	0
(19380, 19440, 0, 0)	0
(19440, 19500, 0, 0)	0
(19500, 19560, 0, 0)	0
(19560, 19620, 0, 0)	0
(19620, 19680, 0, 0)	0
(19680, 19740, 0, 0)	0
(19740, 19800, 0, 0)	0
(19800, 19860, 0, 0)	0
(19860, 19920, 0, 0)	0
(19920, 19980, 0, 0)	0
(19980, 20040, 0, 0)	0
(20040, 20100, 0, 0)	0
(20100, 20160, 0, 0)	0
(20160, 20220, 0, 0)	0
(20220, 20280, 0, 0)	0
(20280, 20340, 0, 0)	0
(20340, 20400, 0, 0)	0
(20400, 20460, 0, 0)	0
(20460, 20520, 0, 0)	0
(20520, 20580, 0, 0)	0
(20580, 20640, 0, 0)	0
(20640, 20700, 0, 0)	0
(20700, 20760, 0, 0)	0
(20760, 20820, 0, 0)	0
(20820, 20880, 0, 0)	0
(20880, 20940, 0, 0)	0
(20940, 21000, 0, 0)	0
(21000, 21060, 0, 0)	0
(21060, 21120, 0, 0)	0
(21120, 21180, 0, 0)	0
(21180, 21240, 0, 0)	0
(21240, 21300, 0, 0)	0
(21300, 21360, 0, 0)	0
(21360, 21420, 0, 0)	0
(21420, 21480, 0, 0)	0
(21480, 21540, 0, 0)	0
(21540, 21600, 0, 0)	0
(21600, 21660, 0, 0)	0
 [ 361 ] 13853 - 10830 = 3023
