i: 2420 j: 2700 value: 2294 dist: 406
i: 2420 j: 2701 value: 2294 dist: 407
i: 2420 j: 2702 value: 2294 dist: 408
i: 2420 j: 2703 value: 2294 dist: 409
i: 2420 j: 2704 value: 2294 dist: 410
i: 2420 j: 2705 value: 2294 dist: 411
i: 2420 j: 2706 value: 2294 dist: 412
i: 2420 j: 2707 value: 2294 dist: 413
i: 2420 j: 2708 value: 2294 dist: 414
i: 2420 j: 2709 value: 2294 dist: 415
i: 2420 j: 2710 value: 2294 dist: 416
i: 2420 j: 2711 value: 2294 dist: 417
i: 2420 j: 2712 value: 2294 dist: 418
i: 2420 j: 2713 value: 2294 dist: 419
i: 2420 j: 2714 value: 2294 dist: 420
i: 2420 j: 2715 value: 2294 dist: 421
i: 2420 j: 2716 value: 2294 dist: 422
i: 2420 j: 2717 value: 2294 dist: 423
i: 2420 j: 2718 value: 2294 dist: 424
i: 2420 j: 2719 value: 2294 dist: 425
i: 2420 j: 2720 value: 2294 dist: 426
i: 2420 j: 2721 value: 2294 dist: 427
i: 2420 j: 2722 value: 2294 dist: 428
i: 2420 j: 2723 value: 2294 dist: 429
i: 2420 j: 2724 value: 2294 dist: 430
i: 2420 j: 2725 value: 2294 dist: 431
i: 2420 j: 2726 value: 2294 dist: 432
i: 2420 j: 2727 value: 2295 dist: 432
i: 2420 j: 2728 value: 2295 dist: 433
i: 2420 j: 2729 value: 2295 dist: 434
i: 2420 j: 2730 value: 2295 dist: 435
i: 2420 j: 2731 value: 2295 dist: 436
i: 2420 j: 2732 value: 2295 dist: 437
i: 2420 j: 2733 value: 2295 dist: 438
i: 2420 j: 2734 value: 2296 dist: 438
i: 2420 j: 2735 value: 2297 dist: 438
i: 2420 j: 2736 value: 2297 dist: 439
i: 2420 j: 2737 value: 2297 dist: 440
i: 2420 j: 2738 value: 2297 dist: 441
i: 2420 j: 2739 value: 2297 dist: 442
i: 2420 j: 2740 value: 2298 dist: 442
i: 2420 j: 2741 value: 2298 dist: 443
i: 2420 j: 2742 value: 2298 dist: 444
i: 2420 j: 2743 value: 2298 dist: 445
i: 2420 j: 2744 value: 2298 dist: 446
i: 2420 j: 2745 value: 2298 dist: 447
i: 2420 j: 2746 value: 2298 dist: 448
i: 2420 j: 2747 value: 2298 dist: 449
i: 2420 j: 2748 value: 2298 dist: 450
i: 2420 j: 2749 value: 2298 dist: 451
i: 2420 j: 2750 value: 2298 dist: 452
i: 2420 j: 2751 value: 2298 dist: 453
i: 2420 j: 2752 value: 2298 dist: 454
i: 2420 j: 2753 value: 2298 dist: 455
i: 2420 j: 2754 value: 2298 dist: 456
i: 2420 j: 2755 value: 2298 dist: 457
i: 2420 j: 2756 value: 2298 dist: 458
i: 2420 j: 2757 value: 2298 dist: 459
i: 2420 j: 2758 value: 2298 dist: 460
i: 2420 j: 2759 value: 2298 dist: 461
i: 2420 j: 2760 value: 2298 dist: 462
i: 2420 j: 2761 value: 2298 dist: 463
i: 2420 j: 2762 value: 2298 dist: 464
i: 2420 j: 2763 value: 2298 dist: 465
i: 2420 j: 2764 value: 2298 dist: 466
i: 2420 j: 2765 value: 2298 dist: 467
i: 2420 j: 2766 value: 2298 dist: 468
i: 2420 j: 2767 value: 2298 dist: 469
i: 2420 j: 2768 value: 2298 dist: 470
i: 2420 j: 2769 value: 2298 dist: 471
i: 2420 j: 2770 value: 2298 dist: 472
i: 2420 j: 2771 value: 2298 dist: 473
i: 2420 j: 2772 value: 2298 dist: 474
i: 2420 j: 2773 value: 2298 dist: 475
i: 2420 j: 2774 value: 2298 dist: 476
i: 2420 j: 2775 value: 2298 dist: 477
i: 2420 j: 2776 value: 2298 dist: 478
i: 2420 j: 2777 value: 2298 dist: 479
i: 2420 j: 2778 value: 2298 dist: 480
i: 2420 j: 2779 value: 2298 dist: 481
i: 2420 j: 2780 value: 2298 dist: 482
i: 2420 j: 2781 value: 2298 dist: 483
i: 2420 j: 2782 value: 2298 dist: 484
i: 2420 j: 2783 value: 2299 dist: 484
i: 2420 j: 2784 value: 2299 dist: 485
i: 2420 j: 2785 value: 2299 dist: 486
i: 2420 j: 2786 value: 2299 dist: 487
i: 2420 j: 2787 value: 2300 dist: 487
i: 2420 j: 2788 value: 2300 dist: 488
i: 2420 j: 2789 value: 2300 dist: 489
i: 2420 j: 2790 value: 2300 dist: 490
i: 2420 j: 2791 value: 2300 dist: 491
i: 2420 j: 2792 value: 2300 dist: 492
i: 2420 j: 2793 value: 2300 dist: 493
i: 2420 j: 2794 value: 2300 dist: 494
i: 2420 j: 2795 value: 2300 dist: 495
i: 2420 j: 2796 value: 2301 dist: 495
i: 2420 j: 2797 value: 2301 dist: 496
i: 2420 j: 2798 value: 2302 dist: 496
i: 2420 j: 2799 value: 2302 dist: 497
i: 2421 j: 2799 value: 2303 dist: 496
i: 2424 j: 2795 value: 2303 dist: 492
i: 2424 j: 2796 value: 2303 dist: 493
i: 2424 j: 2797 value: 2303 dist: 494
i: 2424 j: 2798 value: 2303 dist: 495
i: 2424 j: 2799 value: 2303 dist: 496
i: 2425 j: 2779 value: 2303 dist: 476
i: 2425 j: 2780 value: 2303 dist: 477
i: 2425 j: 2781 value: 2303 dist: 478
i: 2425 j: 2782 value: 2303 dist: 479
i: 2425 j: 2783 value: 2303 dist: 480
i: 2425 j: 2784 value: 2303 dist: 481
i: 2425 j: 2785 value: 2303 dist: 482
i: 2425 j: 2786 value: 2303 dist: 483
i: 2425 j: 2787 value: 2303 dist: 484
i: 2425 j: 2788 value: 2303 dist: 485
i: 2425 j: 2789 value: 2303 dist: 486
i: 2425 j: 2790 value: 2303 dist: 487
i: 2425 j: 2791 value: 2303 dist: 488
i: 2425 j: 2792 value: 2303 dist: 489
i: 2425 j: 2793 value: 2303 dist: 490
i: 2425 j: 2794 value: 2303 dist: 491
i: 2425 j: 2795 value: 2303 dist: 492
i: 2425 j: 2796 value: 2303 dist: 493
i: 2425 j: 2797 value: 2303 dist: 494
i: 2425 j: 2798 value: 2303 dist: 495
i: 2425 j: 2799 value: 2304 dist: 495
i: 2426 j: 2786 value: 2304 dist: 482
i: 2426 j: 2787 value: 2304 dist: 483
i: 2426 j: 2788 value: 2304 dist: 484
i: 2426 j: 2789 value: 2304 dist: 485
i: 2426 j: 2790 value: 2304 dist: 486
i: 2426 j: 2791 value: 2304 dist: 487
i: 2426 j: 2792 value: 2304 dist: 488
i: 2426 j: 2793 value: 2304 dist: 489
i: 2426 j: 2794 value: 2304 dist: 490
i: 2426 j: 2795 value: 2304 dist: 491
i: 2426 j: 2796 value: 2304 dist: 492
i: 2426 j: 2797 value: 2304 dist: 493
i: 2426 j: 2798 value: 2304 dist: 494
i: 2426 j: 2799 value: 2304 dist: 495
i: 2427 j: 2780 value: 2304 dist: 476
i: 2427 j: 2781 value: 2304 dist: 477
i: 2427 j: 2782 value: 2304 dist: 478
i: 2427 j: 2783 value: 2304 dist: 479
i: 2427 j: 2784 value: 2304 dist: 480
i: 2427 j: 2785 value: 2304 dist: 481
i: 2427 j: 2786 value: 2304 dist: 482
i: 2427 j: 2787 value: 2305 dist: 482
i: 2427 j: 2788 value: 2305 dist: 483
i: 2427 j: 2789 value: 2305 dist: 484
i: 2427 j: 2790 value: 2305 dist: 485
i: 2427 j: 2791 value: 2305 dist: 486
i: 2427 j: 2792 value: 2305 dist: 487
i: 2427 j: 2793 value: 2305 dist: 488
i: 2427 j: 2794 value: 2305 dist: 489
i: 2427 j: 2795 value: 2305 dist: 490
i: 2427 j: 2796 value: 2305 dist: 491
i: 2427 j: 2797 value: 2305 dist: 492
i: 2427 j: 2798 value: 2305 dist: 493
i: 2427 j: 2799 value: 2305 dist: 494
i: 2428 j: 2781 value: 2305 dist: 476
i: 2428 j: 2782 value: 2305 dist: 477
i: 2428 j: 2783 value: 2305 dist: 478
i: 2428 j: 2784 value: 2305 dist: 479
i: 2428 j: 2785 value: 2305 dist: 480
i: 2428 j: 2786 value: 2305 dist: 481
i: 2428 j: 2787 value: 2305 dist: 482
i: 2428 j: 2788 value: 2305 dist: 483
i: 2428 j: 2789 value: 2305 dist: 484
i: 2428 j: 2790 value: 2305 dist: 485
i: 2428 j: 2791 value: 2306 dist: 485
i: 2428 j: 2792 value: 2306 dist: 486
i: 2428 j: 2793 value: 2306 dist: 487
i: 2428 j: 2794 value: 2306 dist: 488
i: 2428 j: 2795 value: 2306 dist: 489
i: 2428 j: 2796 value: 2306 dist: 490
i: 2428 j: 2797 value: 2306 dist: 491
i: 2428 j: 2798 value: 2306 dist: 492
i: 2428 j: 2799 value: 2306 dist: 493
i: 2429 j: 2784 value: 2306 dist: 478
i: 2429 j: 2785 value: 2306 dist: 479
i: 2429 j: 2786 value: 2306 dist: 480
i: 2429 j: 2787 value: 2306 dist: 481
i: 2429 j: 2788 value: 2306 dist: 482
i: 2429 j: 2789 value: 2306 dist: 483
i: 2429 j: 2790 value: 2306 dist: 484
i: 2429 j: 2791 value: 2306 dist: 485
i: 2429 j: 2792 value: 2306 dist: 486
i: 2429 j: 2793 value: 2306 dist: 487
i: 2429 j: 2794 value: 2306 dist: 488
i: 2429 j: 2795 value: 2306 dist: 489
i: 2429 j: 2796 value: 2306 dist: 490
i: 2429 j: 2797 value: 2307 dist: 490
i: 2429 j: 2798 value: 2307 dist: 491
i: 2429 j: 2799 value: 2307 dist: 492
i: 2430 j: 2789 value: 2307 dist: 482
i: 2430 j: 2790 value: 2307 dist: 483
i: 2430 j: 2791 value: 2307 dist: 484
i: 2430 j: 2792 value: 2307 dist: 485
i: 2430 j: 2793 value: 2307 dist: 486
i: 2430 j: 2794 value: 2307 dist: 487
i: 2430 j: 2795 value: 2307 dist: 488
i: 2430 j: 2796 value: 2307 dist: 489
i: 2430 j: 2797 value: 2307 dist: 490
i: 2430 j: 2798 value: 2307 dist: 491
i: 2430 j: 2799 value: 2308 dist: 491
i: 2431 j: 2796 value: 2308 dist: 488
i: 2431 j: 2797 value: 2308 dist: 489
i: 2431 j: 2798 value: 2308 dist: 490
i: 2431 j: 2799 value: 2308 dist: 491
i: 2432 j: 2775 value: 2308 dist: 467
i: 2432 j: 2776 value: 2308 dist: 468
i: 2432 j: 2777 value: 2308 dist: 469
i: 2432 j: 2778 value: 2308 dist: 470
i: 2432 j: 2779 value: 2308 dist: 471
i: 2432 j: 2780 value: 2308 dist: 472
i: 2432 j: 2781 value: 2308 dist: 473
i: 2432 j: 2782 value: 2308 dist: 474
i: 2432 j: 2783 value: 2308 dist: 475
i: 2432 j: 2784 value: 2308 dist: 476
i: 2432 j: 2785 value: 2308 dist: 477
i: 2432 j: 2786 value: 2308 dist: 478
i: 2432 j: 2787 value: 2308 dist: 479
i: 2432 j: 2788 value: 2308 dist: 480
i: 2432 j: 2789 value: 2308 dist: 481
i: 2432 j: 2790 value: 2308 dist: 482
i: 2432 j: 2791 value: 2308 dist: 483
i: 2432 j: 2792 value: 2308 dist: 484
i: 2432 j: 2793 value: 2308 dist: 485
i: 2432 j: 2794 value: 2308 dist: 486
i: 2432 j: 2795 value: 2308 dist: 487
i: 2432 j: 2796 value: 2308 dist: 488
i: 2432 j: 2797 value: 2308 dist: 489
i: 2432 j: 2798 value: 2308 dist: 490
i: 2432 j: 2799 value: 2309 dist: 490
i: 2433 j: 2778 value: 2309 dist: 469
i: 2433 j: 2779 value: 2309 dist: 470
i: 2433 j: 2780 value: 2309 dist: 471
i: 2433 j: 2781 value: 2309 dist: 472
i: 2433 j: 2782 value: 2309 dist: 473
i: 2433 j: 2783 value: 2309 dist: 474
i: 2433 j: 2784 value: 2309 dist: 475
i: 2433 j: 2785 value: 2309 dist: 476
i: 2433 j: 2786 value: 2309 dist: 477
i: 2433 j: 2787 value: 2309 dist: 478
i: 2433 j: 2788 value: 2309 dist: 479
i: 2433 j: 2789 value: 2309 dist: 480
i: 2433 j: 2790 value: 2309 dist: 481
i: 2433 j: 2791 value: 2309 dist: 482
i: 2433 j: 2792 value: 2309 dist: 483
i: 2433 j: 2793 value: 2309 dist: 484
i: 2433 j: 2794 value: 2309 dist: 485
i: 2433 j: 2795 value: 2309 dist: 486
i: 2433 j: 2796 value: 2309 dist: 487
i: 2433 j: 2797 value: 2309 dist: 488
i: 2433 j: 2798 value: 2309 dist: 489
i: 2433 j: 2799 value: 2309 dist: 490
i: 2434 j: 2775 value: 2309 dist: 466
i: 2434 j: 2776 value: 2309 dist: 467
i: 2434 j: 2777 value: 2309 dist: 468
i: 2434 j: 2778 value: 2309 dist: 469
i: 2434 j: 2779 value: 2310 dist: 469
i: 2434 j: 2780 value: 2310 dist: 470
i: 2434 j: 2781 value: 2310 dist: 471
i: 2434 j: 2782 value: 2310 dist: 472
i: 2434 j: 2783 value: 2310 dist: 473
i: 2434 j: 2784 value: 2310 dist: 474
i: 2434 j: 2785 value: 2310 dist: 475
i: 2434 j: 2786 value: 2310 dist: 476
i: 2434 j: 2787 value: 2310 dist: 477
i: 2434 j: 2788 value: 2310 dist: 478
i: 2434 j: 2789 value: 2310 dist: 479
i: 2434 j: 2790 value: 2310 dist: 480
i: 2434 j: 2791 value: 2310 dist: 481
i: 2434 j: 2792 value: 2310 dist: 482
i: 2434 j: 2793 value: 2310 dist: 483
i: 2434 j: 2794 value: 2310 dist: 484
i: 2434 j: 2795 value: 2310 dist: 485
i: 2434 j: 2796 value: 2310 dist: 486
i: 2434 j: 2797 value: 2310 dist: 487
i: 2434 j: 2798 value: 2310 dist: 488
i: 2434 j: 2799 value: 2310 dist: 489
i: 2435 j: 2778 value: 2310 dist: 468
i: 2435 j: 2779 value: 2310 dist: 469
i: 2435 j: 2780 value: 2310 dist: 470
i: 2435 j: 2781 value: 2310 dist: 471
i: 2435 j: 2782 value: 2310 dist: 472
i: 2435 j: 2783 value: 2310 dist: 473
i: 2435 j: 2784 value: 2310 dist: 474
i: 2435 j: 2785 value: 2310 dist: 475
i: 2435 j: 2786 value: 2311 dist: 475
i: 2435 j: 2787 value: 2311 dist: 476
i: 2435 j: 2788 value: 2311 dist: 477
i: 2435 j: 2789 value: 2311 dist: 478
i: 2435 j: 2790 value: 2311 dist: 479
i: 2435 j: 2791 value: 2311 dist: 480
i: 2435 j: 2792 value: 2311 dist: 481
i: 2435 j: 2793 value: 2311 dist: 482
i: 2435 j: 2794 value: 2311 dist: 483
i: 2435 j: 2795 value: 2311 dist: 484
i: 2435 j: 2796 value: 2311 dist: 485
i: 2435 j: 2797 value: 2311 dist: 486
i: 2435 j: 2798 value: 2311 dist: 487
i: 2435 j: 2799 value: 2311 dist: 488
i: 2436 j: 2786 value: 2311 dist: 475
i: 2436 j: 2787 value: 2311 dist: 476
i: 2436 j: 2788 value: 2312 dist: 476
i: 2436 j: 2789 value: 2312 dist: 477
i: 2436 j: 2790 value: 2312 dist: 478
i: 2436 j: 2791 value: 2312 dist: 479
i: 2436 j: 2792 value: 2312 dist: 480
i: 2436 j: 2793 value: 2312 dist: 481
i: 2436 j: 2794 value: 2312 dist: 482
i: 2436 j: 2795 value: 2312 dist: 483
i: 2436 j: 2796 value: 2312 dist: 484
i: 2436 j: 2797 value: 2312 dist: 485
i: 2436 j: 2798 value: 2312 dist: 486
i: 2436 j: 2799 value: 2312 dist: 487
i: 2437 j: 2787 value: 2312 dist: 475
i: 2437 j: 2788 value: 2312 dist: 476
i: 2437 j: 2789 value: 2312 dist: 477
i: 2437 j: 2790 value: 2312 dist: 478
i: 2437 j: 2791 value: 2312 dist: 479
i: 2437 j: 2792 value: 2312 dist: 480
i: 2437 j: 2793 value: 2312 dist: 481
i: 2437 j: 2794 value: 2312 dist: 482
i: 2437 j: 2795 value: 2312 dist: 483
i: 2437 j: 2796 value: 2313 dist: 483
i: 2437 j: 2797 value: 2313 dist: 484
i: 2437 j: 2798 value: 2313 dist: 485
i: 2437 j: 2799 value: 2313 dist: 486
i: 2438 j: 2788 value: 2313 dist: 475
i: 2438 j: 2789 value: 2313 dist: 476
i: 2438 j: 2790 value: 2313 dist: 477
i: 2438 j: 2791 value: 2313 dist: 478
i: 2438 j: 2792 value: 2313 dist: 479
i: 2438 j: 2793 value: 2313 dist: 480
i: 2438 j: 2794 value: 2313 dist: 481
i: 2438 j: 2795 value: 2313 dist: 482
i: 2438 j: 2796 value: 2313 dist: 483
i: 2438 j: 2797 value: 2313 dist: 484
i: 2438 j: 2798 value: 2313 dist: 485
i: 2438 j: 2799 value: 2313 dist: 486
i: 2439 j: 2788 value: 2313 dist: 475
i: 2439 j: 2789 value: 2313 dist: 476
i: 2439 j: 2790 value: 2314 dist: 476
i: 2439 j: 2791 value: 2314 dist: 477
i: 2439 j: 2792 value: 2314 dist: 478
i: 2439 j: 2793 value: 2314 dist: 479
i: 2439 j: 2794 value: 2314 dist: 480
i: 2439 j: 2795 value: 2314 dist: 481
i: 2439 j: 2796 value: 2314 dist: 482
i: 2439 j: 2797 value: 2314 dist: 483
i: 2439 j: 2798 value: 2314 dist: 484
i: 2439 j: 2799 value: 2314 dist: 485
i: 2440 j: 2789 value: 2314 dist: 475
i: 2440 j: 2790 value: 2314 dist: 476
i: 2440 j: 2791 value: 2314 dist: 477
i: 2440 j: 2792 value: 2314 dist: 478
i: 2440 j: 2793 value: 2315 dist: 478
i: 2440 j: 2794 value: 2315 dist: 479
i: 2440 j: 2795 value: 2315 dist: 480
i: 2440 j: 2796 value: 2315 dist: 481
i: 2440 j: 2797 value: 2315 dist: 482
i: 2440 j: 2798 value: 2315 dist: 483
i: 2440 j: 2799 value: 2315 dist: 484
i: 2441 j: 2790 value: 2315 dist: 475
i: 2441 j: 2791 value: 2315 dist: 476
i: 2441 j: 2792 value: 2315 dist: 477
i: 2441 j: 2793 value: 2315 dist: 478
i: 2441 j: 2794 value: 2315 dist: 479
i: 2441 j: 2795 value: 2316 dist: 479
i: 2441 j: 2796 value: 2316 dist: 480
i: 2441 j: 2797 value: 2316 dist: 481
i: 2441 j: 2798 value: 2316 dist: 482
i: 2441 j: 2799 value: 2316 dist: 483
i: 2442 j: 2793 value: 2316 dist: 477
i: 2442 j: 2794 value: 2316 dist: 478
i: 2442 j: 2795 value: 2316 dist: 479
i: 2442 j: 2796 value: 2316 dist: 480
i: 2442 j: 2797 value: 2316 dist: 481
i: 2442 j: 2798 value: 2316 dist: 482
i: 2442 j: 2799 value: 2317 dist: 482
i: 2443 j: 2796 value: 2317 dist: 479
i: 2443 j: 2797 value: 2317 dist: 480
i: 2443 j: 2798 value: 2317 dist: 481
i: 2443 j: 2799 value: 2317 dist: 482
i: 2444 j: 2786 value: 2317 dist: 469
i: 2444 j: 2787 value: 2317 dist: 470
i: 2444 j: 2788 value: 2317 dist: 471
i: 2444 j: 2789 value: 2317 dist: 472
i: 2444 j: 2790 value: 2317 dist: 473
i: 2444 j: 2791 value: 2317 dist: 474
i: 2444 j: 2792 value: 2317 dist: 475
i: 2444 j: 2793 value: 2317 dist: 476
i: 2444 j: 2794 value: 2317 dist: 477
i: 2444 j: 2795 value: 2317 dist: 478
i: 2444 j: 2796 value: 2317 dist: 479
i: 2444 j: 2797 value: 2317 dist: 480
i: 2444 j: 2798 value: 2317 dist: 481
i: 2444 j: 2799 value: 2317 dist: 482
i: 2445 j: 2776 value: 2317 dist: 459
i: 2445 j: 2777 value: 2317 dist: 460
i: 2445 j: 2778 value: 2317 dist: 461
i: 2445 j: 2779 value: 2317 dist: 462
i: 2445 j: 2780 value: 2317 dist: 463
i: 2445 j: 2781 value: 2317 dist: 464
i: 2445 j: 2782 value: 2317 dist: 465
i: 2445 j: 2783 value: 2317 dist: 466
i: 2445 j: 2784 value: 2317 dist: 467
i: 2445 j: 2785 value: 2317 dist: 468
i: 2445 j: 2786 value: 2317 dist: 469
i: 2445 j: 2787 value: 2317 dist: 470
i: 2445 j: 2788 value: 2317 dist: 471
i: 2445 j: 2789 value: 2317 dist: 472
i: 2445 j: 2790 value: 2317 dist: 473
i: 2445 j: 2791 value: 2318 dist: 473
i: 2445 j: 2792 value: 2318 dist: 474
i: 2445 j: 2793 value: 2318 dist: 475
i: 2445 j: 2794 value: 2318 dist: 476
i: 2445 j: 2795 value: 2318 dist: 477
i: 2445 j: 2796 value: 2318 dist: 478
i: 2445 j: 2797 value: 2318 dist: 479
i: 2445 j: 2798 value: 2318 dist: 480
i: 2445 j: 2799 value: 2318 dist: 481
i: 2446 j: 2780 value: 2318 dist: 462
i: 2446 j: 2781 value: 2318 dist: 463
i: 2446 j: 2782 value: 2318 dist: 464
i: 2446 j: 2783 value: 2318 dist: 465
i: 2446 j: 2784 value: 2318 dist: 466
i: 2446 j: 2785 value: 2318 dist: 467
i: 2446 j: 2786 value: 2318 dist: 468
i: 2446 j: 2787 value: 2318 dist: 469
i: 2446 j: 2788 value: 2318 dist: 470
i: 2446 j: 2789 value: 2318 dist: 471
i: 2446 j: 2790 value: 2318 dist: 472
i: 2446 j: 2791 value: 2318 dist: 473
i: 2446 j: 2792 value: 2318 dist: 474
i: 2446 j: 2793 value: 2318 dist: 475
i: 2446 j: 2794 value: 2318 dist: 476
i: 2446 j: 2795 value: 2318 dist: 477
i: 2446 j: 2796 value: 2319 dist: 477
i: 2446 j: 2797 value: 2319 dist: 478
i: 2446 j: 2798 value: 2319 dist: 479
i: 2446 j: 2799 value: 2319 dist: 480
i: 2447 j: 2781 value: 2319 dist: 462
i: 2447 j: 2782 value: 2319 dist: 463
i: 2447 j: 2783 value: 2319 dist: 464
i: 2447 j: 2784 value: 2319 dist: 465
i: 2447 j: 2785 value: 2319 dist: 466
i: 2447 j: 2786 value: 2319 dist: 467
i: 2447 j: 2787 value: 2319 dist: 468
i: 2447 j: 2788 value: 2319 dist: 469
i: 2447 j: 2789 value: 2319 dist: 470
i: 2447 j: 2790 value: 2319 dist: 471
i: 2447 j: 2791 value: 2319 dist: 472
i: 2447 j: 2792 value: 2319 dist: 473
i: 2447 j: 2793 value: 2319 dist: 474
i: 2447 j: 2794 value: 2319 dist: 475
i: 2447 j: 2795 value: 2319 dist: 476
i: 2447 j: 2796 value: 2319 dist: 477
i: 2447 j: 2797 value: 2320 dist: 477
i: 2447 j: 2798 value: 2320 dist: 478
i: 2447 j: 2799 value: 2320 dist: 479
i: 2448 j: 2783 value: 2320 dist: 463
i: 2448 j: 2784 value: 2320 dist: 464
i: 2448 j: 2785 value: 2320 dist: 465
i: 2448 j: 2786 value: 2320 dist: 466
i: 2448 j: 2787 value: 2320 dist: 467
i: 2448 j: 2788 value: 2320 dist: 468
i: 2448 j: 2789 value: 2320 dist: 469
i: 2448 j: 2790 value: 2320 dist: 470
i: 2448 j: 2791 value: 2320 dist: 471
i: 2448 j: 2792 value: 2320 dist: 472
i: 2448 j: 2793 value: 2320 dist: 473
i: 2448 j: 2794 value: 2320 dist: 474
i: 2448 j: 2795 value: 2320 dist: 475
i: 2448 j: 2796 value: 2320 dist: 476
i: 2448 j: 2797 value: 2320 dist: 477
i: 2448 j: 2798 value: 2321 dist: 477
i: 2448 j: 2799 value: 2321 dist: 478
i: 2449 j: 2786 value: 2321 dist: 465
i: 2449 j: 2787 value: 2321 dist: 466
i: 2449 j: 2788 value: 2321 dist: 467
i: 2449 j: 2789 value: 2321 dist: 468
i: 2449 j: 2790 value: 2321 dist: 469
i: 2449 j: 2791 value: 2321 dist: 470
i: 2449 j: 2792 value: 2321 dist: 471
i: 2449 j: 2793 value: 2321 dist: 472
i: 2449 j: 2794 value: 2321 dist: 473
i: 2449 j: 2795 value: 2321 dist: 474
i: 2449 j: 2796 value: 2321 dist: 475
i: 2449 j: 2797 value: 2321 dist: 476
i: 2449 j: 2798 value: 2321 dist: 477
i: 2449 j: 2799 value: 2321 dist: 478
i: 2450 j: 2778 value: 2321 dist: 457
i: 2450 j: 2779 value: 2321 dist: 458
i: 2450 j: 2780 value: 2321 dist: 459
i: 2450 j: 2781 value: 2321 dist: 460
i: 2450 j: 2782 value: 2321 dist: 461
i: 2450 j: 2783 value: 2321 dist: 462
i: 2450 j: 2784 value: 2321 dist: 463
i: 2450 j: 2785 value: 2321 dist: 464
i: 2450 j: 2786 value: 2321 dist: 465
i: 2450 j: 2787 value: 2321 dist: 466
i: 2450 j: 2788 value: 2322 dist: 466
i: 2450 j: 2789 value: 2322 dist: 467
i: 2450 j: 2790 value: 2322 dist: 468
i: 2450 j: 2791 value: 2322 dist: 469
i: 2450 j: 2792 value: 2322 dist: 470
i: 2450 j: 2793 value: 2322 dist: 471
i: 2450 j: 2794 value: 2322 dist: 472
i: 2450 j: 2795 value: 2322 dist: 473
i: 2450 j: 2796 value: 2322 dist: 474
i: 2450 j: 2797 value: 2322 dist: 475
i: 2450 j: 2798 value: 2322 dist: 476
i: 2450 j: 2799 value: 2322 dist: 477
i: 2451 j: 2781 value: 2322 dist: 459
i: 2451 j: 2782 value: 2322 dist: 460
i: 2451 j: 2783 value: 2322 dist: 461
i: 2451 j: 2784 value: 2322 dist: 462
i: 2451 j: 2785 value: 2322 dist: 463
i: 2451 j: 2786 value: 2322 dist: 464
i: 2451 j: 2787 value: 2322 dist: 465
i: 2451 j: 2788 value: 2322 dist: 466
i: 2451 j: 2789 value: 2322 dist: 467
i: 2451 j: 2790 value: 2322 dist: 468
i: 2451 j: 2791 value: 2323 dist: 468
i: 2451 j: 2792 value: 2323 dist: 469
i: 2451 j: 2793 value: 2323 dist: 470
i: 2451 j: 2794 value: 2323 dist: 471
i: 2451 j: 2795 value: 2323 dist: 472
i: 2451 j: 2796 value: 2323 dist: 473
i: 2451 j: 2797 value: 2323 dist: 474
i: 2451 j: 2798 value: 2323 dist: 475
i: 2451 j: 2799 value: 2323 dist: 476
i: 2452 j: 2783 value: 2323 dist: 460
i: 2452 j: 2784 value: 2323 dist: 461
i: 2452 j: 2785 value: 2323 dist: 462
i: 2452 j: 2786 value: 2323 dist: 463
i: 2452 j: 2787 value: 2323 dist: 464
i: 2452 j: 2788 value: 2323 dist: 465
i: 2452 j: 2789 value: 2323 dist: 466
i: 2452 j: 2790 value: 2323 dist: 467
i: 2452 j: 2791 value: 2323 dist: 468
i: 2452 j: 2792 value: 2323 dist: 469
i: 2452 j: 2793 value: 2323 dist: 470
i: 2452 j: 2794 value: 2323 dist: 471
i: 2452 j: 2795 value: 2323 dist: 472
i: 2452 j: 2796 value: 2324 dist: 472
i: 2452 j: 2797 value: 2324 dist: 473
i: 2452 j: 2798 value: 2324 dist: 474
i: 2452 j: 2799 value: 2324 dist: 475
i: 2453 j: 2784 value: 2324 dist: 460
i: 2453 j: 2785 value: 2324 dist: 461
i: 2453 j: 2786 value: 2324 dist: 462
i: 2453 j: 2787 value: 2324 dist: 463
i: 2453 j: 2788 value: 2324 dist: 464
i: 2453 j: 2789 value: 2324 dist: 465
i: 2453 j: 2790 value: 2324 dist: 466
i: 2453 j: 2791 value: 2324 dist: 467
i: 2453 j: 2792 value: 2324 dist: 468
i: 2453 j: 2793 value: 2324 dist: 469
i: 2453 j: 2794 value: 2324 dist: 470
i: 2453 j: 2795 value: 2324 dist: 471
i: 2453 j: 2796 value: 2324 dist: 472
i: 2453 j: 2797 value: 2325 dist: 472
i: 2453 j: 2798 value: 2325 dist: 473
i: 2453 j: 2799 value: 2325 dist: 474
i: 2454 j: 2785 value: 2325 dist: 460
i: 2454 j: 2786 value: 2325 dist: 461
i: 2454 j: 2787 value: 2325 dist: 462
i: 2454 j: 2788 value: 2325 dist: 463
i: 2454 j: 2789 value: 2325 dist: 464
i: 2454 j: 2790 value: 2325 dist: 465
i: 2454 j: 2791 value: 2325 dist: 466
i: 2454 j: 2792 value: 2325 dist: 467
i: 2454 j: 2793 value: 2325 dist: 468
i: 2454 j: 2794 value: 2325 dist: 469
i: 2454 j: 2795 value: 2325 dist: 470
i: 2454 j: 2796 value: 2325 dist: 471
i: 2454 j: 2797 value: 2325 dist: 472
i: 2454 j: 2798 value: 2325 dist: 473
i: 2454 j: 2799 value: 2325 dist: 474
i: 2455 j: 2786 value: 2326 dist: 460
i: 2455 j: 2787 value: 2326 dist: 461
i: 2455 j: 2788 value: 2326 dist: 462
i: 2455 j: 2789 value: 2326 dist: 463
i: 2455 j: 2790 value: 2326 dist: 464
i: 2455 j: 2791 value: 2326 dist: 465
i: 2455 j: 2792 value: 2326 dist: 466
i: 2455 j: 2793 value: 2326 dist: 467
i: 2455 j: 2794 value: 2326 dist: 468
i: 2455 j: 2795 value: 2326 dist: 469
i: 2455 j: 2796 value: 2326 dist: 470
i: 2455 j: 2797 value: 2326 dist: 471
i: 2455 j: 2798 value: 2326 dist: 472
i: 2455 j: 2799 value: 2326 dist: 473
i: 2456 j: 2787 value: 2326 dist: 461
i: 2456 j: 2788 value: 2326 dist: 462
i: 2456 j: 2789 value: 2326 dist: 463
i: 2456 j: 2790 value: 2326 dist: 464
i: 2456 j: 2791 value: 2327 dist: 464
i: 2456 j: 2792 value: 2327 dist: 465
i: 2456 j: 2793 value: 2327 dist: 466
i: 2456 j: 2794 value: 2327 dist: 467
i: 2456 j: 2795 value: 2327 dist: 468
i: 2456 j: 2796 value: 2327 dist: 469
i: 2456 j: 2797 value: 2327 dist: 470
i: 2456 j: 2798 value: 2327 dist: 471
i: 2456 j: 2799 value: 2327 dist: 472
i: 2457 j: 2791 value: 2327 dist: 464
i: 2457 j: 2792 value: 2327 dist: 465
i: 2457 j: 2793 value: 2327 dist: 466
i: 2457 j: 2794 value: 2327 dist: 467
i: 2457 j: 2795 value: 2327 dist: 468
i: 2457 j: 2796 value: 2327 dist: 469
i: 2457 j: 2797 value: 2328 dist: 469
i: 2457 j: 2798 value: 2328 dist: 470
i: 2457 j: 2799 value: 2328 dist: 471
i: 2458 j: 2793 value: 2328 dist: 465
i: 2458 j: 2794 value: 2328 dist: 466
i: 2458 j: 2795 value: 2328 dist: 467
i: 2458 j: 2796 value: 2328 dist: 468
i: 2458 j: 2797 value: 2328 dist: 469
i: 2458 j: 2798 value: 2328 dist: 470
i: 2458 j: 2799 value: 2329 dist: 470
i: 2459 j: 2795 value: 2329 dist: 466
i: 2459 j: 2796 value: 2329 dist: 467
i: 2459 j: 2797 value: 2329 dist: 468
i: 2459 j: 2798 value: 2329 dist: 469
i: 2459 j: 2799 value: 2329 dist: 470
i: 2460 j: 2793 value: 2329 dist: 464
i: 2460 j: 2794 value: 2329 dist: 465
i: 2460 j: 2795 value: 2329 dist: 466
i: 2460 j: 2796 value: 2329 dist: 467
i: 2460 j: 2797 value: 2329 dist: 468
i: 2460 j: 2798 value: 2329 dist: 469
i: 2460 j: 2799 value: 2330 dist: 469
i: 2461 j: 2795 value: 2330 dist: 465
i: 2461 j: 2796 value: 2330 dist: 466
i: 2461 j: 2797 value: 2330 dist: 467
i: 2461 j: 2798 value: 2330 dist: 468
i: 2461 j: 2799 value: 2330 dist: 469
i: 2462 j: 2792 value: 2330 dist: 462
i: 2462 j: 2793 value: 2330 dist: 463
i: 2462 j: 2794 value: 2330 dist: 464
i: 2462 j: 2795 value: 2330 dist: 465
i: 2462 j: 2796 value: 2330 dist: 466
i: 2462 j: 2797 value: 2330 dist: 467
i: 2462 j: 2798 value: 2330 dist: 468
i: 2462 j: 2799 value: 2330 dist: 469
i: 2463 j: 2790 value: 2330 dist: 460
i: 2463 j: 2791 value: 2330 dist: 461
i: 2463 j: 2792 value: 2330 dist: 462
i: 2463 j: 2793 value: 2330 dist: 463
i: 2463 j: 2794 value: 2330 dist: 464
i: 2463 j: 2795 value: 2331 dist: 464
i: 2463 j: 2796 value: 2331 dist: 465
i: 2463 j: 2797 value: 2331 dist: 466
i: 2463 j: 2798 value: 2331 dist: 467
i: 2463 j: 2799 value: 2331 dist: 468
i: 2464 j: 2793 value: 2331 dist: 462
i: 2464 j: 2794 value: 2331 dist: 463
i: 2464 j: 2795 value: 2331 dist: 464
i: 2464 j: 2796 value: 2331 dist: 465
i: 2464 j: 2797 value: 2331 dist: 466
i: 2464 j: 2798 value: 2331 dist: 467
i: 2464 j: 2799 value: 2332 dist: 467
i: 2465 j: 2795 value: 2332 dist: 463
i: 2465 j: 2796 value: 2332 dist: 464
i: 2465 j: 2797 value: 2332 dist: 465
i: 2465 j: 2798 value: 2332 dist: 466
i: 2465 j: 2799 value: 2332 dist: 467
i: 2466 j: 2793 value: 2332 dist: 461
i: 2466 j: 2794 value: 2332 dist: 462
i: 2466 j: 2795 value: 2332 dist: 463
i: 2466 j: 2796 value: 2332 dist: 464
i: 2466 j: 2797 value: 2332 dist: 465
i: 2466 j: 2798 value: 2332 dist: 466
i: 2466 j: 2799 value: 2333 dist: 466
i: 2467 j: 2795 value: 2333 dist: 462
i: 2467 j: 2796 value: 2333 dist: 463
i: 2467 j: 2797 value: 2333 dist: 464
i: 2467 j: 2798 value: 2333 dist: 465
i: 2467 j: 2799 value: 2333 dist: 466
i: 2468 j: 2793 value: 2333 dist: 460
i: 2468 j: 2794 value: 2333 dist: 461
i: 2468 j: 2795 value: 2333 dist: 462
i: 2468 j: 2796 value: 2333 dist: 463
i: 2468 j: 2797 value: 2333 dist: 464
i: 2468 j: 2798 value: 2333 dist: 465
i: 2468 j: 2799 value: 2334 dist: 465
i: 2469 j: 2796 value: 2334 dist: 462
i: 2469 j: 2797 value: 2334 dist: 463
i: 2469 j: 2798 value: 2334 dist: 464
i: 2469 j: 2799 value: 2334 dist: 465
i: 2470 j: 2795 value: 2334 dist: 461
i: 2470 j: 2796 value: 2334 dist: 462
i: 2470 j: 2797 value: 2334 dist: 463
i: 2470 j: 2798 value: 2334 dist: 464
i: 2470 j: 2799 value: 2334 dist: 465
i: 2471 j: 2796 value: 2335 dist: 461
i: 2471 j: 2797 value: 2335 dist: 462
i: 2471 j: 2798 value: 2335 dist: 463
i: 2471 j: 2799 value: 2335 dist: 464
i: 2472 j: 2797 value: 2335 dist: 462
i: 2472 j: 2798 value: 2336 dist: 462
i: 2472 j: 2799 value: 2336 dist: 463
i: 2473 j: 2799 value: 2337 dist: 462
i: 2480 j: 2797 value: 2337 dist: 460
i: 2480 j: 2798 value: 2337 dist: 461
i: 2480 j: 2799 value: 2337 dist: 462
i: 2481 j: 2796 value: 2337 dist: 459
i: 2481 j: 2797 value: 2337 dist: 460
i: 2481 j: 2798 value: 2338 dist: 460
i: 2481 j: 2799 value: 2338 dist: 461
i: 2482 j: 2799 value: 2339 dist: 460
i: 2484 j: 2793 value: 2339 dist: 454
i: 2484 j: 2794 value: 2339 dist: 455
i: 2484 j: 2795 value: 2339 dist: 456
i: 2484 j: 2796 value: 2339 dist: 457
i: 2484 j: 2797 value: 2339 dist: 458
i: 2484 j: 2798 value: 2339 dist: 459
i: 2484 j: 2799 value: 2339 dist: 460
i: 2485 j: 2790 value: 2339 dist: 451
i: 2485 j: 2791 value: 2339 dist: 452
i: 2485 j: 2792 value: 2339 dist: 453
i: 2485 j: 2793 value: 2339 dist: 454
i: 2485 j: 2794 value: 2339 dist: 455
i: 2485 j: 2795 value: 2340 dist: 455
i: 2485 j: 2796 value: 2340 dist: 456
i: 2485 j: 2797 value: 2340 dist: 457
i: 2485 j: 2798 value: 2340 dist: 458
i: 2485 j: 2799 value: 2340 dist: 459
i: 2486 j: 2793 value: 2340 dist: 453
i: 2486 j: 2794 value: 2340 dist: 454
i: 2486 j: 2795 value: 2340 dist: 455
i: 2486 j: 2796 value: 2340 dist: 456
i: 2486 j: 2797 value: 2340 dist: 457
i: 2486 j: 2798 value: 2340 dist: 458
i: 2486 j: 2799 value: 2341 dist: 458
i: 2487 j: 2795 value: 2341 dist: 454
i: 2487 j: 2796 value: 2341 dist: 455
i: 2487 j: 2797 value: 2341 dist: 456
i: 2487 j: 2798 value: 2341 dist: 457
i: 2487 j: 2799 value: 2341 dist: 458
i: 2488 j: 2792 value: 2341 dist: 451
i: 2488 j: 2793 value: 2341 dist: 452
i: 2488 j: 2794 value: 2341 dist: 453
i: 2488 j: 2795 value: 2341 dist: 454
i: 2488 j: 2796 value: 2341 dist: 455
i: 2488 j: 2797 value: 2341 dist: 456
i: 2488 j: 2798 value: 2341 dist: 457
i: 2488 j: 2799 value: 2341 dist: 458
i: 2489 j: 2793 value: 2341 dist: 452
i: 2489 j: 2794 value: 2341 dist: 453
i: 2489 j: 2795 value: 2341 dist: 454
i: 2489 j: 2796 value: 2342 dist: 454
i: 2489 j: 2797 value: 2342 dist: 455
i: 2489 j: 2798 value: 2342 dist: 456
i: 2489 j: 2799 value: 2342 dist: 457
i: 2490 j: 2795 value: 2342 dist: 453
i: 2490 j: 2796 value: 2342 dist: 454
i: 2490 j: 2797 value: 2342 dist: 455
i: 2490 j: 2798 value: 2342 dist: 456
i: 2490 j: 2799 value: 2342 dist: 457
i: 2491 j: 2790 value: 2342 dist: 448
i: 2491 j: 2791 value: 2342 dist: 449
i: 2491 j: 2792 value: 2342 dist: 450
i: 2491 j: 2793 value: 2342 dist: 451
i: 2491 j: 2794 value: 2342 dist: 452
i: 2491 j: 2795 value: 2342 dist: 453
i: 2491 j: 2796 value: 2342 dist: 454
i: 2491 j: 2797 value: 2342 dist: 455
i: 2491 j: 2798 value: 2342 dist: 456
i: 2491 j: 2799 value: 2342 dist: 457
i: 2492 j: 2789 value: 2342 dist: 447
i: 2492 j: 2790 value: 2342 dist: 448
i: 2492 j: 2791 value: 2342 dist: 449
i: 2492 j: 2792 value: 2342 dist: 450
i: 2492 j: 2793 value: 2343 dist: 450
i: 2492 j: 2794 value: 2343 dist: 451
i: 2492 j: 2795 value: 2343 dist: 452
i: 2492 j: 2796 value: 2343 dist: 453
i: 2492 j: 2797 value: 2343 dist: 454
i: 2492 j: 2798 value: 2343 dist: 455
i: 2492 j: 2799 value: 2343 dist: 456
i: 2493 j: 2790 value: 2343 dist: 447
i: 2493 j: 2791 value: 2343 dist: 448
i: 2493 j: 2792 value: 2343 dist: 449
i: 2493 j: 2793 value: 2343 dist: 450
i: 2493 j: 2794 value: 2343 dist: 451
i: 2493 j: 2795 value: 2344 dist: 451
i: 2493 j: 2796 value: 2344 dist: 452
i: 2493 j: 2797 value: 2344 dist: 453
i: 2493 j: 2798 value: 2344 dist: 454
i: 2493 j: 2799 value: 2344 dist: 455
i: 2494 j: 2793 value: 2344 dist: 449
i: 2494 j: 2794 value: 2344 dist: 450
i: 2494 j: 2795 value: 2344 dist: 451
i: 2494 j: 2796 value: 2344 dist: 452
i: 2494 j: 2797 value: 2344 dist: 453
i: 2494 j: 2798 value: 2344 dist: 454
i: 2494 j: 2799 value: 2345 dist: 454
i: 2495 j: 2796 value: 2345 dist: 451
i: 2495 j: 2797 value: 2345 dist: 452
i: 2495 j: 2798 value: 2345 dist: 453
i: 2495 j: 2799 value: 2345 dist: 454
i: 2496 j: 2796 value: 2345 dist: 451
i: 2496 j: 2797 value: 2345 dist: 452
i: 2496 j: 2798 value: 2346 dist: 452
i: 2496 j: 2799 value: 2346 dist: 453
i: 2497 j: 2797 value: 2346 dist: 451
i: 2497 j: 2798 value: 2346 dist: 452
i: 2497 j: 2799 value: 2346 dist: 453
i: 2498 j: 2798 value: 2347 dist: 451
i: 2498 j: 2799 value: 2347 dist: 452
i: 2499 j: 2799 value: 2347 dist: 452
