(0,145064,160653909,160798972) 69537


(0,93001,160600000,160693001),(93001,145064,160600000,160652063) 113238


(0,22500,160600000,160622500),(22500,45000,160618000,160640500),(45000,67500,160624000,160646500),(67500,93001,160624000,160649501),(93001,119032,160612000,160638031),(119032,145064,160627000,160653032) 133696


(0,22500,160601500,160623500),(22500,39001,160618000,160634501),(39001,51001,160634500,160646600),(51001,66003,160630000,160645102),(66003,82944,160628500,160645441),(82944,93001,160634500,160644857),(93001,119032,160612000,160637731),(119032,145064,160627000,160652832),最终结果=136112


(0,22500,160601000,160623500),(22500,39001,160629000,160645601),(39001,51001,160629000,160641000),(51001,66003,160619000,160634002),(66003,82944,160623000,160639941),(82944,93001,160618000,160628257),(93001,103000,160617000,160627199),(103000,110000,160616000,160623100),(110000,119032,160612000,160621132),(119032,130000,160621000,160632068),(130000,145064,160638000,160652864),最终结果=136669

(0,22500,160600900,160623400),(22500,39001,160629000,160645601),(39001,51001,160629000,160641000),(51001,66003,160618900,160633902),(66003,82944,160622900,160639841),(82944,93001,160618000,160628257),(93001,103000,160617100,160627299),(103000,110000,160616100,160623200),(110000,119032,160612000,160621132),(119032,130000,160621100,160632168),(130000,145064,160637700,160652564),最终结果=137115

start=0 len=22500 答案：距离=1132，位置=896，len-距离=21368，占比=50
start=22500 len=16501 答案：距离=947，位置=17920，len-距离=15554，占比=57
start=39001 len=12000 答案：距离=653，位置=12288，len-距离=11347，占比=54
start=51001 len=15002 答案：距离=737，位置=13312，len-距离=14265，占比=49
start=66003 len=16941 答案：距离=809，位置=11776，len-距离=16132，占比=47
start=82944 len=10057 答案：距离=1062，位置=17792，len-距离=8995，占比=105
start=93001 len=9999 答案：距离=373，位置=33792，len-距离=9626，占比=37
start=103000 len=7000 答案：距离=205，位置=27200，len-距离=6795，占比=29
start=110000 len=9032 答案：距离=274，位置=23104，len-距离=8758，占比=30
start=119032 len=10968 答案：距离=350，位置=21056，len-距离=10618，占比=31
start=130000 len=15064 答案：距离=693，位置=37696，len-距离=14371，占比=46
(0,22500,160600896,160623364),(22500,39001,160617920,160634493),(39001,51001,160612288,160624384),(51001,66003,160613312,160628418),(66003,82944,160611776,160628829),(82944,93001,160617792,160628137),(93001,103000,160633792,160643839),(103000,110000,160627200,160634232),(110000,119032,160623104,160632232),(119032,130000,160621056,160632120),(130000,145064,160637696,160652664)
最终结果=137499

start=0 len=22500 答案：距离=1132，位置=896，len-距离=21368，占比=50
start=22500 len=16501 答案：距离=947，位置=17920，len-距离=15554，占比=57
start=39001 len=12000 答案：距离=653，位置=12288，len-距离=11347，占比=54
start=51001 len=15002 答案：距离=737，位置=13312，len-距离=14265，占比=49
start=66003 len=16941 答案：距离=809，位置=11776，len-距离=16132，占比=47
start=82944 len=10057 答案：距离=931，位置=23300~23300+10507，len-距离=9126，占比=92
start=93001 len=9999 答案：距离=373，位置=33792，len-距离=9626，占比=37
start=103000 len=7000 答案：距离=205，位置=27200，len-距离=6795，占比=29
start=110000 len=9032 答案：距离=274，位置=23104，len-距离=8758，占比=30
start=119032 len=10968 答案：距离=350，位置=21056，len-距离=10618，占比=31
start=130000 len=15064 答案：距离=693，位置=37696，len-距离=14371，占比=46
(0,22500,160600896,160623364),(22500,39001,160617920,160634493),(39001,51001,160612288,160624384),(51001,66003,160613312,160628418),(66003,82944,160611776,160628829),(82944,93001,160623300,160633807),(93001,103000,160633792,160643839),(103000,110000,160627200,160634232),(110000,119032,160623104,160632232),(119032,130000,160621056,160632120),(130000,145064,160637696,160652664)
ans = 137633

start=0 len=22500 答案：距离=1101，位置=900~900+22500，len-距离=21399，占比=48
start=22500 len=16501 答案：距离=938，位置=23400~23400+16651，len-距离=15563，占比=56
start=39001 len=12000 答案：距离=594，位置=29000~29000+12000，len-距离=11406，占比=49
start=51001 len=15002 答案：距离=664，位置=24400~24400+15152，len-距离=14338，占比=44
start=66003 len=16941 答案：距离=824，位置=17300~17300+17091，len-距离=16117，占比=48
start=82944 len=10057 答案：距离=931，位置=23300~23300+10507，len-距离=9126，占比=92
start=93001 len=9999 答案：距离=373，位置=33792，len-距离=9626，占比=37
start=103000 len=7000 答案：距离=142，位置=38300~38300+7000，len-距离=6858，占比=20
start=110000 len=9032 答案：距离=262，位置=17600~17600+9032，len-距离=8770，占比=29
start=119032 len=10968 答案：距离=340，位置=15600~15600+10968，len-距离=10628，占比=30
start=130000 len=15064 答案：距离=581，位置=37600~37600+15214，len-距离=14483，占比=38
(0,22500,160600900,160623400),(22500,39001,160623400,160640051),(39001,51001,160629000,160641000),(51001,66003,160624400,160639552),(66003,82944,160617300,160634391),(82944,93001,160623300,160633807),(93001,103000,160633792,160643839),(103000,110000,160638300,160645300),(110000,119032,160617600,160626632),(119032,130000,160615600,160626568),(130000,145064,160637600,160652814)
最终结果=137981


start=0 len=12250 答案：距离=430，位置=900~900+12250，len-距离=11820，占比=35
start=12250 len=10250 答案：距离=522，位置=29820~29820+10270，len-距离=9728，占比=50
start=22500 len=16501 答案：距离=913，位置=23460~23460+16541，len-距离=15588，占比=55
start=39001 len=12000 答案：距离=559，位置=28980~28980+12040，len-距离=11441，占比=46
start=51001 len=15002 答案：距离=684，位置=24360~24360+15202，len-距离=14318，占比=45
start=66003 len=16941 答案：距离=843，位置=17340~17340+16981，len-距离=16098，占比=49
start=82944 len=10057 答案：距离=929，位置=23280~23280+10507，len-距离=9128，占比=92
start=93001 len=9999 答案：距离=272，位置=17160~17160+10039，len-距离=9727，占比=27
start=103000 len=7000 答案：距离=153，位置=21660~21660+7000，len-距离=6847，占比=21
start=110000 len=9032 答案：距离=232，位置=17580~17580+9072，len-距离=8800，占比=25
start=119032 len=10968 答案：距离=326，位置=21120~21120+10988，len-距离=10642，占比=29
start=130000 len=15064 答案：距离=563，位置=37680~37680+15104，len-距离=14501，占比=37
(0,12250,160600900,160613150),(12250,22500,160629820,160640090),(22500,39001,160623460,160640001),(39001,51001,160628980,160641020),(51001,66003,160624360,160639562),(66003,82944,160617340,160634321),(82944,93001,160623280,160633787),(93001,103000,160617160,160627199),(103000,110000,160621660,160628660),(110000,119032,160617580,160626652),(119032,130000,160621120,160632108),(130000,145064,160637680,160652784)
最终结果=138278
573.4 seconds


(0,3000,160600900,160603900),(3000,6000,160603900,160606900),(6000,9000,160606900,160609920),(9000,12000,160609900,160612900),(12000,15000,160635100,160638120),(15000,18000,160632600,160635600),(18000,21000,160635600,160638600),(21000,24000,160633100,160636020),(24000,27000,160619400,160622400),(27000,30000,160633500,160636520),(30000,33000,160631000,160634000),(33000,36000,160634000,160637000),(36000,39000,160631500,160634500),(39000,42000,160634500,160637520),(42000,45000,160632000,160634980),(45000,48000,160612800,160615800),(48000,51000,160626900,160629920),(51000,54000,160624400,160627400),(54000,57000,160627400,160630420),(57000,60000,160636000,160639000),(60000,63000,160633500,160636480),(63000,66000,160625400,160628420),(66000,69000,160639500,160642520),(69000,72000,160614800,160617820),(72000,75000,160628900,160631920),(75000,78000,160615300,160618300),(78000,81000,160629400,160632400),(81000,84000,160621300,160624380),(84000,87000,160641000,160644020),(87000,90000,160616300,160619320),(90000,93000,160619800,160622720),(93000,96000,160622700,160625720),(96000,99000,160620200,160623200),(99000,102000,160623200,160626200),(102000,105000,160637300,160640300),(105000,108000,160640300,160643300),(108000,111000,160643300,160646300),(111000,114000,160635200,160638220),(114000,117000,160621600,160624620),(117000,120000,160613500,160616520),(120000,123000,160638700,160641720),(123000,126000,160625100,160628100),(126000,129000,160639200,160642200),(129000,132000,160642200,160645220),(132000,135000,160617500,160620480),(135000,138000,160620500,160623500),(138000,141000,160645700,160648720),(141000,144000,160648700,160651720),(144000,145064,160651700,160652844)
最终结果=137117