6514 23290  29755
6524 23290  29775
6516 23290  29759
6526 23290  29779
6512 23290  29751
6490 23290  29707
6518 23290  29763
6504 23290  29735
6508 23290  29743
6520 23290  29767
6496 23290  29719
6498 23290  29723
6506 23290  29739
6492 23290  29711
6494 23290  29715
6528 23290  29783
6502 23290  29731
6500 23290  29727
6510 23290  29747
6522 23290  29771
6512 23291  29753
6526 23291  29781
6524 23291  29777
6514 23291  29757
6490 23291  29709
6520 23291  29769
6516 23291  29761
6518 23291  29765
6492 23291  29713
6498 23291  29725
6528 23291  29785
6494 23291  29717
6496 23291  29721
6504 23291  29737
6506 23291  29741
6508 23291  29745
6510 23291  29749
6500 23291  29729
6502 23291  29733
6522 23291  29773
6506 23292  29743
6504 23292  29739
6510 23292  29751
6508 23292  29747
6500 23292  29731
6502 23292  29735
6506 23293  29745
6504 23293  29741
6510 23293  29753
6508 23293  29749
6500 23293  29733
6502 23293  29737
6506 23294  29747
6504 23294  29743
6510 23294  29755
6508 23294  29751
6500 23294  29735
6502 23294  29739
6506 23295  29749
6504 23295  29745
6510 23295  29757
6508 23295  29753
6500 23295  29737
6502 23295  29741
6506 23296  29751
6504 23296  29747
6510 23296  29759
6508 23296  29755
6500 23296  29739
6502 23296  29743
6516 23292  29763
6526 23292  29783
6506 23297  29753
6504 23297  29749
6510 23297  29761
6508 23297  29757
6494 23292  29719
6500 23297  29741
6502 23297  29745
6528 23292  29787
6514 23292  29759
6512 23292  29755
6520 23292  29771
6496 23292  29723
6518 23292  29767
6498 23292  29727
6492 23292  29715
6506 23298  29755
6510 23298  29763
6504 23298  29751
6508 23298  29759
6500 23298  29743
6502 23298  29747
6524 23292  29779
6490 23292  29711
6522 23292  29775
6510 23299  29765
6506 23299  29757
6504 23299  29753
6508 23299  29761
6500 23299  29745
6502 23299  29749
6510 23300  29767
6506 23300  29759
6508 23300  29763
6504 23300  29755
6500 23300  29747
6502 23300  29751
6506 23301  29761
6510 23301  29769
6508 23301  29765
6504 23301  29757
6500 23301  29749
6502 23301  29753
6510 23302  29771
6506 23302  29763
6508 23302  29767
6504 23302  29759
6500 23302  29751
6502 23302  29755
6510 23303  29773
6506 23303  29765
6508 23303  29769
6504 23303  29761
6526 23293  29785
6500 23303  29753
6502 23303  29757
6510 23304  29775
6506 23304  29767
6508 23304  29771
6504 23304  29763
6500 23304  29755
6502 23304  29759
6528 23293  29789
6514 23293  29761
6518 23293  29769
6516 23293  29765
6492 23293  29717
6498 23293  29729
6510 23305  29777
6506 23305  29769
6508 23305  29773
6504 23305  29765
6500 23305  29757
6502 23305  29761
6512 23293  29757
6496 23293  29725
6522 23293  29777
6494 23293  29721
6490 23293  29713
6520 23293  29773
6506 23306  29771
6508 23306  29775
6504 23306  29767
6510 23306  29779
6500 23306  29759
6502 23306  29763
6506 23307  29773
6508 23307  29777
6504 23307  29769
6510 23307  29781
6500 23307  29761
6502 23307  29765
6524 23293  29781
6508 23308  29779
6506 23308  29775
6504 23308  29771
6510 23308  29783
6500 23308  29763
6502 23308  29767
6506 23309  29777
6508 23309  29781
6504 23309  29773
6510 23309  29785
6500 23309  29765
6502 23309  29769
6506 23310  29779
6508 23310  29783
6504 23310  29775
6510 23310  29787
6500 23310  29767
6502 23310  29771
6526 23294  29787
6506 23311  29781
6508 23311  29785
6504 23311  29777
6510 23311  29789
6500 23311  29769
6518 23294  29771
6502 23311  29773
6492 23294  29719
6498 23294  29731
6528 23294  29791
6514 23294  29763
6506 23312  29783
6508 23312  29787
6504 23312  29779
6510 23312  29791
6500 23312  29771
6496 23294  29727
6502 23312  29775
6516 23294  29767
6520 23294  29775
6512 23294  29759
6522 23294  29779
6506 23313  29785
6508 23313  29789
6504 23313  29781
6510 23313  29793
6500 23313  29773
6502 23313  29777
6494 23294  29723
6490 23294  29715
6506 23314  29787
6508 23314  29791
6510 23314  29795
6504 23314  29783
6500 23314  29775
6502 23314  29779
6524 23294  29783
6506 23315  29789
6508 23315  29793
6510 23315  29797
6504 23315  29785
6500 23315  29777
6502 23315  29781
6506 23316  29791
6508 23316  29795
6510 23316  29799
6504 23316  29787
6500 23316  29779
6502 23316  29783
6506 23317  29793
6508 23317  29797
6510 23317  29801
6504 23317  29789
6500 23317  29781
6502 23317  29785
6526 23295  29789
6506 23318  29795
6508 23318  29799
6510 23318  29803
6500 23318  29783
6504 23318  29791
6502 23318  29787
6528 23295  29793
6508 23319  29801
6506 23319  29797
6510 23319  29805
6500 23319  29785
6518 23295  29773
6504 23319  29793
6502 23319  29789
6514 23295  29765
6512 23295  29761
6498 23295  29733
6492 23295  29721
6496 23295  29729
6522 23295  29781
6520 23295  29777
6506 23320  29799
6508 23320  29803
6494 23295  29725
6510 23320  29805
6500 23320  29787
6504 23320  29795
6516 23295  29769
6502 23320  29791
6524 23295  29785
6490 23295  29717
6506 23321  29801
6508 23321  29805
6510 23321  29805
6500 23321  29789
6504 23321  29797
6502 23321  29793
6506 23322  29803
6508 23322  29805
6510 23322  29805
6500 23322  29791
6504 23322  29799
6502 23322  29795
6506 23323  29805
6508 23323  29805
6500 23323  29793
6510 23323  29805
6504 23323  29801
6502 23323  29797
6506 23324  29805
6508 23324  29805
6500 23324  29795
6504 23324  29803
6510 23324  29805
6502 23324  29799
6506 23325  29805
6508 23325  29805
6500 23325  29797
6504 23325  29805
6510 23325  29805
6502 23325  29801
6518 23296  29775
6496 23296  29731
6498 23296  29735
6506 23326  29805
6508 23326  29805
6514 23296  29767
6500 23326  29799
6504 23326  29805
6502 23326  29803
6510 23326  29805
6528 23296  29795
6492 23296  29723
6526 23296  29791
6522 23296  29783
6512 23296  29763
6506 23327  29805
6508 23327  29805
6500 23327  29801
6504 23327  29805
6502 23327  29805
6510 23327  29805
6520 23296  29779
6516 23296  29771
6506 23328  29805
6508 23328  29805
6500 23328  29803
6504 23328  29805
6502 23328  29805
6510 23328  29805
6494 23296  29727
6524 23296  29787
6490 23296  29719
6506 23329  29805
6508 23329  29805
6504 23329  29805
6500 23329  29805
6502 23329  29805
6510 23329  29805
6506 23330  29805
6508 23330  29805
6504 23330  29805
6500 23330  29805
6502 23330  29805
6510 23330  29805
6506 23331  29805
6508 23331  29805
6500 23331  29805
6504 23331  29805
6502 23331  29805
6510 23331  29805
6508 23332  29805
6506 23332  29805
6500 23332  29805
6504 23332  29805
6518 23297  29777
6502 23332  29805
6510 23332  29805
6492 23297  29725
6498 23297  29737
6506 23333  29805
6508 23333  29805
6500 23333  29805
6504 23333  29805
6502 23333  29805
6510 23333  29805
6512 23297  29765
6526 23297  29793
6496 23297  29733
6514 23297  29769
6520 23297  29781
6522 23297  29785
6506 23334  29805
6508 23334  29805
6528 23297  29797
6500 23334  29805
6504 23334  29805
6502 23334  29805
6510 23334  29805
6494 23297  29729
6508 23335  29805
6506 23335  29805
6500 23335  29805
6504 23335  29805
6502 23335  29805
6510 23335  29805
6516 23297  29773
6524 23297  29789
6508 23336  29805
6506 23336  29805
6490 23297  29721
6500 23336  29805
6504 23336  29805
6510 23336  29805
6502 23336  29805
6508 23337  29805
6506 23337  29805
6500 23337  29805
6504 23337  29805
6502 23337  29805
6510 23337  29805
6508 23338  29805
6506 23338  29805
6500 23338  29805
6504 23338  29805
6510 23338  29805
6502 23338  29805
6506 23339  29805
6508 23339  29805
6500 23339  29805
6504 23339  29805
6502 23339  29805
6510 23339  29805
6518 23298  29779
6492 23298  29727
6507 23290  29805
6526 23298  29795
6509 23290  29805
6498 23298  29739
6514 23298  29771
6501 23290  29805
6520 23298  29783
6505 23290  29805
6512 23298  29767
6496 23298  29735
6503 23290  29805
6528 23298  29799
6511 23290  29805
6522 23298  29787
6494 23298  29731
6516 23298  29775
6490 23298  29723
6524 23298  29791
6518 23299  29781
6492 23299  29729
6507 23291  29805
6509 23291  29805
6498 23299  29741
6526 23299  29797
6514 23299  29773
6520 23299  29785
6501 23291  29805
6496 23299  29737
6512 23299  29769
6505 23291  29805
6503 23291  29805
6511 23291  29805
6528 23299  29801
6522 23299  29789
6494 23299  29733
6516 23299  29777
6490 23299  29725
6524 23299  29793
6518 23300  29783
6492 23300  29731
6507 23292  29805
6509 23292  29805
6498 23300  29743
6526 23300  29799
6520 23300  29787
6514 23300  29775
6512 23300  29771
6501 23292  29805
6496 23300  29739
6505 23292  29805
6511 23292  29805
6528 23300  29803
6503 23292  29805
6522 23300  29791
6494 23300  29735
6516 23300  29779
6524 23300  29795
6490 23300  29727
6518 23301  29785
6492 23301  29733
6507 23293  29805
6498 23301  29745
6509 23293  29805
6526 23301  29801
6520 23301  29789
6514 23301  29777
6512 23301  29773
6501 23293  29805
6496 23301  29741
6505 23293  29805
6503 23293  29805
6522 23301  29793
6528 23301  29805
6511 23293  29805
6494 23301  29737
6516 23301  29781
6490 23301  29729
6524 23301  29797
6518 23302  29787
6492 23302  29735
6507 23294  29805
6526 23302  29803
6498 23302  29747
6509 23294  29805
6512 23302  29775
6520 23302  29791
6514 23302  29779
6501 23294  29805
6496 23302  29743
6528 23302  29805
6505 23294  29805
6522 23302  29795
6503 23294  29805
6511 23294  29805
6516 23302  29783
6494 23302  29739
6524 23302  29799
6490 23302  29731
6518 23303  29789
6507 23295  29805
6492 23303  29737
6526 23303  29805
6509 23295  29805
6514 23303  29781
6512 23303  29777
6498 23303  29749
6520 23303  29793
6501 23295  29805
6528 23303  29805
6496 23303  29745
6522 23303  29797
6505 23295  29805
6503 23295  29805
6511 23295  29805
6516 23303  29785
6494 23303  29741
6524 23303  29801
6490 23303  29733
6518 23304  29791
6507 23296  29805
6492 23304  29739
6526 23304  29805
6512 23304  29779
6509 23296  29805
6514 23304  29783
6520 23304  29795
6498 23304  29751
6528 23304  29805
6501 23296  29805
6505 23296  29805
6496 23304  29747
6503 23296  29805
6522 23304  29799
6516 23304  29787
6511 23296  29805
6494 23304  29743
6524 23304  29803
6490 23304  29735
6518 23305  29793
6507 23297  29805
6512 23305  29781
6526 23305  29805
6514 23305  29785
6492 23305  29741
6509 23297  29805
6520 23305  29797
6528 23305  29805
6498 23305  29753
6501 23297  29805
6505 23297  29805
6516 23305  29789
6503 23297  29805
6522 23305  29801
6496 23305  29749
6511 23297  29805
6494 23305  29745
6490 23305  29737
6524 23305  29805
6518 23306  29795
6507 23298  29805
6512 23306  29783
6526 23306  29805
6509 23298  29805
6514 23306  29787
6492 23306  29743
6520 23306  29799
6498 23306  29755
6528 23306  29805
6501 23298  29805
6505 23298  29805
6503 23298  29805
6516 23306  29791
6522 23306  29803
6496 23306  29751
6511 23298  29805
6494 23306  29747
6524 23306  29805
6490 23306  29739
6518 23307  29797
6512 23307  29785
6526 23307  29805
6507 23299  29805
6514 23307  29789
6509 23299  29805
6492 23307  29745
6528 23307  29805
6520 23307  29801
6498 23307  29757
6516 23307  29793
6503 23299  29805
6505 23299  29805
6501 23299  29805
6522 23307  29805
6511 23299  29805
6496 23307  29753
6494 23307  29749
6524 23307  29805
6490 23307  29741
6507 23300  29805
6509 23300  29805
6503 23300  29805
6501 23300  29805
6505 23300  29805
6511 23300  29805
6507 23301  29805
6509 23301  29805
6503 23301  29805
6501 23301  29805
6505 23301  29805
6511 23301  29805
6518 23308  29799
6512 23308  29787
6507 23302  29805
6509 23302  29805
6503 23302  29805
6501 23302  29805
6505 23302  29805
6511 23302  29805
6526 23308  29805
6507 23303  29805
6509 23303  29805
6503 23303  29805
6501 23303  29805
6505 23303  29805
6511 23303  29805
6492 23308  29747
6507 23304  29805
6509 23304  29805
6514 23308  29791
6528 23308  29805
6503 23304  29805
6501 23304  29805
6505 23304  29805
6511 23304  29805
6498 23308  29759
6507 23305  29805
6520 23308  29803
6509 23305  29805
6503 23305  29805
6505 23305  29805
6516 23308  29795
6501 23305  29805
6511 23305  29805
6496 23308  29755
6507 23306  29805
6509 23306  29805
6522 23308  29805
6503 23306  29805
6505 23306  29805
6501 23306  29805
6511 23306  29805
6494 23308  29751
6490 23308  29743
6507 23307  29805
6509 23307  29805
6503 23307  29805
6505 23307  29805
6501 23307  29805
6511 23307  29805
6524 23308  29805
6507 23308  29805
6509 23308  29805
6503 23308  29805
6505 23308  29805
6501 23308  29805
6511 23308  29805
6518 23309  29801
6507 23309  29805
6509 23309  29805
6512 23309  29789
6503 23309  29805
6505 23309  29805
6501 23309  29805
6511 23309  29805
6507 23310  29805
6509 23310  29805
6503 23310  29805
6505 23310  29805
6501 23310  29805
6498 23309  29761
6511 23310  29805
6528 23309  29805
6492 23309  29749
6507 23311  29805
6509 23311  29805
6526 23309  29805
6503 23311  29805
6505 23311  29805
6501 23311  29805
6520 23309  29805
6511 23311  29805
6514 23309  29793
6507 23312  29805
6496 23309  29757
6509 23312  29805
6503 23312  29805
6505 23312  29805
6501 23312  29805
6511 23312  29805
6494 23309  29753
6507 23313  29805
6509 23313  29805
6516 23309  29797
6522 23309  29805
6503 23313  29805
6505 23313  29805
6501 23313  29805
6490 23309  29745
6511 23313  29805
6507 23314  29805
6509 23314  29805
6503 23314  29805
6505 23314  29805
6501 23314  29805
6511 23314  29805
6524 23309  29805
6507 23315  29805
6509 23315  29805
6503 23315  29805
6505 23315  29805
6501 23315  29805
6511 23315  29805
6507 23316  29805
6509 23316  29805
6518 23310  29803
6503 23316  29805
6505 23316  29805
6501 23316  29805
6511 23316  29805
6526 23310  29805
6507 23317  29805
6509 23317  29805
6528 23310  29805
6503 23317  29805
6505 23317  29805
6501 23317  29805
6496 23310  29759
6512 23310  29791
6511 23317  29805
6492 23310  29751
6507 23318  29805
6509 23318  29805
6503 23318  29805
6505 23318  29805
6501 23318  29805
6514 23310  29795
6511 23318  29805
6498 23310  29763
6507 23319  29805
6509 23319  29805
6503 23319  29805
6505 23319  29805
6501 23319  29805
6520 23310  29805
6511 23319  29805
6507 23320  29805
6509 23320  29805
6503 23320  29805
6505 23320  29805
6501 23320  29805
6522 23310  29805
6511 23320  29805
6494 23310  29755
6516 23310  29799
6507 23321  29805
6509 23321  29805
6503 23321  29805
6505 23321  29805
6501 23321  29805
6490 23310  29747
6511 23321  29805
6524 23310  29805
6507 23322  29805
6509 23322  29805
6505 23322  29805
6503 23322  29805
6501 23322  29805
6511 23322  29805
6507 23323  29805
6509 23323  29805
6505 23323  29805
6503 23323  29805
6501 23323  29805
6514 23311  29797
6526 23311  29805
6518 23311  29805
6512 23311  29793
6511 23323  29805
6528 23311  29805
6498 23311  29765
6496 23311  29761
6492 23311  29753
6522 23311  29805
6520 23311  29805
6507 23324  29805
6509 23324  29805
6494 23311  29757
6516 23311  29801
6524 23311  29805
6490 23311  29749
6505 23324  29805
6503 23324  29805
6501 23324  29805
6514 23312  29799
6526 23312  29805
6518 23312  29805
6511 23324  29805
6512 23312  29795
6528 23312  29805
6498 23312  29767
6496 23312  29763
6492 23312  29755
6522 23312  29805
6507 23325  29805
6520 23312  29805
6509 23325  29805
6494 23312  29759
6516 23312  29803
6524 23312  29805
6490 23312  29751
6505 23325  29805
6503 23325  29805
6514 23313  29801
6501 23325  29805
6526 23313  29805
6518 23313  29805
6511 23325  29805
6512 23313  29797
6528 23313  29805
6498 23313  29769
6496 23313  29765
6492 23313  29757
6507 23326  29805
6522 23313  29805
6520 23313  29805
6509 23326  29805
6494 23313  29761
6524 23313  29805
6516 23313  29805
6490 23313  29753
6505 23326  29805
6503 23326  29805
6501 23326  29805
6514 23314  29803
6526 23314  29805
6518 23314  29805
6511 23326  29805
6512 23314  29799
6528 23314  29805
6498 23314  29771
6496 23314  29767
6492 23314  29759
6507 23327  29805
6522 23314  29805
6520 23314  29805
6509 23327  29805
6524 23314  29805
6516 23314  29805
6494 23314  29763
6490 23314  29755
6503 23327  29805
6505 23327  29805
6514 23315  29805
6501 23327  29805
6526 23315  29805
6518 23315  29805
6511 23327  29805
6512 23315  29801
6528 23315  29805
6498 23315  29773
6496 23315  29769
6492 23315  29761
6507 23328  29805
6522 23315  29805
6520 23315  29805
6509 23328  29805
6524 23315  29805
6494 23315  29765
6516 23315  29805
6490 23315  29757
6503 23328  29805
6505 23328  29805
6514 23316  29805
6501 23328  29805
6526 23316  29805
6511 23328  29805
6512 23316  29803
6518 23316  29805
6528 23316  29805
6498 23316  29775
6496 23316  29771
6492 23316  29763
6507 23329  29805
6520 23316  29805
6522 23316  29805
6509 23329  29805
6524 23316  29805
6494 23316  29767
6516 23316  29805
6490 23316  29759
6505 23329  29805
6503 23329  29805
6514 23317  29805
6501 23329  29805
6526 23317  29805
6511 23329  29805
6512 23317  29805
6518 23317  29805
6528 23317  29805
6498 23317  29777
6496 23317  29773
6492 23317  29765
6507 23330  29805
6520 23317  29805
6509 23330  29805
6522 23317  29805
6524 23317  29805
6516 23317  29805
6494 23317  29769
6505 23330  29805
6503 23330  29805
6490 23317  29761
6514 23318  29805
6501 23330  29805
6526 23318  29805
6511 23330  29805
6512 23318  29805
6528 23318  29805
6518 23318  29805
6498 23318  29779
6496 23318  29775
6492 23318  29767
6507 23331  29805
6520 23318  29805
6509 23331  29805
6522 23318  29805
6524 23318  29805
6516 23318  29805
6494 23318  29771
6505 23331  29805
6490 23318  29763
6503 23331  29805
6514 23319  29805
6501 23331  29805
6526 23319  29805
6511 23331  29805
6512 23319  29805
6528 23319  29805
6518 23319  29805
6498 23319  29781
6496 23319  29777
6492 23319  29769
6507 23332  29805
6520 23319  29805
6522 23319  29805
6509 23332  29805
6524 23319  29805
6516 23319  29805
6494 23319  29773
6505 23332  29805
6503 23332  29805
6490 23319  29765
6514 23320  29805
6501 23332  29805
6526 23320  29805
6511 23332  29805
6512 23320  29805
6528 23320  29805
6518 23320  29805
6498 23320  29783
6496 23320  29779
6492 23320  29771
6507 23333  29805
6520 23320  29805
6522 23320  29805
6509 23333  29805
6524 23320  29805
6516 23320  29805
6494 23320  29775
6490 23320  29767
6503 23333  29805
6505 23333  29805
6514 23321  29805
6501 23333  29805
6526 23321  29805
6512 23321  29805
6511 23333  29805
6528 23321  29805
6518 23321  29805
6498 23321  29785
6496 23321  29781
6492 23321  29773
6507 23334  29805
6522 23321  29805
6520 23321  29805
6509 23334  29805
6524 23321  29805
6516 23321  29805
6490 23321  29769
6494 23321  29777
6514 23322  29805
6505 23334  29805
6503 23334  29805
6501 23334  29805
6526 23322  29805
6528 23322  29805
6512 23322  29805
6511 23334  29805
6518 23322  29805
6498 23322  29787
6496 23322  29783
6492 23322  29775
6507 23335  29805
6522 23322  29805
6520 23322  29805
6509 23335  29805
6524 23322  29805
6516 23322  29805
6490 23322  29771
6494 23322  29779
6514 23323  29805
6505 23335  29805
6503 23335  29805
6501 23335  29805
6526 23323  29805
6528 23323  29805
6512 23323  29805
6511 23335  29805
6518 23323  29805
6498 23323  29789
6496 23323  29785
6492 23323  29777
6522 23323  29805
6507 23336  29805
6520 23323  29805
6509 23336  29805
6524 23323  29805
6516 23323  29805
6490 23323  29773
6494 23323  29781
6505 23336  29805
6514 23324  29805
6503 23336  29805
6501 23336  29805
6526 23324  29805
6528 23324  29805
6512 23324  29805
6511 23336  29805
6518 23324  29805
6498 23324  29791
6496 23324  29787
6492 23324  29779
6522 23324  29805
6520 23324  29805
6507 23337  29805
6509 23337  29805
6524 23324  29805
6516 23324  29805
6494 23324  29783
6490 23324  29775
6505 23337  29805
6514 23325  29805
6503 23337  29805
6501 23337  29805
6526 23325  29805
6511 23337  29805
6518 23325  29805
6528 23325  29805
6512 23325  29805
6498 23325  29793
6496 23325  29789
6492 23325  29781
6522 23325  29805
6520 23325  29805
6507 23338  29805
6509 23338  29805
6524 23325  29805
6494 23325  29785
6490 23325  29777
6505 23338  29805
6516 23325  29805
6503 23338  29805
6501 23338  29805
6514 23326  29805
6526 23326  29805
6511 23338  29805
6518 23326  29805
6498 23326  29795
6528 23326  29805
6496 23326  29791
6512 23326  29805
6492 23326  29783
6520 23326  29805
6522 23326  29805
6509 23339  29805
6507 23339  29805
6494 23326  29787
6524 23326  29805
6503 23339  29805
6505 23339  29805
6490 23326  29779
6516 23326  29805
6501 23339  29805
6514 23327  29805
6518 23327  29805
6511 23339  29805
6526 23327  29805
6498 23327  29797
6496 23327  29793
6528 23327  29805
6512 23327  29805
6492 23327  29785
6520 23327  29805
6522 23327  29805
6494 23327  29789
6524 23327  29805
6490 23327  29781
6516 23327  29805
6514 23328  29805
6518 23328  29805
6526 23328  29805
6498 23328  29799
6496 23328  29795
6528 23328  29805
6512 23328  29805
6492 23328  29787
6520 23328  29805
6522 23328  29805
6494 23328  29791
6524 23328  29805
6490 23328  29783
6516 23328  29805
6514 23329  29805
6518 23329  29805
6526 23329  29805
6498 23329  29801
6496 23329  29797
6528 23329  29805
6512 23329  29805
6492 23329  29789
6520 23329  29805
6522 23329  29805
6524 23329  29805
6494 23329  29793
6516 23329  29805
6490 23329  29785
6514 23330  29805
6518 23330  29805
6526 23330  29805
6498 23330  29803
6496 23330  29799
6528 23330  29805
6512 23330  29805
6520 23330  29805
6492 23330  29791
6522 23330  29805
6494 23330  29795
6524 23330  29805
6516 23330  29805
6490 23330  29787
6514 23331  29805
6518 23331  29805
6526 23331  29805
6498 23331  29805
6496 23331  29801
6528 23331  29805
6512 23331  29805
6520 23331  29805
6492 23331  29793
6522 23331  29805
6524 23331  29805
6494 23331  29797
6516 23331  29805
6490 23331  29789
6514 23332  29805
6518 23332  29805
6526 23332  29805
6498 23332  29805
6528 23332  29805
6512 23332  29805
6496 23332  29803
6520 23332  29805
6492 23332  29795
6522 23332  29805
6524 23332  29805
6494 23332  29799
6516 23332  29805
6490 23332  29791
6514 23333  29805
6518 23333  29805
6526 23333  29805
6498 23333  29805
6528 23333  29805
6512 23333  29805
6496 23333  29805
6520 23333  29805
6492 23333  29797
6522 23333  29805
6524 23333  29805
6494 23333  29801
6516 23333  29805
6490 23333  29793
6514 23334  29805
6518 23334  29805
6526 23334  29805
6498 23334  29805
6512 23334  29805
6528 23334  29805
6496 23334  29805
6520 23334  29805
6492 23334  29799
6522 23334  29805
6524 23334  29805
6494 23334  29803
6516 23334  29805
6490 23334  29795
6514 23335  29805
6518 23335  29805
6526 23335  29805
6512 23335  29805
6498 23335  29805
6528 23335  29805
6496 23335  29805
6520 23335  29805
6492 23335  29801
6522 23335  29805
6524 23335  29805
6494 23335  29805
6516 23335  29805
6490 23335  29797
6514 23336  29805
6518 23336  29805
6526 23336  29805
6512 23336  29805
6528 23336  29805
6498 23336  29805
6520 23336  29805
6496 23336  29805
6492 23336  29803
6522 23336  29805
6524 23336  29805
6494 23336  29805
6516 23336  29805
6490 23336  29799
6514 23337  29805
6518 23337  29805
6526 23337  29805
6512 23337  29805
6528 23337  29805
6498 23337  29805
6520 23337  29805
6496 23337  29805
6492 23337  29805
6522 23337  29805
6524 23337  29805
6494 23337  29805
6516 23337  29805
6490 23337  29801
6514 23338  29805
6518 23338  29805
6526 23338  29805
6512 23338  29805
6528 23338  29805
6498 23338  29805
6520 23338  29805
6496 23338  29805
6522 23338  29805
6492 23338  29805
6524 23338  29805
6494 23338  29805
6516 23338  29805
6490 23338  29803
6514 23339  29805
6518 23339  29805
6526 23339  29805
6512 23339  29805
6528 23339  29805
6498 23339  29805
6520 23339  29805
6496 23339  29805
6522 23339  29805
6492 23339  29805
6524 23339  29805
6494 23339  29805
6516 23339  29805
6490 23339  29805
6515 23290  29805
6519 23290  29805
6527 23290  29805
6513 23290  29805
6529 23290  29805
6499 23290  29805
6521 23290  29805
6497 23290  29805
6523 23290  29805
6493 23290  29805
6525 23290  29805
6495 23290  29805
6517 23290  29805
6491 23290  29805
6515 23291  29805
6519 23291  29805
6527 23291  29805
6513 23291  29805
6529 23291  29805
6499 23291  29805
6521 23291  29805
6497 23291  29805
6523 23291  29805
6493 23291  29805
6525 23291  29805
6495 23291  29805
6517 23291  29805
6491 23291  29805
6515 23292  29805
6519 23292  29805
6527 23292  29805
6513 23292  29805
6529 23292  29805
6499 23292  29805
6521 23292  29805
6497 23292  29805
6523 23292  29805
6493 23292  29805
6525 23292  29805
6495 23292  29805
6517 23292  29805
6515 23293  29805
6491 23292  29805
6519 23293  29805
6527 23293  29805
6513 23293  29805
6529 23293  29805
6521 23293  29805
6497 23293  29805
6499 23293  29805
6523 23293  29805
6493 23293  29805
6525 23293  29805
6495 23293  29805
6517 23293  29805
6515 23294  29805
6491 23293  29805
6519 23294  29805
6527 23294  29805
6513 23294  29805
6529 23294  29805
6497 23294  29805
6521 23294  29805
6499 23294  29805
6523 23294  29805
6493 23294  29805
6525 23294  29805
6495 23294  29805
6517 23294  29805
6515 23295  29805
6491 23294  29805
6519 23295  29805
6527 23295  29805
6513 23295  29805
6529 23295  29805
6521 23295  29805
6499 23295  29805
6497 23295  29805
6523 23295  29805
6493 23295  29805
6525 23295  29805
6495 23295  29805
6517 23295  29805
6515 23296  29805
6491 23295  29805
6519 23296  29805
6527 23296  29805
6513 23296  29805
6529 23296  29805
6521 23296  29805
6499 23296  29805
6497 23296  29805
6523 23296  29805
6493 23296  29805
6525 23296  29805
6495 23296  29805
6517 23296  29805
6515 23297  29805
6491 23296  29805
6519 23297  29805
6527 23297  29805
6513 23297  29805
6529 23297  29805
6521 23297  29805
6499 23297  29805
6497 23297  29805
6523 23297  29805
6493 23297  29805
6525 23297  29805
6495 23297  29805
6517 23297  29805
6515 23298  29805
6491 23297  29805
6519 23298  29805
6527 23298  29805
6513 23298  29805
6529 23298  29805
6521 23298  29805
6499 23298  29805
6497 23298  29805
6523 23298  29805
6493 23298  29805
6525 23298  29805
6495 23298  29805
6517 23298  29805
6515 23299  29805
6491 23298  29805
6519 23299  29805
6527 23299  29805
6513 23299  29805
6529 23299  29805
6521 23299  29805
6499 23299  29805
6497 23299  29805
6523 23299  29805
6493 23299  29805
6525 23299  29805
6495 23299  29805
6517 23299  29805
6515 23300  29805
6491 23299  29805
6519 23300  29805
6527 23300  29805
6513 23300  29805
6529 23300  29805
6521 23300  29805
6499 23300  29805
6497 23300  29805
6523 23300  29805
6493 23300  29805
6525 23300  29805
6495 23300  29805
6517 23300  29805
6515 23301  29805
6491 23300  29805
6519 23301  29805
6527 23301  29805
6513 23301  29805
6529 23301  29805
6521 23301  29805
6499 23301  29805
6497 23301  29805
6523 23301  29805
6493 23301  29805
6525 23301  29805
6495 23301  29805
6517 23301  29805
6515 23302  29805
6491 23301  29805
6519 23302  29805
6527 23302  29805
6513 23302  29805
6529 23302  29805
6521 23302  29805
6499 23302  29805
6497 23302  29805
6523 23302  29805
6493 23302  29805
6525 23302  29805
6517 23302  29805
6495 23302  29805
6515 23303  29805
6519 23303  29805
6491 23302  29805
6527 23303  29805
6513 23303  29805
6529 23303  29805
6521 23303  29805
6499 23303  29805
6523 23303  29805
6497 23303  29805
6493 23303  29805
6525 23303  29805
6517 23303  29805
6495 23303  29805
6515 23304  29805
6519 23304  29805
6491 23303  29805
6527 23304  29805
6513 23304  29805
6529 23304  29805
6521 23304  29805
6499 23304  29805
6523 23304  29805
6497 23304  29805
6493 23304  29805
6525 23304  29805
6517 23304  29805
6495 23304  29805
6515 23305  29805
6519 23305  29805
6491 23304  29805
6513 23305  29805
6527 23305  29805
6529 23305  29805
6521 23305  29805
6499 23305  29805
6523 23305  29805
6497 23305  29805
6525 23305  29805
6493 23305  29805
6517 23305  29805
6495 23305  29805
6515 23306  29805
6519 23306  29805
6491 23305  29805
6513 23306  29805
6527 23306  29805
6529 23306  29805
6521 23306  29805
6499 23306  29805
6523 23306  29805
6525 23306  29805
6497 23306  29805
6493 23306  29805
6495 23306  29805
6517 23306  29805
6519 23307  29805
6515 23307  29805
6491 23306  29805
6529 23307  29805
6513 23307  29805
6521 23307  29805
6527 23307  29805
6499 23307  29805
6525 23307  29805
6497 23307  29805
6493 23307  29805
6523 23307  29805
6517 23307  29805
6495 23307  29805
6519 23308  29805
6515 23308  29805
6491 23307  29805
6529 23308  29805
6513 23308  29805
6527 23308  29805
6499 23308  29805
6521 23308  29805
6497 23308  29805
6519 23309  29805
6525 23308  29805
6493 23308  29805
6517 23308  29805
6495 23308  29805
6523 23308  29805
6515 23309  29805
6529 23309  29805
6491 23308  29805
6513 23309  29805
6527 23309  29805
6521 23309  29805
6499 23309  29805
6497 23309  29805
6519 23310  29805
6495 23309  29805
6515 23310  29805
6523 23309  29805
6525 23309  29805
6517 23309  29805
6493 23309  29805
6491 23309  29805
6513 23310  29805
6529 23310  29805
6527 23310  29805
6499 23310  29805
6521 23310  29805
6497 23310  29805
6495 23310  29805
6519 23311  29805
6525 23310  29805
6523 23310  29805
6515 23311  29805
6517 23310  29805
6493 23310  29805
6529 23311  29805
6513 23311  29805
6491 23310  29805
6527 23311  29805
6499 23311  29805
6521 23311  29805
6497 23311  29805
6495 23311  29805
6519 23312  29805
6525 23311  29805
6523 23311  29805
6515 23312  29805
6517 23311  29805
6493 23311  29805
6529 23312  29805
6513 23312  29805
6491 23311  29805
6527 23312  29805
6499 23312  29805
6521 23312  29805
6497 23312  29805
6495 23312  29805
6519 23313  29805
6525 23312  29805
6523 23312  29805
6515 23313  29805
6517 23312  29805
6493 23312  29805
6529 23313  29805
6513 23313  29805
6491 23312  29805
6527 23313  29805
6499 23313  29805
6521 23313  29805
6497 23313  29805
6495 23313  29805
6519 23314  29805
6525 23313  29805
6523 23313  29805
6515 23314  29805
6517 23313  29805
6493 23313  29805
6529 23314  29805
6513 23314  29805
6491 23313  29805
6527 23314  29805
6499 23314  29805
6521 23314  29805
6497 23314  29805
6495 23314  29805
6519 23315  29805
6525 23314  29805
6523 23314  29805
6515 23315  29805
6517 23314  29805
6493 23314  29805
6529 23315  29805
6513 23315  29805
6491 23314  29805
6499 23315  29805
6527 23315  29805
6497 23315  29805
6521 23315  29805
6495 23315  29805
6519 23316  29805
6525 23315  29805
6523 23315  29805
6515 23316  29805
6517 23315  29805
6493 23315  29805
6529 23316  29805
6513 23316  29805
6491 23315  29805
6527 23316  29805
6499 23316  29805
6497 23316  29805
6521 23316  29805
6495 23316  29805
6519 23317  29805
6525 23316  29805
6523 23316  29805
6515 23317  29805
6517 23316  29805
6493 23316  29805
6529 23317  29805
6513 23317  29805
6491 23316  29805
6527 23317  29805
6499 23317  29805
6497 23317  29805
6521 23317  29805
6495 23317  29805
6519 23318  29805
6525 23317  29805
6515 23318  29805
6523 23317  29805
6517 23317  29805
6493 23317  29805
6529 23318  29805
6513 23318  29805
6491 23317  29805
6499 23318  29805
6527 23318  29805
6497 23318  29805
6521 23318  29805
6495 23318  29805
6519 23319  29805
6525 23318  29805
6515 23319  29805
6523 23318  29805
6517 23318  29805
6493 23318  29805
6529 23319  29805
6513 23319  29805
6491 23318  29805
6499 23319  29805
6527 23319  29805
6497 23319  29805
6521 23319  29805
6495 23319  29805
6519 23320  29805
6525 23319  29805
6515 23320  29805
6523 23319  29805
6517 23319  29805
6493 23319  29805
6529 23320  29805
6513 23320  29805
6491 23319  29805
6499 23320  29805
6527 23320  29805
6497 23320  29805
6521 23320  29805
6495 23320  29805
6519 23321  29805
6525 23320  29805
6515 23321  29805
6523 23320  29805
6517 23320  29805
6493 23320  29805
6529 23321  29805
6513 23321  29805
6491 23320  29805
6499 23321  29805
6527 23321  29805
6497 23321  29805
6495 23321  29805
6521 23321  29805
6519 23322  29805
6525 23321  29805
6515 23322  29805
6523 23321  29805
6517 23321  29805
6493 23321  29805
6529 23322  29805
6513 23322  29805
6491 23321  29805
6527 23322  29805
6499 23322  29805
6497 23322  29805
6495 23322  29805
6521 23322  29805
6519 23323  29805
6525 23322  29805
6515 23323  29805
6523 23322  29805
6517 23322  29805
6493 23322  29805
6529 23323  29805
6513 23323  29805
6491 23322  29805
6527 23323  29805
6499 23323  29805
6497 23323  29805
6521 23323  29805
6519 23324  29805
6495 23323  29805
6525 23323  29805
6515 23324  29805
6523 23323  29805
6517 23323  29805
6493 23323  29805
6529 23324  29805
6513 23324  29805
6491 23323  29805
6527 23324  29805
6499 23324  29805
6497 23324  29805
6521 23324  29805
6519 23325  29805
6495 23324  29805
6525 23324  29805
6515 23325  29805
6523 23324  29805
6517 23324  29805
6493 23324  29805
6529 23325  29805
6513 23325  29805
6491 23324  29805
6527 23325  29805
6499 23325  29805
6521 23325  29805
6497 23325  29805
6519 23326  29805
6495 23325  29805
6525 23325  29805
6515 23326  29805
6523 23325  29805
6517 23325  29805
6493 23325  29805
6529 23326  29805
6513 23326  29805
6491 23325  29805
6527 23326  29805
6499 23326  29805
6497 23326  29805
6521 23326  29805
6519 23327  29805
6495 23326  29805
6525 23326  29805
6515 23327  29805
6523 23326  29805
6517 23326  29805
6493 23326  29805
6529 23327  29805
6513 23327  29805
6491 23326  29805
6527 23327  29805
6499 23327  29805
6519 23328  29805
6497 23327  29805
6521 23327  29805
6495 23327  29805
6525 23327  29805
6515 23328  29805
6523 23327  29805
6517 23327  29805
6493 23327  29805
6529 23328  29805
6513 23328  29805
6491 23327  29805
6527 23328  29805
6499 23328  29805
6497 23328  29805
6519 23329  29805
6521 23328  29805
6495 23328  29805
6525 23328  29805
6515 23329  29805
6523 23328  29805
6517 23328  29805
6493 23328  29805
6529 23329  29805
6513 23329  29805
6491 23328  29805
6527 23329  29805
6499 23329  29805
6497 23329  29805
6519 23330  29805
6521 23329  29805
6495 23329  29805
6525 23329  29805
6515 23330  29805
6523 23329  29805
6517 23329  29805
6493 23329  29805
6529 23330  29805
6513 23330  29805
6491 23329  29805
6527 23330  29805
6499 23330  29805
6497 23330  29805
6519 23331  29805
6521 23330  29805
6495 23330  29805
6525 23330  29805
6515 23331  29805
6523 23330  29805
6517 23330  29805
6493 23330  29805
6529 23331  29805
6513 23331  29805
6491 23330  29805
6527 23331  29805
6499 23331  29805
6497 23331  29805
6495 23331  29805
6521 23331  29805
6519 23332  29805
6525 23331  29805
6515 23332  29805
6523 23331  29805
6517 23331  29805
6493 23331  29805
6529 23332  29805
6513 23332  29805
6491 23331  29805
6527 23332  29805
6499 23332  29805
6497 23332  29805
6521 23332  29805
6495 23332  29805
6519 23333  29805
6525 23332  29805
6515 23333  29805
6523 23332  29805
6517 23332  29805
6493 23332  29805
6529 23333  29805
6513 23333  29805
6491 23332  29805
6527 23333  29805
6499 23333  29805
6495 23333  29805
6521 23333  29805
6497 23333  29805
6519 23334  29805
6525 23333  29805
6515 23334  29805
6523 23333  29805
6517 23333  29805
6493 23333  29805
6529 23334  29805
6491 23333  29805
6513 23334  29805
6527 23334  29805
6499 23334  29805
6521 23334  29805
6497 23334  29805
6495 23334  29805
6519 23335  29805
6525 23334  29805
6515 23335  29805
6523 23334  29805
6517 23334  29805
6493 23334  29805
6529 23335  29805
6491 23334  29805
6513 23335  29805
6527 23335  29805
6499 23335  29805
6519 23336  29805
6521 23335  29805
6497 23335  29805
6495 23335  29805
6525 23335  29805
6515 23336  29805
6523 23335  29805
6517 23335  29805
6493 23335  29805
6529 23336  29805
6491 23335  29805
6513 23336  29805
6527 23336  29805
6499 23336  29805
6519 23337  29805
6521 23336  29805
6497 23336  29805
6525 23336  29805
6495 23336  29805
6515 23337  29805
6523 23336  29805
6517 23336  29805
6493 23336  29805
6529 23337  29805
6513 23337  29805
6491 23336  29805
6527 23337  29805
6499 23337  29805
6519 23338  29805
6521 23337  29805
6495 23337  29805
6525 23337  29805
6497 23337  29805
6515 23338  29805
6523 23337  29805
6517 23337  29805
6493 23337  29805
6529 23338  29805
6513 23338  29805
6491 23337  29805
6527 23338  29805
6499 23338  29805
6525 23338  29805
6519 23339  29805
6521 23338  29805
6497 23338  29805
6495 23338  29805
6515 23339  29805
6523 23338  29805
6517 23338  29805
6493 23338  29805
6529 23339  29805
6513 23339  29805
6491 23338  29805
6527 23339  29805
6499 23339  29805
6525 23339  29805
6521 23339  29805
6497 23339  29805
6495 23339  29805
6523 23339  29805
6517 23339  29805
6493 23339  29805
6491 23339  29805
