[0]	95 0 99	0 0 0
[100]	82 99 185	0 0 0
[200]	94 185 285	0 0 0
[300]	94 285 379	0 0 0
[400]	96 379 475	0 0 0
[500]	86 475 561	0 0 0
[600]	94 561 661	0 0 0
[700]	89 661 757	0 0 0
[800]	90 757 852	0 0 0
[900]	91 851 946	0 0 0
[1000]	96 946 1048	0 0 0
[1100]	94 1048 1144	0 0 0
[1200]	95 1146 1244	0 0 0
[1300]	94 1246 1341	0 0 0
[1400]	95 1343 1440	0 0 0
[1500]	92 1438 1540	0 0 0
[1600]	94 1488 1582	0 0 0
[1700]	95 1634 1733	0 0 0
[1800]	99 1629 1728	0 0 0
[1900]	93 1728 1827	0 0 0
[2000]	90 1827 1920	0 0 0
[2100]	94 2128 2226	0 0 0
[2200]	93 2278 2375	0 0 0
[2300]	92 2426 2522	0 0 0
[2400]	93 2522 2619	0 0 0
[2500]	89 2619 2714	0 0 0
[2600]	94 2714 2810	0 0 0
[2700]	95 2808 2907	0 0 0
[2800]	96 2907 3006	0 0 0
[2900]	95 3005 3106	0 0 0
[3000]	96 3106 3205	0 0 0
[3100]	95 3205 3300	0 0 0
[3200]	94 3300 3396	0 0 0
[3300]	96 3396 3494	0 0 0
[3400]	92 3494 3592	0 0 0
[3500]	96 3594 3694	0 0 0
[3600]	91 3694 3792	0 0 0
[3700]	84 3791 3876	0 0 0
[3800]	93 3875 3976	0 0 0
[3900]	94 3976 4070	0 0 0
[4000]	90 4070 4163	0 0 0
[4100]	96 4163 4262	0 0 0
[4200]	92 4260 4356	0 0 0
[4300]	94 4355 4454	0 0 0
[4400]	92 4454 4548	0 0 0
[4500]	95 4548 4645	0 0 0
[4600]	95 4643 4741	0 0 0
[4700]	95 4741 4840	0 0 0
[4800]	97 4840 4937	0 0 0
[4900]	92 4937 5033	0 0 0
[5000]	93 5033 5130	0 0 0
[5100]	91 5130 5225	0 0 0
[5200]	94 5225 5325	0 0 0
[5300]	90 5325 5429	0 0 0
[5400]	91 5429 5521	0 0 0
[5500]	88 5520 5618	0 0 0
[5600]	93 5618 5718	0 0 0
[5700]	86 5718 5810	0 0 0
[5800]	92 5810 5906	0 0 0
[5900]	90 5906 6000	0 0 0
[6000]	91 6002 6100	0 0 0
[6100]	96 6100 6198	0 0 0
[6200]	93 6198 6295	0 0 0
[6300]	97 6295 6394	0 0 0
[6400]	88 6394 6494	0 0 0
[6500]	95 6494 6593	0 0 0
[6600]	88 6592 6687	0 0 0
[6700]	93 6688 6785	0 0 0
[6800]	92 6783 6879	0 0 0
[6900]	92 6879 6973	0 0 0
[7000]	94 6971 7069	0 0 0
[7100]	93 7069 7166	0 0 0
[7200]	87 7166 7258	0 0 0
[7300]	90 7258 7350	0 0 0
[7400]	92 7350 7449	0 0 0
[7500]	91 7449 7550	0 0 0
[7600]	95 7550 7647	0 0 0
[7700]	96 7647 7749	0 0 0
[7800]	91 7748 7842	0 0 0
[7900]	88 7842 7934	0 0 0
[8000]	96 7934 8034	0 0 0
[8100]	96 8034 8130	0 0 0
[8200]	93 8128 8224	0 0 0
[8300]	90 8222 8324	0 0 0
[8400]	94 8324 8427	0 0 0
[8500]	88 8427 8531	0 0 0
[8600]	94 8531 8632	0 0 0
[8700]	93 8632 8732	0 0 0
[8800]	93 8732 8829	0 0 0
[8900]	98 8822 8923	0 0 0
[9000]	90 8924 9024	0 0 0
[9100]	80 8992 9081	0 0 0
[9200]	84 9020 9113	0 0 0
[9300]	87 8999 9099	0 0 0
[9400]	82 8954 9054	0 0 0
[9500]	89 9000 9097	0 0 0
[9600]	87 8991 9092	0 0 0
[9700]	86 8985 9080	0 0 0
[9800]	90 8996 9091	0 0 0
[9900]	87 9006 9106	0 0 0
[10000]	83 8968 9066	0 0 0
[10100]	87 8992 9085	0 0 0
[10200]	84 8988 9093	0 0 0
[10300]	85 8975 9079	0 0 0
[10400]	83 8993 9094	0 0 0
[10500]	83 8998 9093	0 0 0
[10600]	85 8991 9093	0 0 0
[10700]	88 9009 9113	0 0 0
[10800]	86 9027 9125	0 0 0
[10900]	95 9125 9220	0 0 0
[11000]	93 9220 9317	0 0 0
[11100]	94 9317 9413	0 0 0
[11200]	94 9413 9509	0 0 0
[11300]	90 9509 9604	0 0 0
[11400]	94 9604 9698	0 0 0
[11500]	90 9697 9796	0 0 0
[11600]	95 9795 9890	0 0 0
[11700]	90 9890 9984	0 0 0
[11800]	92 9985 10079	0 0 0
[11900]	90 10079 10173	0 0 0
[12000]	91 10173 10267	0 0 0
[12100]	96 10267 10367	0 0 0
[12200]	96 10367 10466	0 0 0
[12300]	93 10466 10563	0 0 0
[12400]	95 10563 10660	0 0 0
[12500]	96 10660 10758	0 0 0
[12600]	89 10759 10853	0 0 0
[12700]	94 10853 10952	0 0 0
[12800]	92 10952 11052	0 0 0
[12900]	97 11052 11149	0 0 0
[13000]	89 11148 11247	0 0 0
[13100]	95 11244 11342	0 0 0
[13200]	87 11342 11439	0 0 0
[13300]	93 11439 11535	0 0 0
[13400]	95 11535 11632	0 0 0
[13500]	91 11632 11728	0 0 0
[13600]	90 11728 11824	0 0 0
[13700]	93 11824 11923	0 0 0
[13800]	94 11923 12018	0 0 0
[13900]	94 12018 12112	0 0 0
[14000]	91 12112 12211	0 0 0
[14100]	87 12214 12314	0 0 0
[14200]	90 12315 12409	0 0 0
[14300]	90 12409 12501	0 0 0
[14400]	93 12500 12597	0 0 0
[14500]	91 12597 12690	0 0 0
[14600]	89 12690 12784	0 0 0
[14700]	91 12739 12838	0 0 0
[14800]	93 12837 12941	0 0 0
[14900]	92 12941 13037	0 0 0
[15000]	89 13037 13136	0 0 0
[15100]	96 13136 13232	0 0 0
[15200]	92 13232 13325	0 0 0
[15300]	93 13325 13423	0 0 0
[15400]	97 13421 13522	0 0 0
[15500]	92 13522 13620	0 0 0
[15600]	63 13620 13685	0 0 0
[15700]	96 13685 13785	0 0 0
[15800]	89 13785 13878	0 0 0
[15900]	83 13878 13978	0 0 0
[16000]	93 13978 14071	0 0 0
[16100]	91 14071 14163	0 0 0
[16200]	92 14163 14257	0 0 0
[16300]	89 14257 14350	0 0 0
[16400]	82 14350 14436	0 0 0
[16500]	87 14436 14524	0 0 0
[16600]	88 14524 14619	0 0 0
[16700]	89 14620 14715	0 0 0
[16800]	93 14715 14812	0 0 0
[16900]	88 14814 14908	0 0 0
[17000]	93 14908 15007	0 0 0
[17100]	95 15007 15104	0 0 0
[17200]	93 15104 15197	0 0 0
[17300]	93 15201 15297	0 0 0
[17400]	91 15295 15392	0 0 0
[17500]	94 15392 15490	0 0 0
[17600]	94 15490 15585	0 0 0
[17700]	92 15583 15683	0 0 0
[17800]	92 15685 15778	0 0 0
[17900]	96 15778 15877	0 0 0
[18000]	97 15877 15976	0 0 0
[18100]	91 15976 16071	0 0 0
[18200]	96 16071 16170	0 0 0
[18300]	91 16170 16269	0 0 0
[18400]	93 16269 16367	0 0 0
[18500]	89 16366 16464	0 0 0
[18600]	94 16464 16566	0 0 0
[18700]	88 16566 16660	0 0 0
[18800]	89 16660 16755	0 0 0
[18900]	90 16755 16849	0 0 0
[19000]	95 16849 16950	0 0 0
[19100]	97 16950 17047	0 0 0
[19200]	81 17047 17136	0 0 0
[19300]	90 17135 17226	0 0 0
[19400]	93 17226 17319	0 0 0
[19500]	95 17319 17416	0 0 0
[19600]	92 17416 17516	0 0 0
[19700]	93 17516 17614	0 0 0
[19800]	97 17614 17715	0 0 0
[19900]	95 17715 17811	0 0 0
[20000]	92 17811 17909	0 0 0
[20100]	93 17909 18008	0 0 0
[20200]	95 18007 18104	0 0 0
[20300]	92 18102 18204	0 0 0
[20400]	92 18204 18302	0 0 0
[20500]	96 18301 18398	0 0 0
[20600]	87 18398 18489	0 0 0
[20700]	93 18489 18587	0 0 0
[20800]	96 18589 18689	0 0 0
[20900]	94 18689 18787	0 0 0
[21000]	93 18787 18883	0 0 0
[21100]	86 18883 18978	0 0 0
[21200]	94 18978 19076	0 0 0
[21300]	90 19077 19172	0 0 0
[21400]	93 19174 19273	0 0 0
[21500]	92 19272 19371	0 0 0
[21600]	28 19368 19406	0 0 0
 [ 217 ] 19820 - 6510 = 13310
