[0]	547 0 561	0 0 0
[600]	553 561 1144	0 0 0
[1200]	562 1146 1733	0 0 0
[1800]	549 1941 2522	0 0 0
[2400]	562 2522 3106	0 0 0
[3000]	569 3106 3694	0 0 0
[3600]	547 3694 4262	0 0 0
[4200]	560 4260 4840	0 0 0
[4800]	557 4840 5429	0 0 0
[5400]	540 5429 6000	0 0 0
[6000]	560 6002 6593	0 0 0
[6600]	549 6592 7166	0 0 0
[7200]	551 7166 7749	0 0 0
[7800]	552 7748 8324	0 0 0
[8400]	553 8324 8923	0 0 0
[9000]	427 8579 9151	0 0 0
[9600]	425 8592 9152	0 0 0
[10200]	423 8601 9161	0 0 0
[10800]	552 9027 9604	0 0 0
[11400]	549 9604 10173	0 0 0
[12000]	567 10173 10758	0 0 0
[12600]	556 10759 11342	0 0 0
[13200]	549 11342 11923	0 0 0
[13800]	546 11923 12501	0 0 0
[14400]	489 12477 13037	0 0 0
[15000]	559 13037 13620	0 0 0
[15600]	514 13593 14163	0 0 0
[16200]	518 14155 14715	0 0 0
[16800]	553 14715 15297	0 0 0
[17400]	557 15295 15877	0 0 0
[18000]	557 15877 16464	0 0 0
[18600]	553 16464 17047	0 0 0
[19200]	544 17047 17614	0 0 0
[19800]	562 17614 18204	0 0 0
[20400]	557 18204 18787	0 0 0
[21000]	547 18787 19371	0 0 0
[21600]	28 19368 19406	0 0 0
