[0]	271 0 285	0 0 0
[300]	276 285 561	0 0 0
[600]	273 561 852	0 0 0
[900]	281 851 1144	0 0 0
[1200]	284 1146 1440	0 0 0
[1500]	278 1438 1733	0 0 0
[1800]	282 1629 1920	0 0 0
[2100]	276 2232 2522	0 0 0
[2400]	276 2522 2810	0 0 0
[2700]	286 2808 3106	0 0 0
[3000]	285 3106 3396	0 0 0
[3300]	284 3396 3694	0 0 0
[3600]	267 3694 3976	0 0 0
[3900]	280 3976 4262	0 0 0
[4200]	277 4260 4548	0 0 0
[4500]	283 4548 4840	0 0 0
[4800]	282 4840 5130	0 0 0
[5100]	275 5130 5429	0 0 0
[5400]	272 5429 5718	0 0 0
[5700]	268 5718 6000	0 0 0
[6000]	280 6002 6295	0 0 0
[6300]	280 6295 6593	0 0 0
[6600]	272 6592 6879	0 0 0
[6900]	277 6879 7166	0 0 0
[7200]	269 7166 7449	0 0 0
[7500]	282 7449 7749	0 0 0
[7800]	275 7748 8034	0 0 0
[8100]	277 8034 8324	0 0 0
[8400]	276 8324 8632	0 0 0
[8700]	277 8632 8923	0 0 0
[9000]	236 8828 9113	0 0 0
[9300]	239 8802 9097	0 0 0
[9600]	240 8805 9091	0 0 0
[9900]	236 8774 9053	0 0 0
[10200]	233 8865 9148	0 0 0
[10500]	240 8812 9113	0 0 0
[10800]	274 9027 9317	0 0 0
[11100]	278 9317 9604	0 0 0
[11400]	278 9604 9890	0 0 0
[11700]	271 9890 10173	0 0 0
[12000]	283 10173 10466	0 0 0
[12300]	284 10466 10758	0 0 0
[12600]	275 10759 11052	0 0 0
[12900]	281 11052 11342	0 0 0
[13200]	275 11342 11632	0 0 0
[13500]	274 11632 11923	0 0 0
[13800]	279 11923 12211	0 0 0
[14100]	267 12214 12501	0 0 0
[14400]	273 12500 12784	0 0 0

[14700]	275 12739 13037	0 0 0
[15000]	277 13037 13325	0 0 0
[15300]	282 13325 13620	0 0 0
[15600]	247 13593 13878	0 0 0
[15900]	267 13878 14163	0 0 0
[16200]	263 14163 14436	0 0 0
[16500]	263 14436 14715	0 0 0
[16800]	274 14715 15007	0 0 0
[17100]	279 15007 15297	0 0 0
[17400]	279 15295 15585	0 0 0
[17700]	278 15583 15877	0 0 0
[18000]	284 15877 16170	0 0 0
[18300]	273 16170 16464	0 0 0
[18600]	271 16464 16755	0 0 0
[18900]	282 16755 17047	0 0 0
[19200]	264 17047 17319	0 0 0
[19500]	280 17319 17614	0 0 0
[19800]	284 17614 17909	0 0 0
[20100]	278 17909 18204	0 0 0
[20400]	274 18204 18489	0 0 0
[20700]	283 18489 18787	0 0 0
[21000]	273 18787 19076	0 0 0
[21300]	275 19077 19371	0 0 0
[21600]	28 19368 19406	0 0 0
