[    0]	95 0 99
[  100]	82 99 185
[  200]	94 185 285
[  300]	94 285 379
[  400]	96 379 475
[  500]	86 475 561
[  600]	94 561 661
[  700]	89 661 757
[  800]	90 757 852
[  900]	91 851 946
[ 1000]	96 946 1048
[ 1100]	94 1048 1144
[ 1200]	95 1146 1244
[ 1300]	94 1246 1341
[ 1400]	95 1343 1440
[ 1500]	92 1438 1540
___________
[ 1600]	94 1488 1582
___________
[ 1700]	95 1634 1733
___________
[ 1800]	99 1629 1728
[ 1900]	93 1728 1827
[ 2000]	90 1827 1920
___________
[ 2100]	94 2128 2226
___________
[ 2200]	93 2278 2375
___________
[ 2300]	92 2426 2522
[ 2400]	93 2522 2619
[ 2500]	89 2619 2714
[ 2600]	94 2714 2810
[ 2700]	95 2808 2907
[ 2800]	96 2907 3006
[ 2900]	95 3005 3106
[ 3000]	96 3106 3205
[ 3100]	95 3205 3300
[ 3200]	94 3300 3396
[ 3300]	96 3396 3494
[ 3400]	92 3494 3592
[ 3500]	96 3594 3694
[ 3600]	91 3694 3792
[ 3700]	84 3791 3876
[ 3800]	93 3875 3976
[ 3900]	94 3976 4070
[ 4000]	90 4070 4163
[ 4100]	96 4163 4262
[ 4200]	92 4260 4356
[ 4300]	94 4355 4454
[ 4400]	92 4454 4548
[ 4500]	95 4548 4645
[ 4600]	95 4643 4741
[ 4700]	95 4741 4840
[ 4800]	97 4840 4937
[ 4900]	92 4937 5033
[ 5000]	93 5033 5130
[ 5100]	91 5130 5225
[ 5200]	94 5225 5325
[ 5300]	90 5325 5429
[ 5400]	91 5429 5521
[ 5500]	88 5520 5618
[ 5600]	93 5618 5718
[ 5700]	86 5718 5810
[ 5800]	92 5810 5906
[ 5900]	90 5906 6000
[ 6000]	91 6002 6100
[ 6100]	96 6100 6198
[ 6200]	93 6198 6295
[ 6300]	97 6295 6394
[ 6400]	88 6394 6494
[ 6500]	95 6494 6593
[ 6600]	88 6592 6687
[ 6700]	93 6688 6785
[ 6800]	92 6783 6879
[ 6900]	92 6879 6973
[ 7000]	94 6971 7069
[ 7100]	93 7069 7166
[ 7200]	87 7166 7258
[ 7300]	90 7258 7350
[ 7400]	92 7350 7449
[ 7500]	91 7449 7550
[ 7600]	95 7550 7647
[ 7700]	96 7647 7749
[ 7800]	91 7748 7842
[ 7900]	88 7842 7934
[ 8000]	96 7934 8034
[ 8100]	96 8034 8130
[ 8200]	93 8128 8224
[ 8300]	90 8222 8324
[ 8400]	94 8324 8427
[ 8500]	88 8427 8531
[ 8600]	94 8531 8632
[ 8700]	93 8632 8732
[ 8800]	93 8732 8829
___________
[ 8900]	98 8822 8923
[ 9000]	90 8924 9024
___________
[ 9100]	80 8992 9081
___________
[ 9200]	84 9020 9113
___________
[ 9300]	87 8999 9099
___________
[ 9400]	82 8954 9054
___________
[ 9500]	89 9000 9097
___________
[ 9600]	87 8991 9092
___________
[ 9700]	86 8985 9080
___________
[ 9800]	90 8996 9091
___________
[ 9900]	87 9006 9106
___________
[10000]	83 8968 9066
___________
[10100]	87 8992 9085
___________
[10200]	84 8988 9093
___________
[10300]	85 8975 9079
___________
[10400]	83 8993 9094
___________
[10500]	83 8998 9093
___________
[10600]	85 8991 9093
___________
[10700]	88 9009 9113
___________
[10800]	86 9027 9125
[10900]	95 9125 9220
[11000]	93 9220 9317
[11100]	94 9317 9413
[11200]	94 9413 9509
[11300]	90 9509 9604
[11400]	94 9604 9698
[11500]	90 9697 9796
[11600]	95 9795 9890
[11700]	90 9890 9984
[11800]	92 9985 10079
[11900]	90 10079 10173
[12000]	91 10173 10267
[12100]	96 10267 10367
[12200]	96 10367 10466
[12300]	93 10466 10563
[12400]	95 10563 10660
[12500]	96 10660 10758
[12600]	89 10759 10853
[12700]	94 10853 10952
[12800]	92 10952 11052
[12900]	97 11052 11149
[13000]	89 11148 11247
[13100]	95 11244 11342
[13200]	87 11342 11439
[13300]	93 11439 11535
[13400]	95 11535 11632
[13500]	91 11632 11728
[13600]	90 11728 11824
[13700]	93 11824 11923
[13800]	94 11923 12018
[13900]	94 12018 12112
[14000]	91 12112 12211
[14100]	87 12214 12314
[14200]	90 12315 12409
[14300]	90 12409 12501
[14400]	93 12500 12597
[14500]	91 12597 12690
[14600]	89 12690 12784
___________
[14700]	91 12739 12838
[14800]	93 12837 12941
[14900]	92 12941 13037
[15000]	89 13037 13136
[15100]	96 13136 13232
[15200]	92 13232 13325
[15300]	93 13325 13423
[15400]	97 13421 13522
[15500]	92 13522 13620
[15600]	63 13620 13685
[15700]	96 13685 13785
[15800]	89 13785 13878
[15900]	83 13878 13978
[16000]	93 13978 14071
[16100]	91 14071 14163
[16200]	92 14163 14257
[16300]	89 14257 14350
[16400]	82 14350 14436
[16500]	87 14436 14524
[16600]	88 14524 14619
[16700]	89 14620 14715
[16800]	93 14715 14812
[16900]	88 14814 14908
[17000]	93 14908 15007
[17100]	95 15007 15104
[17200]	93 15104 15197
___________
[17300]	93 15201 15297
[17400]	91 15295 15392
[17500]	94 15392 15490
[17600]	94 15490 15585
[17700]	92 15583 15683
[17800]	92 15685 15778
[17900]	96 15778 15877
[18000]	97 15877 15976
[18100]	91 15976 16071
[18200]	96 16071 16170
[18300]	91 16170 16269
[18400]	93 16269 16367
[18500]	89 16366 16464
[18600]	94 16464 16566
[18700]	88 16566 16660
[18800]	89 16660 16755
[18900]	90 16755 16849
[19000]	95 16849 16950
[19100]	97 16950 17047
[19200]	81 17047 17136
[19300]	90 17135 17226
[19400]	93 17226 17319
[19500]	95 17319 17416
[19600]	92 17416 17516
[19700]	93 17516 17614
[19800]	97 17614 17715
[19900]	95 17715 17811
[20000]	92 17811 17909
[20100]	93 17909 18008
[20200]	95 18007 18104
[20300]	92 18102 18204
[20400]	92 18204 18302
[20500]	96 18301 18398
[20600]	87 18398 18489
[20700]	93 18489 18587
[20800]	96 18589 18689
[20900]	94 18689 18787
[21000]	93 18787 18883
[21100]	86 18883 18978
[21200]	94 18978 19076
[21300]	90 19077 19172
[21400]	93 19174 19273
[21500]	92 19272 19371
[21600]	28 19368 19406
