(0, 80, 0, 79)	75
(80, 160, 79, 147)	66
(160, 240, 148, 226)	73
(240, 320, 226, 304)	76
(320, 400, 303, 379)	76
(400, 480, 379, 455)	76
(480, 560, 455, 527)	72
(560, 640, 527, 601)	73
(640, 720, 601, 681)	74
(720, 800, 682, 757)	71
(800, 880, 757, 831)	73
(880, 960, 834, 912)	73
(960, 1040, 912, 987)	73
(1040, 1120, 987, 1067)	76
(1120, 1200, 1067, 1144)	75
(1200, 1280, 1146, 1225)	76
(1280, 1360, 1225, 1304)	76
(1360, 1440, 1304, 1383)	75
(1440, 1520, 1383, 1458)	75
(1520, 1600, 1458, 1540)	74
___________
(1600, 1680, 1488, 1563)	75
___________
(1680, 1760, 1719, 1797)	77
___________
(1760, 1840, 1485, 1565)	77
___________
(1840, 1920, 1669, 1748)	79
(1920, 2000, 1748, 1827)	73
(2000, 2080, 1827, 1901)	71
___________
(2080, 2160, 2109, 2186)	75
___________
(2160, 2240, 2240, 2318)	78
___________
(2240, 2320, 2214, 2289)	71
___________
(2320, 2400, 2445, 2522)	74
(2400, 2480, 2522, 2598)	76
(2480, 2560, 2601, 2677)	70
(2560, 2640, 2676, 2753)	74
(2640, 2720, 2753, 2829)	76
(2720, 2800, 2829, 2907)	76
(2800, 2880, 2907, 2986)	76
(2880, 2960, 2986, 3063)	77
(2960, 3040, 3065, 3145)	78
(3040, 3120, 3145, 3225)	77
(3120, 3200, 3225, 3300)	75
(3200, 3280, 3300, 3376)	76
(3280, 3360, 3376, 3455)	75
(3360, 3440, 3455, 3533)	76
(3440, 3520, 3533, 3613)	74
(3520, 3600, 3613, 3694)	77
(3600, 3680, 3694, 3773)	72
(3680, 3760, 3773, 3840)	67
(3760, 3840, 3840, 3914)	73
(3840, 3920, 3914, 3994)	73
(3920, 4000, 3994, 4070)	76
(4000, 4080, 4070, 4143)	72
(4080, 4160, 4144, 4222)	78
(4160, 4240, 4222, 4297)	73
(4240, 4320, 4297, 4374)	73
(4320, 4400, 4374, 4454)	75
(4400, 4480, 4454, 4530)	76
(4480, 4560, 4530, 4607)	73
(4560, 4640, 4607, 4682)	74
(4640, 4720, 4682, 4759)	75
(4720, 4800, 4761, 4840)	77
(4800, 4880, 4840, 4917)	77
(4880, 4960, 4917, 4993)	76
(4960, 5040, 4993, 5070)	72
(5040, 5120, 5070, 5149)	74
(5120, 5200, 5149, 5225)	74
(5200, 5280, 5225, 5305)	74
(5280, 5360, 5305, 5387)	74
(5360, 5440, 5387, 5465)	72
(5440, 5520, 5463, 5542)	73
(5520, 5600, 5542, 5618)	71
(5600, 5680, 5618, 5698)	73
(5680, 5760, 5698, 5772)	70
(5760, 5840, 5772, 5847)	73
(5840, 5920, 5847, 5924)	73
(5920, 6000, 5924, 6000)	72
(6000, 6080, 6002, 6079)	71
(6080, 6160, 6080, 6158)	78
(6160, 6240, 6158, 6237)	75
(6240, 6320, 6237, 6314)	75
(6320, 6400, 6314, 6394)	78
(6400, 6480, 6394, 6474)	70
(6480, 6560, 6474, 6555)	76
(6560, 6640, 6554, 6629)	74
(6640, 6720, 6629, 6707)	68
(6720, 6800, 6707, 6785)	76
(6800, 6880, 6783, 6861)	74
(6880, 6960, 6861, 6933)	72
(6960, 7040, 6933, 7009)	74
(7040, 7120, 7009, 7088)	75
(7120, 7200, 7086, 7166)	74
(7200, 7280, 7166, 7238)	71
(7280, 7360, 7240, 7313)	69
(7360, 7440, 7313, 7389)	76
(7440, 7520, 7389, 7470)	72
(7520, 7600, 7470, 7550)	72
(7600, 7680, 7550, 7627)	75
(7680, 7760, 7627, 7707)	78
(7760, 7840, 7707, 7787)	76
(7840, 7920, 7787, 7862)	70
(7920, 8000, 7859, 7934)	72
(8000, 8080, 7934, 8013)	77
(8080, 8160, 8013, 8093)	78
(8160, 8240, 8092, 8167)	75
(8240, 8320, 8167, 8243)	71
(8320, 8400, 8243, 8324)	73
(8400, 8480, 8324, 8406)	75
(8480, 8560, 8406, 8491)	74
(8560, 8640, 8490, 8571)	70
(8640, 8720, 8571, 8652)	75
(8720, 8800, 8652, 8732)	75
(8800, 8880, 8732, 8811)	75
___________
(8880, 8960, 8803, 8882)	75
(8960, 9040, 8882, 8962)	73
(9040, 9120, 8963, 9042)	72
___________
(9120, 9200, 9026, 9102)	67
___________
(9200, 9280, 9020, 9100)	73
___________
(9280, 9360, 8990, 9071)	66
___________
(9360, 9440, 9026, 9107)	70
___________
(9440, 9520, 8993, 9073)	69
___________
(9520, 9600, 9019, 9097)	71
___________
(9600, 9680, 9014, 9093)	70
___________
(9680, 9760, 8997, 9075)	68
___________
(9760, 9840, 9022, 9097)	72
___________
(9840, 9920, 9001, 9079)	73
___________
(9920, 10000, 9005, 9081)	70
___________
(10000, 10080, 8990, 9067)	67
___________
(10080, 10160, 9016, 9091)	71
___________
(10160, 10240, 9016, 9091)	69
___________
(10240, 10320, 9012, 9091)	70
___________
(10320, 10400, 8997, 9079)	70
___________
(10400, 10480, 9025, 9103)	68
___________
(10480, 10560, 9032, 9108)	68
___________
(10560, 10640, 9024, 9095)	66
___________
(10640, 10720, 9001, 9082)	68
___________
(10720, 10800, 8999, 9081)	71
___________
(10800, 10880, 8995, 9073)	67
___________
(10880, 10960, 9105, 9182)	77
(10960, 11040, 9182, 9257)	75
(11040, 11120, 9257, 9337)	76
(11120, 11200, 9337, 9413)	74
(11200, 11280, 9413, 9491)	76
(11280, 11360, 9491, 9564)	71
(11360, 11440, 9564, 9642)	75
(11440, 11520, 9642, 9716)	74
(11520, 11600, 9716, 9796)	72
(11600, 11680, 9795, 9870)	75
(11680, 11760, 9870, 9945)	73
(11760, 11840, 9945, 10022)	71
(11840, 11920, 10021, 10099)	76
(11920, 12000, 10099, 10173)	72
(12000, 12080, 10173, 10247)	73
(12080, 12160, 10247, 10326)	77
(12160, 12240, 10326, 10407)	75
(12240, 12320, 10407, 10486)	78
(12320, 12400, 10486, 10563)	73
(12400, 12480, 10563, 10641)	76
(12480, 12560, 10641, 10718)	77
(12560, 12640, 10718, 10799)	72
(12640, 12720, 10799, 10872)	72
(12720, 12800, 10872, 10952)	76
(12800, 12880, 10952, 11031)	73
(12880, 12960, 11031, 11110)	77
(12960, 13040, 11110, 11189)	75
(13040, 13120, 11189, 11265)	71
(13120, 13200, 11265, 11342)	77
(13200, 13280, 11342, 11421)	69
(13280, 13360, 11421, 11494)	73
(13360, 13440, 11495, 11573)	77
(13440, 13520, 11571, 11653)	76
(13520, 13600, 11653, 11728)	72
(13600, 13680, 11728, 11802)	72
(13680, 13760, 11802, 11882)	72
(13760, 13840, 11882, 11961)	77
(13840, 13920, 11961, 12038)	76
(13920, 14000, 12038, 12112)	74
(14000, 14080, 12112, 12192)	73
(14080, 14160, 12192, 12275)	70
(14160, 14240, 12276, 12354)	73
___________
(14240, 14320, 12349, 12427)	71
(14320, 14400, 12427, 12501)	72
(14400, 14480, 12500, 12578)	74
(14480, 14560, 12578, 12654)	74
(14560, 14640, 12654, 12730)	73
(14640, 14720, 12729, 12808)	67
___________
(14720, 14800, 12760, 12838)	74
(14800, 14880, 12837, 12920)	75
(14880, 14960, 12920, 12998)	75
(14960, 15040, 12999, 13078)	73
(15040, 15120, 13078, 13156)	72
(15120, 15200, 13156, 13232)	76
(15200, 15280, 13232, 13306)	73
(15280, 15360, 13306, 13382)	73
(15360, 15440, 13382, 13461)	77
(15440, 15520, 13461, 13541)	78
(15520, 15600, 13541, 13620)	73
(15600, 15680, 13620, 13686)	52
___________
(15680, 15760, 13665, 13747)	78
(15760, 15840, 13747, 13823)	73
(15840, 15920, 13824, 13902)	68
(15920, 16000, 13902, 13978)	69
(16000, 16080, 13978, 14053)	75
(16080, 16160, 14053, 14128)	74
(16160, 16240, 14128, 14201)	71
(16240, 16320, 14200, 14277)	75
(16320, 16400, 14278, 14350)	72
(16400, 16480, 14350, 14415)	63
(16480, 16560, 14415, 14491)	73
(16560, 16640, 14491, 14564)	67
(16640, 16720, 14564, 14638)	71
(16720, 16800, 14638, 14715)	71
(16800, 16880, 14715, 14795)	76
(16880, 16960, 14795, 14871)	72
(16960, 17040, 14870, 14945)	70
(17040, 17120, 14945, 15027)	76
(17120, 17200, 15028, 15104)	76
(17200, 17280, 15104, 15180)	76
(17280, 17360, 15180, 15260)	72
(17360, 17440, 15260, 15334)	73
(17440, 17520, 15334, 15412)	72
(17520, 17600, 15412, 15490)	76
(17600, 17680, 15490, 15566)	76
(17680, 17760, 15566, 15642)	75
(17760, 17840, 15640, 15722)	69
(17840, 17920, 15722, 15799)	74
(17920, 18000, 15799, 15877)	78
(18000, 18080, 15877, 15957)	78
(18080, 18160, 15957, 16036)	75
(18160, 18240, 16035, 16111)	73
(18240, 18320, 16111, 16192)	77
(18320, 18400, 16192, 16269)	73
(18400, 18480, 16269, 16347)	73
(18480, 18560, 16347, 16425)	72
(18560, 18640, 16425, 16504)	75
(18640, 18720, 16504, 16584)	72
(18720, 18800, 16582, 16660)	74
(18800, 18880, 16660, 16738)	74
(18880, 18960, 16736, 16809)	68
(18960, 19040, 16809, 16888)	75
(19040, 19120, 16888, 16969)	77
(19120, 19200, 16969, 17047)	78
(19200, 19280, 17047, 17120)	65
(19280, 19360, 17118, 17190)	72
(19360, 19440, 17190, 17264)	74
(19440, 19520, 17264, 17340)	74
(19520, 19600, 17340, 17416)	76
(19600, 19680, 17416, 17496)	72
(19680, 19760, 17496, 17576)	76
(19760, 19840, 17576, 17653)	76
(19840, 19920, 17653, 17733)	76
(19920, 20000, 17733, 17811)	77
(20000, 20080, 17811, 17891)	74
(20080, 20160, 17891, 17970)	73
(20160, 20240, 17967, 18047)	78
(20240, 20320, 18046, 18123)	72
(20320, 20400, 18124, 18204)	76
(20400, 20480, 18204, 18281)	75
(20480, 20560, 18281, 18359)	73
(20560, 20640, 18359, 18436)	77
(20640, 20720, 18435, 18510)	68
(20720, 20800, 18509, 18587)	74
(20800, 20880, 18589, 18668)	77
(20880, 20960, 18669, 18749)	78
(20960, 21040, 18749, 18826)	75
(21040, 21120, 18826, 18902)	70
(21120, 21200, 18901, 18978)	71
(21200, 21280, 18978, 19056)	78
(21280, 21360, 19058, 19134)	73
(21360, 21440, 19135, 19211)	72
(21440, 21520, 19211, 19292)	75
(21520, 21600, 19292, 19371)	73
(21600, 21680, 19368, 19406)	28
 [ 271 ] 19857 - 8130 = 11727
