[0]	727 0 760	0 0 0
[800]	746 757 1540	0 0 0
[1600]	732 1748 2522	0 0 0
[2400]	753 2522 3300	0 0 0
[3200]	739 3300 4070	0 0 0
[4000]	745 4070 4840	0 0 0
[4800]	736 4840 5618	0 0 0
[5600]	738 5618 6394	0 0 0
[6400]	731 6394 7166	0 0 0
[7200]	730 7166 7934	0 0 0
[8000]	742 7934 8732	0 0 0
[8800]	523 8388 9151	0 0 0
[9600]	516 8435 9195	0 0 0
[10400]	654 8646 9413	0 0 0
[11200]	733 9413 10173	0 0 0
[12000]	749 10173 10952	0 0 0
[12800]	739 10952 11728	0 0 0
[13600]	729 11728 12501	0 0 0
[14400]	671 12479 13239	0 0 0
[15200]	691 13218 13978	0 0 0
[16000]	693 13978 14738	0 0 0
[16800]	738 14715 15490	0 0 0
[17600]	747 15490 16269	0 0 0
[18400]	735 16269 17047	0 0 0
[19200]	736 17047 17811	0 0 0
[20000]	737 17811 18587	0 0 0
[20800]	737 18589 19371	0 0 0
[21600]	28 19368 19406	0 0 0
