[0]	365 0 379	0 0 0
[400]	365 379 757	0 0 0
[800]	370 757 1144	0 0 0
[1200]	376 1146 1540	0 0 0
[1600]	371 1488 1879	0 0 0
[2000]	363 2139 2522	0 0 0
[2400]	371 2522 2907	0 0 0
[2800]	382 2907 3300	0 0 0
[3200]	378 3300 3694	0 0 0
[3600]	361 3694 4070	0 0 0
[4000]	370 4070 4454	0 0 0
[4400]	375 4454 4840	0 0 0
[4800]	373 4840 5225	0 0 0
[5200]	363 5225 5618	0 0 0
[5600]	361 5618 6000	0 0 0
[6000]	377 6002 6394	0 0 0
[6400]	363 6394 6785	0 0 0
[6800]	369 6783 7166	0 0 0
[7200]	360 7166 7550	0 0 0
[7600]	370 7550 7934	0 0 0
[8000]	373 7934 8324	0 0 0
[8400]	369 8324 8732	0 0 0
[8800]	353 8732 9113	0 0 0
[9200]	314 8715 9097	0 0 0
[9600]	315 8718 9112	0 0 0
[10000]	309 8728 9111	0 0 0
[10400]	316 8714 9113	0 0 0
[10800]	368 9027 9413	0 0 0
[11200]	368 9413 9796	0 0 0
[11600]	366 9795 10173	0 0 0
[12000]	376 10173 10563	0 0 0
[12400]	373 10563 10952	0 0 0
[12800]	373 10952 11342	0 0 0
[13200]	366 11342 11728	0 0 0
[13600]	371 11728 12112	0 0 0
[14000]	358 12112 12501	0 0 0
[14400]	341 12500 12889	0 0 0
[14800]	370 12837 13232	0 0 0
[15200]	374 13232 13620	0 0 0
[15600]	330 13593 13978	0 0 0
[16000]	365 13978 14350	0 0 0
[16400]	345 14350 14715	0 0 0
[16800]	369 14715 15104	0 0 0
[17200]	369 15104 15490	0 0 0
[17600]	372 15490 15877	0 0 0
[18000]	375 15877 16269	0 0 0
[18400]	364 16269 16660	0 0 0
[18800]	371 16660 17047	0 0 0
[19200]	359 17047 17416	0 0 0
[19600]	377 17416 17811	0 0 0
[20000]	370 17811 18204	0 0 0
[20400]	367 18204 18587	0 0 0
[20800]	369 18589 18978	0 0 0
[21200]	368 18978 19371	0 0 0
[21600]	28 19368 19406	0 0 0
