19081
(0, 1800, 0, 1733), (1800, 9000, 1941, 8923), (9000, 9300, 8828, 9113), (9300, 9600, 8802, 9097), (9600, 9900, 8805, 9091), (9900, 10200, 8865, 9148), (10500, 10800, 8812, 9113), (10800, 14700, 9027, 12784), (14700, 21600, 12729, 19406)

18967
(0, 1800, 0, 1733), (1800, 2100, 1624, 1920), (2100, 9000, 2128, 8923), (9000, 9300, 8828, 9113), (9300, 9600, 8802, 9097), (9600, 9900, 8805, 9091), (9900, 10200, 8865, 9148), (10500, 10800, 8812, 9113), (10800, 14700, 9027, 12784), (14700, 21600, 12729, 19406)

19090
(0, 1800, 0, 1733), (1800, 9000, 1941, 8923), (9000, 9300, 8828, 9113), (9300, 9600, 8802, 9097), (9600, 9900, 8805, 9091), (9900, 10200, 8865, 9148), (10500, 10800, 8812, 9113), (10800, 14700, 9027, 12784), (14700, 21600, 12739, 19406),

18979
(0, 1800, 0, 1733), (1800, 9100, 1941, 9024), (9100, 9300, 8756, 9113), (9300, 9600, 8802, 9097), (9600, 9900, 8805, 9091), (9900, 10200, 8865, 9148), (10500, 10800, 8812, 9113), (10800, 14700, 9027, 12784), (14700, 21600, 12739, 19406),

19063
(0, 1800, 0, 1733), (1800, 9100, 1941, 9024), (9100, 9300, 8992, 9113), (9300, 9600, 8802, 9097), (9600, 9900, 8805, 9091), (9900, 10200, 8865, 9148), (10500, 10800, 8812, 9113), (10800, 14700, 9027, 12784), (14700, 21600, 12739, 19406),

19125
(0, 1800, 0, 1733), (1800, 9100, 1941, 9024), (9100, 9300, 8992, 9113), (9300, 9600, 8802, 9097), (9600, 9900, 8805, 9091), (9900, 10200, 8865, 9148), (10500, 10800, 8812, 9113), (10800, 14700, 9027, 12784), (14700, 21638, 12739, 19406),

19152
(0, 1800, 0, 1733), (1800, 9000, 1941, 8923), (9000, 9300, 8828, 9113), (9300, 9600, 8802, 9097), (9600, 9900, 8805, 9091), (9900, 10200, 8865, 9148), (10500, 10800, 8812, 9113), (10800, 14700, 9027, 12784), (14700, 21638, 12739, 19406),

19168
(0, 1800, 0, 1733), (1800, 9120, 1941, 9042), (9120, 9300, 8948, 9113), (9300, 9600, 8802, 9097), (9600, 9900, 8805, 9091), (9900, 10200, 8865, 9148), (10500, 10801, 8812, 9114), (10801, 14700, 9028, 12784), (14700, 21638, 12739, 19406), 

19168
(0, 1800, 0, 1733), (1800, 9120, 1941, 9042), (9120, 9301, 8948, 9114), (9301, 9600, 8803, 9097), (9600, 9900, 8805, 9091), (9900, 10200, 8865, 9148), (10500, 10801, 8812, 9114), (10801, 14700, 9028, 12784), (14700, 21638, 12739, 19406),

19168
(0, 1800, 0, 1733), (1800, 9120, 1941, 9042), (9120, 9301, 8948, 9114), (9301, 9600, 8803, 9097), (9600, 9901, 8805, 9092), (9901, 10200, 8866, 9148), (10500, 10801, 8812, 9114), (10801, 14700, 9028, 12784), (14700, 21638, 12739, 19406), 

19168
(0, 1800, 0, 1733), (1800, 9120, 1941, 9042), (9120, 9301, 8948, 9114), (9301, 9600, 8803, 9097), (9600, 9901, 8805, 9092), (9901, 10200, 8866, 9148), (10500, 10801, 8812, 9114), (10801, 14700, 9028, 12784), (14700, 21638, 12739, 19406), 

19169
(0, 1800, 0, 1733), (1800, 9116, 1941, 9039), (9116, 9300, 8944, 9113), (9300, 9600, 8802, 9097), (9600, 9900, 8805, 9091), (9900, 10200, 8865, 9148), (10500, 10801, 8812, 9114), (10801, 14700, 9028, 12784), (14700, 21638, 12739, 19406), 

 19177
(0, 1810, 0, 1731), (1811, 9300, 1940, 9230), (9301, 9602, 8800, 9102), (9603, 9914, 8800, 9112), (9915, 10202, 8800, 9088), (10203, 10504, 8860, 9162), (10505, 14704, 8740, 12780), (14705, 15606, 12760, 13622), (15607, 19208, 13620, 17062), (19209, 21638, 16980, 19406), 

19181
(0, 1810, 0, 1731), (1810, 9300, 1939, 9230), (9301, 9602, 8800, 9102), (9603, 9914, 8800, 9112), (9915, 10202, 8800, 9088), (10203, 10504, 8860, 9162), (10505, 14704, 8740, 12780), (14704, 15606, 12759, 13622), (15606, 19208, 13619, 17062), (19208, 21638, 16979, 19406),

19203
(0, 2103, 0, 2023), (2103, 9301, 2235, 9233), (9301, 9603, 8855, 9157), (9603, 9915, 8795, 9107), (9915, 10203, 8770, 9058), (10203, 10505, 8805, 9107), (10505, 14705, 8750, 12790), (14705, 15607, 12750, 13612), (15607, 19209, 13615, 17057), (19209, 21617, 16985, 19393),

19224
(0, 2103, 0, 2023), (2103, 9301, 2235, 9233), (9301, 9603, 8855, 9157), (9603, 9915, 8795, 9107), (9915, 10203, 8770, 9058), (10203, 10505, 8805, 9107), (10505, 14705, 8750, 12790), (14705, 15607, 12750, 13612), (15607, 19209, 13615, 17057), (19209, 21638, 16985, 19406),

