___________
(8700, 8750, 8632, 8682)	47
(8750, 8800, 8682, 8732)	46
(8800, 8850, 8732, 8783)	47
(8850, 8900, 8783, 8829)	46
	8783 8829 46
	8783 8830 46
___________
(8900, 8950, 8822, 8872)	50
(8950, 9000, 8872, 8923)	48
(9000, 9050, 8924, 8972)	44
(9050, 9100, 8973, 9024)	47
___________
(9100, 9150, 8794, 8842)	39
	8794 8843 39
	8794 8842 39
	8846 8897 39
	8847 8897 39
	8927 8974 39
	8927 8975 39
	8927 8976 39
	8927 8978 39
	8927 8979 39
	8930 8979 39
	8930 8978 39
	8930 8976 39
	8930 8975 39
	8930 8974 39
	8960 9006 39
	8960 9007 39
	8960 9008 39
	8992 9038 39
	8992 9039 39
	8992 9040 39
	9024 9070 39
	9024 9071 39
	9024 9072 39
	9056 9102 39
	9056 9103 39
	9056 9104 39
___________
(9150, 9200, 9021, 9070)	44
	9021 9070 44
	9021 9073 44
	9022 9070 44
	9022 9073 44
	9023 9070 44
	9023 9073 44
	9053 9102 44
	9053 9105 44
	9054 9102 44
	9054 9105 44
	9055 9102 44
	9055 9105 44
___________
(9200, 9250, 9020, 9071)	45
	9020 9071 45
	9052 9103 45
___________
(9250, 9300, 8996, 9045)	40
	8996 9045 40
	8996 9048 40
	8996 9049 40
	9039 9084 40
___________
(9300, 9350, 9021, 9070)	46
	9021 9070 46
	9053 9102 46
___________
(9350, 9400, 9018, 9067)	45
	9018 9067 45
	9050 9099 45
___________
(9400, 9450, 8977, 9025)	43
	8977 9025 43
	8978 9025 43
	9042 9089 43
	9046 9099 43
___________
(9450, 9500, 9003, 9054)	42
	9003 9054 42
	9035 9086 42
___________
(9500, 9550, 9064, 9111)	43
___________
(9550, 9600, 9046, 9097)	48
	9046 9097 48
	9047 9097 48
___________
(9600, 9650, 8991, 9042)	42
	8991 9042 42
	8992 9042 42
	8993 9042 42
	9014 9062 42
	9014 9063 42
	9015 9062 42
	9015 9063 42
	9024 9074 42
	9025 9074 42
	9034 9085 42
	9035 9085 42
	9036 9085 42
	9037 9085 42
	9038 9085 42
	9056 9106 42
	9057 9106 42
___________
(9650, 9700, 9031, 9080)	45
	9031 9080 45
	9031 9081 45
	9031 9082 45
	9042 9092 45
___________
(9700, 9750, 8985, 9031)	40
	8985 9031 40
	8985 9032 40
	8985 9033 40
	9018 9063 40
	9018 9064 40
	9018 9065 40
	9019 9063 40
	9019 9064 40
	9019 9065 40
	9050 9095 40
	9050 9096 40
	9050 9097 40
	9051 9095 40
	9051 9096 40
	9051 9097 40
(9750, 9800, 9033, 9080)	46
	9033 9080 46
	9033 9081 46
	9033 9082 46
	9033 9083 46
___________
(9800, 9850, 9028, 9074)	46
	9028 9074 46
	9028 9075 46
	9060 9106 46
	9060 9107 46
___________
(9850, 9900, 9031, 9080)	46
	9031 9080 46
	9031 9081 46
	9042 9091 46
	9063 9113 46
___________
(9900, 9950, 9038, 9089)	48
___________
(9950, 10000, 9035, 9081)	42
	9035 9081 42
	9035 9085 42
___________
(10000, 10050, 8990, 9040)	44
	8990 9040 44
	9013 9061 44
	9021 9072 44
	9022 9072 44
	9023 9072 44
	9053 9104 44
	9054 9104 44
	9055 9104 44
___________
(10050, 10100, 9019, 9066)	41
	9019 9066 41
	9019 9067 41
	9051 9098 41
	9051 9099 41
___________
(10100, 10150, 9034, 9082)	44
___________
(10150, 10200, 9007, 9053)	46
	9007 9053 46
	9039 9085 46
___________
(10200, 10250, 9021, 9074)	41
	9021 9074 41
	9053 9106 41
___________
(10250, 10300, 9031, 9081)	44
	9031 9081 44
	9031 9083 44
	9042 9093 44
___________
(10300, 10350, 9040, 9093)	41
___________
(10350, 10400, 9029, 9079)	46
___________
(10400, 10450, 9025, 9075)	44
	9025 9075 44
	9026 9075 44
	9028 9075 44
	9057 9107 44
	9058 9107 44
	9060 9107 44
___________
(10450, 10500, 9036, 9084)	42
	9036 9084 42
	9047 9094 42
___________
(10500, 10550, 9009, 9058)	44
	9009 9058 44
	9041 9090 44
___________
(10550, 10600, 9047, 9093)	40
___________
(10600, 10650, 9023, 9074)	45
	9023 9074 45
	9023 9076 45
	9055 9106 45
	9055 9108 45
___________
(10650, 10700, 9033, 9083)	45
___________
(10700, 10750, 9041, 9094)	47
	9041 9094 47
	9042 9094 47
	9043 9094 47
___________
(10750, 10800, 8998, 9049)	43
	8998 9049 43
	9029 9081 43
	9030 9081 43
	9031 9081 43
___________
(10800, 10850, 9038, 9087)	41
	9038 9087 41
	9038 9088 41
___________
(10850, 10900, 9076, 9125)	47
	9076 9125 47
	9077 9125 47
(10900, 10950, 9125, 9173)	48
(10950, 11000, 9172, 9220)	47
	9172 9220 47
	9173 9220 47
(11000, 11050, 9220, 9267)	47
(11050, 11100, 9267, 9317)	46
(11100, 11150, 9317, 9366)	47
(11150, 11200, 9366, 9413)	47
(11200, 11250, 9413, 9462)	47
(11250, 11300, 9462, 9509)	47
(11300, 11350, 9509, 9552)	43
	9509 9552 43
	9509 9553 43
	9509 9554 43
(11350, 11400, 9554, 9604)	47
(11400, 11450, 9604, 9652)	48
(11450, 11500, 9652, 9698)	46
(11500, 11550, 9697, 9748)	42
	9697 9748 42
	9698 9748 42
(11550, 11600, 9748, 9796)	48
(11600, 11650, 9795, 9841)	46
(11650, 11700, 9841, 9890)	49
(11700, 11750, 9890, 9935)	43
(11750, 11800, 9935, 9984)	47
(11800, 11850, 9985, 10031)	44
(11850, 11900, 10030, 10079)	49
(11900, 11950, 10079, 10126)	45
(11950, 12000, 10126, 10173)	45
(12000, 12050, 10173, 10218)	45
(12050, 12100, 10218, 10267)	46
(12100, 12150, 10267, 10316)	49
(12150, 12200, 10316, 10367)	47
(12200, 12250, 10367, 10417)	48
(12250, 12300, 10416, 10466)	48
	10416 10466 48
	10417 10466 48
(12300, 12350, 10466, 10516)	46
(12350, 12400, 10516, 10563)	47
	10516 10563 47
	10516 10564 47
	10516 10565 47
(12400, 12450, 10563, 10612)	47
(12450, 12500, 10611, 10660)	48
	10611 10660 48
	10612 10660 48
(12500, 12550, 10660, 10708)	48
(12550, 12600, 10708, 10758)	48
(12600, 12650, 10759, 10808)	44
(12650, 12700, 10808, 10853)	45
(12700, 12750, 10853, 10902)	46
	10853 10902 46
	10853 10903 46
	10853 10904 46
(12750, 12800, 10904, 10952)	48
(12800, 12850, 10952, 11001)	45
(12850, 12900, 11000, 11052)	48
(12900, 12950, 11052, 11100)	48
	11052 11100 48
	11052 11101 48
(12950, 13000, 11100, 11149)	49
(13000, 13050, 11148, 11198)	45
	11148 11198 45
	11149 11198 45
___________
(13050, 13100, 0, 0)	0
(13100, 13150, 0, 0)	0
(13150, 13200, 0, 0)	0
(13200, 13250, 0, 0)	0
(13250, 13300, 0, 0)	0
(13300, 13350, 0, 0)	0
(13350, 13400, 0, 0)	0
(13400, 13450, 0, 0)	0
(13450, 13500, 0, 0)	0
(13500, 13550, 0, 0)	0
(13550, 13600, 0, 0)	0
(13600, 13650, 0, 0)	0
(13650, 13700, 0, 0)	0
(13700, 13750, 0, 0)	0
(13750, 13800, 0, 0)	0
(13800, 13850, 0, 0)	0
(13850, 13900, 0, 0)	0
(13900, 13950, 0, 0)	0
(13950, 14000, 0, 0)	0
(14000, 14050, 0, 0)	0
(14050, 14100, 0, 0)	0
(14100, 14150, 0, 0)	0
(14150, 14200, 0, 0)	0
(14200, 14250, 0, 0)	0
(14250, 14300, 0, 0)	0
(14300, 14350, 0, 0)	0
(14350, 14400, 0, 0)	0
(14400, 14450, 0, 0)	0
(14450, 14500, 0, 0)	0
(14500, 14550, 0, 0)	0
(14550, 14600, 0, 0)	0
(14600, 14650, 0, 0)	0
(14650, 14700, 0, 0)	0
(14700, 14750, 0, 0)	0
(14750, 14800, 0, 0)	0
(14800, 14850, 0, 0)	0
(14850, 14900, 0, 0)	0
(14900, 14950, 0, 0)	0
(14950, 15000, 0, 0)	0
(15000, 15050, 0, 0)	0
(15050, 15100, 0, 0)	0
(15100, 15150, 0, 0)	0
(15150, 15200, 0, 0)	0
(15200, 15250, 0, 0)	0
(15250, 15300, 0, 0)	0
(15300, 15350, 0, 0)	0
(15350, 15400, 0, 0)	0
(15400, 15450, 0, 0)	0
(15450, 15500, 0, 0)	0
(15500, 15550, 0, 0)	0
(15550, 15600, 0, 0)	0
(15600, 15650, 0, 0)	0
(15650, 15700, 0, 0)	0
(15700, 15750, 0, 0)	0
(15750, 15800, 0, 0)	0
(15800, 15850, 0, 0)	0
(15850, 15900, 0, 0)	0
(15900, 15950, 0, 0)	0
(15950, 16000, 0, 0)	0
(16000, 16050, 0, 0)	0
(16050, 16100, 0, 0)	0
(16100, 16150, 0, 0)	0
(16150, 16200, 0, 0)	0
(16200, 16250, 0, 0)	0
(16250, 16300, 0, 0)	0
(16300, 16350, 0, 0)	0
(16350, 16400, 0, 0)	0
(16400, 16450, 0, 0)	0
(16450, 16500, 0, 0)	0
(16500, 16550, 0, 0)	0
(16550, 16600, 0, 0)	0
(16600, 16650, 0, 0)	0
(16650, 16700, 0, 0)	0
(16700, 16750, 0, 0)	0
(16750, 16800, 0, 0)	0
(16800, 16850, 0, 0)	0
(16850, 16900, 0, 0)	0
(16900, 16950, 0, 0)	0
(16950, 17000, 0, 0)	0
(17000, 17050, 0, 0)	0
(17050, 17100, 0, 0)	0
(17100, 17150, 0, 0)	0
(17150, 17200, 0, 0)	0
(17200, 17250, 0, 0)	0
(17250, 17300, 0, 0)	0
(17300, 17350, 0, 0)	0
(17350, 17400, 0, 0)	0
(17400, 17450, 0, 0)	0
(17450, 17500, 0, 0)	0
(17500, 17550, 0, 0)	0
(17550, 17600, 0, 0)	0
(17600, 17650, 0, 0)	0
(17650, 17700, 0, 0)	0
(17700, 17750, 0, 0)	0
(17750, 17800, 0, 0)	0
(17800, 17850, 0, 0)	0
(17850, 17900, 0, 0)	0
(17900, 17950, 0, 0)	0
(17950, 18000, 0, 0)	0
(18000, 18050, 0, 0)	0
(18050, 18100, 0, 0)	0
(18100, 18150, 0, 0)	0
(18150, 18200, 0, 0)	0
(18200, 18250, 0, 0)	0
(18250, 18300, 0, 0)	0
(18300, 18350, 0, 0)	0
(18350, 18400, 0, 0)	0
(18400, 18450, 0, 0)	0
(18450, 18500, 0, 0)	0
(18500, 18550, 0, 0)	0
(18550, 18600, 0, 0)	0
(18600, 18650, 0, 0)	0
(18650, 18700, 0, 0)	0
(18700, 18750, 0, 0)	0
(18750, 18800, 0, 0)	0
(18800, 18850, 0, 0)	0
(18850, 18900, 0, 0)	0
(18900, 18950, 0, 0)	0
(18950, 19000, 0, 0)	0
(19000, 19050, 0, 0)	0
(19050, 19100, 0, 0)	0
(19100, 19150, 0, 0)	0
(19150, 19200, 0, 0)	0
(19200, 19250, 0, 0)	0
(19250, 19300, 0, 0)	0
(19300, 19350, 0, 0)	0
(19350, 19400, 0, 0)	0
(19400, 19450, 0, 0)	0
(19450, 19500, 0, 0)	0
(19500, 19550, 0, 0)	0
(19550, 19600, 0, 0)	0
(19600, 19650, 0, 0)	0
(19650, 19700, 0, 0)	0
(19700, 19750, 0, 0)	0
(19750, 19800, 0, 0)	0
(19800, 19850, 0, 0)	0
(19850, 19900, 0, 0)	0
(19900, 19950, 0, 0)	0
(19950, 20000, 0, 0)	0
(20000, 20050, 0, 0)	0
(20050, 20100, 0, 0)	0
(20100, 20150, 0, 0)	0
(20150, 20200, 0, 0)	0
(20200, 20250, 0, 0)	0
(20250, 20300, 0, 0)	0
(20300, 20350, 0, 0)	0
(20350, 20400, 0, 0)	0
(20400, 20450, 0, 0)	0
(20450, 20500, 0, 0)	0
(20500, 20550, 0, 0)	0
(20550, 20600, 0, 0)	0
(20600, 20650, 0, 0)	0
(20650, 20700, 0, 0)	0
(20700, 20750, 0, 0)	0
(20750, 20800, 0, 0)	0
(20800, 20850, 0, 0)	0
(20850, 20900, 0, 0)	0
(20900, 20950, 0, 0)	0
(20950, 21000, 0, 0)	0
(21000, 21050, 0, 0)	0
(21050, 21100, 0, 0)	0
(21100, 21150, 0, 0)	0
(21150, 21200, 0, 0)	0
(21200, 21250, 0, 0)	0
(21250, 21300, 0, 0)	0
(21300, 21350, 0, 0)	0
(21350, 21400, 0, 0)	0
(21400, 21450, 0, 0)	0
(21450, 21500, 0, 0)	0
(21500, 21550, 0, 0)	0
(21550, 21600, 0, 0)	0
(21600, 21650, 0, 0)	0
 [ 433 ] 3953 - 12990 = -9037
