(0, 40, 0, 0)	0
(40, 80, 0, 0)	0
(80, 120, 0, 0)	0
(120, 160, 0, 0)	0
(160, 200, 0, 0)	0
(200, 240, 0, 0)	0
(240, 280, 0, 0)	0
(280, 320, 0, 0)	0
(320, 360, 0, 0)	0
(360, 400, 0, 0)	0
(400, 440, 0, 0)	0
(440, 480, 0, 0)	0
(480, 520, 0, 0)	0
(520, 560, 0, 0)	0
(560, 600, 0, 0)	0
(600, 640, 0, 0)	0
(640, 680, 0, 0)	0
(680, 720, 0, 0)	0
(720, 760, 0, 0)	0
(760, 800, 0, 0)	0
(800, 840, 0, 0)	0
(840, 880, 0, 0)	0
(880, 920, 0, 0)	0
(920, 960, 0, 0)	0
(960, 1000, 0, 0)	0
___________
(1000, 1040, 946, 987)	39
(1040, 1080, 987, 1028)	37
(1080, 1120, 1028, 1067)	39
(1120, 1160, 1067, 1104)	37
(1160, 1200, 1104, 1144)	38
	1104 1144
	1104 1146
(1200, 1240, 1146, 1185)	38
	1146 1185
	1146 1186
(1240, 1280, 1185, 1225)	38
(1280, 1320, 1225, 1266)	38
(1320, 1360, 1266, 1304)	38
(1360, 1400, 1304, 1341)	37
	1304 1341
	1304 1342
	1304 1343
(1400, 1440, 1343, 1383)	38
(1440, 1480, 1383, 1420)	37
(1480, 1520, 1420, 1458)	38
(1520, 1560, 1458, 1500)	38
(1560, 1600, 1500, 1540)	36
	1500 1540
	1552 1592
___________
(1600, 1640, 1488, 1526)	38
	1488 1526
	1540 1578
	1644 1682
(1640, 1680, 1526, 1563)	37
	1526 1563
	1526 1564
	1526 1565
___________
(1680, 1720, 1719, 1758)	39
___________
(1720, 1760, 1498, 1537)	38
	1498 1537
	1550 1589
	1654 1693
	1706 1745
	1758 1797
	1862 1901
___________
(1760, 1800, 1485, 1525)	38
	1485 1525
	1537 1577
	1641 1681
___________
(1800, 1840, 1629, 1669)	40
	1629 1669
	1733 1773
	1837 1877
(1840, 1880, 1669, 1709)	40
(1880, 1920, 1709, 1748)	39
	1709 1748
	2073 2112
___________
(1920, 1960, 1488, 1526)	36
	1488 1526
	1540 1578
	1644 1682
	1748 1786
	2112 2150
___________
(1960, 2000, 1786, 1827)	37
	1786 1827
	1994 2035
	2046 2087
___________
(2000, 2040, 1619, 1655)	34
	1619 1655
	1827 1863
	1879 1915
	1983 2019
	2035 2071
	2191 2227
___________
(2040, 2080, 1863, 1901)	37
___________
(2080, 2120, 1485, 1525)	38
	1485 1525
	1537 1577
	1641 1681
	2109 2149
	2161 2201
___________
(2120, 2160, 1628, 1666)	38
	1628 1666
	1628 1667
	1628 1668
	1732 1770
	1732 1771
	1732 1772
	1836 1874
	1836 1875
	1836 1876
	2044 2082
	2044 2083
	2044 2084
	2096 2134
	2096 2135
	2096 2136
	2148 2186
	2148 2187
	2148 2188
___________
(2160, 2200, 1980, 2018)	38
	1980 2018
	2188 2226
	2240 2278
	2292 2330
	2344 2382
___________
(2200, 2240, 1706, 1746)	40
	1706 1746
	2070 2110
	2278 2318
___________
(2240, 2280, 2214, 2252)	34
	2214 2252
	2318 2356
	2370 2408
___________
(2280, 2320, 1784, 1821)	37
	1784 1821
	1992 2029
	2252 2289
	2304 2341
	2356 2393
	2408 2445
___________
(2320, 2360, 2445, 2486)	39
(2360, 2400, 2486, 2522)	35
(2400, 2440, 2522, 2562)	40
(2440, 2480, 2562, 2598)	36
	2562 2598
	2562 2599
(2480, 2520, 2601, 2638)	37
(2520, 2560, 2638, 2677)	33
(2560, 2600, 2676, 2714)	37
	2676 2714
	2677 2714
(2600, 2640, 2714, 2753)	37
(2640, 2680, 2753, 2790)	37
(2680, 2720, 2790, 2829)	39
(2720, 2760, 2829, 2868)	38
	2829 2868
	2829 2869
(2760, 2800, 2869, 2907)	38
(2800, 2840, 2907, 2945)	37
(2840, 2880, 2945, 2986)	39
(2880, 2920, 2986, 3025)	39
(2920, 2960, 3023, 3063)	38
	3023 3063
	3024 3063
	3025 3063
(2960, 3000, 3065, 3106)	39
(3000, 3040, 3106, 3145)	39
___________
(3040, 3080, 0, 0)	0
(3080, 3120, 0, 0)	0
(3120, 3160, 0, 0)	0
(3160, 3200, 0, 0)	0
(3200, 3240, 0, 0)	0
(3240, 3280, 0, 0)	0
(3280, 3320, 0, 0)	0
(3320, 3360, 0, 0)	0
(3360, 3400, 0, 0)	0
(3400, 3440, 0, 0)	0
(3440, 3480, 0, 0)	0
(3480, 3520, 0, 0)	0
(3520, 3560, 0, 0)	0
(3560, 3600, 0, 0)	0
(3600, 3640, 0, 0)	0
(3640, 3680, 0, 0)	0
(3680, 3720, 0, 0)	0
(3720, 3760, 0, 0)	0
(3760, 3800, 0, 0)	0
(3800, 3840, 0, 0)	0
(3840, 3880, 0, 0)	0
(3880, 3920, 0, 0)	0
(3920, 3960, 0, 0)	0
(3960, 4000, 0, 0)	0
(4000, 4040, 0, 0)	0
(4040, 4080, 0, 0)	0
(4080, 4120, 0, 0)	0
(4120, 4160, 0, 0)	0
(4160, 4200, 0, 0)	0
(4200, 4240, 0, 0)	0
(4240, 4280, 0, 0)	0
(4280, 4320, 0, 0)	0
(4320, 4360, 0, 0)	0
(4360, 4400, 0, 0)	0
(4400, 4440, 0, 0)	0
(4440, 4480, 0, 0)	0
(4480, 4520, 0, 0)	0
(4520, 4560, 0, 0)	0
(4560, 4600, 0, 0)	0
(4600, 4640, 0, 0)	0
(4640, 4680, 0, 0)	0
(4680, 4720, 0, 0)	0
(4720, 4760, 0, 0)	0
(4760, 4800, 0, 0)	0
(4800, 4840, 0, 0)	0
(4840, 4880, 0, 0)	0
(4880, 4920, 0, 0)	0
(4920, 4960, 0, 0)	0
(4960, 5000, 0, 0)	0
(5000, 5040, 0, 0)	0
(5040, 5080, 0, 0)	0
(5080, 5120, 0, 0)	0
(5120, 5160, 0, 0)	0
(5160, 5200, 0, 0)	0
(5200, 5240, 0, 0)	0
(5240, 5280, 0, 0)	0
(5280, 5320, 0, 0)	0
(5320, 5360, 0, 0)	0
(5360, 5400, 0, 0)	0
(5400, 5440, 0, 0)	0
(5440, 5480, 0, 0)	0
(5480, 5520, 0, 0)	0
(5520, 5560, 0, 0)	0
(5560, 5600, 0, 0)	0
(5600, 5640, 0, 0)	0
(5640, 5680, 0, 0)	0
(5680, 5720, 0, 0)	0
(5720, 5760, 0, 0)	0
(5760, 5800, 0, 0)	0
(5800, 5840, 0, 0)	0
(5840, 5880, 0, 0)	0
(5880, 5920, 0, 0)	0
(5920, 5960, 0, 0)	0
(5960, 6000, 0, 0)	0
(6000, 6040, 0, 0)	0
(6040, 6080, 0, 0)	0
(6080, 6120, 0, 0)	0
(6120, 6160, 0, 0)	0
(6160, 6200, 0, 0)	0
(6200, 6240, 0, 0)	0
(6240, 6280, 0, 0)	0
(6280, 6320, 0, 0)	0
(6320, 6360, 0, 0)	0
(6360, 6400, 0, 0)	0
(6400, 6440, 0, 0)	0
(6440, 6480, 0, 0)	0
(6480, 6520, 0, 0)	0
(6520, 6560, 0, 0)	0
(6560, 6600, 0, 0)	0
(6600, 6640, 0, 0)	0
(6640, 6680, 0, 0)	0
(6680, 6720, 0, 0)	0
(6720, 6760, 0, 0)	0
(6760, 6800, 0, 0)	0
(6800, 6840, 0, 0)	0
(6840, 6880, 0, 0)	0
(6880, 6920, 0, 0)	0
(6920, 6960, 0, 0)	0
(6960, 7000, 0, 0)	0
(7000, 7040, 0, 0)	0
(7040, 7080, 0, 0)	0
(7080, 7120, 0, 0)	0
(7120, 7160, 0, 0)	0
(7160, 7200, 0, 0)	0
(7200, 7240, 0, 0)	0
(7240, 7280, 0, 0)	0
(7280, 7320, 0, 0)	0
(7320, 7360, 0, 0)	0
(7360, 7400, 0, 0)	0
(7400, 7440, 0, 0)	0
(7440, 7480, 0, 0)	0
(7480, 7520, 0, 0)	0
(7520, 7560, 0, 0)	0
(7560, 7600, 0, 0)	0
(7600, 7640, 0, 0)	0
(7640, 7680, 0, 0)	0
(7680, 7720, 0, 0)	0
(7720, 7760, 0, 0)	0
(7760, 7800, 0, 0)	0
(7800, 7840, 0, 0)	0
(7840, 7880, 0, 0)	0
(7880, 7920, 0, 0)	0
(7920, 7960, 0, 0)	0
(7960, 8000, 0, 0)	0
(8000, 8040, 0, 0)	0
(8040, 8080, 0, 0)	0
(8080, 8120, 0, 0)	0
(8120, 8160, 0, 0)	0
(8160, 8200, 0, 0)	0
(8200, 8240, 0, 0)	0
(8240, 8280, 0, 0)	0
(8280, 8320, 0, 0)	0
(8320, 8360, 0, 0)	0
(8360, 8400, 0, 0)	0
(8400, 8440, 0, 0)	0
(8440, 8480, 0, 0)	0
(8480, 8520, 0, 0)	0
(8520, 8560, 0, 0)	0
(8560, 8600, 0, 0)	0
(8600, 8640, 0, 0)	0
(8640, 8680, 0, 0)	0
(8680, 8720, 0, 0)	0
(8720, 8760, 0, 0)	0
(8760, 8800, 0, 0)	0
(8800, 8840, 0, 0)	0
(8840, 8880, 0, 0)	0
(8880, 8920, 0, 0)	0
(8920, 8960, 0, 0)	0
(8960, 9000, 0, 0)	0
(9000, 9040, 0, 0)	0
(9040, 9080, 0, 0)	0
(9080, 9120, 0, 0)	0
(9120, 9160, 0, 0)	0
(9160, 9200, 0, 0)	0
(9200, 9240, 0, 0)	0
(9240, 9280, 0, 0)	0
(9280, 9320, 0, 0)	0
(9320, 9360, 0, 0)	0
(9360, 9400, 0, 0)	0
(9400, 9440, 0, 0)	0
(9440, 9480, 0, 0)	0
(9480, 9520, 0, 0)	0
(9520, 9560, 0, 0)	0
(9560, 9600, 0, 0)	0
(9600, 9640, 0, 0)	0
(9640, 9680, 0, 0)	0
(9680, 9720, 0, 0)	0
(9720, 9760, 0, 0)	0
(9760, 9800, 0, 0)	0
(9800, 9840, 0, 0)	0
(9840, 9880, 0, 0)	0
(9880, 9920, 0, 0)	0
(9920, 9960, 0, 0)	0
(9960, 10000, 0, 0)	0
(10000, 10040, 0, 0)	0
(10040, 10080, 0, 0)	0
(10080, 10120, 0, 0)	0
(10120, 10160, 0, 0)	0
(10160, 10200, 0, 0)	0
(10200, 10240, 0, 0)	0
(10240, 10280, 0, 0)	0
(10280, 10320, 0, 0)	0
(10320, 10360, 0, 0)	0
(10360, 10400, 0, 0)	0
(10400, 10440, 0, 0)	0
(10440, 10480, 0, 0)	0
(10480, 10520, 0, 0)	0
(10520, 10560, 0, 0)	0
(10560, 10600, 0, 0)	0
(10600, 10640, 0, 0)	0
(10640, 10680, 0, 0)	0
(10680, 10720, 0, 0)	0
(10720, 10760, 0, 0)	0
(10760, 10800, 0, 0)	0
(10800, 10840, 0, 0)	0
(10840, 10880, 0, 0)	0
(10880, 10920, 0, 0)	0
(10920, 10960, 0, 0)	0
(10960, 11000, 0, 0)	0
(11000, 11040, 0, 0)	0
(11040, 11080, 0, 0)	0
(11080, 11120, 0, 0)	0
(11120, 11160, 0, 0)	0
(11160, 11200, 0, 0)	0
(11200, 11240, 0, 0)	0
(11240, 11280, 0, 0)	0
(11280, 11320, 0, 0)	0
(11320, 11360, 0, 0)	0
(11360, 11400, 0, 0)	0
(11400, 11440, 0, 0)	0
(11440, 11480, 0, 0)	0
(11480, 11520, 0, 0)	0
(11520, 11560, 0, 0)	0
(11560, 11600, 0, 0)	0
(11600, 11640, 0, 0)	0
(11640, 11680, 0, 0)	0
(11680, 11720, 0, 0)	0
(11720, 11760, 0, 0)	0
(11760, 11800, 0, 0)	0
(11800, 11840, 0, 0)	0
(11840, 11880, 0, 0)	0
(11880, 11920, 0, 0)	0
(11920, 11960, 0, 0)	0
(11960, 12000, 0, 0)	0
(12000, 12040, 0, 0)	0
(12040, 12080, 0, 0)	0
(12080, 12120, 0, 0)	0
(12120, 12160, 0, 0)	0
(12160, 12200, 0, 0)	0
(12200, 12240, 0, 0)	0
(12240, 12280, 0, 0)	0
(12280, 12320, 0, 0)	0
(12320, 12360, 0, 0)	0
(12360, 12400, 0, 0)	0
(12400, 12440, 0, 0)	0
(12440, 12480, 0, 0)	0
(12480, 12520, 0, 0)	0
(12520, 12560, 0, 0)	0
(12560, 12600, 0, 0)	0
(12600, 12640, 0, 0)	0
(12640, 12680, 0, 0)	0
(12680, 12720, 0, 0)	0
(12720, 12760, 0, 0)	0
(12760, 12800, 0, 0)	0
(12800, 12840, 0, 0)	0
(12840, 12880, 0, 0)	0
(12880, 12920, 0, 0)	0
(12920, 12960, 0, 0)	0
(12960, 13000, 0, 0)	0
(13000, 13040, 0, 0)	0
(13040, 13080, 0, 0)	0
(13080, 13120, 0, 0)	0
(13120, 13160, 0, 0)	0
(13160, 13200, 0, 0)	0
(13200, 13240, 0, 0)	0
(13240, 13280, 0, 0)	0
(13280, 13320, 0, 0)	0
(13320, 13360, 0, 0)	0
(13360, 13400, 0, 0)	0
(13400, 13440, 0, 0)	0
(13440, 13480, 0, 0)	0
(13480, 13520, 0, 0)	0
(13520, 13560, 0, 0)	0
(13560, 13600, 0, 0)	0
(13600, 13640, 0, 0)	0
(13640, 13680, 0, 0)	0
(13680, 13720, 0, 0)	0
(13720, 13760, 0, 0)	0
(13760, 13800, 0, 0)	0
(13800, 13840, 0, 0)	0
(13840, 13880, 0, 0)	0
(13880, 13920, 0, 0)	0
(13920, 13960, 0, 0)	0
(13960, 14000, 0, 0)	0
(14000, 14040, 0, 0)	0
(14040, 14080, 0, 0)	0
(14080, 14120, 0, 0)	0
(14120, 14160, 0, 0)	0
(14160, 14200, 0, 0)	0
(14200, 14240, 0, 0)	0
(14240, 14280, 0, 0)	0
(14280, 14320, 0, 0)	0
(14320, 14360, 0, 0)	0
(14360, 14400, 0, 0)	0
(14400, 14440, 0, 0)	0
(14440, 14480, 0, 0)	0
(14480, 14520, 0, 0)	0
(14520, 14560, 0, 0)	0
(14560, 14600, 0, 0)	0
(14600, 14640, 0, 0)	0
(14640, 14680, 0, 0)	0
(14680, 14720, 0, 0)	0
(14720, 14760, 0, 0)	0
(14760, 14800, 0, 0)	0
(14800, 14840, 0, 0)	0
(14840, 14880, 0, 0)	0
(14880, 14920, 0, 0)	0
(14920, 14960, 0, 0)	0
(14960, 15000, 0, 0)	0
(15000, 15040, 0, 0)	0
(15040, 15080, 0, 0)	0
(15080, 15120, 0, 0)	0
(15120, 15160, 0, 0)	0
(15160, 15200, 0, 0)	0
(15200, 15240, 0, 0)	0
(15240, 15280, 0, 0)	0
(15280, 15320, 0, 0)	0
(15320, 15360, 0, 0)	0
(15360, 15400, 0, 0)	0
(15400, 15440, 0, 0)	0
(15440, 15480, 0, 0)	0
(15480, 15520, 0, 0)	0
(15520, 15560, 0, 0)	0
(15560, 15600, 0, 0)	0
(15600, 15640, 0, 0)	0
(15640, 15680, 0, 0)	0
(15680, 15720, 0, 0)	0
(15720, 15760, 0, 0)	0
(15760, 15800, 0, 0)	0
(15800, 15840, 0, 0)	0
(15840, 15880, 0, 0)	0
(15880, 15920, 0, 0)	0
(15920, 15960, 0, 0)	0
(15960, 16000, 0, 0)	0
(16000, 16040, 0, 0)	0
(16040, 16080, 0, 0)	0
(16080, 16120, 0, 0)	0
(16120, 16160, 0, 0)	0
(16160, 16200, 0, 0)	0
(16200, 16240, 0, 0)	0
(16240, 16280, 0, 0)	0
(16280, 16320, 0, 0)	0
(16320, 16360, 0, 0)	0
(16360, 16400, 0, 0)	0
(16400, 16440, 0, 0)	0
(16440, 16480, 0, 0)	0
(16480, 16520, 0, 0)	0
(16520, 16560, 0, 0)	0
(16560, 16600, 0, 0)	0
(16600, 16640, 0, 0)	0
(16640, 16680, 0, 0)	0
(16680, 16720, 0, 0)	0
(16720, 16760, 0, 0)	0
(16760, 16800, 0, 0)	0
(16800, 16840, 0, 0)	0
(16840, 16880, 0, 0)	0
(16880, 16920, 0, 0)	0
(16920, 16960, 0, 0)	0
(16960, 17000, 0, 0)	0
(17000, 17040, 0, 0)	0
(17040, 17080, 0, 0)	0
(17080, 17120, 0, 0)	0
(17120, 17160, 0, 0)	0
(17160, 17200, 0, 0)	0
(17200, 17240, 0, 0)	0
(17240, 17280, 0, 0)	0
(17280, 17320, 0, 0)	0
(17320, 17360, 0, 0)	0
(17360, 17400, 0, 0)	0
(17400, 17440, 0, 0)	0
(17440, 17480, 0, 0)	0
(17480, 17520, 0, 0)	0
(17520, 17560, 0, 0)	0
(17560, 17600, 0, 0)	0
(17600, 17640, 0, 0)	0
(17640, 17680, 0, 0)	0
(17680, 17720, 0, 0)	0
(17720, 17760, 0, 0)	0
(17760, 17800, 0, 0)	0
(17800, 17840, 0, 0)	0
(17840, 17880, 0, 0)	0
(17880, 17920, 0, 0)	0
(17920, 17960, 0, 0)	0
(17960, 18000, 0, 0)	0
(18000, 18040, 0, 0)	0
(18040, 18080, 0, 0)	0
(18080, 18120, 0, 0)	0
(18120, 18160, 0, 0)	0
(18160, 18200, 0, 0)	0
(18200, 18240, 0, 0)	0
(18240, 18280, 0, 0)	0
(18280, 18320, 0, 0)	0
(18320, 18360, 0, 0)	0
(18360, 18400, 0, 0)	0
(18400, 18440, 0, 0)	0
(18440, 18480, 0, 0)	0
(18480, 18520, 0, 0)	0
(18520, 18560, 0, 0)	0
(18560, 18600, 0, 0)	0
(18600, 18640, 0, 0)	0
(18640, 18680, 0, 0)	0
(18680, 18720, 0, 0)	0
(18720, 18760, 0, 0)	0
(18760, 18800, 0, 0)	0
(18800, 18840, 0, 0)	0
(18840, 18880, 0, 0)	0
(18880, 18920, 0, 0)	0
(18920, 18960, 0, 0)	0
(18960, 19000, 0, 0)	0
(19000, 19040, 0, 0)	0
(19040, 19080, 0, 0)	0
(19080, 19120, 0, 0)	0
(19120, 19160, 0, 0)	0
(19160, 19200, 0, 0)	0
(19200, 19240, 0, 0)	0
(19240, 19280, 0, 0)	0
(19280, 19320, 0, 0)	0
(19320, 19360, 0, 0)	0
(19360, 19400, 0, 0)	0
(19400, 19440, 0, 0)	0
(19440, 19480, 0, 0)	0
(19480, 19520, 0, 0)	0
(19520, 19560, 0, 0)	0
(19560, 19600, 0, 0)	0
(19600, 19640, 0, 0)	0
(19640, 19680, 0, 0)	0
(19680, 19720, 0, 0)	0
(19720, 19760, 0, 0)	0
(19760, 19800, 0, 0)	0
(19800, 19840, 0, 0)	0
(19840, 19880, 0, 0)	0
(19880, 19920, 0, 0)	0
(19920, 19960, 0, 0)	0
(19960, 20000, 0, 0)	0
(20000, 20040, 0, 0)	0
(20040, 20080, 0, 0)	0
(20080, 20120, 0, 0)	0
(20120, 20160, 0, 0)	0
(20160, 20200, 0, 0)	0
(20200, 20240, 0, 0)	0
(20240, 20280, 0, 0)	0
(20280, 20320, 0, 0)	0
(20320, 20360, 0, 0)	0
(20360, 20400, 0, 0)	0
(20400, 20440, 0, 0)	0
(20440, 20480, 0, 0)	0
(20480, 20520, 0, 0)	0
(20520, 20560, 0, 0)	0
(20560, 20600, 0, 0)	0
(20600, 20640, 0, 0)	0
(20640, 20680, 0, 0)	0
(20680, 20720, 0, 0)	0
(20720, 20760, 0, 0)	0
(20760, 20800, 0, 0)	0
(20800, 20840, 0, 0)	0
(20840, 20880, 0, 0)	0
(20880, 20920, 0, 0)	0
(20920, 20960, 0, 0)	0
(20960, 21000, 0, 0)	0
(21000, 21040, 0, 0)	0
(21040, 21080, 0, 0)	0
(21080, 21120, 0, 0)	0
(21120, 21160, 0, 0)	0
(21160, 21200, 0, 0)	0
(21200, 21240, 0, 0)	0
(21240, 21280, 0, 0)	0
(21280, 21320, 0, 0)	0
(21320, 21360, 0, 0)	0
(21360, 21400, 0, 0)	0
(21400, 21440, 0, 0)	0
(21440, 21480, 0, 0)	0
(21480, 21520, 0, 0)	0
(21520, 21560, 0, 0)	0
(21560, 21600, 0, 0)	0
(21600, 21640, 0, 0)	0
 [ 541 ] 1921 - 16230 = -14309
