___________
(8700, 8760, 8632, 8692)	57
(8760, 8820, 8692, 8753)	53
	8692 8753 53
	8693 8753 53
	8694 8753 53
(8820, 8880, 8753, 8811)	58
___________
(8880, 8940, 8803, 8862)	55
(8940, 9000, 8862, 8923)	58
(9000, 9060, 8924, 8982)	52
(9060, 9120, 8982, 9042)	55
	8982 9042 55
	8982 9044 55
___________
(9120, 9180, 9026, 9085)	51
___________
(9180, 9240, 9031, 9093)	52
	9031 9093 52
	9035 9093 52
___________
(9240, 9300, 9029, 9084)	50
___________
(9300, 9360, 9021, 9082)	54
___________
(9360, 9420, 9026, 9086)	54
	9026 9086 54
	9027 9086 54
	9028 9086 54
___________
(9420, 9480, 9039, 9099)	49
	9039 9099 49
	9040 9099 49
___________
(9480, 9540, 9035, 9090)	54
	9035 9090 54
	9035 9091 54
___________
(9540, 9600, 9034, 9097)	56
___________
(9600, 9660, 8991, 9052)	52
	8991 9052 52
	8992 9052 52
	8993 9052 52
	9014 9073 52
	9015 9073 52
	9024 9084 52
	9025 9084 52
(9660, 9720, 9053, 9111)	52
___________
(9720, 9780, 9036, 9094)	56
___________
(9780, 9840, 9042, 9097)	55
___________
(9840, 9900, 9033, 9091)	55
___________
(9900, 9960, 9017, 9077)	56
	9017 9077 56
	9038 9098 56
	9049 9109 56
___________
(9960, 10020, 8970, 9031)	48
	8970 9031 48
	9002 9063 48
	9034 9095 48
	9045 9105 48
	9045 9106 48
	9045 9107 48
(10020, 10080, 9032, 9087)	51
	9032 9087 51
	9032 9089 51
	9032 9090 51
	9032 9091 51
	9043 9099 51
	9043 9100 51
	9043 9101 51
	9043 9104 51
	9054 9112 51
___________
(10080, 10140, 9016, 9072)	52
	9016 9072 52
	9048 9104 52
___________
(10140, 10200, 8997, 9053)	56
___________
(10200, 10260, 9021, 9084)	51
___________
(10260, 10320, 9029, 9091)	53
___________
(10320, 10380, 8997, 9059)	54
	8997 9059 54
	9028 9091 54
	9029 9091 54
	9031 9091 54
	9032 9091 54
___________
(10380, 10440, 9039, 9098)	55
	9039 9098 55
	9040 9098 55
___________
(10440, 10500, 9012, 9073)	48
	9012 9073 48
	9013 9073 48
	9014 9073 48
	9027 9084 48
	9045 9105 48
___________
(10500, 10560, 8998, 9055)	51
	8998 9055 51
	8998 9056 51
	9009 9065 51
	9020 9076 51
	9020 9077 51
	9029 9087 51
	9029 9088 51
	9030 9087 51
	9030 9088 51
	9031 9087 51
	9031 9088 51
	9041 9097 51
	9052 9108 51
	9052 9109 51
___________
(10560, 10620, 9024, 9074)	49
	9024 9074 49
	9024 9076 49
	9056 9106 49
	9056 9108 49
___________
(10620, 10680, 9033, 9096)	52
	9033 9096 52
	9044 9107 52
___________
(10680, 10740, 9022, 9083)	54
___________
(10740, 10800, 9019, 9081)	52
___________
(10800, 10860, 8995, 9054)	49
	8995 9054 49
	9038 9099 49
___________
(10860, 10920, 9086, 9144)	57
	9086 9144 57
	9087 9144 57
(10920, 10980, 9144, 9202)	58
(10980, 11040, 9202, 9257)	55
(11040, 11100, 9257, 9317)	56
(11100, 11160, 9317, 9375)	56
(11160, 11220, 9375, 9434)	57
(11220, 11280, 9434, 9491)	57
(11280, 11340, 9491, 9544)	53
	9491 9544 53
	9491 9545 53
(11340, 11400, 9544, 9604)	55
(11400, 11460, 9604, 9662)	58
(11460, 11520, 9662, 9716)	54
(11520, 11580, 9716, 9776)	52
(11580, 11640, 9776, 9832)	56
(11640, 11700, 9831, 9890)	58
	9831 9890 58
	9832 9890 58
(11700, 11760, 9890, 9945)	53
(11760, 11820, 9945, 10004)	53
(11820, 11880, 10004, 10060)	56
(11880, 11940, 10060, 10117)	55
(11940, 12000, 10117, 10173)	54
(12000, 12060, 10173, 10227)	54
(12060, 12120, 10227, 10286)	56
	10227 10286 56
	10227 10287 56
(12120, 12180, 10286, 10347)	59
(12180, 12240, 10346, 10407)	57
(12240, 12300, 10407, 10466)	58
(12300, 12360, 10466, 10526)	56
(12360, 12420, 10526, 10581)	55
	10526 10581 55
	10526 10582 55
	10526 10583 55
(12420, 12480, 10582, 10641)	58
	10582 10641 58
	10583 10641 58
(12480, 12540, 10641, 10698)	57
(12540, 12600, 10698, 10758)	58
(12600, 12660, 10759, 10818)	54
(12660, 12720, 10818, 10872)	53
(12720, 12780, 10872, 10932)	56
(12780, 12840, 10932, 10990)	56
(12840, 12900, 10991, 11052)	57
(12900, 12960, 11052, 11110)	58
(12960, 13020, 11110, 11169)	57
___________
(13020, 13080, 0, 0)	0
(13080, 13140, 0, 0)	0
(13140, 13200, 0, 0)	0
(13200, 13260, 0, 0)	0
(13260, 13320, 0, 0)	0
(13320, 13380, 0, 0)	0
(13380, 13440, 0, 0)	0
(13440, 13500, 0, 0)	0
(13500, 13560, 0, 0)	0
(13560, 13620, 0, 0)	0
(13620, 13680, 0, 0)	0
(13680, 13740, 0, 0)	0
(13740, 13800, 0, 0)	0
(13800, 13860, 0, 0)	0
(13860, 13920, 0, 0)	0
(13920, 13980, 0, 0)	0
(13980, 14040, 0, 0)	0
(14040, 14100, 0, 0)	0
(14100, 14160, 0, 0)	0
(14160, 14220, 0, 0)	0
(14220, 14280, 0, 0)	0
(14280, 14340, 0, 0)	0
(14340, 14400, 0, 0)	0
(14400, 14460, 0, 0)	0
(14460, 14520, 0, 0)	0
(14520, 14580, 0, 0)	0
(14580, 14640, 0, 0)	0
(14640, 14700, 0, 0)	0
(14700, 14760, 0, 0)	0
(14760, 14820, 0, 0)	0
(14820, 14880, 0, 0)	0
(14880, 14940, 0, 0)	0
(14940, 15000, 0, 0)	0
(15000, 15060, 0, 0)	0
(15060, 15120, 0, 0)	0
(15120, 15180, 0, 0)	0
(15180, 15240, 0, 0)	0
(15240, 15300, 0, 0)	0
(15300, 15360, 0, 0)	0
(15360, 15420, 0, 0)	0
(15420, 15480, 0, 0)	0
(15480, 15540, 0, 0)	0
(15540, 15600, 0, 0)	0
(15600, 15660, 0, 0)	0
(15660, 15720, 0, 0)	0
(15720, 15780, 0, 0)	0
(15780, 15840, 0, 0)	0
(15840, 15900, 0, 0)	0
(15900, 15960, 0, 0)	0
(15960, 16020, 0, 0)	0
(16020, 16080, 0, 0)	0
(16080, 16140, 0, 0)	0
(16140, 16200, 0, 0)	0
(16200, 16260, 0, 0)	0
(16260, 16320, 0, 0)	0
(16320, 16380, 0, 0)	0
(16380, 16440, 0, 0)	0
(16440, 16500, 0, 0)	0
(16500, 16560, 0, 0)	0
(16560, 16620, 0, 0)	0
(16620, 16680, 0, 0)	0
(16680, 16740, 0, 0)	0
(16740, 16800, 0, 0)	0
(16800, 16860, 0, 0)	0
(16860, 16920, 0, 0)	0
(16920, 16980, 0, 0)	0
(16980, 17040, 0, 0)	0
(17040, 17100, 0, 0)	0
(17100, 17160, 0, 0)	0
(17160, 17220, 0, 0)	0
(17220, 17280, 0, 0)	0
(17280, 17340, 0, 0)	0
(17340, 17400, 0, 0)	0
(17400, 17460, 0, 0)	0
(17460, 17520, 0, 0)	0
(17520, 17580, 0, 0)	0
(17580, 17640, 0, 0)	0
(17640, 17700, 0, 0)	0
(17700, 17760, 0, 0)	0
(17760, 17820, 0, 0)	0
(17820, 17880, 0, 0)	0
(17880, 17940, 0, 0)	0
(17940, 18000, 0, 0)	0
(18000, 18060, 0, 0)	0
(18060, 18120, 0, 0)	0
(18120, 18180, 0, 0)	0
(18180, 18240, 0, 0)	0
(18240, 18300, 0, 0)	0
(18300, 18360, 0, 0)	0
(18360, 18420, 0, 0)	0
(18420, 18480, 0, 0)	0
(18480, 18540, 0, 0)	0
(18540, 18600, 0, 0)	0
(18600, 18660, 0, 0)	0
(18660, 18720, 0, 0)	0
(18720, 18780, 0, 0)	0
(18780, 18840, 0, 0)	0
(18840, 18900, 0, 0)	0
(18900, 18960, 0, 0)	0
(18960, 19020, 0, 0)	0
(19020, 19080, 0, 0)	0
(19080, 19140, 0, 0)	0
(19140, 19200, 0, 0)	0
(19200, 19260, 0, 0)	0
(19260, 19320, 0, 0)	0
(19320, 19380, 0, 0)	0
(19380, 19440, 0, 0)	0
(19440, 19500, 0, 0)	0
(19500, 19560, 0, 0)	0
(19560, 19620, 0, 0)	0
(19620, 19680, 0, 0)	0
(19680, 19740, 0, 0)	0
(19740, 19800, 0, 0)	0
(19800, 19860, 0, 0)	0
(19860, 19920, 0, 0)	0
(19920, 19980, 0, 0)	0
(19980, 20040, 0, 0)	0
(20040, 20100, 0, 0)	0
(20100, 20160, 0, 0)	0
(20160, 20220, 0, 0)	0
(20220, 20280, 0, 0)	0
(20280, 20340, 0, 0)	0
(20340, 20400, 0, 0)	0
(20400, 20460, 0, 0)	0
(20460, 20520, 0, 0)	0
(20520, 20580, 0, 0)	0
(20580, 20640, 0, 0)	0
(20640, 20700, 0, 0)	0
(20700, 20760, 0, 0)	0
(20760, 20820, 0, 0)	0
(20820, 20880, 0, 0)	0
(20880, 20940, 0, 0)	0
(20940, 21000, 0, 0)	0
(21000, 21060, 0, 0)	0
(21060, 21120, 0, 0)	0
(21120, 21180, 0, 0)	0
(21180, 21240, 0, 0)	0
(21240, 21300, 0, 0)	0
(21300, 21360, 0, 0)	0
(21360, 21420, 0, 0)	0
(21420, 21480, 0, 0)	0
(21480, 21540, 0, 0)	0
(21540, 21600, 0, 0)	0
(21600, 21660, 0, 0)	0
 [ 361 ] 3921 - 10830 = -6909
