___________
(8760, 8880, 8692, 8811)	111
	8692 8811 111
	8693 8811 111
	8694 8811 111
___________
(8880, 9000, 8803, 8923)	113
(9000, 9120, 8924, 9042)	107
	8924 9042 107
	8924 9044 107
___________
(9120, 9240, 8962, 9081)	98
	8962 9081 98
	8962 9083 98
	8963 9081 98
	8963 9083 98
	8965 9081 98
	8965 9083 98
	8979 9093 98
	8994 9112 98
	8994 9113 98
___________
(9240, 9360, 8997, 9111)	100
	8997 9111 100
	8997 9114 100
	8998 9111 100
	8998 9114 100
___________
(9360, 9480, 8996, 9099)	97
	8996 9099 97
	8996 9103 97
	8996 9107 97
	8996 9109 97
	8996 9110 97
	8996 9111 97
	9007 9125 97
	9007 9129 97
	9026 9137 97
	9027 9137 97
	9028 9137 97
___________
(9480, 9600, 8981, 9097)	104
___________
(9600, 9720, 8991, 9111)	103
	8991 9111 103
	8992 9111 103
	8993 9111 103
___________
(9720, 9840, 8982, 9097)	104
	8982 9097 104
	9004 9123 104
___________
(9840, 9960, 8989, 9109)	108
	8989 9109 108
	8991 9109 108
	8992 9109 108
___________
(9960, 10080, 8970, 9087)	98
	8970 9087 98
	8970 9089 98
	8970 9090 98
	8970 9091 98
	8992 9112 98
___________
(10080, 10200, 8973, 9085)	102
___________
(10200, 10320, 8988, 9112)	100
	8988 9112 100
	8990 9112 100
	8999 9112 100
___________
(10320, 10440, 8997, 9117)	102
	8997 9117 102
	8997 9118 102
	8997 9119 102
___________
(10440, 10560, 8988, 9108)	98
	8988 9108 98
	8988 9109 98
	8989 9108 98
	8989 9109 98
	8990 9108 98
	8990 9109 98
	8992 9108 98
	8992 9109 98
___________
(10560, 10680, 8992, 9107)	100
___________
(10680, 10800, 8988, 9113)	102
	8988 9113 102
	8989 9113 102
	8990 9113 102
	8991 9113 102
	8992 9113 102
	8993 9113 102
	8994 9113 102
___________
(10800, 10920, 9027, 9144)	105
(10920, 11040, 9144, 9257)	113
(11040, 11160, 9257, 9375)	112
(11160, 11280, 9375, 9491)	114
(11280, 11400, 9491, 9604)	108
(11400, 11520, 9604, 9716)	112
(11520, 11640, 9716, 9832)	108
(11640, 11760, 9831, 9945)	111
	9831 9945 111
	9832 9945 111
(11760, 11880, 9945, 10060)	109
(11880, 12000, 10060, 10173)	109
(12000, 12120, 10173, 10286)	110
	10173 10286 110
	10173 10287 110
(12120, 12240, 10286, 10407)	115
(12240, 12360, 10407, 10526)	114
(12360, 12480, 10526, 10641)	113
(12480, 12600, 10641, 10758)	115
(12600, 12720, 10759, 10872)	107
(12720, 12840, 10872, 10990)	112
(12840, 12960, 10991, 11110)	115
(12960, 13080, 11110, 11226)	112
___________
(13080, 13200, 0, 0)	0
(13200, 13320, 0, 0)	0
(13320, 13440, 0, 0)	0
(13440, 13560, 0, 0)	0
(13560, 13680, 0, 0)	0
(13680, 13800, 0, 0)	0
(13800, 13920, 0, 0)	0
(13920, 14040, 0, 0)	0
(14040, 14160, 0, 0)	0
(14160, 14280, 0, 0)	0
(14280, 14400, 0, 0)	0
(14400, 14520, 0, 0)	0
(14520, 14640, 0, 0)	0
(14640, 14760, 0, 0)	0
(14760, 14880, 0, 0)	0
(14880, 15000, 0, 0)	0
(15000, 15120, 0, 0)	0
(15120, 15240, 0, 0)	0
(15240, 15360, 0, 0)	0
(15360, 15480, 0, 0)	0
(15480, 15600, 0, 0)	0
(15600, 15720, 0, 0)	0
(15720, 15840, 0, 0)	0
(15840, 15960, 0, 0)	0
(15960, 16080, 0, 0)	0
(16080, 16200, 0, 0)	0
(16200, 16320, 0, 0)	0
(16320, 16440, 0, 0)	0
(16440, 16560, 0, 0)	0
(16560, 16680, 0, 0)	0
(16680, 16800, 0, 0)	0
(16800, 16920, 0, 0)	0
(16920, 17040, 0, 0)	0
(17040, 17160, 0, 0)	0
(17160, 17280, 0, 0)	0
(17280, 17400, 0, 0)	0
(17400, 17520, 0, 0)	0
(17520, 17640, 0, 0)	0
(17640, 17760, 0, 0)	0
(17760, 17880, 0, 0)	0
(17880, 18000, 0, 0)	0
(18000, 18120, 0, 0)	0
(18120, 18240, 0, 0)	0
(18240, 18360, 0, 0)	0
(18360, 18480, 0, 0)	0
(18480, 18600, 0, 0)	0
(18600, 18720, 0, 0)	0
(18720, 18840, 0, 0)	0
(18840, 18960, 0, 0)	0
(18960, 19080, 0, 0)	0
(19080, 19200, 0, 0)	0
(19200, 19320, 0, 0)	0
(19320, 19440, 0, 0)	0
(19440, 19560, 0, 0)	0
(19560, 19680, 0, 0)	0
(19680, 19800, 0, 0)	0
(19800, 19920, 0, 0)	0
(19920, 20040, 0, 0)	0
(20040, 20160, 0, 0)	0
(20160, 20280, 0, 0)	0
(20280, 20400, 0, 0)	0
(20400, 20520, 0, 0)	0
(20520, 20640, 0, 0)	0
(20640, 20760, 0, 0)	0
(20760, 20880, 0, 0)	0
(20880, 21000, 0, 0)	0
(21000, 21120, 0, 0)	0
(21120, 21240, 0, 0)	0
(21240, 21360, 0, 0)	0
(21360, 21480, 0, 0)	0
(21480, 21600, 0, 0)	0
(21600, 21720, 0, 0)	0
 [ 181 ] 3861 - 5430 = -1569
