___________
(8960, 9280, 8792, 9100)	258
___________
(9280, 9600, 8778, 9097)	252
	8778 9097 252
	8782 9097 252
___________
(9600, 9920, 8805, 9111)	258
	8805 9111 258
	8806 9111 258
	8807 9111 258
	8808 9111 258
___________
(9920, 10240, 8796, 9091)	252
	8796 9091 252
	8796 9097 252
	8797 9091 252
	8797 9097 252
	8798 9091 252
	8798 9097 252
___________
(10240, 10560, 8754, 9065)	251
	8754 9065 251
	8755 9065 251
	8803 9108 251
	8803 9109 251
	8804 9108 251
	8804 9109 251
___________
(10560, 10880, 8794, 9105)	249
(10880, 11200, 9105, 9413)	302
(11200, 11520, 9413, 9716)	296
(11520, 11840, 9716, 10022)	290
(11840, 12160, 10021, 10326)	298
(12160, 12480, 10326, 10641)	302
(12480, 12800, 10641, 10952)	297
(12800, 13120, 10952, 11265)	296
___________
(13120, 13440, 0, 0)	0
(13440, 13760, 0, 0)	0
(13760, 14080, 0, 0)	0
(14080, 14400, 0, 0)	0
(14400, 14720, 0, 0)	0
(14720, 15040, 0, 0)	0
(15040, 15360, 0, 0)	0
(15360, 15680, 0, 0)	0
(15680, 16000, 0, 0)	0
(16000, 16320, 0, 0)	0
(16320, 16640, 0, 0)	0
(16640, 16960, 0, 0)	0
(16960, 17280, 0, 0)	0
(17280, 17600, 0, 0)	0
(17600, 17920, 0, 0)	0
(17920, 18240, 0, 0)	0
(18240, 18560, 0, 0)	0
(18560, 18880, 0, 0)	0
(18880, 19200, 0, 0)	0
(19200, 19520, 0, 0)	0
(19520, 19840, 0, 0)	0
(19840, 20160, 0, 0)	0
(20160, 20480, 0, 0)	0
(20480, 20800, 0, 0)	0
(20800, 21120, 0, 0)	0
(21120, 21440, 0, 0)	0
(21440, 21760, 0, 0)	0
 [ 68 ] 3601 - 2040 = 1561
