___________
(0, 100, 51, 132)	55
	51 132 55
	52 132 55
___________
(100, 200, 31, 132)	94
(200, 300, 132, 232)	93
(300, 400, 232, 329)	93
	232 329 93
	232 330 93
___________
(400, 500, 322, 423)	98
(500, 600, 424, 524)	90
___________
(600, 700, 492, 581)	80
	492 584 80
	492 581 80
	502 602 80
	502 605 80
	503 602 80
	503 605 80
	506 602 80
	506 605 80
	507 602 80
	507 605 80
	508 605 80
	508 602 80
	509 602 80
	509 605 80
	510 602 80
	510 605 80
	512 602 80
	512 605 80
	513 602 80
	513 605 80
	514 602 80
	514 605 80
	524 613 80
___________
(700, 800, 520, 613)	84
	520 613 84
	520 614 84
	520 615 84
	520 616 84
	520 617 84
	520 620 84
	520 624 84
___________
(800, 900, 499, 599)	87
___________
(900, 1000, 454, 554)	82
	454 554 82
	457 554 82
	492 586 82
	493 586 82
___________
(1000, 1100, 524, 601)	54
	524 601 54
	556 628 54
	769 855 54
___________
(1100, 1200, 596, 663)	56
	596 663 56
	596 664 56
	596 665 56
	596 666 56
	596 667 56
	596 675 56
	596 676 56
	597 664 56
	597 665 56
	597 666 56
	597 667 56
	597 675 56
	597 676 56
___________
(1200, 1300, 774, 850)	49
	774 851 49
	774 850 49
	808 902 49
	808 906 49
	808 905 49
	808 904 49
	808 903 49
	808 897 49
	808 896 49
	808 895 49
	808 894 49
	808 893 49
	808 892 49
	808 891 49
	808 890 49
	808 885 49
	808 884 49
	809 906 49
	809 905 49
	809 904 49
	809 903 49
	809 902 49
	809 897 49
	809 896 49
	809 894 49
	809 893 49
	809 892 49
	809 891 49
	809 890 49
	809 885 49
	809 884 49
	809 895 49
	810 903 49
	810 906 49
	810 905 49
	810 904 49
	810 902 49
	810 897 49
	810 896 49
	810 894 49
	810 893 49
	810 892 49
	810 891 49
	810 890 49
	810 885 49
	810 884 49
	810 895 49
	811 906 49
	811 905 49
	811 904 49
	811 903 49
	811 902 49
	811 897 49
	811 896 49
	811 895 49
	811 894 49
	811 893 49
	811 892 49
	811 891 49
	811 890 49
	811 885 49
	811 884 49
___________
(1300, 1400, 830, 926)	45
___________
(1400, 1500, 898, 992)	40
	898 992 40
	898 993 40
	899 992 40
	899 993 40
	905 992 40
	905 993 40
	906 992 40
	906 993 40
(1500, 1600, 995, 1062)	3
	995 1063 3
	995 1086 3
	995 1085 3
	995 1084 3
	995 1083 3
	995 1082 3
	995 1081 3
	995 1080 3
	995 1079 3
	995 1078 3
	995 1077 3
	995 1076 3
	995 1075 3
	995 1073 3
	995 1074 3
	995 1062 3
	995 1064 3
	995 1065 3
	995 1066 3
	995 1067 3
	995 1069 3
	995 1070 3
	995 1071 3
	995 1072 3
	995 1068 3
	996 1075 3
	996 1076 3
	996 1077 3
	996 1078 3
	996 1079 3
	996 1080 3
	996 1081 3
	996 1082 3
	996 1083 3
	996 1084 3
	996 1085 3
	996 1086 3
	996 1074 3
	996 1073 3
	996 1072 3
	996 1071 3
	996 1070 3
	996 1069 3
	996 1068 3
	996 1067 3
	996 1066 3
	996 1065 3
	996 1064 3
	996 1063 3
___________
(1600, 1700, 0, 0)	0
(1700, 1800, 0, 0)	0
(1800, 1900, 0, 0)	0
(1900, 2000, 0, 0)	0
(2000, 2100, 0, 0)	0
(2100, 2200, 0, 0)	0
(2200, 2300, 0, 0)	0
(2300, 2400, 0, 0)	0
(2400, 2500, 0, 0)	0
 [ 25 ] 1103 - 750 = 353
