___________
(8800, 8825, 8732, 8758)	22
(8825, 8850, 8758, 8783)	25
(8850, 8875, 8783, 8806)	23
(8875, 8900, 8806, 8829)	23
___________
(8900, 8925, 8822, 8847)	25
	8806 8829 23
	8806 8830 23
(8925, 8950, 8847, 8872)	25
(8950, 8975, 8872, 8898)	24
(8975, 9000, 8898, 8923)	24
(9000, 9025, 8924, 8948)	22
(9025, 9050, 8947, 8972)	23
(9050, 9075, 8973, 8997)	24
(9075, 9100, 8997, 9024)	23
___________
(9100, 9125, 8756, 8781)	20
___________
(9125, 9150, 8801, 8824)	21
	8756 8782 20
	8756 8781 20
	8757 8781 20
	8757 8782 20
	8760 8781 20
	8760 8782 20
	8846 8872 20
	8846 8873 20
	8847 8872 20
	8847 8873 20
	8927 8953 20
	8930 8953 20
	8992 9016 20
	8992 9017 20
	8992 9018 20
	9024 9047 20
	9024 9048 20
	9024 9049 20
	9024 9050 20
	9056 9079 20
	9056 9080 20
	9056 9081 20
	9056 9082 20
___________
(9150, 9175, 9021, 9047)	24
	8801 8824 21
	8801 8825 21
	8801 8826 21
___________
(9175, 9200, 8740, 8764)	22
	9021 9047 24
	9022 9047 24
	9023 9047 24
	9053 9079 24
	9054 9079 24
	9055 9079 24
___________
(9200, 9225, 8812, 8836)	22
___________
(9225, 9250, 9046, 9071)	24
	8812 8836 22
	8812 8839 22
___________
(9250, 9275, 8996, 9021)	23
	9046 9071 24
	9078 9103 24
___________
(9275, 9300, 8876, 8900)	19
	8996 9021 23
	9039 9062 23
	9039 9063 23
	9071 9094 23
	9071 9095 23
___________
(9300, 9325, 9021, 9047)	24
	8876 8900 19
	8876 8901 19
	8961 8987 19
	8964 8987 19
	8984 9009 19
___________
(9325, 9350, 8739, 8764)	23
	9021 9047 24
	9053 9079 24
___________
(9350, 9375, 8996, 9020)	22
	8739 8764 23
	9036 9059 23
	9036 9060 23
	9036 9061 23
	9068 9091 23
	9068 9092 23
	9068 9093 23
___________
(9375, 9400, 9041, 9067)	24
___________
(9400, 9425, 9046, 9072)	22
	9041 9067 24
	9073 9099 24
___________
(9425, 9450, 9000, 9025)	24
	9046 9072 22
	9046 9073 22
	9078 9104 22
	9078 9105 22
___________
(9450, 9475, 8720, 8744)	19
	9000 9025 24
	9032 9057 24
	9064 9089 24
___________
(9475, 9500, 9030, 9054)	24
	8720 8744 19
	8721 8744 19
	8722 8744 19
	8723 8744 19
___________
(9500, 9525, 9032, 9056)	24
	9030 9054 24
	9062 9086 24
___________
(9525, 9550, 8956, 8981)	20
	9032 9056 24
	9064 9088 24
___________
(9550, 9575, 9046, 9071)	24
	8956 8981 20
	9002 9025 20
	9002 9026 20
	9034 9057 20
	9034 9058 20
	9066 9089 20
	9066 9090 20
___________
(9575, 9600, 9040, 9065)	25
	9046 9071 24
	9047 9071 24
	9078 9103 24
	9079 9103 24
___________
(9600, 9625, 8736, 8761)	20
	9040 9065 25
	9072 9097 25
___________
(9625, 9650, 8996, 9021)	23
	8736 8761 20
	8737 8761 20
	8805 8832 20
	8806 8832 20
	8807 8832 20
	8808 8832 20
	8815 8839 20
	8816 8839 20
	8819 8843 20
	8820 8843 20
	8989 9014 20
	8990 9014 20
	8991 9014 20
	8991 9018 20
	8992 9018 20
	8993 9018 20
	9014 9039 20
	9015 9039 20
	9024 9050 20
	9025 9050 20
	9033 9057 20
	9034 9057 20
	9044 9067 20
	9045 9067 20
	9056 9082 20
	9057 9082 20
	9065 9089 20
	9066 9089 20
	9076 9099 20
	9077 9099 20
___________
(9650, 9675, 9031, 9057)	24
	8996 9021 23
	9028 9053 23
	9060 9085 23
___________
(9675, 9700, 8992, 9016)	23
	9031 9057 24
	9063 9089 24
___________
(9700, 9725, 9028, 9052)	20
	8992 9016 23
	8992 9018 23
	9034 9060 23
	9035 9060 23
	9066 9092 23
	9067 9092 23
___________
(9725, 9750, 8718, 8743)	22
	9028 9052 20
	9060 9084 20
___________
(9750, 9775, 9033, 9058)	25
	8718 8743 22
	8997 9021 22
	8997 9023 22
	8998 9021 22
	8998 9023 22
	9029 9051 22
	9029 9053 22
	9029 9055 22
	9040 9063 22
	9040 9064 22
	9040 9065 22
	9041 9064 22
	9041 9065 22
	9041 9063 22
	9061 9083 22
	9061 9085 22
	9061 9087 22
	9072 9095 22
	9072 9096 22
	9072 9097 22
	9073 9095 22
	9073 9096 22
	9073 9097 22
	9093 9117 22
	9093 9119 22
___________
(9775, 9800, 9036, 9060)	22
	9033 9058 25
	9065 9090 25
___________
(9800, 9825, 9028, 9053)	25
	9036 9060 22
	9036 9061 22
	9068 9092 22
	9068 9093 22
___________
(9825, 9850, 9019, 9042)	22
	9028 9053 25
	9060 9085 25
___________
(9850, 9875, 9031, 9056)	24
	9019 9042 22
	9019 9043 22
	9020 9042 22
	9020 9043 22
	9051 9074 22
	9051 9075 22
	9052 9074 22
	9052 9075 22
	9083 9106 22
	9083 9107 22
	9084 9106 22
	9084 9107 22
___________
(9875, 9900, 9034, 9059)	24
	9031 9056 24
	9063 9088 24
___________
(9900, 9925, 9038, 9063)	25
	9034 9059 24
	9066 9091 24
___________
(9925, 9950, 9042, 9067)	25
	9038 9063 25
	9070 9095 25
___________
(9950, 9975, 9035, 9060)	25
	9042 9067 25
	9074 9099 25
___________
(9975, 10000, 8909, 8934)	19
	9035 9060 25
	9067 9092 25
___________
(10000, 10025, 8802, 8830)	21
	8909 8934 19
	8910 8934 19
	8984 9010 19
	8985 9010 19
___________
(10025, 10050, 8994, 9019)	23
	8802 8830 21
	8803 8830 21
	8804 8830 21
	8843 8867 21
	8990 9015 21
	8990 9016 21
	8990 9017 21
	9013 9037 21
	9021 9048 21
	9022 9048 21
	9023 9048 21
	9031 9059 21
	9032 9059 21
	9033 9059 21
	9034 9059 21
	9035 9059 21
	9053 9080 21
	9054 9080 21
	9055 9080 21
	9063 9091 21
	9064 9091 21
	9065 9091 21
	9066 9091 21
	9067 9091 21
___________
(10050, 10075, 8997, 9021)	21
	8994 9019 23
	9016 9040 23
	9026 9051 23
	9037 9061 23
	9048 9072 23
	9058 9083 23
	9069 9093 23
	9080 9104 23
___________
(10075, 10100, 9043, 9066)	22
___________
(10100, 10125, 9034, 9057)	22
	9043 9066 22
	9043 9067 22
	9075 9098 22
	9075 9099 22
___________
(10125, 10150, 8817, 8843)	22
	9034 9057 22
	9034 9058 22
	9066 9089 22
	9066 9090 22
___________
(10150, 10175, 8996, 9021)	23
	8817 8843 22
	8961 8985 22
	8981 9007 22
	9024 9050 22
	9025 9050 22
	9027 9050 22
	9035 9060 22
	9056 9082 22
	9057 9082 22
	9059 9082 22
	9067 9092 22
___________
(10175, 10200, 9030, 9053)	23
	8996 9021 23
	9007 9030 23
	9007 9031 23
	9039 9062 23
	9039 9063 23
	9071 9094 23
	9071 9095 23
___________
(10200, 10225, 8999, 9023)	20
	9030 9053 23
	9062 9085 23
___________
(10225, 10250, 9017, 9042)	23
___________
(10250, 10275, 9031, 9055)	24
	9017 9042 23
	9018 9042 23
	9019 9042 23
	9049 9074 23
	9050 9074 23
	9051 9074 23
	9081 9106 23
	9082 9106 23
	9083 9106 23
___________
(10275, 10300, 9001, 9029)	22
	9031 9055 24
	9063 9087 24
___________
(10300, 10325, 8822, 8846)	22
	9001 9029 22
	9033 9061 22
	9065 9093 22
___________
(10325, 10350, 8990, 9017)	21
___________
(10350, 10375, 9029, 9054)	25
	8990 9017 21
	8990 9019 21
	9035 9061 21
	9067 9093 21
___________
(10375, 10400, 8726, 8750)	22
	9029 9054 25
	9061 9086 25
___________
(10400, 10425, 8730, 8755)	23
	8726 8750 22
	9032 9058 22
	9036 9058 22
	9064 9090 22
	9068 9090 22
___________
(10425, 10450, 9019, 9043)	21
	8730 8755 23
	9025 9051 23
	9026 9051 23
	9028 9051 23
	9036 9061 23
	9057 9083 23
	9058 9083 23
	9060 9083 23
	9068 9093 23
___________
(10450, 10475, 8887, 8912)	22
	9019 9043 21
	9051 9075 21
	9083 9107 21
___________
(10475, 10500, 8720, 8744)	21
___________
(10500, 10525, 9084, 9110)	23
	8720 8744 21
	8809 8834 21
	8995 9020 21
	9027 9052 21
	9038 9062 21
	9059 9084 21
	9070 9094 21
___________
(10525, 10550, 9033, 9058)	23
___________
(10550, 10575, 9047, 9071)	21
	9033 9058 23
	9065 9090 23
___________
(10575, 10600, 8724, 8747)	21
	9047 9071 21
	9079 9103 21
___________
(10600, 10625, 9023, 9049)	24
	8724 8747 21
	8724 8749 21
	8724 8750 21
___________
(10625, 10650, 8798, 8826)	21
	9023 9049 24
	9055 9081 24
___________
(10650, 10675, 8815, 8842)	23
	8798 8826 21
	8809 8835 21
	8809 8836 21
	8809 8837 21
	9017 9042 21
	9017 9044 21
	9049 9074 21
	9049 9076 21
	9081 9106 21
	9081 9108 21
___________
(10675, 10700, 8894, 8918)	23
___________
(10700, 10725, 8734, 8758)	24
	8894 8918 23
	9027 9051 23
	9059 9083 23
___________
(10725, 10750, 9036, 9062)	24
___________
(10750, 10775, 9026, 9051)	20
	9036 9062 24
	9068 9094 24
___________
(10775, 10800, 9023, 9049)	24
	9026 9051 20
	9058 9083 20
	9090 9117 20
___________
(10800, 10825, 9038, 9062)	22
	9023 9049 24
	9055 9081 24
___________
(10825, 10850, 9026, 9051)	20
	9038 9062 22
	9070 9094 22
___________
(10850, 10875, 8736, 8762)	22
	9026 9051 20
	9026 9052 20
	9058 9083 20
	9058 9084 20
___________
(10875, 10900, 9100, 9125)	25
	8736 8762 22
	8737 8762 22
	8845 8870 22
	9001 9026 22
	9002 9026 22
	9013 9036 22
	9044 9068 22
	9045 9068 22
	9076 9100 22
	9077 9100 22
(10900, 10925, 9125, 9149)	24
(10925, 10950, 9149, 9173)	24
(10950, 10975, 9172, 9197)	24
(10975, 11000, 9197, 9220)	23
	9172 9197 24
	9173 9197 24
(11000, 11025, 9220, 9243)	23
(11025, 11050, 9243, 9267)	24
(11050, 11075, 9267, 9291)	24
(11075, 11100, 9291, 9317)	22
(11100, 11125, 9317, 9341)	24
(11125, 11150, 9341, 9366)	23
	9317 9341 24
	9317 9342 24
(11150, 11175, 9366, 9388)	22
(11175, 11200, 9388, 9413)	25
(11200, 11225, 9413, 9439)	24
(11225, 11250, 9438, 9462)	23
(11250, 11275, 9462, 9487)	25
	9438 9462 23
	9439 9462 23
(11275, 11300, 9486, 9509)	22
(11300, 11325, 9509, 9532)	23
	9486 9509 22
	9487 9509 22
(11325, 11350, 9532, 9552)	20
(11350, 11375, 9554, 9580)	24
	9532 9552 20
	9532 9553 20
	9532 9554 20
(11375, 11400, 9580, 9604)	23
(11400, 11425, 9604, 9628)	24
(11425, 11450, 9626, 9652)	24
(11450, 11475, 9652, 9677)	25
	9626 9652 24
	9627 9652 24
	9628 9652 24
(11475, 11500, 9677, 9698)	21
(11500, 11525, 9697, 9721)	23
(11525, 11550, 9722, 9748)	20
	9697 9721 23
	9698 9721 23
(11550, 11575, 9748, 9771)	23
(11575, 11600, 9771, 9796)	25
(11600, 11625, 9795, 9819)	24
(11625, 11650, 9819, 9841)	22
(11650, 11675, 9841, 9865)	24
(11675, 11700, 9865, 9890)	25
(11700, 11725, 9890, 9914)	22
(11725, 11750, 9914, 9935)	21
(11750, 11775, 9935, 9961)	24
(11775, 11800, 9959, 9984)	23
(11800, 11825, 9985, 10007)	20
	9959 9984 23
	9960 9984 23
	9961 9984 23
(11825, 11850, 10007, 10031)	24
	9985 10007 20
	9985 10008 20
	9985 10009 20
	9985 10010 20
(11850, 11875, 10030, 10055)	25
(11875, 11900, 10055, 10079)	24
(11900, 11925, 10079, 10104)	23
(11925, 11950, 10104, 10126)	22
(11950, 11975, 10126, 10150)	22
(11975, 12000, 10150, 10173)	23
(12000, 12025, 10173, 10197)	24
___________
(12025, 12050, 0, 0)	0
(12050, 12075, 0, 0)	0
(12075, 12100, 0, 0)	0
(12100, 12125, 0, 0)	0
(12125, 12150, 0, 0)	0
(12150, 12175, 0, 0)	0
(12175, 12200, 0, 0)	0
(12200, 12225, 0, 0)	0
(12225, 12250, 0, 0)	0
(12250, 12275, 0, 0)	0
(12275, 12300, 0, 0)	0
(12300, 12325, 0, 0)	0
(12325, 12350, 0, 0)	0
(12350, 12375, 0, 0)	0
(12375, 12400, 0, 0)	0
(12400, 12425, 0, 0)	0
(12425, 12450, 0, 0)	0
(12450, 12475, 0, 0)	0
(12475, 12500, 0, 0)	0
(12500, 12525, 0, 0)	0
(12525, 12550, 0, 0)	0
(12550, 12575, 0, 0)	0
(12575, 12600, 0, 0)	0
(12600, 12625, 0, 0)	0
(12625, 12650, 0, 0)	0
(12650, 12675, 0, 0)	0
(12675, 12700, 0, 0)	0
(12700, 12725, 0, 0)	0
(12725, 12750, 0, 0)	0
(12750, 12775, 0, 0)	0
(12775, 12800, 0, 0)	0
(12800, 12825, 0, 0)	0
(12825, 12850, 0, 0)	0
(12850, 12875, 0, 0)	0
(12875, 12900, 0, 0)	0
(12900, 12925, 0, 0)	0
(12925, 12950, 0, 0)	0
(12950, 12975, 0, 0)	0
(12975, 13000, 0, 0)	0
(13000, 13025, 0, 0)	0
(13025, 13050, 0, 0)	0
(13050, 13075, 0, 0)	0
(13075, 13100, 0, 0)	0
(13100, 13125, 0, 0)	0
(13125, 13150, 0, 0)	0
(13150, 13175, 0, 0)	0
(13175, 13200, 0, 0)	0
(13200, 13225, 0, 0)	0
(13225, 13250, 0, 0)	0
(13250, 13275, 0, 0)	0
(13275, 13300, 0, 0)	0
(13300, 13325, 0, 0)	0
(13325, 13350, 0, 0)	0
(13350, 13375, 0, 0)	0
(13375, 13400, 0, 0)	0
(13400, 13425, 0, 0)	0
(13425, 13450, 0, 0)	0
(13450, 13475, 0, 0)	0
(13475, 13500, 0, 0)	0
(13500, 13525, 0, 0)	0
(13525, 13550, 0, 0)	0
(13550, 13575, 0, 0)	0
(13575, 13600, 0, 0)	0
(13600, 13625, 0, 0)	0
(13625, 13650, 0, 0)	0
(13650, 13675, 0, 0)	0
(13675, 13700, 0, 0)	0
(13700, 13725, 0, 0)	0
(13725, 13750, 0, 0)	0
(13750, 13775, 0, 0)	0
(13775, 13800, 0, 0)	0
(13800, 13825, 0, 0)	0
(13825, 13850, 0, 0)	0
(13850, 13875, 0, 0)	0
(13875, 13900, 0, 0)	0
(13900, 13925, 0, 0)	0
(13925, 13950, 0, 0)	0
(13950, 13975, 0, 0)	0
(13975, 14000, 0, 0)	0
(14000, 14025, 0, 0)	0
(14025, 14050, 0, 0)	0
(14050, 14075, 0, 0)	0
(14075, 14100, 0, 0)	0
(14100, 14125, 0, 0)	0
(14125, 14150, 0, 0)	0
(14150, 14175, 0, 0)	0
(14175, 14200, 0, 0)	0
(14200, 14225, 0, 0)	0
(14225, 14250, 0, 0)	0
(14250, 14275, 0, 0)	0
(14275, 14300, 0, 0)	0
(14300, 14325, 0, 0)	0
(14325, 14350, 0, 0)	0
(14350, 14375, 0, 0)	0
(14375, 14400, 0, 0)	0
(14400, 14425, 0, 0)	0
(14425, 14450, 0, 0)	0
(14450, 14475, 0, 0)	0
(14475, 14500, 0, 0)	0
(14500, 14525, 0, 0)	0
(14525, 14550, 0, 0)	0
(14550, 14575, 0, 0)	0
(14575, 14600, 0, 0)	0
(14600, 14625, 0, 0)	0
(14625, 14650, 0, 0)	0
(14650, 14675, 0, 0)	0
(14675, 14700, 0, 0)	0
(14700, 14725, 0, 0)	0
(14725, 14750, 0, 0)	0
(14750, 14775, 0, 0)	0
(14775, 14800, 0, 0)	0
(14800, 14825, 0, 0)	0
(14825, 14850, 0, 0)	0
(14850, 14875, 0, 0)	0
(14875, 14900, 0, 0)	0
(14900, 14925, 0, 0)	0
(14925, 14950, 0, 0)	0
(14950, 14975, 0, 0)	0
(14975, 15000, 0, 0)	0
(15000, 15025, 0, 0)	0
(15025, 15050, 0, 0)	0
(15050, 15075, 0, 0)	0
(15075, 15100, 0, 0)	0
(15100, 15125, 0, 0)	0
(15125, 15150, 0, 0)	0
(15150, 15175, 0, 0)	0
(15175, 15200, 0, 0)	0
(15200, 15225, 0, 0)	0
(15225, 15250, 0, 0)	0
(15250, 15275, 0, 0)	0
(15275, 15300, 0, 0)	0
(15300, 15325, 0, 0)	0
(15325, 15350, 0, 0)	0
(15350, 15375, 0, 0)	0
(15375, 15400, 0, 0)	0
(15400, 15425, 0, 0)	0
(15425, 15450, 0, 0)	0
(15450, 15475, 0, 0)	0
(15475, 15500, 0, 0)	0
(15500, 15525, 0, 0)	0
(15525, 15550, 0, 0)	0
(15550, 15575, 0, 0)	0
(15575, 15600, 0, 0)	0
(15600, 15625, 0, 0)	0
(15625, 15650, 0, 0)	0
(15650, 15675, 0, 0)	0
(15675, 15700, 0, 0)	0
(15700, 15725, 0, 0)	0
(15725, 15750, 0, 0)	0
(15750, 15775, 0, 0)	0
(15775, 15800, 0, 0)	0
(15800, 15825, 0, 0)	0
(15825, 15850, 0, 0)	0
(15850, 15875, 0, 0)	0
(15875, 15900, 0, 0)	0
(15900, 15925, 0, 0)	0
(15925, 15950, 0, 0)	0
(15950, 15975, 0, 0)	0
(15975, 16000, 0, 0)	0
(16000, 16025, 0, 0)	0
(16025, 16050, 0, 0)	0
(16050, 16075, 0, 0)	0
(16075, 16100, 0, 0)	0
(16100, 16125, 0, 0)	0
(16125, 16150, 0, 0)	0
(16150, 16175, 0, 0)	0
(16175, 16200, 0, 0)	0
(16200, 16225, 0, 0)	0
(16225, 16250, 0, 0)	0
(16250, 16275, 0, 0)	0
(16275, 16300, 0, 0)	0
(16300, 16325, 0, 0)	0
(16325, 16350, 0, 0)	0
(16350, 16375, 0, 0)	0
(16375, 16400, 0, 0)	0
(16400, 16425, 0, 0)	0
(16425, 16450, 0, 0)	0
(16450, 16475, 0, 0)	0
(16475, 16500, 0, 0)	0
(16500, 16525, 0, 0)	0
(16525, 16550, 0, 0)	0
(16550, 16575, 0, 0)	0
(16575, 16600, 0, 0)	0
(16600, 16625, 0, 0)	0
(16625, 16650, 0, 0)	0
(16650, 16675, 0, 0)	0
(16675, 16700, 0, 0)	0
(16700, 16725, 0, 0)	0
(16725, 16750, 0, 0)	0
(16750, 16775, 0, 0)	0
(16775, 16800, 0, 0)	0
(16800, 16825, 0, 0)	0
(16825, 16850, 0, 0)	0
(16850, 16875, 0, 0)	0
(16875, 16900, 0, 0)	0
(16900, 16925, 0, 0)	0
(16925, 16950, 0, 0)	0
(16950, 16975, 0, 0)	0
(16975, 17000, 0, 0)	0
(17000, 17025, 0, 0)	0
(17025, 17050, 0, 0)	0
(17050, 17075, 0, 0)	0
(17075, 17100, 0, 0)	0
(17100, 17125, 0, 0)	0
(17125, 17150, 0, 0)	0
(17150, 17175, 0, 0)	0
(17175, 17200, 0, 0)	0
(17200, 17225, 0, 0)	0
(17225, 17250, 0, 0)	0
(17250, 17275, 0, 0)	0
(17275, 17300, 0, 0)	0
(17300, 17325, 0, 0)	0
(17325, 17350, 0, 0)	0
(17350, 17375, 0, 0)	0
(17375, 17400, 0, 0)	0
(17400, 17425, 0, 0)	0
(17425, 17450, 0, 0)	0
(17450, 17475, 0, 0)	0
(17475, 17500, 0, 0)	0
(17500, 17525, 0, 0)	0
(17525, 17550, 0, 0)	0
(17550, 17575, 0, 0)	0
(17575, 17600, 0, 0)	0
(17600, 17625, 0, 0)	0
(17625, 17650, 0, 0)	0
(17650, 17675, 0, 0)	0
(17675, 17700, 0, 0)	0
(17700, 17725, 0, 0)	0
(17725, 17750, 0, 0)	0
(17750, 17775, 0, 0)	0
(17775, 17800, 0, 0)	0
(17800, 17825, 0, 0)	0
(17825, 17850, 0, 0)	0
(17850, 17875, 0, 0)	0
(17875, 17900, 0, 0)	0
(17900, 17925, 0, 0)	0
(17925, 17950, 0, 0)	0
(17950, 17975, 0, 0)	0
(17975, 18000, 0, 0)	0
(18000, 18025, 0, 0)	0
(18025, 18050, 0, 0)	0
(18050, 18075, 0, 0)	0
(18075, 18100, 0, 0)	0
(18100, 18125, 0, 0)	0
(18125, 18150, 0, 0)	0
(18150, 18175, 0, 0)	0
(18175, 18200, 0, 0)	0
(18200, 18225, 0, 0)	0
(18225, 18250, 0, 0)	0
(18250, 18275, 0, 0)	0
(18275, 18300, 0, 0)	0
(18300, 18325, 0, 0)	0
(18325, 18350, 0, 0)	0
(18350, 18375, 0, 0)	0
(18375, 18400, 0, 0)	0
(18400, 18425, 0, 0)	0
(18425, 18450, 0, 0)	0
(18450, 18475, 0, 0)	0
(18475, 18500, 0, 0)	0
(18500, 18525, 0, 0)	0
(18525, 18550, 0, 0)	0
(18550, 18575, 0, 0)	0
(18575, 18600, 0, 0)	0
(18600, 18625, 0, 0)	0
(18625, 18650, 0, 0)	0
(18650, 18675, 0, 0)	0
(18675, 18700, 0, 0)	0
(18700, 18725, 0, 0)	0
(18725, 18750, 0, 0)	0
(18750, 18775, 0, 0)	0
(18775, 18800, 0, 0)	0
(18800, 18825, 0, 0)	0
(18825, 18850, 0, 0)	0
(18850, 18875, 0, 0)	0
(18875, 18900, 0, 0)	0
(18900, 18925, 0, 0)	0
(18925, 18950, 0, 0)	0
(18950, 18975, 0, 0)	0
(18975, 19000, 0, 0)	0
(19000, 19025, 0, 0)	0
(19025, 19050, 0, 0)	0
(19050, 19075, 0, 0)	0
(19075, 19100, 0, 0)	0
(19100, 19125, 0, 0)	0
(19125, 19150, 0, 0)	0
(19150, 19175, 0, 0)	0
(19175, 19200, 0, 0)	0
(19200, 19225, 0, 0)	0
(19225, 19250, 0, 0)	0
(19250, 19275, 0, 0)	0
(19275, 19300, 0, 0)	0
(19300, 19325, 0, 0)	0
(19325, 19350, 0, 0)	0
(19350, 19375, 0, 0)	0
(19375, 19400, 0, 0)	0
(19400, 19425, 0, 0)	0
(19425, 19450, 0, 0)	0
(19450, 19475, 0, 0)	0
(19475, 19500, 0, 0)	0
(19500, 19525, 0, 0)	0
(19525, 19550, 0, 0)	0
(19550, 19575, 0, 0)	0
(19575, 19600, 0, 0)	0
(19600, 19625, 0, 0)	0
(19625, 19650, 0, 0)	0
(19650, 19675, 0, 0)	0
(19675, 19700, 0, 0)	0
(19700, 19725, 0, 0)	0
(19725, 19750, 0, 0)	0
(19750, 19775, 0, 0)	0
(19775, 19800, 0, 0)	0
(19800, 19825, 0, 0)	0
(19825, 19850, 0, 0)	0
(19850, 19875, 0, 0)	0
(19875, 19900, 0, 0)	0
(19900, 19925, 0, 0)	0
(19925, 19950, 0, 0)	0
(19950, 19975, 0, 0)	0
(19975, 20000, 0, 0)	0
(20000, 20025, 0, 0)	0
(20025, 20050, 0, 0)	0
(20050, 20075, 0, 0)	0
(20075, 20100, 0, 0)	0
(20100, 20125, 0, 0)	0
(20125, 20150, 0, 0)	0
(20150, 20175, 0, 0)	0
(20175, 20200, 0, 0)	0
(20200, 20225, 0, 0)	0
(20225, 20250, 0, 0)	0
(20250, 20275, 0, 0)	0
(20275, 20300, 0, 0)	0
(20300, 20325, 0, 0)	0
(20325, 20350, 0, 0)	0
(20350, 20375, 0, 0)	0
(20375, 20400, 0, 0)	0
(20400, 20425, 0, 0)	0
(20425, 20450, 0, 0)	0
(20450, 20475, 0, 0)	0
(20475, 20500, 0, 0)	0
(20500, 20525, 0, 0)	0
(20525, 20550, 0, 0)	0
(20550, 20575, 0, 0)	0
(20575, 20600, 0, 0)	0
(20600, 20625, 0, 0)	0
(20625, 20650, 0, 0)	0
(20650, 20675, 0, 0)	0
(20675, 20700, 0, 0)	0
(20700, 20725, 0, 0)	0
(20725, 20750, 0, 0)	0
(20750, 20775, 0, 0)	0
(20775, 20800, 0, 0)	0
(20800, 20825, 0, 0)	0
(20825, 20850, 0, 0)	0
(20850, 20875, 0, 0)	0
(20875, 20900, 0, 0)	0
(20900, 20925, 0, 0)	0
(20925, 20950, 0, 0)	0
(20950, 20975, 0, 0)	0
(20975, 21000, 0, 0)	0
(21000, 21025, 0, 0)	0
(21025, 21050, 0, 0)	0
(21050, 21075, 0, 0)	0
(21075, 21100, 0, 0)	0
(21100, 21125, 0, 0)	0
(21125, 21150, 0, 0)	0
(21150, 21175, 0, 0)	0
(21175, 21200, 0, 0)	0
(21200, 21225, 0, 0)	0
(21225, 21250, 0, 0)	0
(21250, 21275, 0, 0)	0
(21275, 21300, 0, 0)	0
(21300, 21325, 0, 0)	0
(21325, 21350, 0, 0)	0
(21350, 21375, 0, 0)	0
(21375, 21400, 0, 0)	0
(21400, 21425, 0, 0)	0
(21425, 21450, 0, 0)	0
(21450, 21475, 0, 0)	0
(21475, 21500, 0, 0)	0
(21500, 21525, 0, 0)	0
(21525, 21550, 0, 0)	0
(21550, 21575, 0, 0)	0
(21575, 21600, 0, 0)	0
(21600, 21625, 0, 0)	0
(21625, 21650, 0, 0)	0
 [ 866 ] 2947 - 25980 = -23033
