(0, 30, 0, 28)	28
(30, 60, 28, 60)	28
(60, 90, 60, 89)	29
(90, 120, 89, 118)	29
(120, 150, 118, 143)	23
	118 143
	118 144
	118 145
	119 143
	119 144
	119 145
	120 143
	120 144
	120 145
(150, 180, 138, 165)	24
	138 165
	139 165
	140 165
(180, 210, 165, 195)	29
(210, 240, 195, 226)	27
	195 226
	196 226
	197 226
(240, 270, 226, 256)	30
(270, 300, 256, 285)	27
(300, 330, 285, 312)	27
(330, 360, 312, 341)	29
(360, 390, 341, 370)	29
(390, 420, 370, 398)	28
(420, 450, 398, 427)	29
(450, 480, 426, 455)	29
(480, 510, 455, 484)	29
(510, 540, 484, 511)	27
	484 511
	484 512
	484 513
(540, 570, 509, 536)	26
	509 536
	510 536
(570, 600, 536, 561)	25
	536 561
	536 563
(600, 630, 561, 591)	29
(630, 660, 591, 621)	30
(660, 690, 620, 648)	26
	620 648
	620 649
	621 648
	621 649
	622 648
	622 649
(690, 720, 651, 681)	29
(720, 750, 682, 710)	28
(750, 780, 710, 737)	23
	710 737
	710 738
	710 739
	710 740
	710 741
	710 742
(780, 810, 737, 767)	30
(810, 840, 765, 794)	27
	765 794
	766 794
	767 794
(840, 870, 794, 822)	28
	794 822
	794 823
(870, 900, 822, 852)	25
(900, 930, 851, 883)	28
(930, 960, 883, 912)	29
(960, 990, 912, 938)	26
(990, 1020, 937, 966)	29
(1020, 1050, 966, 997)	29
(1050, 1080, 997, 1028)	27
	997 1028
	998 1028
	999 1028
(1080, 1110, 1028, 1057)	29
(1110, 1140, 1057, 1085)	28
(1140, 1170, 1084, 1114)	29
	1084 1114
	1085 1114
(1170, 1200, 1114, 1144)	28
	1114 1144
	1114 1146
(1200, 1230, 1146, 1176)	29
(1230, 1260, 1176, 1206)	28
(1260, 1290, 1206, 1235)	29
(1290, 1320, 1235, 1266)	28
(1320, 1350, 1266, 1295)	29
(1350, 1380, 1295, 1323)	28
(1380, 1410, 1322, 1352)	27
	1322 1352
	1323 1352
(1410, 1440, 1352, 1383)	29
(1440, 1470, 1383, 1411)	28
(1470, 1500, 1411, 1440)	29
(1500, 1530, 1438, 1468)	28
	1438 1468
	1439 1468
	1440 1468
(1530, 1560, 1468, 1500)	28
(1560, 1590, 1500, 1531)	27
	1500 1527
	1500 1528
	1500 1529
	1500 1530
	1500 1531
	1552 1579
	1552 1580
	1552 1581
	1552 1582
	1552 1583
	1656 1683
	1656 1684
	1656 1685
	1656 1686
	1656 1687
(1590, 1620, 1531, 1558)	27
	1531 1558
	1583 1610
(1620, 1650, 1558, 1587)	29
	1506 1535
	1558 1587
(1650, 1680, 1535, 1563)	28
	1535 1563
	1535 1564
	1535 1565
___________
(1680, 1710, 1719, 1748)	29
___________
(1710, 1740, 1488, 1517)	29
	1488 1517
	1540 1569
	1644 1673
	1852 1881
___________
(1740, 1770, 1725, 1755)	30
___________
(1770, 1800, 1495, 1525)	28
	1495 1525
	1547 1577
	1651 1681
___________
(1800, 1830, 1629, 1659)	30
	1629 1659
	1733 1763
	1837 1867
	1889 1919
(1830, 1860, 1659, 1689)	30
___________
(1860, 1890, 1637, 1666)	29
	1637 1666
	1689 1718
	1741 1770
	1845 1874
	2053 2082
___________
(1890, 1920, 1718, 1748)	30
	1718 1748
	2082 2112
___________
(1920, 1950, 1488, 1515)	27
	1488 1515
	1540 1567
	1644 1671
	1748 1775
	1852 1879
	2112 2139
___________
(1950, 1980, 1724, 1754)	28
	1724 1754
	1724 1756
	1776 1808
	1984 2016
	2088 2118
	2088 2120
	2140 2170
	2140 2172
___________
(1980, 2010, 1600, 1629)	29
	1600 1629
	1808 1837
	2016 2045
___________
(2010, 2040, 1785, 1811)	25
	1785 1811
	1993 2019
	2201 2227
___________
(2040, 2070, 1863, 1891)	27
___________
(2070, 2100, 1631, 1660)	29
	1631 1660
	1735 1764
	1839 1868
	1891 1920
	2047 2076
	2099 2128*
	2151 2180
___________
(2100, 2130, 1504, 1534)	28
	1504 1534
	1556 1586
	1972 2002
	2128 2158*
	2180 2210
___________
(2130, 2160, 1638, 1666)	28
	1638 1666
	1638 1667
	1638 1668
	1690 1718
	1690 1719
	1690 1720
	1742 1770
	1742 1771
	1742 1772
	1846 1874
	1846 1875
	1846 1876
	2054 2082
	2054 2083
	2054 2084
	2106 2134
	2106 2135
	2106 2136
	2158 2186
	2158 2187
	2158 2188*
___________
(2160, 2190, 1720, 1749)	29
	1720 1749
	1980 2009
	2084 2113
	2136 2165
	2188 2217*
	2240 2269
	2292 2321
	2344 2373
___________
(2190, 2220, 1801, 1830)	29
	1801 1830
	2009 2038
	2269 2298
___________
(2220, 2250, 1778, 1809)	29
	1778 1809
	1986 2017
	2194 2225
	22462277
	2298 2329
	2350*2381
	2402 2433
___________
(2250, 2280, 1497, 1524)	25
	1497 1524
	1498 1524
	1499 1524
	1549 1576
	1550 1576
	1551 1576
	1653 1680
	1654 1680
	1655 1680
	1965 1992
	1966 1992
	1967 1992
	2121 2148
	2122 2148
	2123 2148
	2173 2200
	2174 2200
	2175 2200
	2225 2252
	2226 2252
	2227 2252
	2329 2356
	2330 2356
	2331 2356
	2381 2408
	2382 2408
	2383 2408
___________
(2280, 2310, 1784, 1811)	27
	1784 1811
	1992 2019
	2200 2227
	2252 2279
	2304 2331
	2356 2383
	2408 2435
___________
(2310, 2340, 2435, 2466)	29
(2340, 2370, 2466, 2496)	30
(2370, 2400, 2496, 2522)	25
(2400, 2430, 2522, 2552)	30
(2430, 2460, 2552, 2580)	28
(2460, 2490, 2580, 2610)	26
(2490, 2520, 2609, 2638)	28
	2609 2638
	2610 2638
(2520, 2550, 2638, 2665)	25
(2550, 2580, 2666, 2694)	26
(2580, 2610, 2694, 2725)	29
(2610, 2640, 2725, 2753)	28
(2640, 2670, 2753, 2781)	28
(2670, 2700, 2781, 2810)	29
(2700, 2730, 2808, 2838)	28
	2808 2838
	2809 2838
	2810 2838
(2730, 2760, 2838, 2868)	29
	2838 2868
	2838 2869
(2760, 2790, 2869, 2899)	30
(2790, 2820, 2899, 2926)	26
(2820, 2850, 2926, 2955)	29
(2850, 2880, 2955, 2986)	29
(2880, 2910, 2986, 3015)	29
(2910, 2940, 3015, 3044)	29
(2940, 2970, 3044, 3075)	28
(2970, 3000, 3075, 3106)	29
(3000, 3030, 3106, 3135)	29
(3030, 3060, 3135, 3165)	29
(3060, 3090, 3165, 3196)	29
(3090, 3120, 3194, 3225)	29
	3194 3225
	3196 3225
(3120, 3150, 3225, 3253)	28
(3150, 3180, 3253, 3281)	28
(3180, 3210, 3279, 3310)	29
	3279 3310
	3280 3310
	3281 3310
(3210, 3240, 3310, 3339)	29
(3240, 3270, 3339, 3366)	27
(3270, 3300, 3366, 3396)	28
(3300, 3330, 3396, 3427)	29
(3330, 3360, 3427, 3455)	28
(3360, 3390, 3455, 3485)	30
(3390, 3420, 3485, 3512)	27
(3420, 3450, 3513, 3543)	30
(3450, 3480, 3543, 3573)	26
(3480, 3510, 3573, 3604)	29
(3510, 3540, 3604, 3633)	29
(3540, 3570, 3633, 3663)	28
(3570, 3600, 3663, 3694)	29
(3600, 3630, 3694, 3723)	28
(3630, 3660, 3723, 3755)	26
	3723 3755
	3725 3755
(3660, 3690, 3755, 3783)	28
(3690, 3720, 3782, 3809)	26
	3782 3809
	3783 3809
(3720, 3750, 3808, 3831)	23
(3750, 3780, 3831, 3858)	27
	3831 3858
	3831 3859
(3780, 3810, 3858, 3884)	26
(3810, 3840, 3884, 3914)	29
(3840, 3870, 3914, 3946)	28
(3870, 3900, 3946, 3976)	27
(3900, 3930, 3976, 4004)	28
(3930, 3960, 4004, 4031)	27
(3960, 3990, 4031, 4060)	29
(3990, 4020, 4060, 4088)	27
(4020, 4050, 4087, 4114)	26
	4087 4114
	4088 4114
(4050, 4080, 4113, 4143)	29
	4113 4143
	4114 4143
(4080, 4110, 4144, 4173)	29
(4110, 4140, 4173, 4202)	29
(4140, 4170, 4202, 4232)	30
(4170, 4200, 4232, 4262)	27
(4200, 4230, 4260, 4287)	27
(4230, 4260, 4287, 4317)	28
(4260, 4290, 4317, 4346)	27
	4317 4346
	4317 4347
(4290, 4320, 4346, 4374)	28
(4320, 4350, 4374, 4403)	28
(4350, 4380, 4404, 4434)	28
(4380, 4410, 4434, 4462)	28
	4434 4462
	4434 4463
(4410, 4440, 4462, 4492)	30
(4440, 4470, 4492, 4520)	28
	4492 4520
	4492 4522
(4470, 4500, 4520, 4548)	26
(4500, 4530, 4548, 4577)	29
(4530, 4560, 4578, 4607)	29
(4560, 4590, 4607, 4636)	29
(4590, 4620, 4636, 4662)	25
(4620, 4650, 4662, 4692)	30
(4650, 4680, 4692, 4720)	28
(4680, 4710, 4720, 4751)	29
(4710, 4740, 4749, 4781)	28
	4749 4781
	4750 4781
	4751 4781
(4740, 4770, 4781, 4812)	29
(4770, 4800, 4810, 4840)	28
	4810 4840
	4811 4840
	4812 4840
(4800, 4830, 4840, 4869)	29
(4830, 4860, 4869, 4897)	28
(4860, 4890, 4897, 4927)	30
(4890, 4920, 4927, 4957)	30
(4920, 4950, 4957, 4983)	26
	4957 4983
	4957 4984
	4957 4985
(4950, 4980, 4983, 5013)	27
	4983 5013
	4983 5014
(4980, 5010, 5014, 5042)	27
(5010, 5040, 5042, 5070)	28
(5040, 5070, 5070, 5101)	29
(5070, 5100, 5101, 5130)	28
(5100, 5130, 5130, 5159)	27
(5130, 5160, 5158, 5187)	28
	5158 5187
	5159 5187
(5160, 5190, 5187, 5215)	28
(5190, 5220, 5215, 5245)	26
	5215 5245
	5216 5245
	5217 5245
(5220, 5250, 5245, 5274)	28
(5250, 5280, 5274, 5305)	28
(5280, 5310, 5305, 5335)	30
(5310, 5340, 5335, 5368)	25
(5340, 5370, 5368, 5398)	28
(5370, 5400, 5398, 5429)	27
(5400, 5430, 5429, 5456)	27
	5429 5456
	5429 5457
	5429 5458
(5430, 5460, 5455, 5483)	27
	5455 5483
	5456 5483
(5460, 5490, 5483, 5511)	27
(5490, 5520, 5511, 5542)	27
(5520, 5550, 5542, 5571)	27
(5550, 5580, 5571, 5600)	28
(5580, 5610, 5598, 5628)	28
(5610, 5640, 5629, 5657)	28
	5629 5657
	5629 5658
(5640, 5670, 5660, 5688)	27
	5660 5688
	5661 5688
(5670, 5700, 5688, 5718)	30
(5700, 5730, 5718, 5750)	28
___________
(5730, 5760, 5742, 5772)	23
	5742 5772
	5744 5772
(5760, 5790, 5772, 5800)	26
(5790, 5820, 5800, 5830)	30
(5820, 5850, 5830, 5858)	26
(5850, 5880, 5858, 5888)	28
(5880, 5910, 5888, 5914)	26
	5888 5914
	5888 5915
(5910, 5940, 5914, 5943)	29
(5940, 5970, 5943, 5970)	27
	5943 5970
	5943 5971
	5943 5972
(5970, 6000, 5972, 6000)	26
	5972 6000
	5972 6001
	5972 6002
(6000, 6030, 6002, 6034)	28
(6030, 6060, 6033, 6063)	27
	6033 6063
	6034 6063
(6060, 6090, 6063, 6090)	26
(6090, 6120, 6090, 6120)	30
(6120, 6150, 6120, 6149)	29
(6150, 6180, 6149, 6179)	28
(6180, 6210, 6179, 6208)	29
(6210, 6240, 6208, 6237)	27
(6240, 6270, 6237, 6265)	28
(6270, 6300, 6266, 6295)	29
(6300, 6330, 6295, 6324)	29
(6330, 6360, 6324, 6354)	28
	6324 6354
	6324 6355
(6360, 6390, 6354, 6384)	30
(6390, 6420, 6384, 6414)	28
(6420, 6450, 6414, 6442)	27
(6450, 6480, 6442, 6474)	25
(6480, 6510, 6474, 6504)	28
(6510, 6540, 6504, 6533)	28
	6504 6533
	6504 6534
	6504 6535
(6540, 6570, 6535, 6564)	29
(6570, 6600, 6564, 6593)	28
(6600, 6630, 6592, 6619)	27
(6630, 6660, 6619, 6649)	28
(6660, 6690, 6649, 6676)	26
(6690, 6720, 6675, 6707)	24
	6675 6707
	6676 6707
	6677 6707
	6679 6707
	6681 6707
(6720, 6750, 6707, 6734)	27
(6750, 6780, 6734, 6765)	29
(6780, 6810, 6765, 6794)	28
(6810, 6840, 6792, 6823)	29
(6840, 6870, 6823, 6852)	28
(6870, 6900, 6852, 6879)	27
	6852 6879
	6852 6880
(6900, 6930, 6879, 6907)	28
(6930, 6960, 6907, 6933)	26
(6960, 6990, 6933, 6961)	28
	6933 6961
	6933 6962
	6933 6963
(6990, 7020, 6963, 6990)	27
(7020, 7050, 6990, 7018)	28
	6990 7018
	6990 7019
	6990 7020
(7050, 7080, 7018, 7050)	28
(7080, 7110, 7050, 7079)	29
(7110, 7140, 7079, 7104)	25
(7140, 7170, 7104, 7135)	29
(7170, 7200, 7135, 7166)	29
(7200, 7230, 7166, 7193)	26
(7230, 7260, 7193, 7222)	29
(7260, 7290, 7222, 7248)	22
(7290, 7320, 7248, 7276)	28
(7320, 7350, 7276, 7302)	26
(7350, 7380, 7302, 7332)	28
	7302 7332
	7302 7333
(7380, 7410, 7332, 7360)	28
(7410, 7440, 7360, 7389)	29
(7440, 7470, 7389, 7419)	28
(7470, 7500, 7419, 7449)	25
(7500, 7530, 7449, 7479)	28
	7449 7479
	7450 7479
	7451 7479
(7530, 7560, 7479, 7508)	29
(7560, 7590, 7508, 7536)	25
	7508 7536
	7508 7539
___________
(7590, 7620, 7540, 7569)	29
(7620, 7650, 7568, 7598)	30
(7650, 7680, 7598, 7627)	27
(7680, 7710, 7627, 7657)	30
(7710, 7740, 7657, 7687)	28
(7740, 7770, 7687, 7718)	29
(7770, 7800, 7718, 7749)	29
(7800, 7830, 7748, 7778)	29
	7748 7778
	7749 7778
(7830, 7860, 7778, 7806)	28
(7860, 7890, 7806, 7833)	25
(7890, 7920, 7833, 7862)	26
(7920, 7950, 7859, 7887)	26
	7859 7887
	7860 7887
	7861 7887
(7950, 7980, 7887, 7915)	27
(7980, 8010, 7915, 7944)	29
(8010, 8040, 7944, 7973)	27
(8040, 8070, 7973, 8003)	30
(8070, 8100, 8003, 8034)	29
(8100, 8130, 8034, 8063)	29
	8034 8063
	8034 8064
	8034 8065
(8130, 8160, 8063, 8093)	30
(8160, 8190, 8092, 8120)	28
(8190, 8220, 8120, 8148)	28
(8220, 8250, 8148, 8176)	28
(8250, 8280, 8176, 8205)	28
(8280, 8310, 8205, 8233)	26
(8310, 8340, 8233, 8266)	24
	8233 8266
	8234 8266
	8235 8266
(8340, 8370, 8266, 8295)	28
(8370, 8400, 8295, 8324)	29
(8400, 8430, 8324, 8353)	28
(8430, 8460, 8353, 8383)	27
	8353 8383
	8353 8386
(8460, 8490, 8386, 8417)	29
(8490, 8520, 8417, 8448)	29
(8520, 8550, 8448, 8481)	26
	8448 8477
	8448 8479
	8448 8480
	8448 8481
	8449 8477
	8449 8479
	8449 8480
	8449 8481
	8450 8477
	8450 8479
	8450 8480
	8450 8481
(8550, 8580, 8481, 8510)	29
(8580, 8610, 8512, 8541)	25
(8610, 8640, 8541, 8571)	27
(8640, 8670, 8571, 8601)	30
(8670, 8700, 8601, 8632)	27
(8700, 8730, 8632, 8662)	28
(8730, 8760, 8662, 8692)	29
(8760, 8790, 8692, 8723)	27
	8692 8723
	8693 8723
	8694 8723
(8790, 8820, 8723, 8753)	26
(8820, 8850, 8753, 8783)	30
(8850, 8880, 8783, 8811)	28
(8880, 8910, 8811, 8839)	28
___________
(8910, 8940, 8832, 8862)	30
(8940, 8970, 8862, 8893)	29
(8970, 9000, 8893, 8923)	29
(9000, 9030, 8924, 8952)	26
	8924 8952
	8924 8953
(9030, 9060, 8952, 8982)	26
(9060, 9090, 8982, 9013)	29
(9090, 9120, 9013, 9042)	26
	9013 9042
	9013 9044
___________
(9120, 9150, 8796, 8824)	24
	8796 8824
	8796 8825
	8796 8826
	8948 8974
	8948 8975
	8948 8976
	8948 8978
	8948 8979
___________
(9150, 9180, 9021, 9053)	28
	9021 9053
	9022 9053
	9023 9053
	9053 9085
	9054 9085
	9055 9085
___________
(9180, 9210, 8745, 8774)	26
	8745 8774
	8794 8821
	8794 8822
	8794 8823
	8795 8821
	8795 8822
	8795 8823
	
	8889 8918

	8957 8986
	
	9021 9051
	9024 9051
	9025 9051
	9031 9061
	9035 9061
	9053 9083
	9056 9083
	9057 9083
	9063 9093
	9067 9093
___________
(9210, 9240, 8998, 9029)	26
	8998 9029
	9029 9061
	9030 9061
	9031 9061
	9061 9093
	9062 9093
	9063 9093
(9240, 9270, 9029, 9058)	29
	9029 9058
	9061 9090
___________
(9270, 9300, 8959, 8987)	23
	8959 8987
	8979 9009
	9005 9033
	9005 9034
___________
(9300, 9330, 9021, 9052)	29
	9021 9052
	9053 9084
___________
(9330, 9360, 9041, 9071)	26
	9041 9071
	9073 9103
___________
(9360, 9390, 9026, 9055)	27
	9026 9055
	9026 9056
	9026 9057
	9027 9055
	9027 9056
	9027 9057
	9028 9055
	9028 9056
	9028 9057
	9058 9087
	9058 9088
	9058 9089
	9059 9087
	9059 9088
	9059 9089
	9060 9087
	9060 9088
	9060 9089
___________
(9390, 9420, 9025, 9054)	27
	9025 9054
	9057 9086
___________
(9420, 9450, 8996, 9025)	27
	8996 9025
	8997 9025
	9028 9057
	9060 9089
___________
(9450, 9480, 8720, 8749)	23
	8720 8749
	8721 8749
	8722 8749
	8723 8749
	8883 8913
	9003 9035
	9035 9067
	9067 9099
___________
(9480, 9510, 8992, 9021)	27
	8992 9021
	8993 9021
	9024 9053
	9025 9053
	9035 9062
	9035 9063
	9046 9074
	9056 9085
	9057 9085
	9067 9094
	9067 9095
	9078 9106
___________
(9510, 9540, 9031, 9058)	27
	9031 9058
	9031 9059
	9063 9090
	9063 9091
___________
(9540, 9570, 9034, 9066)	27
	9034 9066
	9066 9098
___________
(9570, 9600, 9034, 9065)	29
	9034 9065
	9066 9097
___________
(9600, 9630, 8991, 9023)	25
	8991 9023
	8992 9023
	8993 9023
	9014 9044
	9015 9044
	9024 9055
	9025 9055
	9056 9087
	9057 9087
___________
(9630, 9660, 9033, 9062)	28
	9033 9062
	9034 9062
	9065 9094
	9066 9094
___________
(9660, 9690, 8999, 9028)	29
___________
(9690, 9720, 9082, 9111)	25
___________
(9720, 9750, 9036, 9063)	27
	9036 9063
	9036 9064
	9036 9065
	9068 9095
	9068 9096
	9068 9097
___________
(9750, 9780, 9033, 9062)	29
	9033 9062
	9065 9094
___________
(9780, 9810, 9042, 9070)	28
	9042 9070
	9074 9102
___________
(9810, 9840, 9038, 9065)	27
	9038 9065
	9070 9097
___________
(9840, 9870, 9033, 9061)	27
	9033 9061
	9065 9093
___________
(9870, 9900, 8997, 9027)	28
	8997 9027
	9028 9059
	9029 9059
	9060 9091
	9061 9091
___________
(9900, 9930, 9038, 9068)	30
	9038 9068
	9070 9100
___________
(9930, 9960, 9047, 9077)	30
	9047 9077
	9079 9109
___________
(9960, 9990, 8970, 8999)	24
	8970 8999
	8992 9021
	9002 9030
	9002 9031
	9034 9062
	9034 9063
	9045 9074
	9066 9094
	9066 9095
	9077 9106
___________
(9990, 10020, 8725, 8757)	25
	8725 8757
	8921 8950
	8996 9025
	9000 9031
	9032 9063
	9043 9073
	9043 9074
	9043 9075
	9064 9095
	9075 9105
	9075 9106
	9075 9107
___________
(10020, 10050, 9032, 9061)	28
	9032 9061
	9043 9072
	9064 9093
	9075 9104
___________
(10050, 10080, 8997, 9023)	24
	8997 9023
	8997 9025
	8997 9026
	8997 9027
	9025 9055
	9026 9055
	9057 9087
	9058 9087
	9083 9112
___________
(10080, 10110, 9016, 9044)	28
	9016 9044
	9048 9076
	9080 9108
___________
(10110, 10140, 8736, 8765)	24
	8736 8765
	8736 8766
	8736 8767
	8804 8833
	8979 9008
	9023 9051
	9033 9061
	9044 9072
	9055 9083
	9065 9093
	9076 9104
___________
(10140, 10170, 8997, 9026)	29
___________
(10170, 10200, 8994, 9021)	27
	8994 9021
	9026 9053
	9058 9085
___________
(10200, 10230, 8802, 8833)	24
	8802 8833
	9021 9051
	9053 9083
___________
(10230, 10260, 9023, 9052)	29
	9023 9052
	9055 9084
___________
(10260, 10290, 9029, 9060)	28
	9029 9060
	9061 9092
___________
(10290, 10320, 9018, 9048)	26
	9018 9048
	9019 9048
	9050 9080
	9051 9080
___________
(10320, 10350, 8962, 8991)	24
	8962 8991
	8962 8992
	8985 9017
	8985 9019
	8986 9017
	8986 9019
	8997 9029
	9028 9061
	9029 9061
	9031 9061
	9032 9061
	9060 9093
	9061 9093
	9063 9093
	9064 9093
___________
(10350, 10380, 9029, 9059)	30
	9029 9059
	9061 9091
___________
(10380, 10410, 9029, 9058)	27
	9029 9058
	9061 9090
___________
(10410, 10440, 9036, 9066)	29
	9036 9066
	9068 9098
___________
(10440, 10470, 8880, 8909)	24
	8880 8909
	8880 8910
	8880 8911
___________
(10470, 10500, 9033, 9062)	26
	9033 9062
	9065 9094
___________
(10500, 10530, 9020, 9049)	27
	9020 9049
	9052 9081
___________
(10530, 10560, 9027, 9055)	26
	9027 9055
	9027 9056
	9059 9087
	9059 9088
___________
(10560, 10590, 9088, 9116)	24
	9088 9116
	9088 9117
	9088 9118
___________
(10590, 10620, 9043, 9074)	27
	9043 9074
	9043 9076
	9044 9074
	9044 9076
	9047 9074
	9047 9076
	9075 9106
	9075 9108
	9076 9106
	9076 9108
	9079 9106
	9079 9108
___________
(10620, 10650, 9044, 9074)	26
	9044 9074
	9044 9076
	9076 9106
	9076 9108
___________
(10650, 10680, 8804, 8836)	27
	8804 8836
	8815 8847
	8959 8989
	9033 9064
	9065 9096
___________
(10680, 10710, 8717, 8744)	26
___________
(10710, 10740, 8888, 8918)	29
	8888 8918
	9020 9051
	9052 9083
___________
(10740, 10770, 8903, 8931)	24
	8903 8931
	8903 8932
	8903 8933
	8997 9029
	9000 9029
	9019 9051
	9032 9061
	9051 9083
	9064 9093
	9083 9114
	9083 9115
___________
(10770, 10800, 9018, 9049)	28
	9018 9049
	9019 9049
	9050 9081
	9051 9081
___________
(10800, 10830, 8901, 8928)	26
	8901 8928
	8902 8928
	8995 9025
	9038 9067
	9070 9099
___________
(10830, 10860, 8990, 9022)	25
___________
(10860, 10890, 9086, 9115)	28
	9086 9115
	9087 9115
(10890, 10920, 9115, 9144)	29
(10920, 10950, 9144, 9173)	29
(10950, 10980, 9172, 9202)	29
	9172 9202
	9173 9202
(10980, 11010, 9202, 9229)	27
(11010, 11040, 9229, 9257)	28
(11040, 11070, 9257, 9286)	29
(11070, 11100, 9286, 9317)	27
(11100, 11130, 9317, 9346)	29
(11130, 11160, 9346, 9375)	27
(11160, 11190, 9375, 9403)	28
(11190, 11220, 9403, 9434)	29
(11220, 11250, 9434, 9462)	28
(11250, 11280, 9462, 9491)	29
(11280, 11310, 9491, 9518)	27
(11310, 11340, 9518, 9544)	26
	9518 9544
	9518 9545
(11340, 11370, 9544, 9575)	27
(11370, 11400, 9575, 9604)	28
(11400, 11430, 9604, 9632)	28
(11430, 11460, 9632, 9662)	30
(11460, 11490, 9662, 9689)	27
	9662 9689
	9662 9690
	9662 9691
(11490, 11520, 9688, 9716)	28
(11520, 11550, 9716, 9748)	24
(11550, 11580, 9748, 9776)	28
(11580, 11610, 9776, 9804)	28
(11610, 11640, 9804, 9832)	28
(11640, 11670, 9831, 9860)	28
	9831 9860
	9832 9860
(11670, 11700, 9860, 9890)	30
(11700, 11730, 9890, 9919)	27
(11730, 11760, 9919, 9945)	26
(11760, 11790, 9945, 9975)	28
(11790, 11820, 9974, 10004)	26
(11820, 11850, 10004, 10031)	27
(11850, 11880, 10030, 10060)	30
(11880, 11910, 10060, 10088)	28
(11910, 11940, 10089, 10117)	28
(11940, 11970, 10117, 10145)	26
	10117 10145
	10117 10146
(11970, 12000, 10145, 10173)	28
(12000, 12030, 10173, 10202)	28
___________
(12030, 12060, 10198, 10227)	27
	10198 10227
	10199 10227
	10200 10227
(12060, 12090, 10227, 10257)	27
(12090, 12120, 10257, 10286)	29
	10257 10286
	10257 10287
(12120, 12150, 10286, 10316)	30
(12150, 12180, 10316, 10347)	29
(12180, 12210, 10346, 10376)	28
(12210, 12240, 10376, 10407)	29
(12240, 12270, 10407, 10437)	29
(12270, 12300, 10437, 10466)	29
(12300, 12330, 10466, 10497)	29
(12330, 12360, 10498, 10526)	28
(12360, 12390, 10526, 10554)	28
(12390, 12420, 10554, 10581)	27
	10554 10581
	10554 10582
	10554 10583
(12420, 12450, 10582, 10612)	29
	10582 10612
	10583 10612
(12450, 12480, 10611, 10641)	29
	10611 10641
	10612 10641
(12480, 12510, 10641, 10670)	29
(12510, 12540, 10670, 10698)	28
(12540, 12570, 10698, 10728)	30
(12570, 12600, 10728, 10758)	28
(12600, 12630, 10759, 10788)	26
	10759 10788
	10759 10790
(12630, 12660, 10790, 10818)	28
(12660, 12690, 10818, 10843)	25
(12690, 12720, 10843, 10872)	28
(12720, 12750, 10872, 10902)	28
	10872 10902
	10872 10903
	10872 10904
(12750, 12780, 10904, 10932)	28
(12780, 12810, 10932, 10962)	30
(12810, 12840, 10962, 10990)	26
(12840, 12870, 10991, 11020)	29
(12870, 12900, 11021, 11052)	29
(12900, 12930, 11052, 11081)	29
(12930, 12960, 11081, 11110)	29
(12960, 12990, 11110, 11139)	29
(12990, 13020, 11139, 11169)	28
(13020, 13050, 11170, 11198)	28
(13050, 13080, 11197, 11226)	29
(13080, 13110, 11226, 11255)	24
(13110, 13140, 11255, 11284)	29
(13140, 13170, 11284, 11312)	28
(13170, 13200, 11312, 11342)	30
(13200, 13230, 11342, 11369)	27
(13230, 13260, 11369, 11402)	24
	11369 11402
	11369 11403
	11371 11402
	11371 11403
(13260, 13290, 11403, 11431)	28
___________
(13290, 13320, 11427, 11458)	27
	11427 11458
	11428 11458
	11429 11458
	11430 11458
	11431 11458
(13320, 13350, 11458, 11484)	26
	11458 11484
	11458 11485
(13350, 13380, 11484, 11515)	29
(13380, 13410, 11515, 11545)	29
(13410, 13440, 11545, 11573)	28
(13440, 13470, 11571, 11601)	28
	11571 11601
	11572 11601
	11573 11601
(13470, 13500, 11601, 11632)	29
(13500, 13530, 11632, 11662)	28
	11632 11662
	11632 11663
(13530, 13560, 11661, 11688)	26
(13560, 13590, 11688, 11719)	29
(13590, 13620, 11719, 11748)	27
(13620, 13650, 11748, 11776)	28
(13650, 13680, 11776, 11802)	26
(13680, 13710, 11802, 11834)	28
(13710, 13740, 11834, 11862)	24
(13740, 13770, 11862, 11892)	30
(13770, 13800, 11892, 11923)	29
(13800, 13830, 11923, 11952)	29
(13830, 13860, 11951, 11981)	29
	11951 11981
	11952 11981
(13860, 13890, 11981, 12010)	28
(13890, 13920, 12009, 12038)	29
(13920, 13950, 12038, 12066)	28
(13950, 13980, 12066, 12094)	28
(13980, 14010, 12094, 12123)	27
(14010, 14040, 12122, 12153)	27
	12122 12153
	12123 12153
(14040, 14070, 12153, 12183)	28
(14070, 14100, 12183, 12211)	27
	12183 12211
	12183 12214
(14100, 14130, 12214, 12240)	26
	12214 12240
	12214 12241
	12214 12243
	12214 12244
(14130, 14160, 12243, 12275)	26
(14160, 14190, 12276, 12305)	29
(14190, 14220, 12306, 12335)	26
(14220, 14250, 12334, 12360)	26
	12334 12360
	12334 12361
	12334 12362
	12334 12363
	12334 12364
	12334 12365
(14250, 14280, 12358, 12389)	28
	12358 12389
	12359 12389
(14280, 14310, 12389, 12417)	28
	12389 12417
	12389 12418
	12389 12419
(14310, 14340, 12417, 12446)	28
___________
(14340, 14370, 12441, 12472)	25
	12441 12472
	12445 12472
	12446 12472
	12447 12472
(14370, 14400, 12472, 12501)	29
(14400, 14430, 12500, 12530)	28
(14430, 14460, 12529, 12560)	29
(14460, 14490, 12559, 12588)	28
	12559 12588
	12560 12588
(14490, 14520, 12588, 12617)	29
___________
(14520, 14550, 12612, 12644)	26
	12612 12644
	12613 12644
	12614 12644
	12615 12644
	12616 12644
(14550, 14580, 12644, 12673)	29
	12644 12673
	12644 12674
(14580, 14610, 12673, 12700)	27
(14610, 14640, 12700, 12730)	27
	12700 12730
	12700 12731
(14640, 14670, 12729, 12758)	26
	12729 12758
	12730 12758
(14670, 14700, 12758, 12784)	26
	12758 12784
	12758 12787
___________
(14700, 14730, 12739, 12771)	26
	12739 12771
	12740 12771
(14730, 14760, 12770, 12799)	26
	12770 12799
	12771 12799
	12902 12931
	12903 12931
(14760, 14790, 12799, 12828)	29
(14790, 14820, 12828, 12857)	27
	12828 12857
	12828 12858
(14820, 14850, 12858, 12889)	29
(14850, 14880, 12890, 12920)	29
(14880, 14910, 12920, 12951)	28
(14910, 14940, 12951, 12978)	27
(14940, 14970, 12978, 13007)	27
(14970, 15000, 13006, 13037)	29
(15000, 15030, 13037, 13068)	27
(15030, 15060, 13068, 13098)	30
(15060, 15090, 13098, 13123)	23
	13098 13123
	13098 13124
	13098 13125
(15090, 15120, 13126, 13156)	30
(15120, 15150, 13156, 13185)	29
(15150, 15180, 13185, 13213)	28
(15180, 15210, 13213, 13242)	29
(15210, 15240, 13242, 13272)	29
	13242 13272
	13243 13272
(15240, 15270, 13271, 13299)	28
(15270, 15300, 13298, 13325)	27
(15300, 15330, 13325, 13352)	27
	13325 13352
	13325 13353
	13325 13354
(15330, 15360, 13352, 13382)	27
(15360, 15390, 13382, 13413)	29
(15390, 15420, 13413, 13442)	29
(15420, 15450, 13442, 13471)	29
(15450, 15480, 13472, 13502)	30
(15480, 15510, 13502, 13532)	30
(15510, 15540, 13532, 13561)	25
(15540, 15570, 13561, 13589)	28
	13561 13589
	13561 13590
(15570, 15600, 13589, 13620)	29
(15600, 15630, 13620, 13649)	27
___________
(15630, 15660, 14280, 14306)	19
	14280 14306
	14280 14307
	14431 14456
	14877 14901
	14877 14902
	14877 14903
	14877 14904
	14877 14905
	15296 15320
	15296 15321
	15734 15758
	15734 15759
___________
(15660, 15690, 13649, 13675)	24
	13649 13675
	13650 13675
	13651 13675
(15690, 15720, 13675, 13706)	29
(15720, 15750, 13706, 13736)	30
(15750, 15780, 13737, 13765)	28
(15780, 15810, 13765, 13794)	29
(15810, 15840, 13794, 13823)	26
	13794 13823
	13794 13824
(15840, 15870, 13824, 13852)	28
(15870, 15900, 13851, 13878)	27
(15900, 15930, 13878, 13913)	22
	13878 13913
	13879 13913
	13880 13913
	13881 13913
(15930, 15960, 13912, 13943)	26
	13912 13943
	13913 13943
(15960, 15990, 13943, 13968)	25
(15990, 16020, 13968, 13997)	29
(16020, 16050, 13997, 14024)	27
(16050, 16080, 14024, 14053)	29
(16080, 16110, 14053, 14081)	28
(16110, 16140, 14081, 14109)	27
(16140, 16170, 14109, 14137)	28
(16170, 16200, 14135, 14163)	26
	14135 14163
	14136 14163
	14137 14163
(16200, 16230, 14163, 14191)	26
(16230, 16260, 14191, 14220)	29
(16260, 16290, 14220, 14248)	28
(16290, 16320, 14248, 14277)	27
(16320, 16350, 14278, 14306)	28
(16350, 16380, 14306, 14331)	25
(16380, 16410, 14331, 14359)	28
	14331 14359
	14331 14360
(16410, 16440, 14359, 14381)	20
	14359 14381
	14359 14382
(16440, 16470, 14379, 14406)	27
(16470, 16500, 14406, 14436)	28
(16500, 16530, 14436, 14464)	28
	14436 14464
	14436 14465
	14436 14466
(16530, 16560, 14464, 14491)	26
(16560, 16590, 14491, 14518)	27
___________
(16590, 16620, 14512, 14543)	24
(16620, 16650, 14543, 14574)	27
(16650, 16680, 14574, 14601)	26
	14574 14601
	14574 14602
	14574 14603
	14574 14604
(16680, 16710, 14601, 14630)	27
(16710, 16740, 14629, 14658)	29
(16740, 16770, 14658, 14690)	26
(16770, 16800, 14690, 14715)	25
(16800, 16830, 14715, 14746)	29
(16830, 16860, 14746, 14776)	30
(16860, 16890, 14777, 14803)	26
(16890, 16920, 14803, 14831)	26
	14803 14831
	14803 14832
(16920, 16950, 14830, 14861)	29
(16950, 16980, 14861, 14889)	26
(16980, 17010, 14890, 14918)	28
(17010, 17040, 14918, 14945)	27
	14918 14945
	14918 14946
	14918 14947
	14918 14948
(17040, 17070, 14945, 14975)	28
	14945 14975
	14945 14976
	14945 14977
(17070, 17100, 14976, 15007)	28
	14976 15007
	14977 15007
(17100, 17130, 15007, 15038)	29
(17130, 17160, 15038, 15066)	28
(17160, 17190, 15066, 15095)	29
(17190, 17220, 15093, 15123)	28
	15093 15123
	15095 15123
(17220, 17250, 15122, 15152)	29
	15122 15152
	15123 15152
(17250, 17280, 15151, 15180)	29
(17280, 17310, 15180, 15210)	24
(17310, 17340, 15210, 15240)	28
(17340, 17370, 15240, 15269)	29
(17370, 17400, 15269, 15297)	27
(17400, 17430, 15295, 15324)	27
	15295 15324
	15296 15324
	15297 15324
(17430, 17460, 15324, 15354)	28
(17460, 17490, 15354, 15383)	27
(17490, 17520, 15383, 15412)	27
(17520, 17550, 15412, 15440)	28
(17550, 17580, 15440, 15470)	30
(17580, 17610, 15471, 15500)	29
(17610, 17640, 15500, 15528)	28
(17640, 17670, 15528, 15557)	29
(17670, 17700, 15556, 15585)	27
	15556 15585
	15557 15585
(17700, 17730, 15583, 15613)	28
	15583 15613
	15585 15613
(17730, 17760, 15612, 15642)	30
(17760, 17790, 15640, 15671)	27
	15640 15671
	15642 15671
(17790, 17820, 15672, 15705)	27
	15672 15705
	15673 15705
(17820, 17850, 15705, 15731)	25
(17850, 17880, 15731, 15759)	28
(17880, 17910, 15759, 15789)	28
(17910, 17940, 15789, 15819)	29
(17940, 17970, 15819, 15848)	29
(17970, 18000, 15848, 15877)	29
(18000, 18030, 15877, 15906)	29
(18030, 18060, 15906, 15937)	29
(18060, 18090, 15937, 15966)	29
(18090, 18120, 15966, 15996)	30
(18120, 18150, 15995, 16026)	27
	15995 16026
	15996 16026
(18150, 18180, 16025, 16052)	25
	16025 16052
	16026 16052
(18180, 18210, 16052, 16081)	29
(18210, 18240, 16081, 16111)	27
(18240, 18270, 16111, 16140)	29
(18270, 18300, 16140, 16170)	30
(18300, 18330, 16170, 16203)	27
(18330, 18360, 16202, 16231)	28
	16202 16231
	16203 16231
(18360, 18390, 16231, 16258)	27
(18390, 18420, 16258, 16289)	28
	16258 16289
	16259 16289
	16260 16289
(18420, 18450, 16289, 16320)	27
(18450, 18480, 16320, 16347)	27
(18480, 18510, 16347, 16375)	28
(18510, 18540, 16375, 16405)	25
	16375 16405
	16376 16405
(18540, 18570, 16405, 16435)	29
(18570, 18600, 16435, 16464)	27
(18600, 18630, 16464, 16494)	28
(18630, 18660, 16494, 16527)	27
(18660, 18690, 16527, 16556)	29
(18690, 18720, 16556, 16584)	26
(18720, 18750, 16582, 16611)	29
(18750, 18780, 16611, 16642)	28
(18780, 18810, 16642, 16671)	26
	16642 16671
	16643 16671
(18810, 18840, 16670, 16699)	29
(18840, 18870, 16699, 16728)	27
(18870, 18900, 16728, 16755)	25
(18900, 18930, 16755, 16786)	29
(18930, 18960, 16786, 16809)	23
(18960, 18990, 16809, 16839)	28
(18990, 19020, 16839, 16867)	28
	16839 16867
	16839 16869
(19020, 19050, 16867, 16898)	29
(19050, 19080, 16898, 16928)	28
	16898 16928
	16898 16929
	16898 16930
	16900 16928
	16900 16929
	16900 16930
(19080, 19110, 16930, 16959)	29
(19110, 19140, 16959, 16988)	29
(19140, 19170, 16987, 17017)	29
	16987 17017
	16988 17017
(19170, 19200, 17017, 17047)	30
(19200, 19230, 17047, 17078)	24
___________
(19230, 19260, 17072, 17101)	23
	17072 17101
	17078 17101
(19260, 19290, 17101, 17128)	26
	17101 17128
	17102 17128
(19290, 19320, 17126, 17153)	25
	17126 17153
	17127 17153
	17128 17153
(19320, 19350, 17153, 17181)	28
(19350, 19380, 17181, 17209)	28
(19380, 19410, 17209, 17236)	27
___________
(19410, 19440, 0, 0)	0
(19440, 19470, 0, 0)	0
(19470, 19500, 0, 0)	0
(19500, 19530, 0, 0)	0
(19530, 19560, 0, 0)	0
(19560, 19590, 0, 0)	0
(19590, 19620, 0, 0)	0
(19620, 19650, 0, 0)	0
(19650, 19680, 0, 0)	0
(19680, 19710, 0, 0)	0
(19710, 19740, 0, 0)	0
(19740, 19770, 0, 0)	0
(19770, 19800, 0, 0)	0
(19800, 19830, 0, 0)	0
(19830, 19860, 0, 0)	0
(19860, 19890, 0, 0)	0
(19890, 19920, 0, 0)	0
(19920, 19950, 0, 0)	0
(19950, 19980, 0, 0)	0
(19980, 20010, 0, 0)	0
(20010, 20040, 0, 0)	0
(20040, 20070, 0, 0)	0
(20070, 20100, 0, 0)	0
(20100, 20130, 0, 0)	0
(20130, 20160, 0, 0)	0
(20160, 20190, 0, 0)	0
(20190, 20220, 0, 0)	0
(20220, 20250, 0, 0)	0
(20250, 20280, 0, 0)	0
(20280, 20310, 0, 0)	0
(20310, 20340, 0, 0)	0
(20340, 20370, 0, 0)	0
(20370, 20400, 0, 0)	0
(20400, 20430, 0, 0)	0
(20430, 20460, 0, 0)	0
(20460, 20490, 0, 0)	0
(20490, 20520, 0, 0)	0
(20520, 20550, 0, 0)	0
(20550, 20580, 0, 0)	0
(20580, 20610, 0, 0)	0
(20610, 20640, 0, 0)	0
(20640, 20670, 0, 0)	0
(20670, 20700, 0, 0)	0
(20700, 20730, 0, 0)	0
(20730, 20760, 0, 0)	0
(20760, 20790, 0, 0)	0
(20790, 20820, 0, 0)	0
(20820, 20850, 0, 0)	0
(20850, 20880, 0, 0)	0
(20880, 20910, 0, 0)	0
(20910, 20940, 0, 0)	0
(20940, 20970, 0, 0)	0
(20970, 21000, 0, 0)	0
(21000, 21030, 0, 0)	0
(21030, 21060, 0, 0)	0
(21060, 21090, 0, 0)	0
(21090, 21120, 0, 0)	0
(21120, 21150, 0, 0)	0
(21150, 21180, 0, 0)	0
(21180, 21210, 0, 0)	0
(21210, 21240, 0, 0)	0
(21240, 21270, 0, 0)	0
(21270, 21300, 0, 0)	0
(21300, 21330, 0, 0)	0
(21330, 21360, 0, 0)	0
(21360, 21390, 0, 0)	0
(21390, 21420, 0, 0)	0
(21420, 21450, 0, 0)	0
(21450, 21480, 0, 0)	0
(21480, 21510, 0, 0)	0
(21510, 21540, 0, 0)	0
(21540, 21570, 0, 0)	0
(21570, 21600, 0, 0)	0
(21600, 21630, 0, 0)	0
(21630, 21660, 0, 0)	0
 [ 722 ] 17899 - 21660 = -3761
